ctit087
2024-06-27 14:38:37,057	INFO scripts.py:1186 -- Did not find any active Ray processes.
2024-06-27 14:38:47,427	INFO usage_lib.py:472 -- Usage stats collection is enabled. To disable this, add `--disable-usage-stats` to the command that starts the cluster, or run the following command: `ray disable-usage-stats` before starting the cluster. See https://docs.ray.io/en/master/cluster/usage-stats.html for more details.
2024-06-27 14:38:47,427	INFO scripts.py:767 -- Local node IP: 10.20.240.17
2024-06-27 14:39:07,315	SUCC scripts.py:804 -- --------------------
2024-06-27 14:39:07,315	SUCC scripts.py:805 -- Ray runtime started.
2024-06-27 14:39:07,315	SUCC scripts.py:806 -- --------------------
2024-06-27 14:39:07,315	INFO scripts.py:808 -- Next steps
2024-06-27 14:39:07,316	INFO scripts.py:811 -- To add another node to this Ray cluster, run
2024-06-27 14:39:07,316	INFO scripts.py:814 --   ray start --address='10.20.240.17:6379'
2024-06-27 14:39:07,316	INFO scripts.py:823 -- To connect to this Ray cluster:
2024-06-27 14:39:07,316	INFO scripts.py:825 -- import ray
2024-06-27 14:39:07,316	INFO scripts.py:826 -- ray.init()
2024-06-27 14:39:07,316	INFO scripts.py:857 -- To terminate the Ray runtime, run
2024-06-27 14:39:07,316	INFO scripts.py:858 --   ray stop
2024-06-27 14:39:07,316	INFO scripts.py:861 -- To view the status of the cluster, use
2024-06-27 14:39:07,316	INFO scripts.py:862 --   ray status
2024-06-27 14:40:50.165793: I tensorflow/core/platform/cpu_feature_guard.cc:210] This TensorFlow binary is optimized to use available CPU instructions in performance-critical operations.
To enable the following instructions: AVX2 FMA, in other operations, rebuild TensorFlow with the appropriate compiler flags.
2024-06-27 14:41:45.509967: W tensorflow/compiler/tf2tensorrt/utils/py_utils.cc:38] TF-TRT Warning: Could not find TensorRT
INFO flwr 2024-06-27 14:45:58,198 | Data.py:36 | Preprocessing the federated learning dataset
INFO flwr 2024-06-27 14:45:58,405 | Data.py:111 | Found preprocessed data for the given preprocess function with hash 6953241a9b8ff95102b78518189c2b990449e30cf33ece85878cd0da48066bd8, returning
INFO flwr 2024-06-27 14:46:02,769 | Simulation.py:38 | Preparing datasets for federated learning simulation
INFO flwr 2024-06-27 14:46:02,805 | Simulation.py:274 | Found previously split dataloaders with hash 0c1a3691636445c7c3a31a8ee544cd4d81d9a5405ab86929f9389d9a2acf45a3, loading them
INFO flwr 2024-06-27 14:46:06,132 | main.py:110 | Loaded 1 configs with name PURCHASE-FCN-FEDNAG, running...
INFO flwr 2024-06-27 14:46:06,135 | main.py:112 | Config:
	Simulation:
		Data:
			dataset_name: purchase
			batch_size: 64
			preprocess_fn:
				def preprocess_fn(element):
				  return {
				    "x": element["features"],
				    "y": element["label"]
				  }
		Federation:
			client_count: 10
			fraction_fit: 1.0
			local_rounds: 4
		Model:
			optimizer_name: FedNAG
			model_name: FCN
			criterion_name: CrossEntropyLoss
			optimizer_parameters: 
				lr: 0.01
				momentum: 0.9
			model_architecture:
				type: Linear
					in_features: 600
					out_features: 1024
				type: Tanh
				type: Linear
					in_features: 1024
					out_features: 512
				type: Tanh
				type: Linear
					in_features: 512
					out_features: 256
				type: Tanh
				type: Linear
					in_features: 256
					out_features: 100
	Attack:
		data_access: 1.0
		message_access: server
		aggregate_access: 1
		repetitions: 0
		Attack Simulation:
			batch_size: 64
			optimizer_name: Adam
			optimizer_parameters:
				eps: 0.0001
			ModelArchitecture:
				components:
					label: False
					loss: True
					activation: False
					gradient: False
					metrics: False
				gradient_component:
					type: Dropout
						p: 0.2
					type: Conv2d
						out_channels: 1000
						kernel_size: None
						stride: 1
					type: ReLU
				fcn_component:
					type: Dropout
						p: 0.2
					type: Linear
						out_features: 128
					type: ReLU
					type: Dropout
						p: 0.2
					type: Linear
						in_features: 128
						out_features: 64
					type: ReLU
				encoder_component:
					type: Dropout
						p: 0.2
					type: Linear
						out_features: 256
					type: ReLU
					type: Dropout
						p: 0.2
					type: Linear
						in_features: 256
						out_features: 128
					type: ReLU
					type: Dropout
						p: 0.2
					type: Linear
						in_features: 128
						out_features: 64
					type: ReLU
					type: Dropout
						p: 0.2
					type: Linear
						in_features: 64
						out_features: 1
					type: ReLU
INFO flwr 2024-06-27 14:46:06,135 | Config.py:69 | Starting conFEDential simulation
INFO flwr 2024-06-27 14:46:06,283 | Config.py:74 | No previous federated learning simulation found with hash a455e889947b3a58af7f5c66817b9d2d6af8e6bbb5c14c5bc3356aa590215e2d, starting training simulation...
wandb: Tracking run with wandb version 0.17.1
wandb: W&B syncing is set to `offline` in this directory.  
wandb: Run `wandb online` or set WANDB_MODE=online to enable cloud syncing.
INFO flwr 2024-06-27 14:46:37,788 | Simulation.py:417 | Created 1 clients with resources 4 CPUs, 1.0 GPUs, and 16.0GB for the total available 4 CPUs, 1 GPUs and 16.0GB.
INFO flwr 2024-06-27 14:46:37,788 | Simulation.py:166 | Starting federated learning simulation
2024-06-27 14:46:37,859	INFO worker.py:1586 -- Connecting to existing Ray cluster at address: 10.20.240.17:6379...
2024-06-27 14:46:37,864	INFO worker.py:1771 -- Connected to Ray cluster.
INFO flwr 2024-06-27 14:46:52,777 | app.py:178 | Starting Flower simulation, config: ServerConfig(num_rounds=10000, round_timeout=None)
2024-06-27 14:46:52,879	INFO worker.py:1604 -- Calling ray.init() again after it has already been called.
INFO flwr 2024-06-27 14:46:52,880 | app.py:213 | Flower VCE: Ray initialized with resources: {'node:__internal_head__': 1.0, 'CPU': 4.0, 'object_store_memory': 72639392563.0, 'memory': 17179869184.0, 'accelerator_type:T4': 1.0, 'node:10.20.240.17': 1.0, 'GPU': 1.0}
INFO flwr 2024-06-27 14:46:52,880 | app.py:219 | Optimize your simulation with Flower VCE: https://flower.dev/docs/framework/how-to-run-simulations.html
INFO flwr 2024-06-27 14:46:52,880 | app.py:242 | Flower VCE: Resources for each Virtual Client: {'num_cpus': 4, 'num_gpus': 1.0, 'memory': 17179869184}
INFO flwr 2024-06-27 14:46:52,904 | app.py:288 | Flower VCE: Creating VirtualClientEngineActorPool with 1 actors
INFO flwr 2024-06-27 14:46:52,905 | server.py:88 | Initializing global parameters
INFO flwr 2024-06-27 14:46:52,905 | server.py:295 | Using initial parameters provided by strategy
INFO flwr 2024-06-27 14:46:52,905 | server.py:90 | Evaluating initial parameters
INFO flwr 2024-06-27 14:47:05,634 | server.py:93 | initial parameters (loss, other metrics): 4.605195703125, {'accuracy': 0.0144, 'data_size': 2500}
INFO flwr 2024-06-27 14:47:05,635 | server.py:103 | FL starting
DEBUG flwr 2024-06-27 14:47:05,635 | server.py:245 | fit_round 1: strategy sampled 10 clients (out of 10)
[36m(pid=3206687)[0m 2024-06-27 14:47:10.510971: I tensorflow/core/platform/cpu_feature_guard.cc:210] This TensorFlow binary is optimized to use available CPU instructions in performance-critical operations.
[36m(pid=3206687)[0m To enable the following instructions: AVX2 FMA, in other operations, rebuild TensorFlow with the appropriate compiler flags.
[36m(pid=3206687)[0m 2024-06-27 14:47:31.276550: W tensorflow/compiler/tf2tensorrt/utils/py_utils.cc:38] TF-TRT Warning: Could not find TensorRT
DEBUG flwr 2024-06-27 14:50:20,326 | server.py:259 | fit_round 1 received 10 results and 0 failures
INFO flwr 2024-06-27 14:50:29,560 | server.py:131 | fit progress: (1, 4.40281328125, {'accuracy': 0.0328, 'data_size': 2500}, 203.92489602603018)
DEBUG flwr 2024-06-27 14:50:29,560 | server.py:146 | Loss decrease: 0.04394654102054055
INFO flwr 2024-06-27 14:50:29,561 | server.py:194 | evaluate_round 1: no clients selected, cancel
DEBUG flwr 2024-06-27 14:50:29,562 | server.py:245 | fit_round 2: strategy sampled 10 clients (out of 10)
DEBUG flwr 2024-06-27 14:51:00,781 | server.py:259 | fit_round 2 received 10 results and 0 failures
INFO flwr 2024-06-27 14:51:07,857 | server.py:131 | fit progress: (2, 4.09140859375, {'accuracy': 0.0816, 'data_size': 2500}, 242.22234294109512)
DEBUG flwr 2024-06-27 14:51:07,858 | server.py:146 | Loss decrease: 0.07072857003183877
INFO flwr 2024-06-27 14:51:07,858 | server.py:194 | evaluate_round 2: no clients selected, cancel
DEBUG flwr 2024-06-27 14:51:07,858 | server.py:245 | fit_round 3: strategy sampled 10 clients (out of 10)
DEBUG flwr 2024-06-27 14:51:39,414 | server.py:259 | fit_round 3 received 10 results and 0 failures
INFO flwr 2024-06-27 14:51:46,272 | server.py:131 | fit progress: (3, 3.2628783203125, {'accuracy': 0.2, 'data_size': 2500}, 280.6367597830249)
DEBUG flwr 2024-06-27 14:51:46,272 | server.py:146 | Loss decrease: 0.20250489640735359
INFO flwr 2024-06-27 14:51:46,272 | server.py:194 | evaluate_round 3: no clients selected, cancel
DEBUG flwr 2024-06-27 14:51:46,272 | server.py:245 | fit_round 4: strategy sampled 10 clients (out of 10)
DEBUG flwr 2024-06-27 14:52:18,033 | server.py:259 | fit_round 4 received 10 results and 0 failures
INFO flwr 2024-06-27 14:52:24,985 | server.py:131 | fit progress: (4, 2.522413671875, {'accuracy': 0.3696, 'data_size': 2500}, 319.3498906859895)
DEBUG flwr 2024-06-27 14:52:24,985 | server.py:146 | Loss decrease: 0.22693602879024385
INFO flwr 2024-06-27 14:52:24,985 | server.py:194 | evaluate_round 4: no clients selected, cancel
DEBUG flwr 2024-06-27 14:52:24,986 | server.py:245 | fit_round 5: strategy sampled 10 clients (out of 10)
DEBUG flwr 2024-06-27 14:52:55,820 | server.py:259 | fit_round 5 received 10 results and 0 failures
INFO flwr 2024-06-27 14:53:02,135 | server.py:131 | fit progress: (5, 1.95604375, {'accuracy': 0.4904, 'data_size': 2500}, 356.4995421170024)
DEBUG flwr 2024-06-27 14:53:02,135 | server.py:146 | Loss decrease: 0.22453490804860604
INFO flwr 2024-06-27 14:53:02,135 | server.py:194 | evaluate_round 5: no clients selected, cancel
DEBUG flwr 2024-06-27 14:53:02,136 | server.py:245 | fit_round 6: strategy sampled 10 clients (out of 10)
DEBUG flwr 2024-06-27 14:53:34,126 | server.py:259 | fit_round 6 received 10 results and 0 failures
INFO flwr 2024-06-27 14:53:40,953 | server.py:131 | fit progress: (6, 1.61807158203125, {'accuracy': 0.5588, 'data_size': 2500}, 395.31824422301725)
DEBUG flwr 2024-06-27 14:53:40,954 | server.py:146 | Loss decrease: 0.1727835422744252
INFO flwr 2024-06-27 14:53:40,954 | server.py:194 | evaluate_round 6: no clients selected, cancel
DEBUG flwr 2024-06-27 14:53:40,954 | server.py:245 | fit_round 7: strategy sampled 10 clients (out of 10)
DEBUG flwr 2024-06-27 14:54:12,055 | server.py:259 | fit_round 7 received 10 results and 0 failures
INFO flwr 2024-06-27 14:54:18,237 | server.py:131 | fit progress: (7, 1.40080556640625, {'accuracy': 0.6132, 'data_size': 2500}, 432.6021010010736)
DEBUG flwr 2024-06-27 14:54:18,238 | server.py:146 | Loss decrease: 0.134274662528993
INFO flwr 2024-06-27 14:54:18,238 | server.py:194 | evaluate_round 7: no clients selected, cancel
DEBUG flwr 2024-06-27 14:54:18,238 | server.py:245 | fit_round 8: strategy sampled 10 clients (out of 10)
DEBUG flwr 2024-06-27 14:54:49,686 | server.py:259 | fit_round 8 received 10 results and 0 failures
INFO flwr 2024-06-27 14:54:55,552 | server.py:131 | fit progress: (8, 1.26108955078125, {'accuracy': 0.6252, 'data_size': 2500}, 469.91643047099933)
DEBUG flwr 2024-06-27 14:54:55,552 | server.py:146 | Loss decrease: 0.09973976330165484
INFO flwr 2024-06-27 14:54:55,552 | server.py:194 | evaluate_round 8: no clients selected, cancel
DEBUG flwr 2024-06-27 14:54:55,553 | server.py:245 | fit_round 9: strategy sampled 10 clients (out of 10)
DEBUG flwr 2024-06-27 14:55:26,943 | server.py:259 | fit_round 9 received 10 results and 0 failures
INFO flwr 2024-06-27 14:55:33,302 | server.py:131 | fit progress: (9, 1.17199248046875, {'accuracy': 0.6368, 'data_size': 2500}, 507.6667209060397)
DEBUG flwr 2024-06-27 14:55:33,302 | server.py:146 | Loss decrease: 0.07065086714682874
INFO flwr 2024-06-27 14:55:33,302 | server.py:194 | evaluate_round 9: no clients selected, cancel
DEBUG flwr 2024-06-27 14:55:33,303 | server.py:245 | fit_round 10: strategy sampled 10 clients (out of 10)
DEBUG flwr 2024-06-27 14:56:05,937 | server.py:259 | fit_round 10 received 10 results and 0 failures
INFO flwr 2024-06-27 14:56:15,404 | server.py:131 | fit progress: (10, 1.1116728515625, {'accuracy': 0.6452, 'data_size': 2500}, 549.7691778640728)
DEBUG flwr 2024-06-27 14:56:15,405 | server.py:146 | Loss decrease: 0.05146759037406498
INFO flwr 2024-06-27 14:56:15,405 | server.py:194 | evaluate_round 10: no clients selected, cancel
DEBUG flwr 2024-06-27 14:56:15,405 | server.py:245 | fit_round 11: strategy sampled 10 clients (out of 10)
DEBUG flwr 2024-06-27 14:56:47,214 | server.py:259 | fit_round 11 received 10 results and 0 failures
INFO flwr 2024-06-27 14:56:54,215 | server.py:131 | fit progress: (11, 1.0680701171875, {'accuracy': 0.654, 'data_size': 2500}, 588.5801261550514)
DEBUG flwr 2024-06-27 14:56:54,216 | server.py:146 | Loss decrease: 0.03922263129275371
INFO flwr 2024-06-27 14:56:54,216 | server.py:194 | evaluate_round 11: no clients selected, cancel
DEBUG flwr 2024-06-27 14:56:54,216 | server.py:245 | fit_round 12: strategy sampled 10 clients (out of 10)
DEBUG flwr 2024-06-27 14:57:25,231 | server.py:259 | fit_round 12 received 10 results and 0 failures
INFO flwr 2024-06-27 14:57:32,007 | server.py:131 | fit progress: (12, 1.03455, {'accuracy': 0.6536, 'data_size': 2500}, 626.371667848085)
DEBUG flwr 2024-06-27 14:57:32,007 | server.py:146 | Loss decrease: 0.03138381708100486
INFO flwr 2024-06-27 14:57:32,007 | server.py:194 | evaluate_round 12: no clients selected, cancel
DEBUG flwr 2024-06-27 14:57:32,008 | server.py:245 | fit_round 13: strategy sampled 10 clients (out of 10)
DEBUG flwr 2024-06-27 14:58:03,011 | server.py:259 | fit_round 13 received 10 results and 0 failures
INFO flwr 2024-06-27 14:58:10,350 | server.py:131 | fit progress: (13, 1.00712958984375, {'accuracy': 0.6548, 'data_size': 2500}, 664.7152170790359)
DEBUG flwr 2024-06-27 14:58:10,351 | server.py:146 | Loss decrease: 0.026504673680585834
INFO flwr 2024-06-27 14:58:10,351 | server.py:194 | evaluate_round 13: no clients selected, cancel
DEBUG flwr 2024-06-27 14:58:10,351 | server.py:245 | fit_round 14: strategy sampled 10 clients (out of 10)
DEBUG flwr 2024-06-27 14:58:43,017 | server.py:259 | fit_round 14 received 10 results and 0 failures
INFO flwr 2024-06-27 14:58:49,764 | server.py:131 | fit progress: (14, 0.98325029296875, {'accuracy': 0.662, 'data_size': 2500}, 704.1291049279971)
DEBUG flwr 2024-06-27 14:58:49,765 | server.py:146 | Loss decrease: 0.023710252499586214
INFO flwr 2024-06-27 14:58:49,765 | server.py:194 | evaluate_round 14: no clients selected, cancel
DEBUG flwr 2024-06-27 14:58:49,765 | server.py:245 | fit_round 15: strategy sampled 10 clients (out of 10)
DEBUG flwr 2024-06-27 14:59:21,199 | server.py:259 | fit_round 15 received 10 results and 0 failures
INFO flwr 2024-06-27 14:59:27,820 | server.py:131 | fit progress: (15, 0.9612888671875, {'accuracy': 0.6704, 'data_size': 2500}, 742.1853635420557)
DEBUG flwr 2024-06-27 14:59:27,821 | server.py:146 | Loss decrease: 0.022335539524673226
INFO flwr 2024-06-27 14:59:27,821 | server.py:194 | evaluate_round 15: no clients selected, cancel
DEBUG flwr 2024-06-27 14:59:27,822 | server.py:245 | fit_round 16: strategy sampled 10 clients (out of 10)
DEBUG flwr 2024-06-27 14:59:59,122 | server.py:259 | fit_round 16 received 10 results and 0 failures
INFO flwr 2024-06-27 15:00:05,783 | server.py:131 | fit progress: (16, 0.940406640625, {'accuracy': 0.6784, 'data_size': 2500}, 780.14818985702)
DEBUG flwr 2024-06-27 15:00:05,784 | server.py:146 | Loss decrease: 0.021723154480709127
INFO flwr 2024-06-27 15:00:05,784 | server.py:194 | evaluate_round 16: no clients selected, cancel
DEBUG flwr 2024-06-27 15:00:05,784 | server.py:245 | fit_round 17: strategy sampled 10 clients (out of 10)
DEBUG flwr 2024-06-27 15:00:37,087 | server.py:259 | fit_round 17 received 10 results and 0 failures
INFO flwr 2024-06-27 15:00:44,364 | server.py:131 | fit progress: (17, 0.9204609375, {'accuracy': 0.6856, 'data_size': 2500}, 818.7284354710719)
DEBUG flwr 2024-06-27 15:00:44,364 | server.py:146 | Loss decrease: 0.021209657889850665
INFO flwr 2024-06-27 15:00:44,364 | server.py:194 | evaluate_round 17: no clients selected, cancel
DEBUG flwr 2024-06-27 15:00:44,365 | server.py:245 | fit_round 18: strategy sampled 10 clients (out of 10)
DEBUG flwr 2024-06-27 15:01:15,726 | server.py:259 | fit_round 18 received 10 results and 0 failures
INFO flwr 2024-06-27 15:01:22,723 | server.py:131 | fit progress: (18, 0.90176474609375, {'accuracy': 0.6952, 'data_size': 2500}, 857.0873956390424)
DEBUG flwr 2024-06-27 15:01:22,723 | server.py:146 | Loss decrease: 0.020311770597272093
INFO flwr 2024-06-27 15:01:22,723 | server.py:194 | evaluate_round 18: no clients selected, cancel
DEBUG flwr 2024-06-27 15:01:22,723 | server.py:245 | fit_round 19: strategy sampled 10 clients (out of 10)
DEBUG flwr 2024-06-27 15:01:53,670 | server.py:259 | fit_round 19 received 10 results and 0 failures
INFO flwr 2024-06-27 15:02:00,298 | server.py:131 | fit progress: (19, 0.88470283203125, {'accuracy': 0.7012, 'data_size': 2500}, 894.6632053850917)
DEBUG flwr 2024-06-27 15:02:00,299 | server.py:146 | Loss decrease: 0.018920582265395204
INFO flwr 2024-06-27 15:02:00,299 | server.py:194 | evaluate_round 19: no clients selected, cancel
DEBUG flwr 2024-06-27 15:02:00,299 | server.py:245 | fit_round 20: strategy sampled 10 clients (out of 10)
DEBUG flwr 2024-06-27 15:02:30,919 | server.py:259 | fit_round 20 received 10 results and 0 failures
INFO flwr 2024-06-27 15:02:36,785 | server.py:131 | fit progress: (20, 0.86944375, {'accuracy': 0.7056, 'data_size': 2500}, 931.149865015992)
DEBUG flwr 2024-06-27 15:02:36,785 | server.py:146 | Loss decrease: 0.017247692082340987
INFO flwr 2024-06-27 15:02:36,786 | server.py:194 | evaluate_round 20: no clients selected, cancel
DEBUG flwr 2024-06-27 15:02:36,786 | server.py:245 | fit_round 21: strategy sampled 10 clients (out of 10)
DEBUG flwr 2024-06-27 15:03:08,817 | server.py:259 | fit_round 21 received 10 results and 0 failures
INFO flwr 2024-06-27 15:03:16,217 | server.py:131 | fit progress: (21, 0.85588896484375, {'accuracy': 0.7084, 'data_size': 2500}, 970.5818689900916)
DEBUG flwr 2024-06-27 15:03:16,217 | server.py:146 | Loss decrease: 0.015590180683051631
INFO flwr 2024-06-27 15:03:16,218 | server.py:194 | evaluate_round 21: no clients selected, cancel
DEBUG flwr 2024-06-27 15:03:16,218 | server.py:245 | fit_round 22: strategy sampled 10 clients (out of 10)
DEBUG flwr 2024-06-27 15:03:47,056 | server.py:259 | fit_round 22 received 10 results and 0 failures
INFO flwr 2024-06-27 15:03:53,062 | server.py:131 | fit progress: (22, 0.84378974609375, {'accuracy': 0.7104, 'data_size': 2500}, 1007.4273876100779)
DEBUG flwr 2024-06-27 15:03:53,063 | server.py:146 | Loss decrease: 0.014136435036533964
INFO flwr 2024-06-27 15:03:53,063 | server.py:194 | evaluate_round 22: no clients selected, cancel
DEBUG flwr 2024-06-27 15:03:53,063 | server.py:245 | fit_round 23: strategy sampled 10 clients (out of 10)
DEBUG flwr 2024-06-27 15:04:24,192 | server.py:259 | fit_round 23 received 10 results and 0 failures
INFO flwr 2024-06-27 15:04:29,951 | server.py:131 | fit progress: (23, 0.8328662109375, {'accuracy': 0.7128, 'data_size': 2500}, 1044.3158938130364)
DEBUG flwr 2024-06-27 15:04:29,951 | server.py:146 | Loss decrease: 0.012945802205845161
INFO flwr 2024-06-27 15:04:29,952 | server.py:194 | evaluate_round 23: no clients selected, cancel
DEBUG flwr 2024-06-27 15:04:29,952 | server.py:245 | fit_round 24: strategy sampled 10 clients (out of 10)
DEBUG flwr 2024-06-27 15:05:01,473 | server.py:259 | fit_round 24 received 10 results and 0 failures
INFO flwr 2024-06-27 15:05:07,341 | server.py:131 | fit progress: (24, 0.82287275390625, {'accuracy': 0.7128, 'data_size': 2500}, 1081.7058606930077)
DEBUG flwr 2024-06-27 15:05:07,341 | server.py:146 | Loss decrease: 0.01199887436903106
INFO flwr 2024-06-27 15:05:07,342 | server.py:194 | evaluate_round 24: no clients selected, cancel
DEBUG flwr 2024-06-27 15:05:07,342 | server.py:245 | fit_round 25: strategy sampled 10 clients (out of 10)
DEBUG flwr 2024-06-27 15:05:39,534 | server.py:259 | fit_round 25 received 10 results and 0 failures
INFO flwr 2024-06-27 15:05:46,975 | server.py:131 | fit progress: (25, 0.813616845703125, {'accuracy': 0.7148, 'data_size': 2500}, 1121.3395592870656)
DEBUG flwr 2024-06-27 15:05:46,975 | server.py:146 | Loss decrease: 0.011248286152611609
INFO flwr 2024-06-27 15:05:46,975 | server.py:194 | evaluate_round 25: no clients selected, cancel
DEBUG flwr 2024-06-27 15:05:46,975 | server.py:245 | fit_round 26: strategy sampled 10 clients (out of 10)
DEBUG flwr 2024-06-27 15:06:18,301 | server.py:259 | fit_round 26 received 10 results and 0 failures
INFO flwr 2024-06-27 15:06:25,397 | server.py:131 | fit progress: (26, 0.804958056640625, {'accuracy': 0.7176, 'data_size': 2500}, 1159.7617029590765)
DEBUG flwr 2024-06-27 15:06:25,397 | server.py:146 | Loss decrease: 0.010642342409979298
INFO flwr 2024-06-27 15:06:25,398 | server.py:194 | evaluate_round 26: no clients selected, cancel
DEBUG flwr 2024-06-27 15:06:25,398 | server.py:245 | fit_round 27: strategy sampled 10 clients (out of 10)
DEBUG flwr 2024-06-27 15:06:57,254 | server.py:259 | fit_round 27 received 10 results and 0 failures
INFO flwr 2024-06-27 15:07:02,996 | server.py:131 | fit progress: (27, 0.796800341796875, {'accuracy': 0.7192, 'data_size': 2500}, 1197.360686872038)
DEBUG flwr 2024-06-27 15:07:02,996 | server.py:146 | Loss decrease: 0.010134335294183009
INFO flwr 2024-06-27 15:07:02,996 | server.py:194 | evaluate_round 27: no clients selected, cancel
DEBUG flwr 2024-06-27 15:07:02,997 | server.py:245 | fit_round 28: strategy sampled 10 clients (out of 10)
DEBUG flwr 2024-06-27 15:07:36,154 | server.py:259 | fit_round 28 received 10 results and 0 failures
INFO flwr 2024-06-27 15:07:42,581 | server.py:131 | fit progress: (28, 0.78908251953125, {'accuracy': 0.72, 'data_size': 2500}, 1236.9460666580126)
DEBUG flwr 2024-06-27 15:07:42,582 | server.py:146 | Loss decrease: 0.009686017764777113
INFO flwr 2024-06-27 15:07:42,582 | server.py:194 | evaluate_round 28: no clients selected, cancel
DEBUG flwr 2024-06-27 15:07:42,582 | server.py:245 | fit_round 29: strategy sampled 10 clients (out of 10)
DEBUG flwr 2024-06-27 15:08:13,482 | server.py:259 | fit_round 29 received 10 results and 0 failures
INFO flwr 2024-06-27 15:08:20,200 | server.py:131 | fit progress: (29, 0.7817673828125, {'accuracy': 0.722, 'data_size': 2500}, 1274.565282382071)
DEBUG flwr 2024-06-27 15:08:20,201 | server.py:146 | Loss decrease: 0.009270433114011274
INFO flwr 2024-06-27 15:08:20,201 | server.py:194 | evaluate_round 29: no clients selected, cancel
DEBUG flwr 2024-06-27 15:08:20,202 | server.py:245 | fit_round 30: strategy sampled 10 clients (out of 10)
DEBUG flwr 2024-06-27 15:08:51,460 | server.py:259 | fit_round 30 received 10 results and 0 failures
INFO flwr 2024-06-27 15:08:58,096 | server.py:131 | fit progress: (30, 0.774834716796875, {'accuracy': 0.7252, 'data_size': 2500}, 1312.460604196065)
DEBUG flwr 2024-06-27 15:08:58,096 | server.py:146 | Loss decrease: 0.008867939706929128
INFO flwr 2024-06-27 15:08:58,096 | server.py:194 | evaluate_round 30: no clients selected, cancel
DEBUG flwr 2024-06-27 15:08:58,097 | server.py:245 | fit_round 31: strategy sampled 10 clients (out of 10)
DEBUG flwr 2024-06-27 15:09:29,343 | server.py:259 | fit_round 31 received 10 results and 0 failures
INFO flwr 2024-06-27 15:09:36,783 | server.py:131 | fit progress: (31, 0.768271630859375, {'accuracy': 0.7276, 'data_size': 2500}, 1351.14815620007)
DEBUG flwr 2024-06-27 15:09:36,784 | server.py:146 | Loss decrease: 0.008470304434255907
INFO flwr 2024-06-27 15:09:36,784 | server.py:194 | evaluate_round 31: no clients selected, cancel
DEBUG flwr 2024-06-27 15:09:36,784 | server.py:245 | fit_round 32: strategy sampled 10 clients (out of 10)
DEBUG flwr 2024-06-27 15:10:07,633 | server.py:259 | fit_round 32 received 10 results and 0 failures
INFO flwr 2024-06-27 15:10:14,268 | server.py:131 | fit progress: (32, 0.76206796875, {'accuracy': 0.7292, 'data_size': 2500}, 1388.633152630995)
DEBUG flwr 2024-06-27 15:10:14,269 | server.py:146 | Loss decrease: 0.008074829084129589
INFO flwr 2024-06-27 15:10:14,269 | server.py:194 | evaluate_round 32: no clients selected, cancel
DEBUG flwr 2024-06-27 15:10:14,269 | server.py:245 | fit_round 33: strategy sampled 10 clients (out of 10)
DEBUG flwr 2024-06-27 15:10:45,441 | server.py:259 | fit_round 33 received 10 results and 0 failures
INFO flwr 2024-06-27 15:10:51,541 | server.py:131 | fit progress: (33, 0.756212646484375, {'accuracy': 0.7288, 'data_size': 2500}, 1425.9062231150456)
DEBUG flwr 2024-06-27 15:10:51,542 | server.py:146 | Loss decrease: 0.007683464606483
INFO flwr 2024-06-27 15:10:51,542 | server.py:194 | evaluate_round 33: no clients selected, cancel
DEBUG flwr 2024-06-27 15:10:51,542 | server.py:245 | fit_round 34: strategy sampled 10 clients (out of 10)
DEBUG flwr 2024-06-27 15:11:22,453 | server.py:259 | fit_round 34 received 10 results and 0 failures
INFO flwr 2024-06-27 15:11:29,432 | server.py:131 | fit progress: (34, 0.75069267578125, {'accuracy': 0.7312, 'data_size': 2500}, 1463.7969343080185)
DEBUG flwr 2024-06-27 15:11:29,432 | server.py:146 | Loss decrease: 0.007299495358596992
INFO flwr 2024-06-27 15:11:29,432 | server.py:194 | evaluate_round 34: no clients selected, cancel
DEBUG flwr 2024-06-27 15:11:29,433 | server.py:245 | fit_round 35: strategy sampled 10 clients (out of 10)
DEBUG flwr 2024-06-27 15:12:00,282 | server.py:259 | fit_round 35 received 10 results and 0 failures
INFO flwr 2024-06-27 15:12:06,710 | server.py:131 | fit progress: (35, 0.745493310546875, {'accuracy': 0.7308, 'data_size': 2500}, 1501.0753494329983)
DEBUG flwr 2024-06-27 15:12:06,711 | server.py:146 | Loss decrease: 0.006926090265852165
INFO flwr 2024-06-27 15:12:06,711 | server.py:194 | evaluate_round 35: no clients selected, cancel
DEBUG flwr 2024-06-27 15:12:06,711 | server.py:245 | fit_round 36: strategy sampled 10 clients (out of 10)
DEBUG flwr 2024-06-27 15:12:38,492 | server.py:259 | fit_round 36 received 10 results and 0 failures
INFO flwr 2024-06-27 15:12:45,058 | server.py:131 | fit progress: (36, 0.740598388671875, {'accuracy': 0.7352, 'data_size': 2500}, 1539.4230174480472)
DEBUG flwr 2024-06-27 15:12:45,059 | server.py:146 | Loss decrease: 0.006566017167087881
INFO flwr 2024-06-27 15:12:45,059 | server.py:194 | evaluate_round 36: no clients selected, cancel
DEBUG flwr 2024-06-27 15:12:45,059 | server.py:245 | fit_round 37: strategy sampled 10 clients (out of 10)
DEBUG flwr 2024-06-27 15:13:16,136 | server.py:259 | fit_round 37 received 10 results and 0 failures
INFO flwr 2024-06-27 15:13:22,771 | server.py:131 | fit progress: (37, 0.7359923828125, {'accuracy': 0.7332, 'data_size': 2500}, 1577.1354354569921)
DEBUG flwr 2024-06-27 15:13:22,771 | server.py:146 | Loss decrease: 0.006219303106552792
INFO flwr 2024-06-27 15:13:22,771 | server.py:194 | evaluate_round 37: no clients selected, cancel
DEBUG flwr 2024-06-27 15:13:22,771 | server.py:245 | fit_round 38: strategy sampled 10 clients (out of 10)
DEBUG flwr 2024-06-27 15:13:54,952 | server.py:259 | fit_round 38 received 10 results and 0 failures
INFO flwr 2024-06-27 15:14:02,829 | server.py:131 | fit progress: (38, 0.7316587890625, {'accuracy': 0.7356, 'data_size': 2500}, 1617.193744690041)
DEBUG flwr 2024-06-27 15:14:02,829 | server.py:146 | Loss decrease: 0.005888095924905779
INFO flwr 2024-06-27 15:14:02,830 | server.py:194 | evaluate_round 38: no clients selected, cancel
DEBUG flwr 2024-06-27 15:14:02,830 | server.py:245 | fit_round 39: strategy sampled 10 clients (out of 10)
DEBUG flwr 2024-06-27 15:14:33,028 | server.py:259 | fit_round 39 received 10 results and 0 failures
INFO flwr 2024-06-27 15:14:40,209 | server.py:131 | fit progress: (39, 0.727583642578125, {'accuracy': 0.7384, 'data_size': 2500}, 1654.5738360090181)
DEBUG flwr 2024-06-27 15:14:40,209 | server.py:146 | Loss decrease: 0.005569736255880479
INFO flwr 2024-06-27 15:14:40,210 | server.py:194 | evaluate_round 39: no clients selected, cancel
DEBUG flwr 2024-06-27 15:14:40,210 | server.py:245 | fit_round 40: strategy sampled 10 clients (out of 10)
DEBUG flwr 2024-06-27 15:15:11,182 | server.py:259 | fit_round 40 received 10 results and 0 failures
INFO flwr 2024-06-27 15:15:17,513 | server.py:131 | fit progress: (40, 0.723752978515625, {'accuracy': 0.7404, 'data_size': 2500}, 1691.8776371160056)
DEBUG flwr 2024-06-27 15:15:17,513 | server.py:146 | Loss decrease: 0.005264912290944841
INFO flwr 2024-06-27 15:15:17,513 | server.py:194 | evaluate_round 40: no clients selected, cancel
DEBUG flwr 2024-06-27 15:15:17,514 | server.py:245 | fit_round 41: strategy sampled 10 clients (out of 10)
DEBUG flwr 2024-06-27 15:15:48,511 | server.py:259 | fit_round 41 received 10 results and 0 failures
INFO flwr 2024-06-27 15:15:54,347 | server.py:131 | fit progress: (41, 0.720153759765625, {'accuracy': 0.7432, 'data_size': 2500}, 1728.7123235360486)
DEBUG flwr 2024-06-27 15:15:54,348 | server.py:146 | Loss decrease: 0.004972993351104142
INFO flwr 2024-06-27 15:15:54,348 | server.py:194 | evaluate_round 41: no clients selected, cancel
DEBUG flwr 2024-06-27 15:15:54,348 | server.py:245 | fit_round 42: strategy sampled 10 clients (out of 10)
DEBUG flwr 2024-06-27 15:16:25,623 | server.py:259 | fit_round 42 received 10 results and 0 failures
INFO flwr 2024-06-27 15:16:33,153 | server.py:131 | fit progress: (42, 0.71677392578125, {'accuracy': 0.7448, 'data_size': 2500}, 1767.5178199440707)
DEBUG flwr 2024-06-27 15:16:33,153 | server.py:146 | Loss decrease: 0.004693211607303135
INFO flwr 2024-06-27 15:16:33,153 | server.py:194 | evaluate_round 42: no clients selected, cancel
DEBUG flwr 2024-06-27 15:16:33,154 | server.py:245 | fit_round 43: strategy sampled 10 clients (out of 10)
DEBUG flwr 2024-06-27 15:17:03,895 | server.py:259 | fit_round 43 received 10 results and 0 failures
INFO flwr 2024-06-27 15:17:10,327 | server.py:131 | fit progress: (43, 0.713602197265625, {'accuracy': 0.7452, 'data_size': 2500}, 1804.6921665230766)
DEBUG flwr 2024-06-27 15:17:10,328 | server.py:146 | Loss decrease: 0.004425005432735205
INFO flwr 2024-06-27 15:17:10,328 | server.py:194 | evaluate_round 43: no clients selected, cancel
DEBUG flwr 2024-06-27 15:17:10,328 | server.py:245 | fit_round 44: strategy sampled 10 clients (out of 10)
DEBUG flwr 2024-06-27 15:17:41,270 | server.py:259 | fit_round 44 received 10 results and 0 failures
INFO flwr 2024-06-27 15:17:47,074 | server.py:131 | fit progress: (44, 0.7106271484375, {'accuracy': 0.7464, 'data_size': 2500}, 1841.4387185160303)
DEBUG flwr 2024-06-27 15:17:47,074 | server.py:146 | Loss decrease: 0.004169057830153573
INFO flwr 2024-06-27 15:17:47,075 | server.py:194 | evaluate_round 44: no clients selected, cancel
DEBUG flwr 2024-06-27 15:17:47,075 | server.py:245 | fit_round 45: strategy sampled 10 clients (out of 10)
DEBUG flwr 2024-06-27 15:18:18,364 | server.py:259 | fit_round 45 received 10 results and 0 failures
INFO flwr 2024-06-27 15:18:25,212 | server.py:131 | fit progress: (45, 0.707838818359375, {'accuracy': 0.748, 'data_size': 2500}, 1879.577167952084)
DEBUG flwr 2024-06-27 15:18:25,213 | server.py:146 | Loss decrease: 0.003923759575265075
INFO flwr 2024-06-27 15:18:25,213 | server.py:194 | evaluate_round 45: no clients selected, cancel
DEBUG flwr 2024-06-27 15:18:25,213 | server.py:245 | fit_round 46: strategy sampled 10 clients (out of 10)
DEBUG flwr 2024-06-27 15:18:56,416 | server.py:259 | fit_round 46 received 10 results and 0 failures
INFO flwr 2024-06-27 15:19:04,502 | server.py:131 | fit progress: (46, 0.705227587890625, {'accuracy': 0.7504, 'data_size': 2500}, 1918.8664397260873)
DEBUG flwr 2024-06-27 15:19:04,502 | server.py:146 | Loss decrease: 0.003689018461579006
INFO flwr 2024-06-27 15:19:04,502 | server.py:194 | evaluate_round 46: no clients selected, cancel
DEBUG flwr 2024-06-27 15:19:04,502 | server.py:245 | fit_round 47: strategy sampled 10 clients (out of 10)
DEBUG flwr 2024-06-27 15:19:36,076 | server.py:259 | fit_round 47 received 10 results and 0 failures
INFO flwr 2024-06-27 15:19:41,653 | server.py:131 | fit progress: (47, 0.702784033203125, {'accuracy': 0.7524, 'data_size': 2500}, 1956.0178895370336)
DEBUG flwr 2024-06-27 15:19:41,653 | server.py:146 | Loss decrease: 0.0034649164744232764
INFO flwr 2024-06-27 15:19:41,654 | server.py:194 | evaluate_round 47: no clients selected, cancel
DEBUG flwr 2024-06-27 15:19:41,654 | server.py:245 | fit_round 48: strategy sampled 10 clients (out of 10)
DEBUG flwr 2024-06-27 15:20:12,692 | server.py:259 | fit_round 48 received 10 results and 0 failures
INFO flwr 2024-06-27 15:20:18,243 | server.py:131 | fit progress: (48, 0.700500244140625, {'accuracy': 0.754, 'data_size': 2500}, 1992.6075671809958)
DEBUG flwr 2024-06-27 15:20:18,243 | server.py:146 | Loss decrease: 0.0032496314011163084
INFO flwr 2024-06-27 15:20:18,243 | server.py:194 | evaluate_round 48: no clients selected, cancel
DEBUG flwr 2024-06-27 15:20:18,244 | server.py:245 | fit_round 49: strategy sampled 10 clients (out of 10)
DEBUG flwr 2024-06-27 15:20:50,476 | server.py:259 | fit_round 49 received 10 results and 0 failures
INFO flwr 2024-06-27 15:20:56,014 | server.py:131 | fit progress: (49, 0.698368505859375, {'accuracy': 0.7556, 'data_size': 2500}, 2030.3791668110061)
DEBUG flwr 2024-06-27 15:20:56,015 | server.py:146 | Loss decrease: 0.003043165650663159
INFO flwr 2024-06-27 15:20:56,015 | server.py:194 | evaluate_round 49: no clients selected, cancel
DEBUG flwr 2024-06-27 15:20:56,015 | server.py:245 | fit_round 50: strategy sampled 10 clients (out of 10)
DEBUG flwr 2024-06-27 15:21:27,815 | server.py:259 | fit_round 50 received 10 results and 0 failures
INFO flwr 2024-06-27 15:21:34,251 | server.py:131 | fit progress: (50, 0.696382275390625, {'accuracy': 0.7544, 'data_size': 2500}, 2068.61611208308)
DEBUG flwr 2024-06-27 15:21:34,251 | server.py:146 | Loss decrease: 0.0028441008609142063
INFO flwr 2024-06-27 15:21:34,252 | server.py:194 | evaluate_round 50: no clients selected, cancel
DEBUG flwr 2024-06-27 15:21:34,252 | server.py:245 | fit_round 51: strategy sampled 10 clients (out of 10)
DEBUG flwr 2024-06-27 15:22:05,593 | server.py:259 | fit_round 51 received 10 results and 0 failures
INFO flwr 2024-06-27 15:22:12,235 | server.py:131 | fit progress: (51, 0.69453564453125, {'accuracy': 0.7544, 'data_size': 2500}, 2106.6003205840243)
DEBUG flwr 2024-06-27 15:22:12,236 | server.py:146 | Loss decrease: 0.0026517487946388875
INFO flwr 2024-06-27 15:22:12,236 | server.py:194 | evaluate_round 51: no clients selected, cancel
DEBUG flwr 2024-06-27 15:22:12,237 | server.py:245 | fit_round 52: strategy sampled 10 clients (out of 10)
DEBUG flwr 2024-06-27 15:22:43,361 | server.py:259 | fit_round 52 received 10 results and 0 failures
INFO flwr 2024-06-27 15:22:49,577 | server.py:131 | fit progress: (52, 0.692823486328125, {'accuracy': 0.754, 'data_size': 2500}, 2143.9415487220977)
DEBUG flwr 2024-06-27 15:22:49,577 | server.py:146 | Loss decrease: 0.002465184064499161
INFO flwr 2024-06-27 15:22:49,577 | server.py:194 | evaluate_round 52: no clients selected, cancel
DEBUG flwr 2024-06-27 15:22:49,578 | server.py:245 | fit_round 53: strategy sampled 10 clients (out of 10)
DEBUG flwr 2024-06-27 15:23:20,962 | server.py:259 | fit_round 53 received 10 results and 0 failures
INFO flwr 2024-06-27 15:23:27,274 | server.py:131 | fit progress: (53, 0.69124150390625, {'accuracy': 0.7556, 'data_size': 2500}, 2181.638424734003)
DEBUG flwr 2024-06-27 15:23:27,274 | server.py:146 | Loss decrease: 0.0022833845172588016
INFO flwr 2024-06-27 15:23:27,274 | server.py:194 | evaluate_round 53: no clients selected, cancel
DEBUG flwr 2024-06-27 15:23:27,275 | server.py:245 | fit_round 54: strategy sampled 10 clients (out of 10)
DEBUG flwr 2024-06-27 15:23:58,516 | server.py:259 | fit_round 54 received 10 results and 0 failures
INFO flwr 2024-06-27 15:24:04,825 | server.py:131 | fit progress: (54, 0.68978544921875, {'accuracy': 0.7564, 'data_size': 2500}, 2219.1899466230534)
DEBUG flwr 2024-06-27 15:24:04,825 | server.py:146 | Loss decrease: 0.0021064341178471464
INFO flwr 2024-06-27 15:24:04,826 | server.py:194 | evaluate_round 54: no clients selected, cancel
DEBUG flwr 2024-06-27 15:24:04,826 | server.py:245 | fit_round 55: strategy sampled 10 clients (out of 10)
DEBUG flwr 2024-06-27 15:24:35,889 | server.py:259 | fit_round 55 received 10 results and 0 failures
INFO flwr 2024-06-27 15:24:42,639 | server.py:131 | fit progress: (55, 0.688451806640625, {'accuracy': 0.7576, 'data_size': 2500}, 2257.0036445620935)
DEBUG flwr 2024-06-27 15:24:42,639 | server.py:146 | Loss decrease: 0.0019334165132584955
INFO flwr 2024-06-27 15:24:42,639 | server.py:194 | evaluate_round 55: no clients selected, cancel
DEBUG flwr 2024-06-27 15:24:42,640 | server.py:245 | fit_round 56: strategy sampled 10 clients (out of 10)
DEBUG flwr 2024-06-27 15:25:14,329 | server.py:259 | fit_round 56 received 10 results and 0 failures
INFO flwr 2024-06-27 15:25:21,673 | server.py:131 | fit progress: (56, 0.687237158203125, {'accuracy': 0.758, 'data_size': 2500}, 2296.0383914191043)
DEBUG flwr 2024-06-27 15:25:21,674 | server.py:146 | Loss decrease: 0.0017643187595468358
INFO flwr 2024-06-27 15:25:21,674 | server.py:194 | evaluate_round 56: no clients selected, cancel
DEBUG flwr 2024-06-27 15:25:21,675 | server.py:245 | fit_round 57: strategy sampled 10 clients (out of 10)
DEBUG flwr 2024-06-27 15:25:53,419 | server.py:259 | fit_round 57 received 10 results and 0 failures
INFO flwr 2024-06-27 15:25:59,390 | server.py:131 | fit progress: (57, 0.68613798828125, {'accuracy': 0.7584, 'data_size': 2500}, 2333.755306428997)
DEBUG flwr 2024-06-27 15:25:59,391 | server.py:146 | Loss decrease: 0.001599404090356385
INFO flwr 2024-06-27 15:25:59,391 | server.py:194 | evaluate_round 57: no clients selected, cancel
DEBUG flwr 2024-06-27 15:25:59,392 | server.py:245 | fit_round 58: strategy sampled 10 clients (out of 10)
DEBUG flwr 2024-06-27 15:26:31,440 | server.py:259 | fit_round 58 received 10 results and 0 failures
INFO flwr 2024-06-27 15:26:37,123 | server.py:131 | fit progress: (58, 0.685150537109375, {'accuracy': 0.7596, 'data_size': 2500}, 2371.4879360350315)
DEBUG flwr 2024-06-27 15:26:37,123 | server.py:146 | Loss decrease: 0.001439143712693376
INFO flwr 2024-06-27 15:26:37,124 | server.py:194 | evaluate_round 58: no clients selected, cancel
DEBUG flwr 2024-06-27 15:26:37,124 | server.py:245 | fit_round 59: strategy sampled 10 clients (out of 10)
DEBUG flwr 2024-06-27 15:27:08,392 | server.py:259 | fit_round 59 received 10 results and 0 failures
INFO flwr 2024-06-27 15:27:15,123 | server.py:131 | fit progress: (59, 0.68427158203125, {'accuracy': 0.7612, 'data_size': 2500}, 2409.4875359270955)
DEBUG flwr 2024-06-27 15:27:15,123 | server.py:146 | Loss decrease: 0.0012828641743947904
INFO flwr 2024-06-27 15:27:15,123 | server.py:194 | evaluate_round 59: no clients selected, cancel
DEBUG flwr 2024-06-27 15:27:15,124 | server.py:245 | fit_round 60: strategy sampled 10 clients (out of 10)
DEBUG flwr 2024-06-27 15:27:46,932 | server.py:259 | fit_round 60 received 10 results and 0 failures
INFO flwr 2024-06-27 15:27:53,884 | server.py:131 | fit progress: (60, 0.68349716796875, {'accuracy': 0.7612, 'data_size': 2500}, 2448.248925102991)
DEBUG flwr 2024-06-27 15:27:53,884 | server.py:146 | Loss decrease: 0.0011317349468191703
INFO flwr 2024-06-27 15:27:53,884 | server.py:194 | evaluate_round 60: no clients selected, cancel
DEBUG flwr 2024-06-27 15:27:53,885 | server.py:245 | fit_round 61: strategy sampled 10 clients (out of 10)
DEBUG flwr 2024-06-27 15:28:25,233 | server.py:259 | fit_round 61 received 10 results and 0 failures
INFO flwr 2024-06-27 15:28:31,915 | server.py:131 | fit progress: (61, 0.6828234375, {'accuracy': 0.7616, 'data_size': 2500}, 2486.2797882290324)
DEBUG flwr 2024-06-27 15:28:31,915 | server.py:146 | Loss decrease: 0.0009857106954112226
INFO flwr 2024-06-27 15:28:31,916 | server.py:194 | evaluate_round 61: no clients selected, cancel
DEBUG flwr 2024-06-27 15:28:31,916 | server.py:245 | fit_round 62: strategy sampled 10 clients (out of 10)
DEBUG flwr 2024-06-27 15:29:02,993 | server.py:259 | fit_round 62 received 10 results and 0 failures
INFO flwr 2024-06-27 15:29:09,274 | server.py:131 | fit progress: (62, 0.682245703125, {'accuracy': 0.7628, 'data_size': 2500}, 2523.6390703240177)
DEBUG flwr 2024-06-27 15:29:09,275 | server.py:146 | Loss decrease: 0.0008460962867871271
INFO flwr 2024-06-27 15:29:09,275 | server.py:194 | evaluate_round 62: no clients selected, cancel
DEBUG flwr 2024-06-27 15:29:09,275 | server.py:245 | fit_round 63: strategy sampled 10 clients (out of 10)
DEBUG flwr 2024-06-27 15:29:41,439 | server.py:259 | fit_round 63 received 10 results and 0 failures
INFO flwr 2024-06-27 15:29:48,477 | server.py:131 | fit progress: (63, 0.681759814453125, {'accuracy': 0.7624, 'data_size': 2500}, 2562.8418188249925)
DEBUG flwr 2024-06-27 15:29:48,477 | server.py:146 | Loss decrease: 0.0007121901532680254
INFO flwr 2024-06-27 15:29:48,478 | server.py:194 | evaluate_round 63: no clients selected, cancel
DEBUG flwr 2024-06-27 15:29:48,478 | server.py:245 | fit_round 64: strategy sampled 10 clients (out of 10)
DEBUG flwr 2024-06-27 15:30:19,501 | server.py:259 | fit_round 64 received 10 results and 0 failures
INFO flwr 2024-06-27 15:30:26,411 | server.py:131 | fit progress: (64, 0.68136103515625, {'accuracy': 0.7608, 'data_size': 2500}, 2600.775924867019)
DEBUG flwr 2024-06-27 15:30:26,411 | server.py:146 | Loss decrease: 0.000584926374979744
INFO flwr 2024-06-27 15:30:26,412 | server.py:194 | evaluate_round 64: no clients selected, cancel
DEBUG flwr 2024-06-27 15:30:26,412 | server.py:245 | fit_round 65: strategy sampled 10 clients (out of 10)
DEBUG flwr 2024-06-27 15:30:57,334 | server.py:259 | fit_round 65 received 10 results and 0 failures
INFO flwr 2024-06-27 15:31:03,224 | server.py:131 | fit progress: (65, 0.68104423828125, {'accuracy': 0.7604, 'data_size': 2500}, 2637.5889771530638)
DEBUG flwr 2024-06-27 15:31:03,225 | server.py:146 | Loss decrease: 0.00046494715525862356
INFO flwr 2024-06-27 15:31:03,225 | server.py:194 | evaluate_round 65: no clients selected, cancel
DEBUG flwr 2024-06-27 15:31:03,225 | server.py:245 | fit_round 66: strategy sampled 10 clients (out of 10)
DEBUG flwr 2024-06-27 15:31:34,357 | server.py:259 | fit_round 66 received 10 results and 0 failures
INFO flwr 2024-06-27 15:31:40,182 | server.py:131 | fit progress: (66, 0.680805078125, {'accuracy': 0.7612, 'data_size': 2500}, 2674.5468604760244)
DEBUG flwr 2024-06-27 15:31:40,182 | server.py:146 | Loss decrease: 0.00035116684468779435
INFO flwr 2024-06-27 15:31:40,183 | server.py:194 | evaluate_round 66: no clients selected, cancel
DEBUG flwr 2024-06-27 15:31:40,183 | server.py:245 | fit_round 67: strategy sampled 10 clients (out of 10)
DEBUG flwr 2024-06-27 15:32:11,384 | server.py:259 | fit_round 67 received 10 results and 0 failures
INFO flwr 2024-06-27 15:32:17,241 | server.py:131 | fit progress: (67, 0.6806380859375, {'accuracy': 0.7624, 'data_size': 2500}, 2711.6062560320133)
DEBUG flwr 2024-06-27 15:32:17,242 | server.py:146 | Loss decrease: 0.00024528634239914874
INFO flwr 2024-06-27 15:32:17,242 | server.py:194 | evaluate_round 67: no clients selected, cancel
DEBUG flwr 2024-06-27 15:32:17,242 | server.py:245 | fit_round 68: strategy sampled 10 clients (out of 10)
DEBUG flwr 2024-06-27 15:32:48,660 | server.py:259 | fit_round 68 received 10 results and 0 failures
INFO flwr 2024-06-27 15:32:54,340 | server.py:131 | fit progress: (68, 0.680538720703125, {'accuracy': 0.7624, 'data_size': 2500}, 2748.7047685290454)
DEBUG flwr 2024-06-27 15:32:54,340 | server.py:146 | Loss decrease: 0.00014598835479219798
INFO flwr 2024-06-27 15:32:54,340 | server.py:194 | evaluate_round 68: no clients selected, cancel
DEBUG flwr 2024-06-27 15:32:54,341 | server.py:245 | fit_round 69: strategy sampled 10 clients (out of 10)
DEBUG flwr 2024-06-27 15:33:25,161 | server.py:259 | fit_round 69 received 10 results and 0 failures
INFO flwr 2024-06-27 15:33:32,126 | server.py:131 | fit progress: (69, 0.68050244140625, {'accuracy': 0.7636, 'data_size': 2500}, 2786.4909993080655)
DEBUG flwr 2024-06-27 15:33:32,127 | server.py:146 | Loss decrease: 5.3309673309277115e-05
INFO flwr 2024-06-27 15:33:32,127 | server.py:194 | evaluate_round 69: no clients selected, cancel
DEBUG flwr 2024-06-27 15:33:32,127 | server.py:245 | fit_round 70: strategy sampled 10 clients (out of 10)
DEBUG flwr 2024-06-27 15:34:03,249 | server.py:259 | fit_round 70 received 10 results and 0 failures
INFO flwr 2024-06-27 15:34:10,182 | server.py:131 | fit progress: (70, 0.6805244140625, {'accuracy': 0.764, 'data_size': 2500}, 2824.5466520900372)
DEBUG flwr 2024-06-27 15:34:10,182 | server.py:146 | Loss decrease: -3.2288872034784e-05
INFO flwr 2024-06-27 15:34:10,182 | server.py:194 | evaluate_round 70: no clients selected, cancel
DEBUG flwr 2024-06-27 15:34:10,183 | server.py:245 | fit_round 71: strategy sampled 10 clients (out of 10)
DEBUG flwr 2024-06-27 15:34:40,667 | server.py:259 | fit_round 71 received 10 results and 0 failures
INFO flwr 2024-06-27 15:34:49,296 | server.py:131 | fit progress: (71, 0.68060029296875, {'accuracy': 0.764, 'data_size': 2500}, 2863.6607679590816)
DEBUG flwr 2024-06-27 15:34:49,296 | server.py:146 | Loss decrease: -0.00011150063786408093
INFO flwr 2024-06-27 15:34:49,297 | server.py:194 | evaluate_round 71: no clients selected, cancel
DEBUG flwr 2024-06-27 15:34:49,297 | server.py:245 | fit_round 72: strategy sampled 10 clients (out of 10)
DEBUG flwr 2024-06-27 15:35:20,474 | server.py:259 | fit_round 72 received 10 results and 0 failures
INFO flwr 2024-06-27 15:35:30,757 | server.py:131 | fit progress: (72, 0.680725732421875, {'accuracy': 0.764, 'data_size': 2500}, 2905.1218827600824)
DEBUG flwr 2024-06-27 15:35:30,757 | server.py:146 | Loss decrease: -0.00018430708070631263
INFO flwr 2024-06-27 15:35:30,758 | server.py:194 | evaluate_round 72: no clients selected, cancel
DEBUG flwr 2024-06-27 15:35:30,758 | server.py:245 | fit_round 73: strategy sampled 10 clients (out of 10)
DEBUG flwr 2024-06-27 15:36:02,610 | server.py:259 | fit_round 73 received 10 results and 0 failures
INFO flwr 2024-06-27 15:36:10,945 | server.py:131 | fit progress: (73, 0.6808970703125, {'accuracy': 0.7636, 'data_size': 2500}, 2945.309914186015)
DEBUG flwr 2024-06-27 15:36:10,945 | server.py:146 | Loss decrease: -0.00025169885970886417
INFO flwr 2024-06-27 15:36:10,945 | server.py:194 | evaluate_round 73: no clients selected, cancel
DEBUG flwr 2024-06-27 15:36:10,946 | server.py:245 | fit_round 74: strategy sampled 10 clients (out of 10)
DEBUG flwr 2024-06-27 15:36:41,728 | server.py:259 | fit_round 74 received 10 results and 0 failures
INFO flwr 2024-06-27 15:36:49,111 | server.py:131 | fit progress: (74, 0.681110400390625, {'accuracy': 0.7636, 'data_size': 2500}, 2983.47638560005)
DEBUG flwr 2024-06-27 15:36:49,112 | server.py:146 | Loss decrease: -0.00031330738143292927
INFO flwr 2024-06-27 15:36:49,112 | server.py:194 | evaluate_round 74: no clients selected, cancel
DEBUG flwr 2024-06-27 15:36:49,112 | server.py:245 | fit_round 75: strategy sampled 10 clients (out of 10)
DEBUG flwr 2024-06-27 15:37:20,119 | server.py:259 | fit_round 75 received 10 results and 0 failures
INFO flwr 2024-06-27 15:37:29,117 | server.py:131 | fit progress: (75, 0.68136240234375, {'accuracy': 0.764, 'data_size': 2500}, 3023.4821174649987)
DEBUG flwr 2024-06-27 15:37:29,118 | server.py:146 | Loss decrease: -0.00036998694041450386
INFO flwr 2024-06-27 15:37:29,118 | server.py:194 | evaluate_round 75: no clients selected, cancel
DEBUG flwr 2024-06-27 15:37:29,118 | server.py:245 | fit_round 76: strategy sampled 10 clients (out of 10)
DEBUG flwr 2024-06-27 15:37:59,968 | server.py:259 | fit_round 76 received 10 results and 0 failures
INFO flwr 2024-06-27 15:38:08,424 | server.py:131 | fit progress: (76, 0.681649560546875, {'accuracy': 0.7632, 'data_size': 2500}, 3062.788422156009)
DEBUG flwr 2024-06-27 15:38:08,424 | server.py:146 | Loss decrease: -0.00042144709208668434
INFO flwr 2024-06-27 15:38:08,424 | server.py:194 | evaluate_round 76: no clients selected, cancel
DEBUG flwr 2024-06-27 15:38:08,425 | server.py:245 | fit_round 77: strategy sampled 10 clients (out of 10)
DEBUG flwr 2024-06-27 15:38:40,115 | server.py:259 | fit_round 77 received 10 results and 0 failures
INFO flwr 2024-06-27 15:38:47,576 | server.py:131 | fit progress: (77, 0.68196875, {'accuracy': 0.7636, 'data_size': 2500}, 3101.940764281084)
DEBUG flwr 2024-06-27 15:38:47,576 | server.py:146 | Loss decrease: -0.00046826033727499967
INFO flwr 2024-06-27 15:38:47,576 | server.py:194 | evaluate_round 77: no clients selected, cancel
DEBUG flwr 2024-06-27 15:38:47,576 | server.py:245 | fit_round 78: strategy sampled 10 clients (out of 10)
DEBUG flwr 2024-06-27 15:39:18,725 | server.py:259 | fit_round 78 received 10 results and 0 failures
INFO flwr 2024-06-27 15:39:25,935 | server.py:131 | fit progress: (78, 0.6823171875, {'accuracy': 0.7648, 'data_size': 2500}, 3140.299887571018)
DEBUG flwr 2024-06-27 15:39:25,935 | server.py:146 | Loss decrease: -0.0005109288365486257
INFO flwr 2024-06-27 15:39:25,936 | server.py:194 | evaluate_round 78: no clients selected, cancel
DEBUG flwr 2024-06-27 15:39:25,936 | server.py:245 | fit_round 79: strategy sampled 10 clients (out of 10)
DEBUG flwr 2024-06-27 15:39:57,764 | server.py:259 | fit_round 79 received 10 results and 0 failures
INFO flwr 2024-06-27 15:40:05,139 | server.py:131 | fit progress: (79, 0.682692431640625, {'accuracy': 0.7652, 'data_size': 2500}, 3179.5035308439983)
DEBUG flwr 2024-06-27 15:40:05,139 | server.py:146 | Loss decrease: -0.000549955574180744
INFO flwr 2024-06-27 15:40:05,139 | server.py:194 | evaluate_round 79: no clients selected, cancel
DEBUG flwr 2024-06-27 15:40:05,140 | server.py:245 | fit_round 80: strategy sampled 10 clients (out of 10)
DEBUG flwr 2024-06-27 15:40:36,057 | server.py:259 | fit_round 80 received 10 results and 0 failures
INFO flwr 2024-06-27 15:40:42,129 | server.py:131 | fit progress: (80, 0.683091455078125, {'accuracy': 0.7644, 'data_size': 2500}, 3216.4940416590543)
DEBUG flwr 2024-06-27 15:40:42,130 | server.py:146 | Loss decrease: -0.0005844849290932646
INFO flwr 2024-06-27 15:40:42,130 | server.py:194 | evaluate_round 80: no clients selected, cancel
INFO flwr 2024-06-27 15:40:42,130 | server.py:163 | Early stopping at round 80, loss: 0.683091455078125
INFO flwr 2024-06-27 15:40:42,130 | server.py:176 | FL finished in 3216.4950914999936
INFO flwr 2024-06-27 15:40:42,131 | app.py:226 | app_fit: losses_distributed []
INFO flwr 2024-06-27 15:40:42,131 | app.py:228 | app_fit: metrics_distributed {}
INFO flwr 2024-06-27 15:40:42,132 | app.py:229 | app_fit: losses_centralized [(0, 4.605195703125), (1, 4.40281328125), (2, 4.09140859375), (3, 3.2628783203125), (4, 2.522413671875), (5, 1.95604375), (6, 1.61807158203125), (7, 1.40080556640625), (8, 1.26108955078125), (9, 1.17199248046875), (10, 1.1116728515625), (11, 1.0680701171875), (12, 1.03455), (13, 1.00712958984375), (14, 0.98325029296875), (15, 0.9612888671875), (16, 0.940406640625), (17, 0.9204609375), (18, 0.90176474609375), (19, 0.88470283203125), (20, 0.86944375), (21, 0.85588896484375), (22, 0.84378974609375), (23, 0.8328662109375), (24, 0.82287275390625), (25, 0.813616845703125), (26, 0.804958056640625), (27, 0.796800341796875), (28, 0.78908251953125), (29, 0.7817673828125), (30, 0.774834716796875), (31, 0.768271630859375), (32, 0.76206796875), (33, 0.756212646484375), (34, 0.75069267578125), (35, 0.745493310546875), (36, 0.740598388671875), (37, 0.7359923828125), (38, 0.7316587890625), (39, 0.727583642578125), (40, 0.723752978515625), (41, 0.720153759765625), (42, 0.71677392578125), (43, 0.713602197265625), (44, 0.7106271484375), (45, 0.707838818359375), (46, 0.705227587890625), (47, 0.702784033203125), (48, 0.700500244140625), (49, 0.698368505859375), (50, 0.696382275390625), (51, 0.69453564453125), (52, 0.692823486328125), (53, 0.69124150390625), (54, 0.68978544921875), (55, 0.688451806640625), (56, 0.687237158203125), (57, 0.68613798828125), (58, 0.685150537109375), (59, 0.68427158203125), (60, 0.68349716796875), (61, 0.6828234375), (62, 0.682245703125), (63, 0.681759814453125), (64, 0.68136103515625), (65, 0.68104423828125), (66, 0.680805078125), (67, 0.6806380859375), (68, 0.680538720703125), (69, 0.68050244140625), (70, 0.6805244140625), (71, 0.68060029296875), (72, 0.680725732421875), (73, 0.6808970703125), (74, 0.681110400390625), (75, 0.68136240234375), (76, 0.681649560546875), (77, 0.68196875), (78, 0.6823171875), (79, 0.682692431640625), (80, 0.683091455078125)]
INFO flwr 2024-06-27 15:40:42,132 | app.py:230 | app_fit: metrics_centralized {'accuracy': [(0, 0.0144), (1, 0.0328), (2, 0.0816), (3, 0.2), (4, 0.3696), (5, 0.4904), (6, 0.5588), (7, 0.6132), (8, 0.6252), (9, 0.6368), (10, 0.6452), (11, 0.654), (12, 0.6536), (13, 0.6548), (14, 0.662), (15, 0.6704), (16, 0.6784), (17, 0.6856), (18, 0.6952), (19, 0.7012), (20, 0.7056), (21, 0.7084), (22, 0.7104), (23, 0.7128), (24, 0.7128), (25, 0.7148), (26, 0.7176), (27, 0.7192), (28, 0.72), (29, 0.722), (30, 0.7252), (31, 0.7276), (32, 0.7292), (33, 0.7288), (34, 0.7312), (35, 0.7308), (36, 0.7352), (37, 0.7332), (38, 0.7356), (39, 0.7384), (40, 0.7404), (41, 0.7432), (42, 0.7448), (43, 0.7452), (44, 0.7464), (45, 0.748), (46, 0.7504), (47, 0.7524), (48, 0.754), (49, 0.7556), (50, 0.7544), (51, 0.7544), (52, 0.754), (53, 0.7556), (54, 0.7564), (55, 0.7576), (56, 0.758), (57, 0.7584), (58, 0.7596), (59, 0.7612), (60, 0.7612), (61, 0.7616), (62, 0.7628), (63, 0.7624), (64, 0.7608), (65, 0.7604), (66, 0.7612), (67, 0.7624), (68, 0.7624), (69, 0.7636), (70, 0.764), (71, 0.764), (72, 0.764), (73, 0.7636), (74, 0.7636), (75, 0.764), (76, 0.7632), (77, 0.7636), (78, 0.7648), (79, 0.7652), (80, 0.7644)], 'data_size': [(0, 2500), (1, 2500), (2, 2500), (3, 2500), (4, 2500), (5, 2500), (6, 2500), (7, 2500), (8, 2500), (9, 2500), (10, 2500), (11, 2500), (12, 2500), (13, 2500), (14, 2500), (15, 2500), (16, 2500), (17, 2500), (18, 2500), (19, 2500), (20, 2500), (21, 2500), (22, 2500), (23, 2500), (24, 2500), (25, 2500), (26, 2500), (27, 2500), (28, 2500), (29, 2500), (30, 2500), (31, 2500), (32, 2500), (33, 2500), (34, 2500), (35, 2500), (36, 2500), (37, 2500), (38, 2500), (39, 2500), (40, 2500), (41, 2500), (42, 2500), (43, 2500), (44, 2500), (45, 2500), (46, 2500), (47, 2500), (48, 2500), (49, 2500), (50, 2500), (51, 2500), (52, 2500), (53, 2500), (54, 2500), (55, 2500), (56, 2500), (57, 2500), (58, 2500), (59, 2500), (60, 2500), (61, 2500), (62, 2500), (63, 2500), (64, 2500), (65, 2500), (66, 2500), (67, 2500), (68, 2500), (69, 2500), (70, 2500), (71, 2500), (72, 2500), (73, 2500), (74, 2500), (75, 2500), (76, 2500), (77, 2500), (78, 2500), (79, 2500), (80, 2500)]}
wandb: - 0.000 MB of 0.000 MB uploadedwandb:                                                                                
wandb: 
wandb: Run summary:
wandb: accuracy 0.7644
wandb:     loss 0.68309
wandb: 
wandb: You can sync this run to the cloud by running:
wandb: wandb sync /home/s2240084/conFEDential/wandb/offline-run-20240627_144625-e5g4fyyp
wandb: Find logs at: ./wandb/offline-run-20240627_144625-e5g4fyyp/logs
2024-06-27 15:43:46,556	VINFO scripts.py:1114 -- Send termination request to `/home/s2240084/conFEDential/venv/lib/python3.10/site-packages/ray/core/src/ray/raylet/raylet --raylet_socket_name=/local/ray/session_2024-06-27_14-38-47_554333_3204839/sockets/raylet --store_socket_name=/local/ray/session_2024-06-27_14-38-47_554333_3204839/sockets/plasma_store --object_manager_port=0 --min_worker_port=10002 --max_worker_port=19999 --node_manager_port=0 --node_id=2f916428ce2f4a86b9189e6f0c52412f14aed77d9d0fa13491de9118 --node_ip_address=10.20.240.17 --maximum_startup_concurrency=4 --static_resource_list=node:10.20.240.17,1.0,node:__internal_head__,1.0,accelerator_type:T4,1,CPU,4,GPU,1,memory,17179869184,object_store_memory,72639392563 "--python_worker_command=/home/s2240084/conFEDential/venv/bin/python /home/s2240084/conFEDential/venv/lib/python3.10/site-packages/ray/_private/workers/setup_worker.py /home/s2240084/conFEDential/venv/lib/python3.10/site-packages/ray/_private/workers/default_worker.py --node-ip-address=10.20.240.17 --node-manager-port=RAY_NODE_MANAGER_PORT_PLACEHOLDER --object-store-name=/local/ray/session_2024-06-27_14-38-47_554333_3204839/sockets/plasma_store --raylet-name=/local/ray/session_2024-06-27_14-38-47_554333_3204839/sockets/raylet --redis-address=None --metrics-agent-port=44090 --runtime-env-agent-port=39636 --logging-rotate-bytes=536870912 --logging-rotate-backup-count=5 --runtime-env-agent-port=39636 --gcs-address=10.20.240.17:6379 --session-name=session_2024-06-27_14-38-47_554333_3204839 --temp-dir=/local/ray --webui= --cluster-id=83fd0a004c94a8122e5b650853361535bf5d17b3f4cc9b006f5a4a7a RAY_WORKER_DYNAMIC_OPTION_PLACEHOLDER" "--java_worker_command=/home/s2240084/conFEDential/venv/bin/python /home/s2240084/conFEDential/venv/lib/python3.10/site-packages/ray/_private/workers/setup_worker.py -Dray.address=10.20.240.17:6379 -Dray.raylet.node-manager-port=RAY_NODE_MANAGER_PORT_PLACEHOLDER -Dray.object-store.socket-name=/local/ray/session_2024-06-27_14-38-47_554333_3204839/sockets/plasma_store -Dray.raylet.socket-name=/local/ray/session_2024-06-27_14-38-47_554333_3204839/sockets/raylet -Dray.redis.password= -Dray.node-ip=10.20.240.17 -Dray.home=/home/s2240084/conFEDential/venv/lib/python3.10/site-packages/ray/../.. -Dray.logging.dir=/local/ray/session_2024-06-27_14-38-47_554333_3204839/logs -Dray.session-dir=/local/ray/session_2024-06-27_14-38-47_554333_3204839 RAY_WORKER_DYNAMIC_OPTION_PLACEHOLDER io.ray.runtime.runner.worker.DefaultWorker" --cpp_worker_command= --native_library_path=/home/s2240084/conFEDential/venv/lib/python3.10/site-packages/ray/cpp/lib --temp_dir=/local/ray --session_dir=/local/ray/session_2024-06-27_14-38-47_554333_3204839 --log_dir=/local/ray/session_2024-06-27_14-38-47_554333_3204839/logs --resource_dir=/local/ray/session_2024-06-27_14-38-47_554333_3204839/runtime_resources --metrics-agent-port=44090 --metrics_export_port=52458 --runtime_env_agent_port=39636 --object_store_memory=72639392563 --plasma_directory=/dev/shm --ray-debugger-external=0 --gcs-address=10.20.240.17:6379 --session-name=session_2024-06-27_14-38-47_554333_3204839 --labels= --cluster-id=83fd0a004c94a8122e5b650853361535bf5d17b3f4cc9b006f5a4a7a --head --num_prestart_python_workers=4 "--dashboard_agent_command=/home/s2240084/conFEDential/venv/bin/python -u /home/s2240084/conFEDential/venv/lib/python3.10/site-packages/ray/dashboard/agent.py --node-ip-address=10.20.240.17 --metrics-export-port=52458 --dashboard-agent-port=44090 --listen-port=52365 --node-manager-port=RAY_NODE_MANAGER_PORT_PLACEHOLDER --object-store-name=/local/ray/session_2024-06-27_14-38-47_554333_3204839/sockets/plasma_store --raylet-name=/local/ray/session_2024-06-27_14-38-47_554333_3204839/sockets/raylet --temp-dir=/local/ray --session-dir=/local/ray/session_2024-06-27_14-38-47_554333_3204839 --log-dir=/local/ray/session_2024-06-27_14-38-47_554333_3204839/logs --logging-rotate-bytes=536870912 --logging-rotate-backup-count=5 --session-name=session_2024-06-27_14-38-47_554333_3204839 --gcs-address=10.20.240.17:6379 --minimal" "--runtime_env_agent_command=/home/s2240084/conFEDential/venv/bin/python -u /home/s2240084/conFEDential/venv/lib/python3.10/site-packages/ray/_private/runtime_env/agent/main.py --node-ip-address=10.20.240.17 --runtime-env-agent-port=39636 --gcs-address=10.20.240.17:6379 --runtime-env-dir=/local/ray/session_2024-06-27_14-38-47_554333_3204839/runtime_resources --logging-rotate-bytes=536870912 --logging-rotate-backup-count=5 --log-dir=/local/ray/session_2024-06-27_14-38-47_554333_3204839/logs --temp-dir=/local/ray"` (via SIGTERM)
2024-06-27 15:43:46,888	INFO scripts.py:1144 -- 1/1 stopped.2024-06-27 15:43:47,087	VINFO scripts.py:1114 -- Send termination request to `/home/s2240084/conFEDential/venv/bin/python -u /home/s2240084/conFEDential/venv/lib/python3.10/site-packages/ray/autoscaler/_private/monitor.py --logs-dir=/local/ray/session_2024-06-27_14-38-47_554333_3204839/logs --logging-rotate-bytes=536870912 --logging-rotate-backup-count=5 --gcs-address=10.20.240.17:6379 --monitor-ip=10.20.240.17` (via SIGTERM)
2024-06-27 15:43:47,088	VINFO scripts.py:1114 -- Send termination request to `/home/s2240084/conFEDential/venv/bin/python -u /home/s2240084/conFEDential/venv/lib/python3.10/site-packages/ray/_private/log_monitor.py --session-dir=/local/ray/session_2024-06-27_14-38-47_554333_3204839 --logs-dir=/local/ray/session_2024-06-27_14-38-47_554333_3204839/logs --gcs-address=10.20.240.17:6379 --logging-rotate-bytes=536870912 --logging-rotate-backup-count=5` (via SIGTERM)
2024-06-27 15:43:47,092	VINFO scripts.py:1114 -- Send termination request to `/home/s2240084/conFEDential/venv/bin/python -m ray.util.client.server --address=10.20.240.17:6379 --host=0.0.0.0 --port=10001 --mode=proxy --runtime-env-agent-address=http://10.20.240.17:39636` (via SIGTERM)
2024-06-27 15:43:47,101	VINFO scripts.py:1122 -- Attempted to stop `/home/s2240084/conFEDential/venv/bin/python -u /home/s2240084/conFEDential/venv/lib/python3.10/site-packages/ray/_private/log_monitor.py --session-dir=/local/ray/session_2024-06-27_14-38-47_554333_3204839 --logs-dir=/local/ray/session_2024-06-27_14-38-47_554333_3204839/logs --gcs-address=10.20.240.17:6379 --logging-rotate-bytes=536870912 --logging-rotate-backup-count=5`, but process was already dead.
2024-06-27 15:43:47,106	VINFO scripts.py:1114 -- Send termination request to `/home/s2240084/conFEDential/venv/bin/python /home/s2240084/conFEDential/venv/lib/python3.10/site-packages/ray/dashboard/dashboard.py --host=127.0.0.1 --port=8265 --port-retries=0 --temp-dir=/local/ray --log-dir=/local/ray/session_2024-06-27_14-38-47_554333_3204839/logs --session-dir=/local/ray/session_2024-06-27_14-38-47_554333_3204839 --logging-rotate-bytes=536870912 --logging-rotate-backup-count=5 --gcs-address=10.20.240.17:6379 --node-ip-address=10.20.240.17 --minimal` (via SIGTERM)
2024-06-27 15:43:47,363	INFO scripts.py:1144 -- 1/4 stopped.2024-06-27 15:43:47,363	INFO scripts.py:1144 -- 2/4 stopped.2024-06-27 15:43:47,364	INFO scripts.py:1144 -- 3/4 stopped.2024-06-27 15:43:47,697	INFO scripts.py:1144 -- 4/4 stopped.2024-06-27 15:43:47,899	VINFO scripts.py:1114 -- Send termination request to `/home/s2240084/conFEDential/venv/lib/python3.10/site-packages/ray/core/src/ray/gcs/gcs_server --log_dir=/local/ray/session_2024-06-27_14-38-47_554333_3204839/logs --config_list=eyJvYmplY3Rfc3BpbGxpbmdfY29uZmlnIjogIntcInR5cGVcIjogXCJmaWxlc3lzdGVtXCIsIFwicGFyYW1zXCI6IHtcImRpcmVjdG9yeV9wYXRoXCI6IFwiL2xvY2FsL3JheS9zZXNzaW9uXzIwMjQtMDYtMjdfMTQtMzgtNDdfNTU0MzMzXzMyMDQ4MzlcIn19IiwgImlzX2V4dGVybmFsX3N0b3JhZ2VfdHlwZV9mcyI6IHRydWV9 --gcs_server_port=6379 --metrics-agent-port=44090 --node-ip-address=10.20.240.17 --session-name=session_2024-06-27_14-38-47_554333_3204839` (via SIGTERM)
2024-06-27 15:43:48,082	INFO scripts.py:1144 -- 1/1 stopped.2024-06-27 15:43:48,082	SUCC scripts.py:1189 -- Stopped all 6 Ray processes.
