ctit086
2024-05-20 14:20:11,866	INFO usage_lib.py:412 -- Usage stats collection is enabled. To disable this, add `--disable-usage-stats` to the command that starts the cluster, or run the following command: `ray disable-usage-stats` before starting the cluster. See https://docs.ray.io/en/master/cluster/usage-stats.html for more details.
2024-05-20 14:20:11,867	INFO scripts.py:722 -- Local node IP: 10.20.240.16
2024-05-20 14:20:20,012	SUCC scripts.py:759 -- --------------------
2024-05-20 14:20:20,012	SUCC scripts.py:760 -- Ray runtime started.
2024-05-20 14:20:20,012	SUCC scripts.py:761 -- --------------------
2024-05-20 14:20:20,012	INFO scripts.py:763 -- Next steps
2024-05-20 14:20:20,013	INFO scripts.py:766 -- To add another node to this Ray cluster, run
2024-05-20 14:20:20,013	INFO scripts.py:769 --   ray start --address='10.20.240.16:6379'
2024-05-20 14:20:20,013	INFO scripts.py:778 -- To connect to this Ray cluster:
2024-05-20 14:20:20,013	INFO scripts.py:780 -- import ray
2024-05-20 14:20:20,013	INFO scripts.py:781 -- ray.init()
2024-05-20 14:20:20,013	INFO scripts.py:812 -- To terminate the Ray runtime, run
2024-05-20 14:20:20,013	INFO scripts.py:813 --   ray stop
2024-05-20 14:20:20,013	INFO scripts.py:816 -- To view the status of the cluster, use
2024-05-20 14:20:20,014	INFO scripts.py:817 --   ray status
2024-05-20 14:20:51.376390: I tensorflow/core/util/port.cc:113] oneDNN custom operations are on. You may see slightly different numerical results due to floating-point round-off errors from different computation orders. To turn them off, set the environment variable `TF_ENABLE_ONEDNN_OPTS=0`.
2024-05-20 14:20:58.238371: I tensorflow/core/platform/cpu_feature_guard.cc:210] This TensorFlow binary is optimized to use available CPU instructions in performance-critical operations.
To enable the following instructions: AVX2 AVX512F AVX512_VNNI FMA, in other operations, rebuild TensorFlow with the appropriate compiler flags.
2024-05-20 14:21:12.543365: W tensorflow/compiler/tf2tensorrt/utils/py_utils.cc:38] TF-TRT Warning: Could not find TensorRT
INFO flwr 2024-05-20 14:22:23,207 | Data.py:31 | Preprocessing the federated learning dataset
INFO flwr 2024-05-20 14:22:23,240 | Data.py:107 | Found preprocessed data for the given preprocess function, returning
INFO flwr 2024-05-20 14:22:33,487 | Simulation.py:37 | Preparing datasets for federated learning simulation
INFO flwr 2024-05-20 14:22:33,503 | Simulation.py:255 | Found previously split dataloaders, loading them
INFO flwr 2024-05-20 14:23:05,758 | main.py:103 | Loaded 1 configs with name PURCHASE-FCN-FEDADAM, running...
INFO flwr 2024-05-20 14:23:05,760 | main.py:105 | Config:
	Simulation:
		Data:
			dataset_name: purchase
			batch_size: 16
			preprocess_fn:
				def preprocess_fn(element):
				  return {
				    "x": element["features"],
				    "y": element["label"]
				  }
		Federation:
			client_count: 100
			fraction_fit: 0.1
			global_rounds: 1
			local_rounds: 20
		Model:
			optimizer_name: FedAdam
			model_name: FCN
			criterion_name: CrossEntropyLoss
			optimizer_parameters: 
				local: {'lr': 0.25}
				global: {'lr': 0.01, 'betas': [0.9, 0.999], 'eps': 1e-08, 'weight_decay': 0.9999}
			model_architecture:
				type: Linear
					in_features: 600
					out_features: 200
				type: Tanh
				type: Linear
					in_features: 200
					out_features: 128
				type: Tanh
				type: Linear
					in_features: 128
					out_features: 100
				type: Softmax
					dim: -1
	Attack:
		data_access: all
		message_access: server
		repetitions: 10
		Attack Simulation:
			batch_size: 64
			optimizer_name: FedAvg
			optimizer_parameters:
				lr: 0.1
			ModelArchitecture:
				gradient_component:
					type: Dropout
						p: 0.2
					type: Conv3d
						out_channels: 1000
						kernel_size: [1, 1]
						stride: 1
					type: ReLU
				fcn_component:
					type: Dropout
						p: 0.2
					type: Linear
						out_features: 128
					type: ReLU
					type: Dropout
						p: 0.2
					type: Linear
						in_features: 128
						out_features: 64
					type: ReLU
				encoder_component:
					type: Dropout
						p: 0.2
					type: Linear
						out_features: 256
					type: ReLU
					type: Dropout
						p: 0.2
					type: Linear
						in_features: 256
						out_features: 128
					type: ReLU
					type: Dropout
						p: 0.2
					type: Linear
						in_features: 128
						out_features: 64
					type: ReLU
					type: Dropout
						p: 0.2
					type: Linear
						in_features: 64
						out_features: 1
					type: ReLU
					type: Sigmoid
INFO flwr 2024-05-20 14:23:05,776 | Config.py:68 | Starting conFEDential simulation
INFO flwr 2024-05-20 14:23:05,780 | Config.py:72 | No previous federated learning simulation found, starting training simulation...
wandb: Tracking run with wandb version 0.16.5
wandb: W&B syncing is set to `offline` in this directory.  
wandb: Run `wandb online` or set WANDB_MODE=online to enable cloud syncing.
INFO flwr 2024-05-20 14:23:17,158 | Simulation.py:395 | Created 1 clients with resources 16 CPUs, 1.0 GPUs, and 16.0GB for the total available 16 CPUs, 1 GPUs and 16.0GB.
INFO flwr 2024-05-20 14:23:17,158 | Simulation.py:160 | Starting federated learning simulation
2024-05-20 14:23:17,190	INFO worker.py:1431 -- Connecting to existing Ray cluster at address: 10.20.240.16:6379...
2024-05-20 14:23:17,213	INFO worker.py:1621 -- Connected to Ray cluster.
INFO flwr 2024-05-20 14:23:31,987 | app.py:178 | Starting Flower simulation, config: ServerConfig(num_rounds=1, round_timeout=None)
2024-05-20 14:23:32,048	INFO worker.py:1453 -- Calling ray.init() again after it has already been called.
INFO flwr 2024-05-20 14:23:32,049 | app.py:213 | Flower VCE: Ray initialized with resources: {'node:__internal_head__': 1.0, 'CPU': 16.0, 'memory': 17179869184.0, 'object_store_memory': 30732442828.0, 'accelerator_type:A40': 1.0, 'node:10.20.240.16': 1.0, 'GPU': 1.0}
INFO flwr 2024-05-20 14:23:32,049 | app.py:219 | Optimize your simulation with Flower VCE: https://flower.dev/docs/framework/how-to-run-simulations.html
INFO flwr 2024-05-20 14:23:32,049 | app.py:242 | Flower VCE: Resources for each Virtual Client: {'num_cpus': 16, 'num_gpus': 1.0, 'memory': 17179869184}
INFO flwr 2024-05-20 14:23:32,064 | app.py:288 | Flower VCE: Creating VirtualClientEngineActorPool with 1 actors
INFO flwr 2024-05-20 14:23:32,066 | server.py:89 | Initializing global parameters
INFO flwr 2024-05-20 14:23:32,066 | server.py:272 | Using initial parameters provided by strategy
INFO flwr 2024-05-20 14:23:32,066 | server.py:91 | Evaluating initial parameters
[2m[36m(pid=2537738)[0m 2024-05-20 14:23:37.023825: I tensorflow/core/util/port.cc:113] oneDNN custom operations are on. You may see slightly different numerical results due to floating-point round-off errors from different computation orders. To turn them off, set the environment variable `TF_ENABLE_ONEDNN_OPTS=0`.
[2m[36m(pid=2537738)[0m 2024-05-20 14:23:37.089612: I tensorflow/core/platform/cpu_feature_guard.cc:210] This TensorFlow binary is optimized to use available CPU instructions in performance-critical operations.
[2m[36m(pid=2537738)[0m To enable the following instructions: AVX2 AVX512F AVX512_VNNI FMA, in other operations, rebuild TensorFlow with the appropriate compiler flags.
INFO flwr 2024-05-20 14:23:37,697 | server.py:94 | initial parameters (loss, other metrics): 0.00015558634719686244, {'accuracy': 0.010135477549917227, 'data_size': 29599}
INFO flwr 2024-05-20 14:23:37,698 | server.py:104 | FL starting
DEBUG flwr 2024-05-20 14:23:37,698 | server.py:222 | fit_round 1: strategy sampled 10 clients (out of 100)
[2m[36m(pid=2537738)[0m 2024-05-20 14:23:38.630296: W tensorflow/compiler/tf2tensorrt/utils/py_utils.cc:38] TF-TRT Warning: Could not find TensorRT
DEBUG flwr 2024-05-20 14:29:23,126 | server.py:236 | fit_round 1 received 10 results and 0 failures
INFO flwr 2024-05-20 14:29:24,812 | server.py:125 | fit progress: (1, 0.0001545599366471616, {'accuracy': 0.041285178553329506, 'data_size': 29599}, 347.1136416459922)
INFO flwr 2024-05-20 14:29:24,812 | server.py:171 | evaluate_round 1: no clients selected, cancel
INFO flwr 2024-05-20 14:29:24,812 | server.py:153 | FL finished in 347.11425879294984
INFO flwr 2024-05-20 14:29:24,812 | app.py:226 | app_fit: losses_distributed []
INFO flwr 2024-05-20 14:29:24,813 | app.py:227 | app_fit: metrics_distributed_fit {}
INFO flwr 2024-05-20 14:29:24,813 | app.py:228 | app_fit: metrics_distributed {}
INFO flwr 2024-05-20 14:29:24,813 | app.py:229 | app_fit: losses_centralized [(0, 0.00015558634719686244), (1, 0.0001545599366471616)]
INFO flwr 2024-05-20 14:29:24,813 | app.py:230 | app_fit: metrics_centralized {'accuracy': [(0, 0.010135477549917227), (1, 0.041285178553329506)], 'data_size': [(0, 29599), (1, 29599)]}
wandb: 
wandb: Run summary:
wandb: accuracy 0.04129
wandb:     loss 0.00015
wandb: 
wandb: You can sync this run to the cloud by running:
wandb: wandb sync /home/s2240084/conFEDential/wandb/offline-run-20240520_142311-lj42bs9u
wandb: Find logs at: ./wandb/offline-run-20240520_142311-lj42bs9u/logs
2024-05-20 14:31:15.722511: I tensorflow/core/util/port.cc:113] oneDNN custom operations are on. You may see slightly different numerical results due to floating-point round-off errors from different computation orders. To turn them off, set the environment variable `TF_ENABLE_ONEDNN_OPTS=0`.
2024-05-20 14:31:15.781473: I tensorflow/core/platform/cpu_feature_guard.cc:210] This TensorFlow binary is optimized to use available CPU instructions in performance-critical operations.
To enable the following instructions: AVX2 AVX512F AVX512_VNNI FMA, in other operations, rebuild TensorFlow with the appropriate compiler flags.
2024-05-20 14:31:17.077595: W tensorflow/compiler/tf2tensorrt/utils/py_utils.cc:38] TF-TRT Warning: Could not find TensorRT
INFO flwr 2024-05-20 14:31:23,990 | Data.py:31 | Preprocessing the federated learning dataset
INFO flwr 2024-05-20 14:31:23,991 | Data.py:107 | Found preprocessed data for the given preprocess function, returning
INFO flwr 2024-05-20 14:31:24,028 | Simulation.py:37 | Preparing datasets for federated learning simulation
INFO flwr 2024-05-20 14:31:24,048 | Simulation.py:255 | Found previously split dataloaders, loading them
INFO flwr 2024-05-20 14:31:49,229 | main.py:103 | Loaded 1 configs with name PURCHASE-FCN-FEDAVG, running...
INFO flwr 2024-05-20 14:31:49,232 | main.py:105 | Config:
	Simulation:
		Data:
			dataset_name: purchase
			batch_size: 8
			preprocess_fn:
				def preprocess_fn(element):
				  return {
				    "x": element["features"],
				    "y": element["label"]
				  }
		Federation:
			client_count: 100
			fraction_fit: 0.1
			global_rounds: 1
			local_rounds: 20
		Model:
			optimizer_name: FedAvg
			model_name: FCN
			criterion_name: CrossEntropyLoss
			optimizer_parameters: 
				lr: 0.25
			model_architecture:
				type: Linear
					in_features: 600
					out_features: 200
				type: Tanh
				type: Linear
					in_features: 200
					out_features: 128
				type: Tanh
				type: Linear
					in_features: 128
					out_features: 100
				type: Softmax
					dim: -1
	Attack:
		data_access: all
		message_access: server
		repetitions: 10
		Attack Simulation:
			batch_size: 64
			optimizer_name: FedAvg
			optimizer_parameters:
				lr: 0.1
			ModelArchitecture:
				gradient_component:
					type: Dropout
						p: 0.2
					type: Conv3d
						out_channels: 1000
						kernel_size: [1, 1]
						stride: 1
					type: ReLU
				fcn_component:
					type: Dropout
						p: 0.2
					type: Linear
						out_features: 128
					type: ReLU
					type: Dropout
						p: 0.2
					type: Linear
						in_features: 128
						out_features: 64
					type: ReLU
				encoder_component:
					type: Dropout
						p: 0.2
					type: Linear
						out_features: 256
					type: ReLU
					type: Dropout
						p: 0.2
					type: Linear
						in_features: 256
						out_features: 128
					type: ReLU
					type: Dropout
						p: 0.2
					type: Linear
						in_features: 128
						out_features: 64
					type: ReLU
					type: Dropout
						p: 0.2
					type: Linear
						in_features: 64
						out_features: 1
					type: ReLU
					type: Sigmoid
INFO flwr 2024-05-20 14:31:49,247 | Config.py:68 | Starting conFEDential simulation
INFO flwr 2024-05-20 14:31:49,254 | Config.py:72 | No previous federated learning simulation found, starting training simulation...
wandb: Tracking run with wandb version 0.16.5
wandb: W&B syncing is set to `offline` in this directory.  
wandb: Run `wandb online` or set WANDB_MODE=online to enable cloud syncing.
INFO flwr 2024-05-20 14:31:52,401 | Simulation.py:395 | Created 1 clients with resources 16 CPUs, 1.0 GPUs, and 16.0GB for the total available 16 CPUs, 1 GPUs and 16.0GB.
INFO flwr 2024-05-20 14:31:52,401 | Simulation.py:160 | Starting federated learning simulation
2024-05-20 14:31:52,432	INFO worker.py:1431 -- Connecting to existing Ray cluster at address: 10.20.240.16:6379...
2024-05-20 14:31:52,453	INFO worker.py:1621 -- Connected to Ray cluster.
INFO flwr 2024-05-20 14:31:52,468 | app.py:178 | Starting Flower simulation, config: ServerConfig(num_rounds=1, round_timeout=None)
2024-05-20 14:31:52,516	INFO worker.py:1453 -- Calling ray.init() again after it has already been called.
INFO flwr 2024-05-20 14:31:52,517 | app.py:213 | Flower VCE: Ray initialized with resources: {'CPU': 16.0, 'memory': 17179869184.0, 'object_store_memory': 30732442828.0, 'node:__internal_head__': 1.0, 'GPU': 1.0, 'node:10.20.240.16': 1.0, 'accelerator_type:A40': 1.0}
INFO flwr 2024-05-20 14:31:52,517 | app.py:219 | Optimize your simulation with Flower VCE: https://flower.dev/docs/framework/how-to-run-simulations.html
INFO flwr 2024-05-20 14:31:52,517 | app.py:242 | Flower VCE: Resources for each Virtual Client: {'num_cpus': 16, 'num_gpus': 1.0, 'memory': 17179869184}
INFO flwr 2024-05-20 14:31:52,525 | app.py:288 | Flower VCE: Creating VirtualClientEngineActorPool with 1 actors
INFO flwr 2024-05-20 14:31:52,526 | server.py:89 | Initializing global parameters
INFO flwr 2024-05-20 14:31:52,526 | server.py:272 | Using initial parameters provided by strategy
INFO flwr 2024-05-20 14:31:52,526 | server.py:91 | Evaluating initial parameters
INFO flwr 2024-05-20 14:31:53,160 | server.py:94 | initial parameters (loss, other metrics): 0.00015558634719686244, {'accuracy': 0.010135477549917227, 'data_size': 29599}
INFO flwr 2024-05-20 14:31:53,160 | server.py:104 | FL starting
DEBUG flwr 2024-05-20 14:31:53,160 | server.py:222 | fit_round 1: strategy sampled 10 clients (out of 100)
[2m[36m(pid=2541298)[0m 2024-05-20 14:31:55.681264: I tensorflow/core/util/port.cc:113] oneDNN custom operations are on. You may see slightly different numerical results due to floating-point round-off errors from different computation orders. To turn them off, set the environment variable `TF_ENABLE_ONEDNN_OPTS=0`.
[2m[36m(pid=2541298)[0m 2024-05-20 14:31:55.754012: I tensorflow/core/platform/cpu_feature_guard.cc:210] This TensorFlow binary is optimized to use available CPU instructions in performance-critical operations.
[2m[36m(pid=2541298)[0m To enable the following instructions: AVX2 AVX512F AVX512_VNNI FMA, in other operations, rebuild TensorFlow with the appropriate compiler flags.
[2m[36m(pid=2541298)[0m 2024-05-20 14:31:57.054307: W tensorflow/compiler/tf2tensorrt/utils/py_utils.cc:38] TF-TRT Warning: Could not find TensorRT
DEBUG flwr 2024-05-20 14:37:46,795 | server.py:236 | fit_round 1 received 10 results and 0 failures
INFO flwr 2024-05-20 14:37:48,754 | server.py:125 | fit progress: (1, 0.00015364800310162274, {'accuracy': 0.09969931416601913, 'data_size': 29599}, 355.5939992440399)
INFO flwr 2024-05-20 14:37:48,755 | server.py:171 | evaluate_round 1: no clients selected, cancel
INFO flwr 2024-05-20 14:37:48,755 | server.py:153 | FL finished in 355.59464537911117
INFO flwr 2024-05-20 14:37:48,755 | app.py:226 | app_fit: losses_distributed []
INFO flwr 2024-05-20 14:37:48,755 | app.py:227 | app_fit: metrics_distributed_fit {}
INFO flwr 2024-05-20 14:37:48,755 | app.py:228 | app_fit: metrics_distributed {}
INFO flwr 2024-05-20 14:37:48,756 | app.py:229 | app_fit: losses_centralized [(0, 0.00015558634719686244), (1, 0.00015364800310162274)]
INFO flwr 2024-05-20 14:37:48,756 | app.py:230 | app_fit: metrics_centralized {'accuracy': [(0, 0.010135477549917227), (1, 0.09969931416601913)], 'data_size': [(0, 29599), (1, 29599)]}
wandb: 
wandb: Run summary:
wandb: accuracy 0.0997
wandb:     loss 0.00015
wandb: 
wandb: You can sync this run to the cloud by running:
wandb: wandb sync /home/s2240084/conFEDential/wandb/offline-run-20240520_143151-caf8rdfm
wandb: Find logs at: ./wandb/offline-run-20240520_143151-caf8rdfm/logs
2024-05-20 14:39:07.072826: I tensorflow/core/util/port.cc:113] oneDNN custom operations are on. You may see slightly different numerical results due to floating-point round-off errors from different computation orders. To turn them off, set the environment variable `TF_ENABLE_ONEDNN_OPTS=0`.
2024-05-20 14:39:07.138452: I tensorflow/core/platform/cpu_feature_guard.cc:210] This TensorFlow binary is optimized to use available CPU instructions in performance-critical operations.
To enable the following instructions: AVX2 AVX512F AVX512_VNNI FMA, in other operations, rebuild TensorFlow with the appropriate compiler flags.
2024-05-20 14:39:08.946885: W tensorflow/compiler/tf2tensorrt/utils/py_utils.cc:38] TF-TRT Warning: Could not find TensorRT
INFO flwr 2024-05-20 14:39:17,011 | Data.py:31 | Preprocessing the federated learning dataset
INFO flwr 2024-05-20 14:39:17,012 | Data.py:107 | Found preprocessed data for the given preprocess function, returning
INFO flwr 2024-05-20 14:39:17,048 | Simulation.py:37 | Preparing datasets for federated learning simulation
INFO flwr 2024-05-20 14:39:17,049 | Simulation.py:255 | Found previously split dataloaders, loading them
INFO flwr 2024-05-20 14:39:32,286 | main.py:103 | Loaded 1 configs with name PURCHASE-FCN-FEDNAG, running...
INFO flwr 2024-05-20 14:39:32,288 | main.py:105 | Config:
	Simulation:
		Data:
			dataset_name: purchase
			batch_size: 8
			preprocess_fn:
				def preprocess_fn(element):
				  return {
				    "x": element["features"],
				    "y": element["label"]
				  }
		Federation:
			client_count: 100
			fraction_fit: 0.1
			global_rounds: 1
			local_rounds: 50
		Model:
			optimizer_name: FedNAG
			model_name: FCN
			criterion_name: CrossEntropyLoss
			optimizer_parameters: 
				lr: 0.01
				momentum: 0.95
			model_architecture:
				type: Linear
					in_features: 600
					out_features: 200
				type: Tanh
				type: Linear
					in_features: 200
					out_features: 128
				type: Tanh
				type: Linear
					in_features: 128
					out_features: 100
				type: Softmax
					dim: -1
	Attack:
		data_access: all
		message_access: server
		repetitions: 10
		Attack Simulation:
			batch_size: 64
			optimizer_name: FedAvg
			optimizer_parameters:
				lr: 0.1
			ModelArchitecture:
				gradient_component:
					type: Dropout
						p: 0.2
					type: Conv3d
						out_channels: 1000
						kernel_size: [1, 1]
						stride: 1
					type: ReLU
				fcn_component:
					type: Dropout
						p: 0.2
					type: Linear
						out_features: 128
					type: ReLU
					type: Dropout
						p: 0.2
					type: Linear
						in_features: 128
						out_features: 64
					type: ReLU
				encoder_component:
					type: Dropout
						p: 0.2
					type: Linear
						out_features: 256
					type: ReLU
					type: Dropout
						p: 0.2
					type: Linear
						in_features: 256
						out_features: 128
					type: ReLU
					type: Dropout
						p: 0.2
					type: Linear
						in_features: 128
						out_features: 64
					type: ReLU
					type: Dropout
						p: 0.2
					type: Linear
						in_features: 64
						out_features: 1
					type: ReLU
					type: Sigmoid
INFO flwr 2024-05-20 14:39:32,304 | Config.py:68 | Starting conFEDential simulation
INFO flwr 2024-05-20 14:39:32,671 | Config.py:72 | No previous federated learning simulation found, starting training simulation...
wandb: Tracking run with wandb version 0.16.5
wandb: W&B syncing is set to `offline` in this directory.  
wandb: Run `wandb online` or set WANDB_MODE=online to enable cloud syncing.
INFO flwr 2024-05-20 14:39:38,581 | Simulation.py:395 | Created 1 clients with resources 16 CPUs, 1.0 GPUs, and 16.0GB for the total available 16 CPUs, 1 GPUs and 16.0GB.
INFO flwr 2024-05-20 14:39:38,582 | Simulation.py:160 | Starting federated learning simulation
2024-05-20 14:39:38,611	INFO worker.py:1431 -- Connecting to existing Ray cluster at address: 10.20.240.16:6379...
2024-05-20 14:39:38,627	INFO worker.py:1621 -- Connected to Ray cluster.
INFO flwr 2024-05-20 14:39:38,643 | app.py:178 | Starting Flower simulation, config: ServerConfig(num_rounds=1, round_timeout=None)
2024-05-20 14:39:38,686	INFO worker.py:1453 -- Calling ray.init() again after it has already been called.
INFO flwr 2024-05-20 14:39:38,687 | app.py:213 | Flower VCE: Ray initialized with resources: {'node:__internal_head__': 1.0, 'GPU': 1.0, 'node:10.20.240.16': 1.0, 'accelerator_type:A40': 1.0, 'object_store_memory': 30732442828.0, 'CPU': 16.0, 'memory': 17179869184.0}
INFO flwr 2024-05-20 14:39:38,687 | app.py:219 | Optimize your simulation with Flower VCE: https://flower.dev/docs/framework/how-to-run-simulations.html
INFO flwr 2024-05-20 14:39:38,687 | app.py:242 | Flower VCE: Resources for each Virtual Client: {'num_cpus': 16, 'num_gpus': 1.0, 'memory': 17179869184}
INFO flwr 2024-05-20 14:39:38,696 | app.py:288 | Flower VCE: Creating VirtualClientEngineActorPool with 1 actors
INFO flwr 2024-05-20 14:39:38,698 | server.py:89 | Initializing global parameters
INFO flwr 2024-05-20 14:39:38,698 | server.py:272 | Using initial parameters provided by strategy
INFO flwr 2024-05-20 14:39:38,699 | server.py:91 | Evaluating initial parameters
INFO flwr 2024-05-20 14:39:39,344 | server.py:94 | initial parameters (loss, other metrics): 0.00015558634719686244, {'accuracy': 0.010135477549917227, 'data_size': 29599}
INFO flwr 2024-05-20 14:39:39,344 | server.py:104 | FL starting
DEBUG flwr 2024-05-20 14:39:39,345 | server.py:222 | fit_round 1: strategy sampled 10 clients (out of 100)
[2m[36m(pid=2544421)[0m 2024-05-20 14:39:42.799226: I tensorflow/core/util/port.cc:113] oneDNN custom operations are on. You may see slightly different numerical results due to floating-point round-off errors from different computation orders. To turn them off, set the environment variable `TF_ENABLE_ONEDNN_OPTS=0`.
[2m[36m(pid=2544421)[0m 2024-05-20 14:39:42.868497: I tensorflow/core/platform/cpu_feature_guard.cc:210] This TensorFlow binary is optimized to use available CPU instructions in performance-critical operations.
[2m[36m(pid=2544421)[0m To enable the following instructions: AVX2 AVX512F AVX512_VNNI FMA, in other operations, rebuild TensorFlow with the appropriate compiler flags.
[2m[36m(pid=2544421)[0m 2024-05-20 14:39:44.249279: W tensorflow/compiler/tf2tensorrt/utils/py_utils.cc:38] TF-TRT Warning: Could not find TensorRT
DEBUG flwr 2024-05-20 14:46:49,614 | server.py:236 | fit_round 1 received 10 results and 0 failures
INFO flwr 2024-05-20 14:46:53,090 | server.py:125 | fit progress: (1, 0.00015147783743448727, {'accuracy': 0.16804621777762763, 'data_size': 29599}, 433.74502969696186)
INFO flwr 2024-05-20 14:46:53,090 | server.py:171 | evaluate_round 1: no clients selected, cancel
INFO flwr 2024-05-20 14:46:53,090 | server.py:153 | FL finished in 433.74569192389026
INFO flwr 2024-05-20 14:46:53,091 | app.py:226 | app_fit: losses_distributed []
INFO flwr 2024-05-20 14:46:53,091 | app.py:227 | app_fit: metrics_distributed_fit {'velocity': [(1, <generator object compute_weighted_average.<locals>.<genexpr> at 0x7f44131e87b0>)]}
INFO flwr 2024-05-20 14:46:53,091 | app.py:228 | app_fit: metrics_distributed {}
INFO flwr 2024-05-20 14:46:53,091 | app.py:229 | app_fit: losses_centralized [(0, 0.00015558634719686244), (1, 0.00015147783743448727)]
INFO flwr 2024-05-20 14:46:53,091 | app.py:230 | app_fit: metrics_centralized {'accuracy': [(0, 0.010135477549917227), (1, 0.16804621777762763)], 'data_size': [(0, 29599), (1, 29599)]}
wandb: 
wandb: Run summary:
wandb: accuracy 0.16805
wandb:     loss 0.00015
wandb: 
wandb: You can sync this run to the cloud by running:
wandb: wandb sync /home/s2240084/conFEDential/wandb/offline-run-20240520_143938-9tq9ilhd
wandb: Find logs at: ./wandb/offline-run-20240520_143938-9tq9ilhd/logs
2024-05-20 14:48:06,520	VINFO scripts.py:1068 -- Send termination request to `/home/s2240084/conFEDential/venv/lib/python3.10/site-packages/ray/core/src/ray/raylet/raylet --raylet_socket_name=/local/ray/session_2024-05-20_14-20-11_886690_2536561/sockets/raylet --store_socket_name=/local/ray/session_2024-05-20_14-20-11_886690_2536561/sockets/plasma_store --object_manager_port=0 --min_worker_port=10002 --max_worker_port=19999 --node_manager_port=0 --node_ip_address=10.20.240.16 --maximum_startup_concurrency=16 --static_resource_list=node:10.20.240.16,1.0,node:__internal_head__,1.0,accelerator_type:A40,1,CPU,16,GPU,1,memory,17179869184,object_store_memory,30732442828 "--python_worker_command=/home/s2240084/conFEDential/venv/bin/python /home/s2240084/conFEDential/venv/lib/python3.10/site-packages/ray/_private/workers/setup_worker.py /home/s2240084/conFEDential/venv/lib/python3.10/site-packages/ray/_private/workers/default_worker.py --node-ip-address=10.20.240.16 --node-manager-port=RAY_NODE_MANAGER_PORT_PLACEHOLDER --object-store-name=/local/ray/session_2024-05-20_14-20-11_886690_2536561/sockets/plasma_store --raylet-name=/local/ray/session_2024-05-20_14-20-11_886690_2536561/sockets/raylet --redis-address=None --temp-dir=/local/ray --metrics-agent-port=45134 --logging-rotate-bytes=536870912 --logging-rotate-backup-count=5 --gcs-address=10.20.240.16:6379 --session-name=session_2024-05-20_14-20-11_886690_2536561 --temp-dir=/local/ray --webui= RAY_WORKER_DYNAMIC_OPTION_PLACEHOLDER" "--java_worker_command=/home/s2240084/conFEDential/venv/bin/python /home/s2240084/conFEDential/venv/lib/python3.10/site-packages/ray/_private/workers/setup_worker.py -Dray.address=10.20.240.16:6379 -Dray.raylet.node-manager-port=RAY_NODE_MANAGER_PORT_PLACEHOLDER -Dray.object-store.socket-name=/local/ray/session_2024-05-20_14-20-11_886690_2536561/sockets/plasma_store -Dray.raylet.socket-name=/local/ray/session_2024-05-20_14-20-11_886690_2536561/sockets/raylet -Dray.redis.password= -Dray.node-ip=10.20.240.16 -Dray.home=/home/s2240084/conFEDential/venv/lib/python3.10/site-packages/ray/../.. -Dray.logging.dir=/local/ray/session_2024-05-20_14-20-11_886690_2536561/logs -Dray.session-dir=/local/ray/session_2024-05-20_14-20-11_886690_2536561 RAY_WORKER_DYNAMIC_OPTION_PLACEHOLDER io.ray.runtime.runner.worker.DefaultWorker" --cpp_worker_command= --native_library_path=/home/s2240084/conFEDential/venv/lib/python3.10/site-packages/ray/cpp/lib --temp_dir=/local/ray --session_dir=/local/ray/session_2024-05-20_14-20-11_886690_2536561 --log_dir=/local/ray/session_2024-05-20_14-20-11_886690_2536561/logs --resource_dir=/local/ray/session_2024-05-20_14-20-11_886690_2536561/runtime_resources --metrics-agent-port=45134 --metrics_export_port=62120 --object_store_memory=30732442828 --plasma_directory=/dev/shm --ray-debugger-external=0 --gcs-address=10.20.240.16:6379 --session-name=session_2024-05-20_14-20-11_886690_2536561 --labels= --head --num_prestart_python_workers=16 "--agent_command=/home/s2240084/conFEDential/venv/bin/python -u /home/s2240084/conFEDential/venv/lib/python3.10/site-packages/ray/dashboard/agent.py --node-ip-address=10.20.240.16 --metrics-export-port=62120 --dashboard-agent-port=45134 --listen-port=52365 --node-manager-port=RAY_NODE_MANAGER_PORT_PLACEHOLDER --object-store-name=/local/ray/session_2024-05-20_14-20-11_886690_2536561/sockets/plasma_store --raylet-name=/local/ray/session_2024-05-20_14-20-11_886690_2536561/sockets/raylet --temp-dir=/local/ray --session-dir=/local/ray/session_2024-05-20_14-20-11_886690_2536561 --runtime-env-dir=/local/ray/session_2024-05-20_14-20-11_886690_2536561/runtime_resources --log-dir=/local/ray/session_2024-05-20_14-20-11_886690_2536561/logs --logging-rotate-bytes=536870912 --logging-rotate-backup-count=5 --session-name=session_2024-05-20_14-20-11_886690_2536561 --gcs-address=10.20.240.16:6379 --minimal"` (via SIGTERM)
2024-05-20 14:48:06,522	VINFO scripts.py:1068 -- Send termination request to `/home/s2240084/conFEDential/venv/bin/python -u /home/s2240084/conFEDential/venv/lib/python3.10/site-packages/ray/autoscaler/_private/monitor.py --logs-dir=/local/ray/session_2024-05-20_14-20-11_886690_2536561/logs --logging-rotate-bytes=536870912 --logging-rotate-backup-count=5 --gcs-address=10.20.240.16:6379 --monitor-ip=10.20.240.16` (via SIGTERM)
2024-05-20 14:48:06,523	VINFO scripts.py:1068 -- Send termination request to `/home/s2240084/conFEDential/venv/bin/python -u /home/s2240084/conFEDential/venv/lib/python3.10/site-packages/ray/_private/log_monitor.py --logs-dir=/local/ray/session_2024-05-20_14-20-11_886690_2536561/logs --gcs-address=10.20.240.16:6379 --logging-rotate-bytes=536870912 --logging-rotate-backup-count=5` (via SIGTERM)
2024-05-20 14:48:06,525	VINFO scripts.py:1068 -- Send termination request to `/home/s2240084/conFEDential/venv/bin/python -m ray.util.client.server --address=10.20.240.16:6379 --host=0.0.0.0 --port=10001 --mode=proxy --metrics-agent-port=45134` (via SIGTERM)
2024-05-20 14:48:06,528	VINFO scripts.py:1068 -- Send termination request to `/home/s2240084/conFEDential/venv/lib/python3.10/site-packages/ray/core/src/ray/raylet/raylet --raylet_socket_name=/local/ray/session_2024-05-20_14-20-11_886690_2536561/sockets/raylet --store_socket_name=/local/ray/session_2024-05-20_14-20-11_886690_2536561/sockets/plasma_store --object_manager_port=0 --min_worker_port=10002 --max_worker_port=19999 --node_manager_port=0 --node_ip_address=10.20.240.16 --maximum_startup_concurrency=16 --static_resource_list=node:10.20.240.16,1.0,node:__internal_head__,1.0,accelerator_type:A40,1,CPU,16,GPU,1,memory,17179869184,object_store_memory,30732442828 "--python_worker_command=/home/s2240084/conFEDential/venv/bin/python /home/s2240084/conFEDential/venv/lib/python3.10/site-packages/ray/_private/workers/setup_worker.py /home/s2240084/conFEDential/venv/lib/python3.10/site-packages/ray/_private/workers/default_worker.py --node-ip-address=10.20.240.16 --node-manager-port=RAY_NODE_MANAGER_PORT_PLACEHOLDER --object-store-name=/local/ray/session_2024-05-20_14-20-11_886690_2536561/sockets/plasma_store --raylet-name=/local/ray/session_2024-05-20_14-20-11_886690_2536561/sockets/raylet --redis-address=None --temp-dir=/local/ray --metrics-agent-port=45134 --logging-rotate-bytes=536870912 --logging-rotate-backup-count=5 --gcs-address=10.20.240.16:6379 --session-name=session_2024-05-20_14-20-11_886690_2536561 --temp-dir=/local/ray --webui= RAY_WORKER_DYNAMIC_OPTION_PLACEHOLDER" "--java_worker_command=/home/s2240084/conFEDential/venv/bin/python /home/s2240084/conFEDential/venv/lib/python3.10/site-packages/ray/_private/workers/setup_worker.py -Dray.address=10.20.240.16:6379 -Dray.raylet.node-manager-port=RAY_NODE_MANAGER_PORT_PLACEHOLDER -Dray.object-store.socket-name=/local/ray/session_2024-05-20_14-20-11_886690_2536561/sockets/plasma_store -Dray.raylet.socket-name=/local/ray/session_2024-05-20_14-20-11_886690_2536561/sockets/raylet -Dray.redis.password= -Dray.node-ip=10.20.240.16 -Dray.home=/home/s2240084/conFEDential/venv/lib/python3.10/site-packages/ray/../.. -Dray.logging.dir=/local/ray/session_2024-05-20_14-20-11_886690_2536561/logs -Dray.session-dir=/local/ray/session_2024-05-20_14-20-11_886690_2536561 RAY_WORKER_DYNAMIC_OPTION_PLACEHOLDER io.ray.runtime.runner.worker.DefaultWorker" --cpp_worker_command= --native_library_path=/home/s2240084/conFEDential/venv/lib/python3.10/site-packages/ray/cpp/lib --temp_dir=/local/ray --session_dir=/local/ray/session_2024-05-20_14-20-11_886690_2536561 --log_dir=/local/ray/session_2024-05-20_14-20-11_886690_2536561/logs --resource_dir=/local/ray/session_2024-05-20_14-20-11_886690_2536561/runtime_resources --metrics-agent-port=45134 --metrics_export_port=62120 --object_store_memory=30732442828 --plasma_directory=/dev/shm --ray-debugger-external=0 --gcs-address=10.20.240.16:6379 --session-name=session_2024-05-20_14-20-11_886690_2536561 --labels= --head --num_prestart_python_workers=16 "--agent_command=/home/s2240084/conFEDential/venv/bin/python -u /home/s2240084/conFEDential/venv/lib/python3.10/site-packages/ray/dashboard/agent.py --node-ip-address=10.20.240.16 --metrics-export-port=62120 --dashboard-agent-port=45134 --listen-port=52365 --node-manager-port=RAY_NODE_MANAGER_PORT_PLACEHOLDER --object-store-name=/local/ray/session_2024-05-20_14-20-11_886690_2536561/sockets/plasma_store --raylet-name=/local/ray/session_2024-05-20_14-20-11_886690_2536561/sockets/raylet --temp-dir=/local/ray --session-dir=/local/ray/session_2024-05-20_14-20-11_886690_2536561 --runtime-env-dir=/local/ray/session_2024-05-20_14-20-11_886690_2536561/runtime_resources --log-dir=/local/ray/session_2024-05-20_14-20-11_886690_2536561/logs --logging-rotate-bytes=536870912 --logging-rotate-backup-count=5 --session-name=session_2024-05-20_14-20-11_886690_2536561 --gcs-address=10.20.240.16:6379 --minimal"` (via SIGTERM)
2024-05-20 14:48:06,530	VINFO scripts.py:1068 -- Send termination request to `/home/s2240084/conFEDential/venv/lib/python3.10/site-packages/ray/core/src/ray/raylet/raylet --raylet_socket_name=/local/ray/session_2024-05-20_14-20-11_886690_2536561/sockets/raylet --store_socket_name=/local/ray/session_2024-05-20_14-20-11_886690_2536561/sockets/plasma_store --object_manager_port=0 --min_worker_port=10002 --max_worker_port=19999 --node_manager_port=0 --node_ip_address=10.20.240.16 --maximum_startup_concurrency=16 --static_resource_list=node:10.20.240.16,1.0,node:__internal_head__,1.0,accelerator_type:A40,1,CPU,16,GPU,1,memory,17179869184,object_store_memory,30732442828 "--python_worker_command=/home/s2240084/conFEDential/venv/bin/python /home/s2240084/conFEDential/venv/lib/python3.10/site-packages/ray/_private/workers/setup_worker.py /home/s2240084/conFEDential/venv/lib/python3.10/site-packages/ray/_private/workers/default_worker.py --node-ip-address=10.20.240.16 --node-manager-port=RAY_NODE_MANAGER_PORT_PLACEHOLDER --object-store-name=/local/ray/session_2024-05-20_14-20-11_886690_2536561/sockets/plasma_store --raylet-name=/local/ray/session_2024-05-20_14-20-11_886690_2536561/sockets/raylet --redis-address=None --temp-dir=/local/ray --metrics-agent-port=45134 --logging-rotate-bytes=536870912 --logging-rotate-backup-count=5 --gcs-address=10.20.240.16:6379 --session-name=session_2024-05-20_14-20-11_886690_2536561 --temp-dir=/local/ray --webui= RAY_WORKER_DYNAMIC_OPTION_PLACEHOLDER" "--java_worker_command=/home/s2240084/conFEDential/venv/bin/python /home/s2240084/conFEDential/venv/lib/python3.10/site-packages/ray/_private/workers/setup_worker.py -Dray.address=10.20.240.16:6379 -Dray.raylet.node-manager-port=RAY_NODE_MANAGER_PORT_PLACEHOLDER -Dray.object-store.socket-name=/local/ray/session_2024-05-20_14-20-11_886690_2536561/sockets/plasma_store -Dray.raylet.socket-name=/local/ray/session_2024-05-20_14-20-11_886690_2536561/sockets/raylet -Dray.redis.password= -Dray.node-ip=10.20.240.16 -Dray.home=/home/s2240084/conFEDential/venv/lib/python3.10/site-packages/ray/../.. -Dray.logging.dir=/local/ray/session_2024-05-20_14-20-11_886690_2536561/logs -Dray.session-dir=/local/ray/session_2024-05-20_14-20-11_886690_2536561 RAY_WORKER_DYNAMIC_OPTION_PLACEHOLDER io.ray.runtime.runner.worker.DefaultWorker" --cpp_worker_command= --native_library_path=/home/s2240084/conFEDential/venv/lib/python3.10/site-packages/ray/cpp/lib --temp_dir=/local/ray --session_dir=/local/ray/session_2024-05-20_14-20-11_886690_2536561 --log_dir=/local/ray/session_2024-05-20_14-20-11_886690_2536561/logs --resource_dir=/local/ray/session_2024-05-20_14-20-11_886690_2536561/runtime_resources --metrics-agent-port=45134 --metrics_export_port=62120 --object_store_memory=30732442828 --plasma_directory=/dev/shm --ray-debugger-external=0 --gcs-address=10.20.240.16:6379 --session-name=session_2024-05-20_14-20-11_886690_2536561 --labels= --head --num_prestart_python_workers=16 "--agent_command=/home/s2240084/conFEDential/venv/bin/python -u /home/s2240084/conFEDential/venv/lib/python3.10/site-packages/ray/dashboard/agent.py --node-ip-address=10.20.240.16 --metrics-export-port=62120 --dashboard-agent-port=45134 --listen-port=52365 --node-manager-port=RAY_NODE_MANAGER_PORT_PLACEHOLDER --object-store-name=/local/ray/session_2024-05-20_14-20-11_886690_2536561/sockets/plasma_store --raylet-name=/local/ray/session_2024-05-20_14-20-11_886690_2536561/sockets/raylet --temp-dir=/local/ray --session-dir=/local/ray/session_2024-05-20_14-20-11_886690_2536561 --runtime-env-dir=/local/ray/session_2024-05-20_14-20-11_886690_2536561/runtime_resources --log-dir=/local/ray/session_2024-05-20_14-20-11_886690_2536561/logs --logging-rotate-bytes=536870912 --logging-rotate-backup-count=5 --session-name=session_2024-05-20_14-20-11_886690_2536561 --gcs-address=10.20.240.16:6379 --minimal"` (via SIGTERM)
2024-05-20 14:48:06,533	VINFO scripts.py:1068 -- Send termination request to `/home/s2240084/conFEDential/venv/lib/python3.10/site-packages/ray/core/src/ray/raylet/raylet --raylet_socket_name=/local/ray/session_2024-05-20_14-20-11_886690_2536561/sockets/raylet --store_socket_name=/local/ray/session_2024-05-20_14-20-11_886690_2536561/sockets/plasma_store --object_manager_port=0 --min_worker_port=10002 --max_worker_port=19999 --node_manager_port=0 --node_ip_address=10.20.240.16 --maximum_startup_concurrency=16 --static_resource_list=node:10.20.240.16,1.0,node:__internal_head__,1.0,accelerator_type:A40,1,CPU,16,GPU,1,memory,17179869184,object_store_memory,30732442828 "--python_worker_command=/home/s2240084/conFEDential/venv/bin/python /home/s2240084/conFEDential/venv/lib/python3.10/site-packages/ray/_private/workers/setup_worker.py /home/s2240084/conFEDential/venv/lib/python3.10/site-packages/ray/_private/workers/default_worker.py --node-ip-address=10.20.240.16 --node-manager-port=RAY_NODE_MANAGER_PORT_PLACEHOLDER --object-store-name=/local/ray/session_2024-05-20_14-20-11_886690_2536561/sockets/plasma_store --raylet-name=/local/ray/session_2024-05-20_14-20-11_886690_2536561/sockets/raylet --redis-address=None --temp-dir=/local/ray --metrics-agent-port=45134 --logging-rotate-bytes=536870912 --logging-rotate-backup-count=5 --gcs-address=10.20.240.16:6379 --session-name=session_2024-05-20_14-20-11_886690_2536561 --temp-dir=/local/ray --webui= RAY_WORKER_DYNAMIC_OPTION_PLACEHOLDER" "--java_worker_command=/home/s2240084/conFEDential/venv/bin/python /home/s2240084/conFEDential/venv/lib/python3.10/site-packages/ray/_private/workers/setup_worker.py -Dray.address=10.20.240.16:6379 -Dray.raylet.node-manager-port=RAY_NODE_MANAGER_PORT_PLACEHOLDER -Dray.object-store.socket-name=/local/ray/session_2024-05-20_14-20-11_886690_2536561/sockets/plasma_store -Dray.raylet.socket-name=/local/ray/session_2024-05-20_14-20-11_886690_2536561/sockets/raylet -Dray.redis.password= -Dray.node-ip=10.20.240.16 -Dray.home=/home/s2240084/conFEDential/venv/lib/python3.10/site-packages/ray/../.. -Dray.logging.dir=/local/ray/session_2024-05-20_14-20-11_886690_2536561/logs -Dray.session-dir=/local/ray/session_2024-05-20_14-20-11_886690_2536561 RAY_WORKER_DYNAMIC_OPTION_PLACEHOLDER io.ray.runtime.runner.worker.DefaultWorker" --cpp_worker_command= --native_library_path=/home/s2240084/conFEDential/venv/lib/python3.10/site-packages/ray/cpp/lib --temp_dir=/local/ray --session_dir=/local/ray/session_2024-05-20_14-20-11_886690_2536561 --log_dir=/local/ray/session_2024-05-20_14-20-11_886690_2536561/logs --resource_dir=/local/ray/session_2024-05-20_14-20-11_886690_2536561/runtime_resources --metrics-agent-port=45134 --metrics_export_port=62120 --object_store_memory=30732442828 --plasma_directory=/dev/shm --ray-debugger-external=0 --gcs-address=10.20.240.16:6379 --session-name=session_2024-05-20_14-20-11_886690_2536561 --labels= --head --num_prestart_python_workers=16 "--agent_command=/home/s2240084/conFEDential/venv/bin/python -u /home/s2240084/conFEDential/venv/lib/python3.10/site-packages/ray/dashboard/agent.py --node-ip-address=10.20.240.16 --metrics-export-port=62120 --dashboard-agent-port=45134 --listen-port=52365 --node-manager-port=RAY_NODE_MANAGER_PORT_PLACEHOLDER --object-store-name=/local/ray/session_2024-05-20_14-20-11_886690_2536561/sockets/plasma_store --raylet-name=/local/ray/session_2024-05-20_14-20-11_886690_2536561/sockets/raylet --temp-dir=/local/ray --session-dir=/local/ray/session_2024-05-20_14-20-11_886690_2536561 --runtime-env-dir=/local/ray/session_2024-05-20_14-20-11_886690_2536561/runtime_resources --log-dir=/local/ray/session_2024-05-20_14-20-11_886690_2536561/logs --logging-rotate-bytes=536870912 --logging-rotate-backup-count=5 --session-name=session_2024-05-20_14-20-11_886690_2536561 --gcs-address=10.20.240.16:6379 --minimal"` (via SIGTERM)
2024-05-20 14:48:06,535	VINFO scripts.py:1068 -- Send termination request to `/home/s2240084/conFEDential/venv/bin/python -u /home/s2240084/conFEDential/venv/lib/python3.10/site-packages/ray/_private/log_monitor.py --logs-dir=/local/ray/session_2024-05-20_14-20-11_886690_2536561/logs --gcs-address=10.20.240.16:6379 --logging-rotate-bytes=536870912 --logging-rotate-backup-count=5` (via SIGTERM)
2024-05-20 14:48:06,540	VINFO scripts.py:1068 -- Send termination request to `/home/s2240084/conFEDential/venv/lib/python3.10/site-packages/ray/core/src/ray/raylet/raylet --raylet_socket_name=/local/ray/session_2024-05-20_14-20-11_886690_2536561/sockets/raylet --store_socket_name=/local/ray/session_2024-05-20_14-20-11_886690_2536561/sockets/plasma_store --object_manager_port=0 --min_worker_port=10002 --max_worker_port=19999 --node_manager_port=0 --node_ip_address=10.20.240.16 --maximum_startup_concurrency=16 --static_resource_list=node:10.20.240.16,1.0,node:__internal_head__,1.0,accelerator_type:A40,1,CPU,16,GPU,1,memory,17179869184,object_store_memory,30732442828 "--python_worker_command=/home/s2240084/conFEDential/venv/bin/python /home/s2240084/conFEDential/venv/lib/python3.10/site-packages/ray/_private/workers/setup_worker.py /home/s2240084/conFEDential/venv/lib/python3.10/site-packages/ray/_private/workers/default_worker.py --node-ip-address=10.20.240.16 --node-manager-port=RAY_NODE_MANAGER_PORT_PLACEHOLDER --object-store-name=/local/ray/session_2024-05-20_14-20-11_886690_2536561/sockets/plasma_store --raylet-name=/local/ray/session_2024-05-20_14-20-11_886690_2536561/sockets/raylet --redis-address=None --temp-dir=/local/ray --metrics-agent-port=45134 --logging-rotate-bytes=536870912 --logging-rotate-backup-count=5 --gcs-address=10.20.240.16:6379 --session-name=session_2024-05-20_14-20-11_886690_2536561 --temp-dir=/local/ray --webui= RAY_WORKER_DYNAMIC_OPTION_PLACEHOLDER" "--java_worker_command=/home/s2240084/conFEDential/venv/bin/python /home/s2240084/conFEDential/venv/lib/python3.10/site-packages/ray/_private/workers/setup_worker.py -Dray.address=10.20.240.16:6379 -Dray.raylet.node-manager-port=RAY_NODE_MANAGER_PORT_PLACEHOLDER -Dray.object-store.socket-name=/local/ray/session_2024-05-20_14-20-11_886690_2536561/sockets/plasma_store -Dray.raylet.socket-name=/local/ray/session_2024-05-20_14-20-11_886690_2536561/sockets/raylet -Dray.redis.password= -Dray.node-ip=10.20.240.16 -Dray.home=/home/s2240084/conFEDential/venv/lib/python3.10/site-packages/ray/../.. -Dray.logging.dir=/local/ray/session_2024-05-20_14-20-11_886690_2536561/logs -Dray.session-dir=/local/ray/session_2024-05-20_14-20-11_886690_2536561 RAY_WORKER_DYNAMIC_OPTION_PLACEHOLDER io.ray.runtime.runner.worker.DefaultWorker" --cpp_worker_command= --native_library_path=/home/s2240084/conFEDential/venv/lib/python3.10/site-packages/ray/cpp/lib --temp_dir=/local/ray --session_dir=/local/ray/session_2024-05-20_14-20-11_886690_2536561 --log_dir=/local/ray/session_2024-05-20_14-20-11_886690_2536561/logs --resource_dir=/local/ray/session_2024-05-20_14-20-11_886690_2536561/runtime_resources --metrics-agent-port=45134 --metrics_export_port=62120 --object_store_memory=30732442828 --plasma_directory=/dev/shm --ray-debugger-external=0 --gcs-address=10.20.240.16:6379 --session-name=session_2024-05-20_14-20-11_886690_2536561 --labels= --head --num_prestart_python_workers=16 "--agent_command=/home/s2240084/conFEDential/venv/bin/python -u /home/s2240084/conFEDential/venv/lib/python3.10/site-packages/ray/dashboard/agent.py --node-ip-address=10.20.240.16 --metrics-export-port=62120 --dashboard-agent-port=45134 --listen-port=52365 --node-manager-port=RAY_NODE_MANAGER_PORT_PLACEHOLDER --object-store-name=/local/ray/session_2024-05-20_14-20-11_886690_2536561/sockets/plasma_store --raylet-name=/local/ray/session_2024-05-20_14-20-11_886690_2536561/sockets/raylet --temp-dir=/local/ray --session-dir=/local/ray/session_2024-05-20_14-20-11_886690_2536561 --runtime-env-dir=/local/ray/session_2024-05-20_14-20-11_886690_2536561/runtime_resources --log-dir=/local/ray/session_2024-05-20_14-20-11_886690_2536561/logs --logging-rotate-bytes=536870912 --logging-rotate-backup-count=5 --session-name=session_2024-05-20_14-20-11_886690_2536561 --gcs-address=10.20.240.16:6379 --minimal"` (via SIGTERM)
2024-05-20 14:48:06,540	VINFO scripts.py:1068 -- Send termination request to `/home/s2240084/conFEDential/venv/bin/python -u /home/s2240084/conFEDential/venv/lib/python3.10/site-packages/ray/dashboard/agent.py --node-ip-address=10.20.240.16 --metrics-export-port=62120 --dashboard-agent-port=45134 --listen-port=52365 --node-manager-port=37879 --object-store-name=/local/ray/session_2024-05-20_14-20-11_886690_2536561/sockets/plasma_store --raylet-name=/local/ray/session_2024-05-20_14-20-11_886690_2536561/sockets/raylet --temp-dir=/local/ray --session-dir=/local/ray/session_2024-05-20_14-20-11_886690_2536561 --runtime-env-dir=/local/ray/session_2024-05-20_14-20-11_886690_2536561/runtime_resources --log-dir=/local/ray/session_2024-05-20_14-20-11_886690_2536561/logs --logging-rotate-bytes=536870912 --logging-rotate-backup-count=5 --session-name=session_2024-05-20_14-20-11_886690_2536561 --gcs-address=10.20.240.16:6379 --minimal --agent-id 424238335` (via SIGTERM)
2024-05-20 14:48:06,542	VINFO scripts.py:1068 -- Send termination request to `/home/s2240084/conFEDential/venv/bin/python /home/s2240084/conFEDential/venv/lib/python3.10/site-packages/ray/dashboard/dashboard.py --host=127.0.0.1 --port=8265 --port-retries=0 --temp-dir=/local/ray --log-dir=/local/ray/session_2024-05-20_14-20-11_886690_2536561/logs --session-dir=/local/ray/session_2024-05-20_14-20-11_886690_2536561 --logging-rotate-bytes=536870912 --logging-rotate-backup-count=5 --gcs-address=10.20.240.16:6379 --node-ip-address=10.20.240.16 --minimal` (via SIGTERM)
2024-05-20 14:48:06,558	INFO scripts.py:1098 -- 1/6 stopped.2024-05-20 14:48:06,757	INFO scripts.py:1098 -- 2/6 stopped.2024-05-20 14:48:06,758	INFO scripts.py:1098 -- 3/6 stopped.2024-05-20 14:48:06,758	INFO scripts.py:1098 -- 4/6 stopped.2024-05-20 14:48:06,758	INFO scripts.py:1098 -- 5/6 stopped.2024-05-20 14:48:07,172	INFO scripts.py:1098 -- 6/6 stopped.2024-05-20 14:48:07,267	VINFO scripts.py:1068 -- Send termination request to `/home/s2240084/conFEDential/venv/lib/python3.10/site-packages/ray/core/src/ray/gcs/gcs_server --log_dir=/local/ray/session_2024-05-20_14-20-11_886690_2536561/logs --config_list=eyJvYmplY3Rfc3BpbGxpbmdfY29uZmlnIjogIntcInR5cGVcIjogXCJmaWxlc3lzdGVtXCIsIFwicGFyYW1zXCI6IHtcImRpcmVjdG9yeV9wYXRoXCI6IFwiL2xvY2FsL3JheS9zZXNzaW9uXzIwMjQtMDUtMjBfMTQtMjAtMTFfODg2NjkwXzI1MzY1NjFcIn19IiwgImlzX2V4dGVybmFsX3N0b3JhZ2VfdHlwZV9mcyI6IHRydWV9 --gcs_server_port=6379 --metrics-agent-port=45134 --node-ip-address=10.20.240.16 --session-name=session_2024-05-20_14-20-11_886690_2536561` (via SIGTERM)
2024-05-20 14:48:07,560	INFO scripts.py:1098 -- 1/1 stopped.2024-05-20 14:48:07,560	SUCC scripts.py:1142 -- Stopped all 7 Ray processes.
