ctit082
	Adding python 3.10.7 (ubuntu 20.04) to your environment
	Adding slurm utilities
2024-05-02 13:26:16.387827: I tensorflow/core/platform/cpu_feature_guard.cc:210] This TensorFlow binary is optimized to use available CPU instructions in performance-critical operations.
To enable the following instructions: AVX2 FMA, in other operations, rebuild TensorFlow with the appropriate compiler flags.
2024-05-02 13:26:18.210502: W tensorflow/compiler/tf2tensorrt/utils/py_utils.cc:38] TF-TRT Warning: Could not find TensorRT
INFO flwr 2024-05-02 13:26:27,198 | helper.py:10 | True
INFO flwr 2024-05-02 13:26:28,602 | batch_run_simulation.py:80 | Loaded 140 configs with name MINST-2NN-FEDAVG, running...
INFO flwr 2024-05-02 13:26:28,603 | run_simulation.py:152 | 
Running with Config
	Simulation
		batch_size: -1
		client_count: 100
		fraction_fit: 0.1
		global_rounds: 10
		local_rounds: 1
		Optimizer: SGD
			lr: 0.001
	Dataset
		name: MNIST
		preprocess_fn:
			def preprocess_fn(element):
			  return {
			    "x": element["image"].reshape(784) / 255.,
			    "y": element["label"]
			  }
			
	Model
		name: 2NN
		criterion: CrossEntropyLoss()
		layers:
			Net(
			  (layers): Sequential(
			    (0): Linear(in_features=784, out_features=200, bias=True)
			    (1): ReLU()
			    (2): Linear(in_features=200, out_features=200, bias=True)
			    (3): ReLU()
			    (4): Linear(in_features=200, out_features=200, bias=True)
			    (5): ReLU()
			    (6): Linear(in_features=200, out_features=10, bias=True)
			    (7): Softmax(dim=-1)
			  )
			)
srun: Job step aborted: Waiting up to 32 seconds for job step to finish.
slurmstepd-ctit082: error: *** JOB 283881 ON ctit082 CANCELLED AT 2024-05-02T13:26:38 ***
slurmstepd-ctit082: error: *** STEP 283881.0 ON ctit082 CANCELLED AT 2024-05-02T13:26:38 ***
