ctit088
2024-04-13 13:11:55.933562: I tensorflow/core/util/port.cc:113] oneDNN custom operations are on. You may see slightly different numerical results due to floating-point round-off errors from different computation orders. To turn them off, set the environment variable `TF_ENABLE_ONEDNN_OPTS=0`.
2024-04-13 13:12:00.818202: I tensorflow/core/platform/cpu_feature_guard.cc:210] This TensorFlow binary is optimized to use available CPU instructions in performance-critical operations.
To enable the following instructions: AVX2 AVX512F AVX512_VNNI FMA, in other operations, rebuild TensorFlow with the appropriate compiler flags.
2024-04-13 13:12:25.066156: W tensorflow/compiler/tf2tensorrt/utils/py_utils.cc:38] TF-TRT Warning: Could not find TensorRT
INFO flwr 2024-04-13 13:14:15,129 | batch_run_simulation.py:80 | Loaded 108 configs with name MINST-2NN-FEDADAM, running...
INFO flwr 2024-04-13 13:14:15,129 | run_simulation.py:153 | 
Running with Config
	Simulation
		batch_size: 8
		client_count: 100
		fraction_fit: 0.1
		global_rounds: 10
		local_rounds: 10
		Optimizer: FedAdam
			local: {'lr': 0.15}
			global: {'lr': 0.05, 'betas': [0.9, 0.99], 'eps': 1e-08, 'weight_decay': 0.9999}
	Dataset
		name: MNIST
		preprocess_fn:
			def preprocess_fn(element):
			  return {
			    "x": element["image"].reshape(784) / 255.,
			    "y": element["label"]
			  }
			
		splitter:
			alpha: 1.0
			percent_non_iid: 25.0
	Model
		name: Logistic Regression
		criterion: CrossEntropyLoss()
		layers:
			Net(
			  (layers): Sequential(
			    (0): Linear(in_features=784, out_features=10, bias=True)
			    (1): Softmax(dim=-1)
			  )
			)
srun: Job step aborted: Waiting up to 32 seconds for job step to finish.
slurmstepd-ctit088: error: *** STEP 280668.0 ON ctit088 CANCELLED AT 2024-04-13T13:20:20 ***
slurmstepd-ctit088: error: *** JOB 280668 ON ctit088 CANCELLED AT 2024-04-13T13:20:20 ***
