ctit088
2024-05-20 14:19:42,517	INFO usage_lib.py:412 -- Usage stats collection is enabled. To disable this, add `--disable-usage-stats` to the command that starts the cluster, or run the following command: `ray disable-usage-stats` before starting the cluster. See https://docs.ray.io/en/master/cluster/usage-stats.html for more details.
2024-05-20 14:19:42,518	INFO scripts.py:722 -- Local node IP: 10.20.240.18
2024-05-20 14:19:56,669	SUCC scripts.py:759 -- --------------------
2024-05-20 14:19:56,670	SUCC scripts.py:760 -- Ray runtime started.
2024-05-20 14:19:56,670	SUCC scripts.py:761 -- --------------------
2024-05-20 14:19:56,670	INFO scripts.py:763 -- Next steps
2024-05-20 14:19:56,670	INFO scripts.py:766 -- To add another node to this Ray cluster, run
2024-05-20 14:19:56,670	INFO scripts.py:769 --   ray start --address='10.20.240.18:6379'
2024-05-20 14:19:56,670	INFO scripts.py:778 -- To connect to this Ray cluster:
2024-05-20 14:19:56,670	INFO scripts.py:780 -- import ray
2024-05-20 14:19:56,670	INFO scripts.py:781 -- ray.init()
2024-05-20 14:19:56,671	INFO scripts.py:812 -- To terminate the Ray runtime, run
2024-05-20 14:19:56,671	INFO scripts.py:813 --   ray stop
2024-05-20 14:19:56,672	INFO scripts.py:816 -- To view the status of the cluster, use
2024-05-20 14:19:56,672	INFO scripts.py:817 --   ray status
2024-05-20 14:20:51.376635: I tensorflow/core/util/port.cc:113] oneDNN custom operations are on. You may see slightly different numerical results due to floating-point round-off errors from different computation orders. To turn them off, set the environment variable `TF_ENABLE_ONEDNN_OPTS=0`.
2024-05-20 14:20:58.238200: I tensorflow/core/platform/cpu_feature_guard.cc:210] This TensorFlow binary is optimized to use available CPU instructions in performance-critical operations.
To enable the following instructions: AVX2 AVX512F AVX512_VNNI FMA, in other operations, rebuild TensorFlow with the appropriate compiler flags.
2024-05-20 14:21:12.710163: W tensorflow/compiler/tf2tensorrt/utils/py_utils.cc:38] TF-TRT Warning: Could not find TensorRT
INFO flwr 2024-05-20 14:22:23,233 | Data.py:31 | Preprocessing the federated learning dataset
INFO flwr 2024-05-20 14:22:23,240 | Data.py:107 | Found preprocessed data for the given preprocess function, returning
INFO flwr 2024-05-20 14:22:33,485 | Simulation.py:37 | Preparing datasets for federated learning simulation
INFO flwr 2024-05-20 14:22:33,518 | Simulation.py:255 | Found previously split dataloaders, loading them
INFO flwr 2024-05-20 14:23:05,737 | main.py:103 | Loaded 1 configs with name PURCHASE-LOG_RES-FEDADAM, running...
INFO flwr 2024-05-20 14:23:05,738 | main.py:105 | Config:
	Simulation:
		Data:
			dataset_name: purchase
			batch_size: 1
			preprocess_fn:
				def preprocess_fn(element):
				  return {
				    "x": element["features"],
				    "y": element["label"]
				  }
		Federation:
			client_count: 100
			fraction_fit: 0.1
			global_rounds: 1
			local_rounds: 8
		Model:
			optimizer_name: FedAdam
			model_name: Logistic Regression
			criterion_name: CrossEntropyLoss
			optimizer_parameters: 
				local: {'lr': 0.1}
				global: {'lr': 0.1, 'betas': [0.9, 0.999], 'eps': 1e-08, 'weight_decay': 0.9999}
			model_architecture:
				type: Linear
					in_features: 600
					out_features: 100
				type: Softmax
					dim: -1
	Attack:
		data_access: all
		message_access: server
		repetitions: 10
		Attack Simulation:
			batch_size: 64
			optimizer_name: FedAvg
			optimizer_parameters:
				lr: 0.1
			ModelArchitecture:
				gradient_component:
					type: Dropout
						p: 0.2
					type: Conv3d
						out_channels: 1000
						kernel_size: [1, 1]
						stride: 1
					type: ReLU
				fcn_component:
					type: Dropout
						p: 0.2
					type: Linear
						out_features: 128
					type: ReLU
					type: Dropout
						p: 0.2
					type: Linear
						in_features: 128
						out_features: 64
					type: ReLU
				encoder_component:
					type: Dropout
						p: 0.2
					type: Linear
						out_features: 256
					type: ReLU
					type: Dropout
						p: 0.2
					type: Linear
						in_features: 256
						out_features: 128
					type: ReLU
					type: Dropout
						p: 0.2
					type: Linear
						in_features: 128
						out_features: 64
					type: ReLU
					type: Dropout
						p: 0.2
					type: Linear
						in_features: 64
						out_features: 1
					type: ReLU
					type: Sigmoid
INFO flwr 2024-05-20 14:23:05,753 | Config.py:68 | Starting conFEDential simulation
INFO flwr 2024-05-20 14:23:05,780 | Config.py:72 | No previous federated learning simulation found, starting training simulation...
wandb: Tracking run with wandb version 0.16.5
wandb: W&B syncing is set to `offline` in this directory.  
wandb: Run `wandb online` or set WANDB_MODE=online to enable cloud syncing.
INFO flwr 2024-05-20 14:23:17,126 | Simulation.py:395 | Created 1 clients with resources 16 CPUs, 1.0 GPUs, and 16.0GB for the total available 16 CPUs, 1 GPUs and 16.0GB.
INFO flwr 2024-05-20 14:23:17,126 | Simulation.py:160 | Starting federated learning simulation
2024-05-20 14:23:17,158	INFO worker.py:1431 -- Connecting to existing Ray cluster at address: 10.20.240.18:6379...
2024-05-20 14:23:17,171	INFO worker.py:1621 -- Connected to Ray cluster.
INFO flwr 2024-05-20 14:23:31,934 | app.py:178 | Starting Flower simulation, config: ServerConfig(num_rounds=1, round_timeout=None)
2024-05-20 14:23:31,984	INFO worker.py:1453 -- Calling ray.init() again after it has already been called.
INFO flwr 2024-05-20 14:23:31,985 | app.py:213 | Flower VCE: Ray initialized with resources: {'node:__internal_head__': 1.0, 'memory': 17179869184.0, 'GPU': 1.0, 'accelerator_type:G': 1.0, 'node:10.20.240.18': 1.0, 'object_store_memory': 62422504243.0, 'CPU': 16.0}
INFO flwr 2024-05-20 14:23:31,985 | app.py:219 | Optimize your simulation with Flower VCE: https://flower.dev/docs/framework/how-to-run-simulations.html
INFO flwr 2024-05-20 14:23:31,985 | app.py:242 | Flower VCE: Resources for each Virtual Client: {'num_cpus': 16, 'num_gpus': 1.0, 'memory': 17179869184}
INFO flwr 2024-05-20 14:23:31,995 | app.py:288 | Flower VCE: Creating VirtualClientEngineActorPool with 1 actors
INFO flwr 2024-05-20 14:23:31,995 | server.py:89 | Initializing global parameters
INFO flwr 2024-05-20 14:23:31,995 | server.py:272 | Using initial parameters provided by strategy
INFO flwr 2024-05-20 14:23:31,995 | server.py:91 | Evaluating initial parameters
[2m[36m(pid=3861908)[0m 2024-05-20 14:23:35.604366: I tensorflow/core/util/port.cc:113] oneDNN custom operations are on. You may see slightly different numerical results due to floating-point round-off errors from different computation orders. To turn them off, set the environment variable `TF_ENABLE_ONEDNN_OPTS=0`.
[2m[36m(pid=3861908)[0m 2024-05-20 14:23:35.669203: I tensorflow/core/platform/cpu_feature_guard.cc:210] This TensorFlow binary is optimized to use available CPU instructions in performance-critical operations.
[2m[36m(pid=3861908)[0m To enable the following instructions: AVX2 AVX512F AVX512_VNNI FMA, in other operations, rebuild TensorFlow with the appropriate compiler flags.
INFO flwr 2024-05-20 14:23:37,704 | server.py:94 | initial parameters (loss, other metrics): 0.00015558291578652097, {'accuracy': 0.009155714720091895, 'data_size': 29599}
INFO flwr 2024-05-20 14:23:37,704 | server.py:104 | FL starting
DEBUG flwr 2024-05-20 14:23:37,704 | server.py:222 | fit_round 1: strategy sampled 10 clients (out of 100)
[2m[36m(pid=3861908)[0m 2024-05-20 14:23:37.706091: W tensorflow/compiler/tf2tensorrt/utils/py_utils.cc:38] TF-TRT Warning: Could not find TensorRT
DEBUG flwr 2024-05-20 14:30:46,737 | server.py:236 | fit_round 1 received 10 results and 0 failures
INFO flwr 2024-05-20 14:30:47,294 | server.py:125 | fit progress: (1, 0.0001516400964249066, {'accuracy': 0.13537619514172777, 'data_size': 29599}, 429.5892922007479)
INFO flwr 2024-05-20 14:30:47,294 | server.py:171 | evaluate_round 1: no clients selected, cancel
INFO flwr 2024-05-20 14:30:47,294 | server.py:153 | FL finished in 429.5898861368187
INFO flwr 2024-05-20 14:30:47,294 | app.py:226 | app_fit: losses_distributed []
INFO flwr 2024-05-20 14:30:47,295 | app.py:227 | app_fit: metrics_distributed_fit {}
INFO flwr 2024-05-20 14:30:47,295 | app.py:228 | app_fit: metrics_distributed {}
INFO flwr 2024-05-20 14:30:47,295 | app.py:229 | app_fit: losses_centralized [(0, 0.00015558291578652097), (1, 0.0001516400964249066)]
INFO flwr 2024-05-20 14:30:47,295 | app.py:230 | app_fit: metrics_centralized {'accuracy': [(0, 0.009155714720091895), (1, 0.13537619514172777)], 'data_size': [(0, 29599), (1, 29599)]}
wandb: 
wandb: Run summary:
wandb: accuracy 0.13538
wandb:     loss 0.00015
wandb: 
wandb: You can sync this run to the cloud by running:
wandb: wandb sync /home/s2240084/conFEDential/wandb/offline-run-20240520_142311-lxgbv3bs
wandb: Find logs at: ./wandb/offline-run-20240520_142311-lxgbv3bs/logs
2024-05-20 14:32:11.076975: I tensorflow/core/util/port.cc:113] oneDNN custom operations are on. You may see slightly different numerical results due to floating-point round-off errors from different computation orders. To turn them off, set the environment variable `TF_ENABLE_ONEDNN_OPTS=0`.
2024-05-20 14:32:11.145645: I tensorflow/core/platform/cpu_feature_guard.cc:210] This TensorFlow binary is optimized to use available CPU instructions in performance-critical operations.
To enable the following instructions: AVX2 AVX512F AVX512_VNNI FMA, in other operations, rebuild TensorFlow with the appropriate compiler flags.
2024-05-20 14:32:12.443174: W tensorflow/compiler/tf2tensorrt/utils/py_utils.cc:38] TF-TRT Warning: Could not find TensorRT
INFO flwr 2024-05-20 14:32:17,212 | Data.py:31 | Preprocessing the federated learning dataset
INFO flwr 2024-05-20 14:32:17,213 | Data.py:107 | Found preprocessed data for the given preprocess function, returning
INFO flwr 2024-05-20 14:32:17,242 | Simulation.py:37 | Preparing datasets for federated learning simulation
INFO flwr 2024-05-20 14:32:17,243 | Simulation.py:255 | Found previously split dataloaders, loading them
INFO flwr 2024-05-20 14:32:32,285 | main.py:103 | Loaded 1 configs with name PURCHASE-LOG_RES-FEDAVG, running...
INFO flwr 2024-05-20 14:32:32,287 | main.py:105 | Config:
	Simulation:
		Data:
			dataset_name: purchase
			batch_size: 1
			preprocess_fn:
				def preprocess_fn(element):
				  return {
				    "x": element["features"],
				    "y": element["label"]
				  }
		Federation:
			client_count: 100
			fraction_fit: 0.1
			global_rounds: 1
			local_rounds: 20
		Model:
			optimizer_name: FedAvg
			model_name: Logistic Regression
			criterion_name: CrossEntropyLoss
			optimizer_parameters: 
				lr: 0.1
			model_architecture:
				type: Linear
					in_features: 600
					out_features: 100
				type: Softmax
					dim: -1
	Attack:
		data_access: all
		message_access: server
		repetitions: 10
		Attack Simulation:
			batch_size: 64
			optimizer_name: FedAvg
			optimizer_parameters:
				lr: 0.1
			ModelArchitecture:
				gradient_component:
					type: Dropout
						p: 0.2
					type: Conv3d
						out_channels: 1000
						kernel_size: [1, 1]
						stride: 1
					type: ReLU
				fcn_component:
					type: Dropout
						p: 0.2
					type: Linear
						out_features: 128
					type: ReLU
					type: Dropout
						p: 0.2
					type: Linear
						in_features: 128
						out_features: 64
					type: ReLU
				encoder_component:
					type: Dropout
						p: 0.2
					type: Linear
						out_features: 256
					type: ReLU
					type: Dropout
						p: 0.2
					type: Linear
						in_features: 256
						out_features: 128
					type: ReLU
					type: Dropout
						p: 0.2
					type: Linear
						in_features: 128
						out_features: 64
					type: ReLU
					type: Dropout
						p: 0.2
					type: Linear
						in_features: 64
						out_features: 1
					type: ReLU
					type: Sigmoid
INFO flwr 2024-05-20 14:32:32,301 | Config.py:68 | Starting conFEDential simulation
INFO flwr 2024-05-20 14:32:32,304 | Config.py:72 | No previous federated learning simulation found, starting training simulation...
wandb: Tracking run with wandb version 0.16.5
wandb: W&B syncing is set to `offline` in this directory.  
wandb: Run `wandb online` or set WANDB_MODE=online to enable cloud syncing.
INFO flwr 2024-05-20 14:32:36,167 | Simulation.py:395 | Created 1 clients with resources 16 CPUs, 1.0 GPUs, and 16.0GB for the total available 16 CPUs, 1 GPUs and 16.0GB.
INFO flwr 2024-05-20 14:32:36,167 | Simulation.py:160 | Starting federated learning simulation
2024-05-20 14:32:36,198	INFO worker.py:1431 -- Connecting to existing Ray cluster at address: 10.20.240.18:6379...
2024-05-20 14:32:36,210	INFO worker.py:1621 -- Connected to Ray cluster.
INFO flwr 2024-05-20 14:32:36,225 | app.py:178 | Starting Flower simulation, config: ServerConfig(num_rounds=1, round_timeout=None)
2024-05-20 14:32:36,272	INFO worker.py:1453 -- Calling ray.init() again after it has already been called.
INFO flwr 2024-05-20 14:32:36,273 | app.py:213 | Flower VCE: Ray initialized with resources: {'memory': 17179869184.0, 'node:__internal_head__': 1.0, 'CPU': 16.0, 'object_store_memory': 62422504243.0, 'node:10.20.240.18': 1.0, 'GPU': 1.0, 'accelerator_type:G': 1.0}
INFO flwr 2024-05-20 14:32:36,273 | app.py:219 | Optimize your simulation with Flower VCE: https://flower.dev/docs/framework/how-to-run-simulations.html
INFO flwr 2024-05-20 14:32:36,273 | app.py:242 | Flower VCE: Resources for each Virtual Client: {'num_cpus': 16, 'num_gpus': 1.0, 'memory': 17179869184}
INFO flwr 2024-05-20 14:32:36,282 | app.py:288 | Flower VCE: Creating VirtualClientEngineActorPool with 1 actors
INFO flwr 2024-05-20 14:32:36,283 | server.py:89 | Initializing global parameters
INFO flwr 2024-05-20 14:32:36,283 | server.py:272 | Using initial parameters provided by strategy
INFO flwr 2024-05-20 14:32:36,283 | server.py:91 | Evaluating initial parameters
INFO flwr 2024-05-20 14:32:36,873 | server.py:94 | initial parameters (loss, other metrics): 0.00015558291578652097, {'accuracy': 0.009155714720091895, 'data_size': 29599}
INFO flwr 2024-05-20 14:32:36,873 | server.py:104 | FL starting
DEBUG flwr 2024-05-20 14:32:36,873 | server.py:222 | fit_round 1: strategy sampled 10 clients (out of 100)
[2m[36m(pid=3863680)[0m 2024-05-20 14:32:39.243809: I tensorflow/core/util/port.cc:113] oneDNN custom operations are on. You may see slightly different numerical results due to floating-point round-off errors from different computation orders. To turn them off, set the environment variable `TF_ENABLE_ONEDNN_OPTS=0`.
[2m[36m(pid=3863680)[0m 2024-05-20 14:32:39.312717: I tensorflow/core/platform/cpu_feature_guard.cc:210] This TensorFlow binary is optimized to use available CPU instructions in performance-critical operations.
[2m[36m(pid=3863680)[0m To enable the following instructions: AVX2 AVX512F AVX512_VNNI FMA, in other operations, rebuild TensorFlow with the appropriate compiler flags.
[2m[36m(pid=3863680)[0m 2024-05-20 14:32:40.721656: W tensorflow/compiler/tf2tensorrt/utils/py_utils.cc:38] TF-TRT Warning: Could not find TensorRT
DEBUG flwr 2024-05-20 14:42:19,005 | server.py:236 | fit_round 1 received 10 results and 0 failures
INFO flwr 2024-05-20 14:42:21,007 | server.py:125 | fit progress: (1, 0.00015299539074043456, {'accuracy': 0.14172776107300922, 'data_size': 29599}, 584.1342151402496)
INFO flwr 2024-05-20 14:42:21,008 | server.py:171 | evaluate_round 1: no clients selected, cancel
INFO flwr 2024-05-20 14:42:21,008 | server.py:153 | FL finished in 584.1348255500197
INFO flwr 2024-05-20 14:42:21,008 | app.py:226 | app_fit: losses_distributed []
INFO flwr 2024-05-20 14:42:21,008 | app.py:227 | app_fit: metrics_distributed_fit {}
INFO flwr 2024-05-20 14:42:21,009 | app.py:228 | app_fit: metrics_distributed {}
INFO flwr 2024-05-20 14:42:21,009 | app.py:229 | app_fit: losses_centralized [(0, 0.00015558291578652097), (1, 0.00015299539074043456)]
INFO flwr 2024-05-20 14:42:21,009 | app.py:230 | app_fit: metrics_centralized {'accuracy': [(0, 0.009155714720091895), (1, 0.14172776107300922)], 'data_size': [(0, 29599), (1, 29599)]}
wandb: 
wandb: Run summary:
wandb: accuracy 0.14173
wandb:     loss 0.00015
wandb: 
wandb: You can sync this run to the cloud by running:
wandb: wandb sync /home/s2240084/conFEDential/wandb/offline-run-20240520_143235-j8u5kdrs
wandb: Find logs at: ./wandb/offline-run-20240520_143235-j8u5kdrs/logs
2024-05-20 14:43:45.637452: I tensorflow/core/util/port.cc:113] oneDNN custom operations are on. You may see slightly different numerical results due to floating-point round-off errors from different computation orders. To turn them off, set the environment variable `TF_ENABLE_ONEDNN_OPTS=0`.
2024-05-20 14:43:45.712274: I tensorflow/core/platform/cpu_feature_guard.cc:210] This TensorFlow binary is optimized to use available CPU instructions in performance-critical operations.
To enable the following instructions: AVX2 AVX512F AVX512_VNNI FMA, in other operations, rebuild TensorFlow with the appropriate compiler flags.
2024-05-20 14:43:49.651103: W tensorflow/compiler/tf2tensorrt/utils/py_utils.cc:38] TF-TRT Warning: Could not find TensorRT
INFO flwr 2024-05-20 14:43:56,096 | Data.py:31 | Preprocessing the federated learning dataset
INFO flwr 2024-05-20 14:43:56,097 | Data.py:107 | Found preprocessed data for the given preprocess function, returning
INFO flwr 2024-05-20 14:43:56,126 | Simulation.py:37 | Preparing datasets for federated learning simulation
INFO flwr 2024-05-20 14:43:56,127 | Simulation.py:255 | Found previously split dataloaders, loading them
INFO flwr 2024-05-20 14:44:25,758 | main.py:103 | Loaded 1 configs with name PURCHASE-LOG_RES-FEDNAG, running...
INFO flwr 2024-05-20 14:44:25,759 | main.py:105 | Config:
	Simulation:
		Data:
			dataset_name: purchase
			batch_size: 2
			preprocess_fn:
				def preprocess_fn(element):
				  return {
				    "x": element["features"],
				    "y": element["label"]
				  }
		Federation:
			client_count: 100
			fraction_fit: 0.1
			global_rounds: 1
			local_rounds: 20
		Model:
			optimizer_name: FedNAG
			model_name: Logistic Regression
			criterion_name: CrossEntropyLoss
			optimizer_parameters: 
				lr: 0.1
				momentum: 0.85
			model_architecture:
				type: Linear
					in_features: 600
					out_features: 100
				type: Softmax
					dim: -1
	Attack:
		data_access: all
		message_access: server
		repetitions: 10
		Attack Simulation:
			batch_size: 64
			optimizer_name: FedAvg
			optimizer_parameters:
				lr: 0.1
			ModelArchitecture:
				gradient_component:
					type: Dropout
						p: 0.2
					type: Conv3d
						out_channels: 1000
						kernel_size: [1, 1]
						stride: 1
					type: ReLU
				fcn_component:
					type: Dropout
						p: 0.2
					type: Linear
						out_features: 128
					type: ReLU
					type: Dropout
						p: 0.2
					type: Linear
						in_features: 128
						out_features: 64
					type: ReLU
				encoder_component:
					type: Dropout
						p: 0.2
					type: Linear
						out_features: 256
					type: ReLU
					type: Dropout
						p: 0.2
					type: Linear
						in_features: 256
						out_features: 128
					type: ReLU
					type: Dropout
						p: 0.2
					type: Linear
						in_features: 128
						out_features: 64
					type: ReLU
					type: Dropout
						p: 0.2
					type: Linear
						in_features: 64
						out_features: 1
					type: ReLU
					type: Sigmoid
INFO flwr 2024-05-20 14:44:25,772 | Config.py:68 | Starting conFEDential simulation
INFO flwr 2024-05-20 14:44:25,774 | Config.py:72 | No previous federated learning simulation found, starting training simulation...
wandb: Tracking run with wandb version 0.16.5
wandb: W&B syncing is set to `offline` in this directory.  
wandb: Run `wandb online` or set WANDB_MODE=online to enable cloud syncing.
INFO flwr 2024-05-20 14:44:30,480 | Simulation.py:395 | Created 1 clients with resources 16 CPUs, 1.0 GPUs, and 16.0GB for the total available 16 CPUs, 1 GPUs and 16.0GB.
INFO flwr 2024-05-20 14:44:30,480 | Simulation.py:160 | Starting federated learning simulation
2024-05-20 14:44:30,511	INFO worker.py:1431 -- Connecting to existing Ray cluster at address: 10.20.240.18:6379...
2024-05-20 14:44:30,522	INFO worker.py:1621 -- Connected to Ray cluster.
INFO flwr 2024-05-20 14:44:30,538 | app.py:178 | Starting Flower simulation, config: ServerConfig(num_rounds=1, round_timeout=None)
2024-05-20 14:44:30,579	INFO worker.py:1453 -- Calling ray.init() again after it has already been called.
INFO flwr 2024-05-20 14:44:30,580 | app.py:213 | Flower VCE: Ray initialized with resources: {'CPU': 16.0, 'memory': 17179869184.0, 'GPU': 1.0, 'accelerator_type:G': 1.0, 'object_store_memory': 62422504243.0, 'node:10.20.240.18': 1.0, 'node:__internal_head__': 1.0}
INFO flwr 2024-05-20 14:44:30,581 | app.py:219 | Optimize your simulation with Flower VCE: https://flower.dev/docs/framework/how-to-run-simulations.html
INFO flwr 2024-05-20 14:44:30,581 | app.py:242 | Flower VCE: Resources for each Virtual Client: {'num_cpus': 16, 'num_gpus': 1.0, 'memory': 17179869184}
INFO flwr 2024-05-20 14:44:30,589 | app.py:288 | Flower VCE: Creating VirtualClientEngineActorPool with 1 actors
INFO flwr 2024-05-20 14:44:30,590 | server.py:89 | Initializing global parameters
INFO flwr 2024-05-20 14:44:30,590 | server.py:272 | Using initial parameters provided by strategy
INFO flwr 2024-05-20 14:44:30,590 | server.py:91 | Evaluating initial parameters
INFO flwr 2024-05-20 14:44:31,147 | server.py:94 | initial parameters (loss, other metrics): 0.00015558291578652097, {'accuracy': 0.009155714720091895, 'data_size': 29599}
INFO flwr 2024-05-20 14:44:31,147 | server.py:104 | FL starting
DEBUG flwr 2024-05-20 14:44:31,148 | server.py:222 | fit_round 1: strategy sampled 10 clients (out of 100)
[2m[36m(pid=3865486)[0m 2024-05-20 14:44:35.372314: I tensorflow/core/util/port.cc:113] oneDNN custom operations are on. You may see slightly different numerical results due to floating-point round-off errors from different computation orders. To turn them off, set the environment variable `TF_ENABLE_ONEDNN_OPTS=0`.
[2m[36m(pid=3865486)[0m 2024-05-20 14:44:35.442661: I tensorflow/core/platform/cpu_feature_guard.cc:210] This TensorFlow binary is optimized to use available CPU instructions in performance-critical operations.
[2m[36m(pid=3865486)[0m To enable the following instructions: AVX2 AVX512F AVX512_VNNI FMA, in other operations, rebuild TensorFlow with the appropriate compiler flags.
[2m[36m(pid=3865486)[0m 2024-05-20 14:44:38.441396: W tensorflow/compiler/tf2tensorrt/utils/py_utils.cc:38] TF-TRT Warning: Could not find TensorRT
DEBUG flwr 2024-05-20 14:52:08,244 | server.py:236 | fit_round 1 received 10 results and 0 failures
INFO flwr 2024-05-20 14:52:09,320 | server.py:125 | fit progress: (1, 0.00015150446711192602, {'accuracy': 0.17196526909692894, 'data_size': 29599}, 458.1729479879141)
INFO flwr 2024-05-20 14:52:09,321 | server.py:171 | evaluate_round 1: no clients selected, cancel
INFO flwr 2024-05-20 14:52:09,321 | server.py:153 | FL finished in 458.17354505090043
INFO flwr 2024-05-20 14:52:09,321 | app.py:226 | app_fit: losses_distributed []
INFO flwr 2024-05-20 14:52:09,321 | app.py:227 | app_fit: metrics_distributed_fit {'velocity': [(1, <generator object compute_weighted_average.<locals>.<genexpr> at 0x7f0a4811c7b0>)]}
INFO flwr 2024-05-20 14:52:09,322 | app.py:228 | app_fit: metrics_distributed {}
INFO flwr 2024-05-20 14:52:09,322 | app.py:229 | app_fit: losses_centralized [(0, 0.00015558291578652097), (1, 0.00015150446711192602)]
INFO flwr 2024-05-20 14:52:09,322 | app.py:230 | app_fit: metrics_centralized {'accuracy': [(0, 0.009155714720091895), (1, 0.17196526909692894)], 'data_size': [(0, 29599), (1, 29599)]}
wandb: 
wandb: Run summary:
wandb: accuracy 0.17197
wandb:     loss 0.00015
wandb: 
wandb: You can sync this run to the cloud by running:
wandb: wandb sync /home/s2240084/conFEDential/wandb/offline-run-20240520_144429-8rip3w7o
wandb: Find logs at: ./wandb/offline-run-20240520_144429-8rip3w7o/logs
2024-05-20 14:53:21,558	VINFO scripts.py:1068 -- Send termination request to `/home/s2240084/conFEDential/venv/lib/python3.10/site-packages/ray/core/src/ray/raylet/raylet --raylet_socket_name=/local/ray/session_2024-05-20_14-19-42_606052_3860623/sockets/raylet --store_socket_name=/local/ray/session_2024-05-20_14-19-42_606052_3860623/sockets/plasma_store --object_manager_port=0 --min_worker_port=10002 --max_worker_port=19999 --node_manager_port=0 --node_ip_address=10.20.240.18 --maximum_startup_concurrency=16 --static_resource_list=node:10.20.240.18,1.0,node:__internal_head__,1.0,accelerator_type:G,1,CPU,16,GPU,1,memory,17179869184,object_store_memory,62422504243 "--python_worker_command=/home/s2240084/conFEDential/venv/bin/python /home/s2240084/conFEDential/venv/lib/python3.10/site-packages/ray/_private/workers/setup_worker.py /home/s2240084/conFEDential/venv/lib/python3.10/site-packages/ray/_private/workers/default_worker.py --node-ip-address=10.20.240.18 --node-manager-port=RAY_NODE_MANAGER_PORT_PLACEHOLDER --object-store-name=/local/ray/session_2024-05-20_14-19-42_606052_3860623/sockets/plasma_store --raylet-name=/local/ray/session_2024-05-20_14-19-42_606052_3860623/sockets/raylet --redis-address=None --temp-dir=/local/ray --metrics-agent-port=61247 --logging-rotate-bytes=536870912 --logging-rotate-backup-count=5 --gcs-address=10.20.240.18:6379 --session-name=session_2024-05-20_14-19-42_606052_3860623 --temp-dir=/local/ray --webui= RAY_WORKER_DYNAMIC_OPTION_PLACEHOLDER" "--java_worker_command=/home/s2240084/conFEDential/venv/bin/python /home/s2240084/conFEDential/venv/lib/python3.10/site-packages/ray/_private/workers/setup_worker.py -Dray.address=10.20.240.18:6379 -Dray.raylet.node-manager-port=RAY_NODE_MANAGER_PORT_PLACEHOLDER -Dray.object-store.socket-name=/local/ray/session_2024-05-20_14-19-42_606052_3860623/sockets/plasma_store -Dray.raylet.socket-name=/local/ray/session_2024-05-20_14-19-42_606052_3860623/sockets/raylet -Dray.redis.password= -Dray.node-ip=10.20.240.18 -Dray.home=/home/s2240084/conFEDential/venv/lib/python3.10/site-packages/ray/../.. -Dray.logging.dir=/local/ray/session_2024-05-20_14-19-42_606052_3860623/logs -Dray.session-dir=/local/ray/session_2024-05-20_14-19-42_606052_3860623 RAY_WORKER_DYNAMIC_OPTION_PLACEHOLDER io.ray.runtime.runner.worker.DefaultWorker" --cpp_worker_command= --native_library_path=/home/s2240084/conFEDential/venv/lib/python3.10/site-packages/ray/cpp/lib --temp_dir=/local/ray --session_dir=/local/ray/session_2024-05-20_14-19-42_606052_3860623 --log_dir=/local/ray/session_2024-05-20_14-19-42_606052_3860623/logs --resource_dir=/local/ray/session_2024-05-20_14-19-42_606052_3860623/runtime_resources --metrics-agent-port=61247 --metrics_export_port=57024 --object_store_memory=62422504243 --plasma_directory=/dev/shm --ray-debugger-external=0 --gcs-address=10.20.240.18:6379 --session-name=session_2024-05-20_14-19-42_606052_3860623 --labels= --head --num_prestart_python_workers=16 "--agent_command=/home/s2240084/conFEDential/venv/bin/python -u /home/s2240084/conFEDential/venv/lib/python3.10/site-packages/ray/dashboard/agent.py --node-ip-address=10.20.240.18 --metrics-export-port=57024 --dashboard-agent-port=61247 --listen-port=52365 --node-manager-port=RAY_NODE_MANAGER_PORT_PLACEHOLDER --object-store-name=/local/ray/session_2024-05-20_14-19-42_606052_3860623/sockets/plasma_store --raylet-name=/local/ray/session_2024-05-20_14-19-42_606052_3860623/sockets/raylet --temp-dir=/local/ray --session-dir=/local/ray/session_2024-05-20_14-19-42_606052_3860623 --runtime-env-dir=/local/ray/session_2024-05-20_14-19-42_606052_3860623/runtime_resources --log-dir=/local/ray/session_2024-05-20_14-19-42_606052_3860623/logs --logging-rotate-bytes=536870912 --logging-rotate-backup-count=5 --session-name=session_2024-05-20_14-19-42_606052_3860623 --gcs-address=10.20.240.18:6379 --minimal"` (via SIGTERM)
2024-05-20 14:53:21,560	VINFO scripts.py:1068 -- Send termination request to `/home/s2240084/conFEDential/venv/bin/python -u /home/s2240084/conFEDential/venv/lib/python3.10/site-packages/ray/autoscaler/_private/monitor.py --logs-dir=/local/ray/session_2024-05-20_14-19-42_606052_3860623/logs --logging-rotate-bytes=536870912 --logging-rotate-backup-count=5 --gcs-address=10.20.240.18:6379 --monitor-ip=10.20.240.18` (via SIGTERM)
2024-05-20 14:53:21,560	VINFO scripts.py:1068 -- Send termination request to `/home/s2240084/conFEDential/venv/bin/python -u /home/s2240084/conFEDential/venv/lib/python3.10/site-packages/ray/_private/log_monitor.py --logs-dir=/local/ray/session_2024-05-20_14-19-42_606052_3860623/logs --gcs-address=10.20.240.18:6379 --logging-rotate-bytes=536870912 --logging-rotate-backup-count=5` (via SIGTERM)
2024-05-20 14:53:21,562	VINFO scripts.py:1068 -- Send termination request to `/home/s2240084/conFEDential/venv/bin/python -m ray.util.client.server --address=10.20.240.18:6379 --host=0.0.0.0 --port=10001 --mode=proxy --metrics-agent-port=61247` (via SIGTERM)
2024-05-20 14:53:21,564	VINFO scripts.py:1068 -- Send termination request to `/home/s2240084/conFEDential/venv/lib/python3.10/site-packages/ray/core/src/ray/raylet/raylet --raylet_socket_name=/local/ray/session_2024-05-20_14-19-42_606052_3860623/sockets/raylet --store_socket_name=/local/ray/session_2024-05-20_14-19-42_606052_3860623/sockets/plasma_store --object_manager_port=0 --min_worker_port=10002 --max_worker_port=19999 --node_manager_port=0 --node_ip_address=10.20.240.18 --maximum_startup_concurrency=16 --static_resource_list=node:10.20.240.18,1.0,node:__internal_head__,1.0,accelerator_type:G,1,CPU,16,GPU,1,memory,17179869184,object_store_memory,62422504243 "--python_worker_command=/home/s2240084/conFEDential/venv/bin/python /home/s2240084/conFEDential/venv/lib/python3.10/site-packages/ray/_private/workers/setup_worker.py /home/s2240084/conFEDential/venv/lib/python3.10/site-packages/ray/_private/workers/default_worker.py --node-ip-address=10.20.240.18 --node-manager-port=RAY_NODE_MANAGER_PORT_PLACEHOLDER --object-store-name=/local/ray/session_2024-05-20_14-19-42_606052_3860623/sockets/plasma_store --raylet-name=/local/ray/session_2024-05-20_14-19-42_606052_3860623/sockets/raylet --redis-address=None --temp-dir=/local/ray --metrics-agent-port=61247 --logging-rotate-bytes=536870912 --logging-rotate-backup-count=5 --gcs-address=10.20.240.18:6379 --session-name=session_2024-05-20_14-19-42_606052_3860623 --temp-dir=/local/ray --webui= RAY_WORKER_DYNAMIC_OPTION_PLACEHOLDER" "--java_worker_command=/home/s2240084/conFEDential/venv/bin/python /home/s2240084/conFEDential/venv/lib/python3.10/site-packages/ray/_private/workers/setup_worker.py -Dray.address=10.20.240.18:6379 -Dray.raylet.node-manager-port=RAY_NODE_MANAGER_PORT_PLACEHOLDER -Dray.object-store.socket-name=/local/ray/session_2024-05-20_14-19-42_606052_3860623/sockets/plasma_store -Dray.raylet.socket-name=/local/ray/session_2024-05-20_14-19-42_606052_3860623/sockets/raylet -Dray.redis.password= -Dray.node-ip=10.20.240.18 -Dray.home=/home/s2240084/conFEDential/venv/lib/python3.10/site-packages/ray/../.. -Dray.logging.dir=/local/ray/session_2024-05-20_14-19-42_606052_3860623/logs -Dray.session-dir=/local/ray/session_2024-05-20_14-19-42_606052_3860623 RAY_WORKER_DYNAMIC_OPTION_PLACEHOLDER io.ray.runtime.runner.worker.DefaultWorker" --cpp_worker_command= --native_library_path=/home/s2240084/conFEDential/venv/lib/python3.10/site-packages/ray/cpp/lib --temp_dir=/local/ray --session_dir=/local/ray/session_2024-05-20_14-19-42_606052_3860623 --log_dir=/local/ray/session_2024-05-20_14-19-42_606052_3860623/logs --resource_dir=/local/ray/session_2024-05-20_14-19-42_606052_3860623/runtime_resources --metrics-agent-port=61247 --metrics_export_port=57024 --object_store_memory=62422504243 --plasma_directory=/dev/shm --ray-debugger-external=0 --gcs-address=10.20.240.18:6379 --session-name=session_2024-05-20_14-19-42_606052_3860623 --labels= --head --num_prestart_python_workers=16 "--agent_command=/home/s2240084/conFEDential/venv/bin/python -u /home/s2240084/conFEDential/venv/lib/python3.10/site-packages/ray/dashboard/agent.py --node-ip-address=10.20.240.18 --metrics-export-port=57024 --dashboard-agent-port=61247 --listen-port=52365 --node-manager-port=RAY_NODE_MANAGER_PORT_PLACEHOLDER --object-store-name=/local/ray/session_2024-05-20_14-19-42_606052_3860623/sockets/plasma_store --raylet-name=/local/ray/session_2024-05-20_14-19-42_606052_3860623/sockets/raylet --temp-dir=/local/ray --session-dir=/local/ray/session_2024-05-20_14-19-42_606052_3860623 --runtime-env-dir=/local/ray/session_2024-05-20_14-19-42_606052_3860623/runtime_resources --log-dir=/local/ray/session_2024-05-20_14-19-42_606052_3860623/logs --logging-rotate-bytes=536870912 --logging-rotate-backup-count=5 --session-name=session_2024-05-20_14-19-42_606052_3860623 --gcs-address=10.20.240.18:6379 --minimal"` (via SIGTERM)
2024-05-20 14:53:21,566	VINFO scripts.py:1068 -- Send termination request to `/home/s2240084/conFEDential/venv/lib/python3.10/site-packages/ray/core/src/ray/raylet/raylet --raylet_socket_name=/local/ray/session_2024-05-20_14-19-42_606052_3860623/sockets/raylet --store_socket_name=/local/ray/session_2024-05-20_14-19-42_606052_3860623/sockets/plasma_store --object_manager_port=0 --min_worker_port=10002 --max_worker_port=19999 --node_manager_port=0 --node_ip_address=10.20.240.18 --maximum_startup_concurrency=16 --static_resource_list=node:10.20.240.18,1.0,node:__internal_head__,1.0,accelerator_type:G,1,CPU,16,GPU,1,memory,17179869184,object_store_memory,62422504243 "--python_worker_command=/home/s2240084/conFEDential/venv/bin/python /home/s2240084/conFEDential/venv/lib/python3.10/site-packages/ray/_private/workers/setup_worker.py /home/s2240084/conFEDential/venv/lib/python3.10/site-packages/ray/_private/workers/default_worker.py --node-ip-address=10.20.240.18 --node-manager-port=RAY_NODE_MANAGER_PORT_PLACEHOLDER --object-store-name=/local/ray/session_2024-05-20_14-19-42_606052_3860623/sockets/plasma_store --raylet-name=/local/ray/session_2024-05-20_14-19-42_606052_3860623/sockets/raylet --redis-address=None --temp-dir=/local/ray --metrics-agent-port=61247 --logging-rotate-bytes=536870912 --logging-rotate-backup-count=5 --gcs-address=10.20.240.18:6379 --session-name=session_2024-05-20_14-19-42_606052_3860623 --temp-dir=/local/ray --webui= RAY_WORKER_DYNAMIC_OPTION_PLACEHOLDER" "--java_worker_command=/home/s2240084/conFEDential/venv/bin/python /home/s2240084/conFEDential/venv/lib/python3.10/site-packages/ray/_private/workers/setup_worker.py -Dray.address=10.20.240.18:6379 -Dray.raylet.node-manager-port=RAY_NODE_MANAGER_PORT_PLACEHOLDER -Dray.object-store.socket-name=/local/ray/session_2024-05-20_14-19-42_606052_3860623/sockets/plasma_store -Dray.raylet.socket-name=/local/ray/session_2024-05-20_14-19-42_606052_3860623/sockets/raylet -Dray.redis.password= -Dray.node-ip=10.20.240.18 -Dray.home=/home/s2240084/conFEDential/venv/lib/python3.10/site-packages/ray/../.. -Dray.logging.dir=/local/ray/session_2024-05-20_14-19-42_606052_3860623/logs -Dray.session-dir=/local/ray/session_2024-05-20_14-19-42_606052_3860623 RAY_WORKER_DYNAMIC_OPTION_PLACEHOLDER io.ray.runtime.runner.worker.DefaultWorker" --cpp_worker_command= --native_library_path=/home/s2240084/conFEDential/venv/lib/python3.10/site-packages/ray/cpp/lib --temp_dir=/local/ray --session_dir=/local/ray/session_2024-05-20_14-19-42_606052_3860623 --log_dir=/local/ray/session_2024-05-20_14-19-42_606052_3860623/logs --resource_dir=/local/ray/session_2024-05-20_14-19-42_606052_3860623/runtime_resources --metrics-agent-port=61247 --metrics_export_port=57024 --object_store_memory=62422504243 --plasma_directory=/dev/shm --ray-debugger-external=0 --gcs-address=10.20.240.18:6379 --session-name=session_2024-05-20_14-19-42_606052_3860623 --labels= --head --num_prestart_python_workers=16 "--agent_command=/home/s2240084/conFEDential/venv/bin/python -u /home/s2240084/conFEDential/venv/lib/python3.10/site-packages/ray/dashboard/agent.py --node-ip-address=10.20.240.18 --metrics-export-port=57024 --dashboard-agent-port=61247 --listen-port=52365 --node-manager-port=RAY_NODE_MANAGER_PORT_PLACEHOLDER --object-store-name=/local/ray/session_2024-05-20_14-19-42_606052_3860623/sockets/plasma_store --raylet-name=/local/ray/session_2024-05-20_14-19-42_606052_3860623/sockets/raylet --temp-dir=/local/ray --session-dir=/local/ray/session_2024-05-20_14-19-42_606052_3860623 --runtime-env-dir=/local/ray/session_2024-05-20_14-19-42_606052_3860623/runtime_resources --log-dir=/local/ray/session_2024-05-20_14-19-42_606052_3860623/logs --logging-rotate-bytes=536870912 --logging-rotate-backup-count=5 --session-name=session_2024-05-20_14-19-42_606052_3860623 --gcs-address=10.20.240.18:6379 --minimal"` (via SIGTERM)
2024-05-20 14:53:21,569	VINFO scripts.py:1068 -- Send termination request to `/home/s2240084/conFEDential/venv/lib/python3.10/site-packages/ray/core/src/ray/raylet/raylet --raylet_socket_name=/local/ray/session_2024-05-20_14-19-42_606052_3860623/sockets/raylet --store_socket_name=/local/ray/session_2024-05-20_14-19-42_606052_3860623/sockets/plasma_store --object_manager_port=0 --min_worker_port=10002 --max_worker_port=19999 --node_manager_port=0 --node_ip_address=10.20.240.18 --maximum_startup_concurrency=16 --static_resource_list=node:10.20.240.18,1.0,node:__internal_head__,1.0,accelerator_type:G,1,CPU,16,GPU,1,memory,17179869184,object_store_memory,62422504243 "--python_worker_command=/home/s2240084/conFEDential/venv/bin/python /home/s2240084/conFEDential/venv/lib/python3.10/site-packages/ray/_private/workers/setup_worker.py /home/s2240084/conFEDential/venv/lib/python3.10/site-packages/ray/_private/workers/default_worker.py --node-ip-address=10.20.240.18 --node-manager-port=RAY_NODE_MANAGER_PORT_PLACEHOLDER --object-store-name=/local/ray/session_2024-05-20_14-19-42_606052_3860623/sockets/plasma_store --raylet-name=/local/ray/session_2024-05-20_14-19-42_606052_3860623/sockets/raylet --redis-address=None --temp-dir=/local/ray --metrics-agent-port=61247 --logging-rotate-bytes=536870912 --logging-rotate-backup-count=5 --gcs-address=10.20.240.18:6379 --session-name=session_2024-05-20_14-19-42_606052_3860623 --temp-dir=/local/ray --webui= RAY_WORKER_DYNAMIC_OPTION_PLACEHOLDER" "--java_worker_command=/home/s2240084/conFEDential/venv/bin/python /home/s2240084/conFEDential/venv/lib/python3.10/site-packages/ray/_private/workers/setup_worker.py -Dray.address=10.20.240.18:6379 -Dray.raylet.node-manager-port=RAY_NODE_MANAGER_PORT_PLACEHOLDER -Dray.object-store.socket-name=/local/ray/session_2024-05-20_14-19-42_606052_3860623/sockets/plasma_store -Dray.raylet.socket-name=/local/ray/session_2024-05-20_14-19-42_606052_3860623/sockets/raylet -Dray.redis.password= -Dray.node-ip=10.20.240.18 -Dray.home=/home/s2240084/conFEDential/venv/lib/python3.10/site-packages/ray/../.. -Dray.logging.dir=/local/ray/session_2024-05-20_14-19-42_606052_3860623/logs -Dray.session-dir=/local/ray/session_2024-05-20_14-19-42_606052_3860623 RAY_WORKER_DYNAMIC_OPTION_PLACEHOLDER io.ray.runtime.runner.worker.DefaultWorker" --cpp_worker_command= --native_library_path=/home/s2240084/conFEDential/venv/lib/python3.10/site-packages/ray/cpp/lib --temp_dir=/local/ray --session_dir=/local/ray/session_2024-05-20_14-19-42_606052_3860623 --log_dir=/local/ray/session_2024-05-20_14-19-42_606052_3860623/logs --resource_dir=/local/ray/session_2024-05-20_14-19-42_606052_3860623/runtime_resources --metrics-agent-port=61247 --metrics_export_port=57024 --object_store_memory=62422504243 --plasma_directory=/dev/shm --ray-debugger-external=0 --gcs-address=10.20.240.18:6379 --session-name=session_2024-05-20_14-19-42_606052_3860623 --labels= --head --num_prestart_python_workers=16 "--agent_command=/home/s2240084/conFEDential/venv/bin/python -u /home/s2240084/conFEDential/venv/lib/python3.10/site-packages/ray/dashboard/agent.py --node-ip-address=10.20.240.18 --metrics-export-port=57024 --dashboard-agent-port=61247 --listen-port=52365 --node-manager-port=RAY_NODE_MANAGER_PORT_PLACEHOLDER --object-store-name=/local/ray/session_2024-05-20_14-19-42_606052_3860623/sockets/plasma_store --raylet-name=/local/ray/session_2024-05-20_14-19-42_606052_3860623/sockets/raylet --temp-dir=/local/ray --session-dir=/local/ray/session_2024-05-20_14-19-42_606052_3860623 --runtime-env-dir=/local/ray/session_2024-05-20_14-19-42_606052_3860623/runtime_resources --log-dir=/local/ray/session_2024-05-20_14-19-42_606052_3860623/logs --logging-rotate-bytes=536870912 --logging-rotate-backup-count=5 --session-name=session_2024-05-20_14-19-42_606052_3860623 --gcs-address=10.20.240.18:6379 --minimal"` (via SIGTERM)
2024-05-20 14:53:21,570	VINFO scripts.py:1068 -- Send termination request to `/home/s2240084/conFEDential/venv/bin/python -u /home/s2240084/conFEDential/venv/lib/python3.10/site-packages/ray/_private/log_monitor.py --logs-dir=/local/ray/session_2024-05-20_14-19-42_606052_3860623/logs --gcs-address=10.20.240.18:6379 --logging-rotate-bytes=536870912 --logging-rotate-backup-count=5` (via SIGTERM)
2024-05-20 14:53:21,574	VINFO scripts.py:1068 -- Send termination request to `/home/s2240084/conFEDential/venv/lib/python3.10/site-packages/ray/core/src/ray/raylet/raylet --raylet_socket_name=/local/ray/session_2024-05-20_14-19-42_606052_3860623/sockets/raylet --store_socket_name=/local/ray/session_2024-05-20_14-19-42_606052_3860623/sockets/plasma_store --object_manager_port=0 --min_worker_port=10002 --max_worker_port=19999 --node_manager_port=0 --node_ip_address=10.20.240.18 --maximum_startup_concurrency=16 --static_resource_list=node:10.20.240.18,1.0,node:__internal_head__,1.0,accelerator_type:G,1,CPU,16,GPU,1,memory,17179869184,object_store_memory,62422504243 "--python_worker_command=/home/s2240084/conFEDential/venv/bin/python /home/s2240084/conFEDential/venv/lib/python3.10/site-packages/ray/_private/workers/setup_worker.py /home/s2240084/conFEDential/venv/lib/python3.10/site-packages/ray/_private/workers/default_worker.py --node-ip-address=10.20.240.18 --node-manager-port=RAY_NODE_MANAGER_PORT_PLACEHOLDER --object-store-name=/local/ray/session_2024-05-20_14-19-42_606052_3860623/sockets/plasma_store --raylet-name=/local/ray/session_2024-05-20_14-19-42_606052_3860623/sockets/raylet --redis-address=None --temp-dir=/local/ray --metrics-agent-port=61247 --logging-rotate-bytes=536870912 --logging-rotate-backup-count=5 --gcs-address=10.20.240.18:6379 --session-name=session_2024-05-20_14-19-42_606052_3860623 --temp-dir=/local/ray --webui= RAY_WORKER_DYNAMIC_OPTION_PLACEHOLDER" "--java_worker_command=/home/s2240084/conFEDential/venv/bin/python /home/s2240084/conFEDential/venv/lib/python3.10/site-packages/ray/_private/workers/setup_worker.py -Dray.address=10.20.240.18:6379 -Dray.raylet.node-manager-port=RAY_NODE_MANAGER_PORT_PLACEHOLDER -Dray.object-store.socket-name=/local/ray/session_2024-05-20_14-19-42_606052_3860623/sockets/plasma_store -Dray.raylet.socket-name=/local/ray/session_2024-05-20_14-19-42_606052_3860623/sockets/raylet -Dray.redis.password= -Dray.node-ip=10.20.240.18 -Dray.home=/home/s2240084/conFEDential/venv/lib/python3.10/site-packages/ray/../.. -Dray.logging.dir=/local/ray/session_2024-05-20_14-19-42_606052_3860623/logs -Dray.session-dir=/local/ray/session_2024-05-20_14-19-42_606052_3860623 RAY_WORKER_DYNAMIC_OPTION_PLACEHOLDER io.ray.runtime.runner.worker.DefaultWorker" --cpp_worker_command= --native_library_path=/home/s2240084/conFEDential/venv/lib/python3.10/site-packages/ray/cpp/lib --temp_dir=/local/ray --session_dir=/local/ray/session_2024-05-20_14-19-42_606052_3860623 --log_dir=/local/ray/session_2024-05-20_14-19-42_606052_3860623/logs --resource_dir=/local/ray/session_2024-05-20_14-19-42_606052_3860623/runtime_resources --metrics-agent-port=61247 --metrics_export_port=57024 --object_store_memory=62422504243 --plasma_directory=/dev/shm --ray-debugger-external=0 --gcs-address=10.20.240.18:6379 --session-name=session_2024-05-20_14-19-42_606052_3860623 --labels= --head --num_prestart_python_workers=16 "--agent_command=/home/s2240084/conFEDential/venv/bin/python -u /home/s2240084/conFEDential/venv/lib/python3.10/site-packages/ray/dashboard/agent.py --node-ip-address=10.20.240.18 --metrics-export-port=57024 --dashboard-agent-port=61247 --listen-port=52365 --node-manager-port=RAY_NODE_MANAGER_PORT_PLACEHOLDER --object-store-name=/local/ray/session_2024-05-20_14-19-42_606052_3860623/sockets/plasma_store --raylet-name=/local/ray/session_2024-05-20_14-19-42_606052_3860623/sockets/raylet --temp-dir=/local/ray --session-dir=/local/ray/session_2024-05-20_14-19-42_606052_3860623 --runtime-env-dir=/local/ray/session_2024-05-20_14-19-42_606052_3860623/runtime_resources --log-dir=/local/ray/session_2024-05-20_14-19-42_606052_3860623/logs --logging-rotate-bytes=536870912 --logging-rotate-backup-count=5 --session-name=session_2024-05-20_14-19-42_606052_3860623 --gcs-address=10.20.240.18:6379 --minimal"` (via SIGTERM)
2024-05-20 14:53:21,575	VINFO scripts.py:1068 -- Send termination request to `/home/s2240084/conFEDential/venv/bin/python -u /home/s2240084/conFEDential/venv/lib/python3.10/site-packages/ray/dashboard/agent.py --node-ip-address=10.20.240.18 --metrics-export-port=57024 --dashboard-agent-port=61247 --listen-port=52365 --node-manager-port=38937 --object-store-name=/local/ray/session_2024-05-20_14-19-42_606052_3860623/sockets/plasma_store --raylet-name=/local/ray/session_2024-05-20_14-19-42_606052_3860623/sockets/raylet --temp-dir=/local/ray --session-dir=/local/ray/session_2024-05-20_14-19-42_606052_3860623 --runtime-env-dir=/local/ray/session_2024-05-20_14-19-42_606052_3860623/runtime_resources --log-dir=/local/ray/session_2024-05-20_14-19-42_606052_3860623/logs --logging-rotate-bytes=536870912 --logging-rotate-backup-count=5 --session-name=session_2024-05-20_14-19-42_606052_3860623 --gcs-address=10.20.240.18:6379 --minimal --agent-id 424238335` (via SIGTERM)
2024-05-20 14:53:21,577	VINFO scripts.py:1068 -- Send termination request to `/home/s2240084/conFEDential/venv/bin/python /home/s2240084/conFEDential/venv/lib/python3.10/site-packages/ray/dashboard/dashboard.py --host=127.0.0.1 --port=8265 --port-retries=0 --temp-dir=/local/ray --log-dir=/local/ray/session_2024-05-20_14-19-42_606052_3860623/logs --session-dir=/local/ray/session_2024-05-20_14-19-42_606052_3860623 --logging-rotate-bytes=536870912 --logging-rotate-backup-count=5 --gcs-address=10.20.240.18:6379 --node-ip-address=10.20.240.18 --minimal` (via SIGTERM)
2024-05-20 14:53:21,752	INFO scripts.py:1098 -- 1/6 stopped.2024-05-20 14:53:21,752	INFO scripts.py:1098 -- 2/6 stopped.2024-05-20 14:53:21,752	INFO scripts.py:1098 -- 3/6 stopped.2024-05-20 14:53:21,759	INFO scripts.py:1098 -- 4/6 stopped.2024-05-20 14:53:21,759	INFO scripts.py:1098 -- 5/6 stopped.2024-05-20 14:53:22,214	INFO scripts.py:1098 -- 6/6 stopped.2024-05-20 14:53:22,307	VINFO scripts.py:1068 -- Send termination request to `/home/s2240084/conFEDential/venv/lib/python3.10/site-packages/ray/core/src/ray/gcs/gcs_server --log_dir=/local/ray/session_2024-05-20_14-19-42_606052_3860623/logs --config_list=eyJvYmplY3Rfc3BpbGxpbmdfY29uZmlnIjogIntcInR5cGVcIjogXCJmaWxlc3lzdGVtXCIsIFwicGFyYW1zXCI6IHtcImRpcmVjdG9yeV9wYXRoXCI6IFwiL2xvY2FsL3JheS9zZXNzaW9uXzIwMjQtMDUtMjBfMTQtMTktNDJfNjA2MDUyXzM4NjA2MjNcIn19IiwgImlzX2V4dGVybmFsX3N0b3JhZ2VfdHlwZV9mcyI6IHRydWV9 --gcs_server_port=6379 --metrics-agent-port=61247 --node-ip-address=10.20.240.18 --session-name=session_2024-05-20_14-19-42_606052_3860623` (via SIGTERM)
2024-05-20 14:53:22,682	INFO scripts.py:1098 -- 1/1 stopped.2024-05-20 14:53:22,682	SUCC scripts.py:1142 -- Stopped all 7 Ray processes.
