ctit082
2024-05-16 01:48:35.276347: I tensorflow/core/platform/cpu_feature_guard.cc:210] This TensorFlow binary is optimized to use available CPU instructions in performance-critical operations.
To enable the following instructions: AVX2 FMA, in other operations, rebuild TensorFlow with the appropriate compiler flags.
2024-05-16 01:49:04.116066: W tensorflow/compiler/tf2tensorrt/utils/py_utils.cc:38] TF-TRT Warning: Could not find TensorRT
INFO flwr 2024-05-16 01:51:32,147 | Data.py:31 | Preprocessing the federated learning dataset
INFO flwr 2024-05-16 01:51:32,159 | Data.py:107 | Found preprocessed data for the given preprocess function, returning
INFO flwr 2024-05-16 01:52:00,056 | Simulation.py:36 | Preparing datasets for federated learning simulation
INFO flwr 2024-05-16 01:52:00,057 | Simulation.py:241 | Found previously split dataloaders, loading them
INFO flwr 2024-05-16 01:52:21,219 | main.py:70 | Loaded 1 configs with name CIFAR100-RESNET34-FEDADAM, running...
INFO flwr 2024-05-16 01:52:21,219 | main.py:72 | Config:
	Simulation:
		Data:
			dataset_name: cifar100
			batch_size: 128
			preprocess_fn:
				def preprocess_fn(element):
				  return {
				    "x": (element["img"] / 255.).transpose(2, 0, 1),
				    "y": element["fine_label"]
				  }
		Federation:
			client_count: 100
			fraction_fit: 0.1
			global_rounds: 1
			local_rounds: 1
		Model:
			optimizer_name: FedAdam
			model_name: ResNet34
			criterion_name: CrossEntropyLoss
			optimizer_parameters: 
				local: {'lr': 0.1}
				global: {'lr': 0.1, 'betas': [0.9, 0.999], 'eps': 1e-09, 'weight_decay': 0.9999}
			model_architecture:
				repo_or_dir: pytorch/vision:v0.10.0
					model: resnet34
					pretrained: False
					out_features: 100
	Attack:
		data_access: all
		message_access: server
		repetitions: 10
		Attack Simulation:
			batch_size: 64
			optimizer_name: FedAvg
			optimizer_parameters:
				lr: 0.1
			ModelArchitecture:
				gradient_component:
					type: Dropout
						p: 0.2
					type: Conv3d
						out_channels: 1000
						kernel_size: [1, 1]
						stride: 1
					type: ReLU
				fcn_component:
					type: Dropout
						p: 0.2
					type: Linear
						out_features: 128
					type: ReLU
					type: Dropout
						p: 0.2
					type: Linear
						in_features: 128
						out_features: 64
					type: ReLU
				encoder_component:
					type: Dropout
						p: 0.2
					type: Linear
						out_features: 256
					type: ReLU
					type: Dropout
						p: 0.2
					type: Linear
						in_features: 256
						out_features: 128
					type: ReLU
					type: Dropout
						p: 0.2
					type: Linear
						in_features: 128
						out_features: 64
					type: ReLU
					type: Dropout
						p: 0.2
					type: Linear
						in_features: 64
						out_features: 1
					type: ReLU
					type: Sigmoid
INFO flwr 2024-05-16 01:52:21,220 | Config.py:58 | Starting conFEDential simulation
INFO flwr 2024-05-16 01:52:21,222 | Config.py:62 | No previous federated learning simulation found, starting training simulation...
wandb: Tracking run with wandb version 0.16.5
wandb: W&B syncing is set to `offline` in this directory.  
wandb: Run `wandb online` or set WANDB_MODE=online to enable cloud syncing.
INFO flwr 2024-05-16 01:52:23,480 | Simulation.py:368 | Created 1 clients with resources 64 CPUs, 1.0 GPUs, and 125.9GB for the total available 64 CPUs, 1 GPUs and 251.8GB.
INFO flwr 2024-05-16 01:52:23,481 | Simulation.py:158 | Starting federated learning simulation
INFO flwr 2024-05-16 01:52:23,482 | app.py:178 | Starting Flower simulation, config: ServerConfig(num_rounds=1, round_timeout=None)
2024-05-16 01:52:39,363	INFO worker.py:1621 -- Started a local Ray instance.
2024-05-16 01:52:46,489	INFO packaging.py:518 -- Creating a file package for local directory '/home/s2240084/conFEDential'.
2024-05-16 01:52:46,610	INFO packaging.py:346 -- Pushing file package 'gcs://_ray_pkg_7fced6dce277ca31.zip' (0.16MiB) to Ray cluster...
2024-05-16 01:52:46,612	INFO packaging.py:359 -- Successfully pushed file package 'gcs://_ray_pkg_7fced6dce277ca31.zip'.
INFO flwr 2024-05-16 01:53:40,822 | app.py:213 | Flower VCE: Ray initialized with resources: {'CPU': 64.0, 'GPU': 1.0, 'node:__internal_head__': 1.0, 'node:10.20.240.12': 1.0, 'accelerator_type:TITAN': 1.0, 'memory': 135173517312.0, 'object_store_memory': 74330942668.0}
INFO flwr 2024-05-16 01:53:40,823 | app.py:219 | Optimize your simulation with Flower VCE: https://flower.dev/docs/framework/how-to-run-simulations.html
INFO flwr 2024-05-16 01:53:40,823 | app.py:242 | Flower VCE: Resources for each Virtual Client: {'num_cpus': 64, 'num_gpus': 1.0, 'memory': 135173517312}
INFO flwr 2024-05-16 01:53:40,845 | app.py:288 | Flower VCE: Creating VirtualClientEngineActorPool with 1 actors
INFO flwr 2024-05-16 01:53:40,846 | server.py:89 | Initializing global parameters
INFO flwr 2024-05-16 01:53:40,846 | server.py:272 | Using initial parameters provided by strategy
INFO flwr 2024-05-16 01:53:40,846 | server.py:91 | Evaluating initial parameters
[2m[36m(pid=1431146)[0m 2024-05-16 01:53:52.649191: I tensorflow/core/platform/cpu_feature_guard.cc:210] This TensorFlow binary is optimized to use available CPU instructions in performance-critical operations.
[2m[36m(pid=1431146)[0m To enable the following instructions: AVX2 FMA, in other operations, rebuild TensorFlow with the appropriate compiler flags.
[2m[36m(pid=1431146)[0m 2024-05-16 01:53:54.603409: W tensorflow/compiler/tf2tensorrt/utils/py_utils.cc:38] TF-TRT Warning: Could not find TensorRT
INFO flwr 2024-05-16 01:53:58,393 | server.py:94 | initial parameters (loss, other metrics): 0.0005039692401885987, {'accuracy': 0.0121, 'data_size': 10000}
INFO flwr 2024-05-16 01:53:58,393 | server.py:104 | FL starting
DEBUG flwr 2024-05-16 01:53:58,394 | server.py:222 | fit_round 1: strategy sampled 10 clients (out of 100)
[2m[36m(DefaultActor pid=1431146)[0m /home/s2240084/conFEDential/venv/lib/python3.10/site-packages/torch/utils/data/_utils/collate.py:183: UserWarning: The given NumPy array is not writable, and PyTorch does not support non-writable tensors. This means writing to this tensor will result in undefined behavior. You may want to copy the array to protect its data or make it writable before converting it to a tensor. This type of warning will be suppressed for the rest of this program. (Triggered internally at ../torch/csrc/utils/tensor_numpy.cpp:206.)
[2m[36m(DefaultActor pid=1431146)[0m   return collate([torch.as_tensor(b) for b in batch], collate_fn_map=collate_fn_map)
DEBUG flwr 2024-05-16 01:54:44,504 | server.py:236 | fit_round 1 received 10 results and 0 failures
INFO flwr 2024-05-16 02:05:12,304 | server.py:125 | fit progress: (1, 0.004655139923095703, {'accuracy': 0.0119, 'data_size': 10000}, 673.9097460079938)
INFO flwr 2024-05-16 02:05:12,305 | server.py:171 | evaluate_round 1: no clients selected, cancel
INFO flwr 2024-05-16 02:05:12,306 | server.py:153 | FL finished in 673.911886158865
INFO flwr 2024-05-16 02:05:12,315 | app.py:226 | app_fit: losses_distributed []
INFO flwr 2024-05-16 02:05:12,315 | app.py:227 | app_fit: metrics_distributed_fit {}
INFO flwr 2024-05-16 02:05:12,316 | app.py:228 | app_fit: metrics_distributed {}
INFO flwr 2024-05-16 02:05:12,316 | app.py:229 | app_fit: losses_centralized [(0, 0.0005039692401885987), (1, 0.004655139923095703)]
INFO flwr 2024-05-16 02:05:12,316 | app.py:230 | app_fit: metrics_centralized {'accuracy': [(0, 0.0121), (1, 0.0119)], 'data_size': [(0, 10000), (1, 10000)]}
wandb: 
wandb: Run summary:
wandb: accuracy 0.0119
wandb:     loss 0.00466
wandb: 
wandb: You can sync this run to the cloud by running:
wandb: wandb sync /home/s2240084/conFEDential/wandb/offline-run-20240516_015222-gln4xwjs
wandb: Find logs at: ./wandb/offline-run-20240516_015222-gln4xwjs/logs
2024-05-16 02:07:12.000171: I tensorflow/core/platform/cpu_feature_guard.cc:210] This TensorFlow binary is optimized to use available CPU instructions in performance-critical operations.
To enable the following instructions: AVX2 FMA, in other operations, rebuild TensorFlow with the appropriate compiler flags.
2024-05-16 02:07:15.450948: W tensorflow/compiler/tf2tensorrt/utils/py_utils.cc:38] TF-TRT Warning: Could not find TensorRT
INFO flwr 2024-05-16 02:07:30,506 | Data.py:31 | Preprocessing the federated learning dataset
INFO flwr 2024-05-16 02:07:30,515 | Data.py:107 | Found preprocessed data for the given preprocess function, returning
INFO flwr 2024-05-16 02:07:33,251 | Simulation.py:36 | Preparing datasets for federated learning simulation
INFO flwr 2024-05-16 02:07:33,255 | Simulation.py:241 | Found previously split dataloaders, loading them
INFO flwr 2024-05-16 02:07:34,253 | main.py:70 | Loaded 1 configs with name CIFAR100-RESNET34-FEDAVG, running...
INFO flwr 2024-05-16 02:07:34,254 | main.py:72 | Config:
	Simulation:
		Data:
			dataset_name: cifar100
			batch_size: 128
			preprocess_fn:
				def preprocess_fn(element):
				  return {
				    "x": (element["img"] / 255.).transpose(2, 0, 1),
				    "y": element["fine_label"]
				  }
		Federation:
			client_count: 100
			fraction_fit: 0.1
			global_rounds: 1
			local_rounds: 1
		Model:
			optimizer_name: FedAvg
			model_name: ResNet34
			criterion_name: CrossEntropyLoss
			optimizer_parameters: 
				lr: 0.1
			model_architecture:
				repo_or_dir: pytorch/vision:v0.10.0
					model: resnet34
					pretrained: False
					out_features: 100
	Attack:
		data_access: all
		message_access: server
		repetitions: 10
		Attack Simulation:
			batch_size: 64
			optimizer_name: FedAvg
			optimizer_parameters:
				lr: 0.1
			ModelArchitecture:
				gradient_component:
					type: Dropout
						p: 0.2
					type: Conv3d
						out_channels: 1000
						kernel_size: [1, 1]
						stride: 1
					type: ReLU
				fcn_component:
					type: Dropout
						p: 0.2
					type: Linear
						out_features: 128
					type: ReLU
					type: Dropout
						p: 0.2
					type: Linear
						in_features: 128
						out_features: 64
					type: ReLU
				encoder_component:
					type: Dropout
						p: 0.2
					type: Linear
						out_features: 256
					type: ReLU
					type: Dropout
						p: 0.2
					type: Linear
						in_features: 256
						out_features: 128
					type: ReLU
					type: Dropout
						p: 0.2
					type: Linear
						in_features: 128
						out_features: 64
					type: ReLU
					type: Dropout
						p: 0.2
					type: Linear
						in_features: 64
						out_features: 1
					type: ReLU
					type: Sigmoid
INFO flwr 2024-05-16 02:07:34,254 | Config.py:58 | Starting conFEDential simulation
INFO flwr 2024-05-16 02:07:34,329 | Config.py:62 | No previous federated learning simulation found, starting training simulation...
wandb: Tracking run with wandb version 0.16.5
wandb: W&B syncing is set to `offline` in this directory.  
wandb: Run `wandb online` or set WANDB_MODE=online to enable cloud syncing.
INFO flwr 2024-05-16 02:07:47,073 | Simulation.py:368 | Created 1 clients with resources 64 CPUs, 1.0 GPUs, and 125.9GB for the total available 64 CPUs, 1 GPUs and 251.8GB.
INFO flwr 2024-05-16 02:07:47,073 | Simulation.py:158 | Starting federated learning simulation
INFO flwr 2024-05-16 02:07:47,075 | app.py:178 | Starting Flower simulation, config: ServerConfig(num_rounds=1, round_timeout=None)
2024-05-16 02:07:55,939	INFO worker.py:1621 -- Started a local Ray instance.
2024-05-16 02:07:56,500	INFO packaging.py:518 -- Creating a file package for local directory '/home/s2240084/conFEDential'.
2024-05-16 02:07:56,740	INFO packaging.py:346 -- Pushing file package 'gcs://_ray_pkg_7fced6dce277ca31.zip' (0.16MiB) to Ray cluster...
2024-05-16 02:07:56,743	INFO packaging.py:359 -- Successfully pushed file package 'gcs://_ray_pkg_7fced6dce277ca31.zip'.
[2024-05-16 02:08:26,308 E 1520981 1520981] core_worker.cc:201: Failed to register worker 01000000ffffffffffffffffffffffffffffffffffffffffffffffff to Raylet. IOError: [RayletClient] Unable to register worker with raylet. No such file or directory
srun: error: ctit082: task 0: Exited with exit code 1
2024-05-16 02:08:30.680901: I tensorflow/core/platform/cpu_feature_guard.cc:210] This TensorFlow binary is optimized to use available CPU instructions in performance-critical operations.
To enable the following instructions: AVX2 FMA, in other operations, rebuild TensorFlow with the appropriate compiler flags.
2024-05-16 02:08:32.125114: W tensorflow/compiler/tf2tensorrt/utils/py_utils.cc:38] TF-TRT Warning: Could not find TensorRT
INFO flwr 2024-05-16 02:08:37,150 | Data.py:31 | Preprocessing the federated learning dataset
INFO flwr 2024-05-16 02:08:37,150 | Data.py:107 | Found preprocessed data for the given preprocess function, returning
INFO flwr 2024-05-16 02:08:38,865 | Simulation.py:36 | Preparing datasets for federated learning simulation
INFO flwr 2024-05-16 02:08:38,866 | Simulation.py:241 | Found previously split dataloaders, loading them
INFO flwr 2024-05-16 02:08:39,828 | main.py:70 | Loaded 1 configs with name CIFAR100-RESNET34-FEDNAG, running...
INFO flwr 2024-05-16 02:08:39,828 | main.py:72 | Config:
	Simulation:
		Data:
			dataset_name: cifar100
			batch_size: 128
			preprocess_fn:
				def preprocess_fn(element):
				  return {
				    "x": (element["img"] / 255.).transpose(2, 0, 1),
				    "y": element["fine_label"]
				  }
		Federation:
			client_count: 100
			fraction_fit: 0.1
			global_rounds: 1
			local_rounds: 1
		Model:
			optimizer_name: FedNag
			model_name: ResNet34
			criterion_name: CrossEntropyLoss
			optimizer_parameters: 
				lr: 0.1
				momentum: 0.9
			model_architecture:
				repo_or_dir: pytorch/vision:v0.10.0
					model: resnet34
					pretrained: False
					out_features: 100
	Attack:
		data_access: all
		message_access: server
		repetitions: 10
		Attack Simulation:
			batch_size: 64
			optimizer_name: FedAvg
			optimizer_parameters:
				lr: 0.1
			ModelArchitecture:
				gradient_component:
					type: Dropout
						p: 0.2
					type: Conv3d
						out_channels: 1000
						kernel_size: [1, 1]
						stride: 1
					type: ReLU
				fcn_component:
					type: Dropout
						p: 0.2
					type: Linear
						out_features: 128
					type: ReLU
					type: Dropout
						p: 0.2
					type: Linear
						in_features: 128
						out_features: 64
					type: ReLU
				encoder_component:
					type: Dropout
						p: 0.2
					type: Linear
						out_features: 256
					type: ReLU
					type: Dropout
						p: 0.2
					type: Linear
						in_features: 256
						out_features: 128
					type: ReLU
					type: Dropout
						p: 0.2
					type: Linear
						in_features: 128
						out_features: 64
					type: ReLU
					type: Dropout
						p: 0.2
					type: Linear
						in_features: 64
						out_features: 1
					type: ReLU
					type: Sigmoid
INFO flwr 2024-05-16 02:08:39,828 | Config.py:58 | Starting conFEDential simulation
INFO flwr 2024-05-16 02:08:39,924 | Config.py:62 | No previous federated learning simulation found, starting training simulation...
wandb: Tracking run with wandb version 0.16.5
wandb: W&B syncing is set to `offline` in this directory.  
wandb: Run `wandb online` or set WANDB_MODE=online to enable cloud syncing.
INFO flwr 2024-05-16 02:08:47,081 | Simulation.py:368 | Created 1 clients with resources 64 CPUs, 1.0 GPUs, and 125.9GB for the total available 64 CPUs, 1 GPUs and 251.8GB.
INFO flwr 2024-05-16 02:08:47,082 | Simulation.py:158 | Starting federated learning simulation
INFO flwr 2024-05-16 02:08:47,083 | app.py:178 | Starting Flower simulation, config: ServerConfig(num_rounds=1, round_timeout=None)
2024-05-16 02:08:51,471	INFO worker.py:1621 -- Started a local Ray instance.
2024-05-16 02:08:51,646	INFO packaging.py:518 -- Creating a file package for local directory '/home/s2240084/conFEDential'.
2024-05-16 02:08:51,824	INFO packaging.py:346 -- Pushing file package 'gcs://_ray_pkg_7fced6dce277ca31.zip' (0.16MiB) to Ray cluster...
2024-05-16 02:08:51,826	INFO packaging.py:359 -- Successfully pushed file package 'gcs://_ray_pkg_7fced6dce277ca31.zip'.
[2024-05-16 02:09:22,221 E 1523206 1523206] core_worker.cc:201: Failed to register worker 01000000ffffffffffffffffffffffffffffffffffffffffffffffff to Raylet. IOError: [RayletClient] Unable to register worker with raylet. No such file or directory
srun: error: ctit082: task 0: Exited with exit code 1
