ctit082
2024-05-16 21:20:29,950	INFO usage_lib.py:407 -- Usage stats collection is enabled by default without user confirmation because this terminal is detected to be non-interactive. To disable this, add `--disable-usage-stats` to the command that starts the cluster, or run the following command: `ray disable-usage-stats` before starting the cluster. See https://docs.ray.io/en/master/cluster/usage-stats.html for more details.
2024-05-16 21:20:29,951	INFO scripts.py:722 -- Local node IP: 10.20.240.12
2024-05-16 21:20:33,633	SUCC scripts.py:759 -- --------------------
2024-05-16 21:20:33,633	SUCC scripts.py:760 -- Ray runtime started.
2024-05-16 21:20:33,633	SUCC scripts.py:761 -- --------------------
2024-05-16 21:20:33,633	INFO scripts.py:763 -- Next steps
2024-05-16 21:20:33,634	INFO scripts.py:766 -- To add another node to this Ray cluster, run
2024-05-16 21:20:33,634	INFO scripts.py:769 --   ray start --address='10.20.240.12:6379'
2024-05-16 21:20:33,634	INFO scripts.py:778 -- To connect to this Ray cluster:
2024-05-16 21:20:33,634	INFO scripts.py:780 -- import ray
2024-05-16 21:20:33,634	INFO scripts.py:781 -- ray.init()
2024-05-16 21:20:33,634	INFO scripts.py:812 -- To terminate the Ray runtime, run
2024-05-16 21:20:33,634	INFO scripts.py:813 --   ray stop
2024-05-16 21:20:33,634	INFO scripts.py:816 -- To view the status of the cluster, use
2024-05-16 21:20:33,634	INFO scripts.py:817 --   ray status
2024-05-16 21:20:39.106546: I tensorflow/core/platform/cpu_feature_guard.cc:210] This TensorFlow binary is optimized to use available CPU instructions in performance-critical operations.
To enable the following instructions: AVX2 FMA, in other operations, rebuild TensorFlow with the appropriate compiler flags.
2024-05-16 21:20:40.855017: W tensorflow/compiler/tf2tensorrt/utils/py_utils.cc:38] TF-TRT Warning: Could not find TensorRT
INFO flwr 2024-05-16 21:20:47,120 | Data.py:31 | Preprocessing the federated learning dataset
INFO flwr 2024-05-16 21:20:47,121 | Data.py:107 | Found preprocessed data for the given preprocess function, returning
INFO flwr 2024-05-16 21:20:49,513 | Simulation.py:37 | Preparing datasets for federated learning simulation
INFO flwr 2024-05-16 21:20:49,514 | Simulation.py:255 | Found previously split dataloaders, loading them
INFO flwr 2024-05-16 21:20:50,982 | main.py:103 | Loaded 1 configs with name CIFAR100-RESNET34-FEDADAM, running...
INFO flwr 2024-05-16 21:20:50,982 | main.py:105 | Config:
	Simulation:
		Data:
			dataset_name: cifar100
			batch_size: 128
			preprocess_fn:
				def preprocess_fn(element):
				  return {
				    "x": (element["img"] / 255.).transpose(2, 0, 1),
				    "y": element["fine_label"]
				  }
		Federation:
			client_count: 100
			fraction_fit: 0.1
			global_rounds: 1
			local_rounds: 1
		Model:
			optimizer_name: FedAdam
			model_name: ResNet34
			criterion_name: CrossEntropyLoss
			optimizer_parameters: 
				local: {'lr': 0.1}
				global: {'lr': 0.1, 'betas': [0.9, 0.999], 'eps': 1e-09, 'weight_decay': 0.9999}
			model_architecture:
				repo_or_dir: pytorch/vision:v0.10.0
					model: resnet34
					pretrained: False
					out_features: 100
	Attack:
		data_access: all
		message_access: server
		repetitions: 10
		Attack Simulation:
			batch_size: 64
			optimizer_name: FedAvg
			optimizer_parameters:
				lr: 0.1
			ModelArchitecture:
				gradient_component:
					type: Dropout
						p: 0.2
					type: Conv3d
						out_channels: 1000
						kernel_size: [1, 1]
						stride: 1
					type: ReLU
				fcn_component:
					type: Dropout
						p: 0.2
					type: Linear
						out_features: 128
					type: ReLU
					type: Dropout
						p: 0.2
					type: Linear
						in_features: 128
						out_features: 64
					type: ReLU
				encoder_component:
					type: Dropout
						p: 0.2
					type: Linear
						out_features: 256
					type: ReLU
					type: Dropout
						p: 0.2
					type: Linear
						in_features: 256
						out_features: 128
					type: ReLU
					type: Dropout
						p: 0.2
					type: Linear
						in_features: 128
						out_features: 64
					type: ReLU
					type: Dropout
						p: 0.2
					type: Linear
						in_features: 64
						out_features: 1
					type: ReLU
					type: Sigmoid
INFO flwr 2024-05-16 21:20:50,983 | Config.py:68 | Starting conFEDential simulation
INFO flwr 2024-05-16 21:20:50,984 | Config.py:77 | Found previous federated learning simulation, continuing to attack simulation...
2024-05-16 21:21:13.141452: I tensorflow/core/platform/cpu_feature_guard.cc:210] This TensorFlow binary is optimized to use available CPU instructions in performance-critical operations.
To enable the following instructions: AVX2 FMA, in other operations, rebuild TensorFlow with the appropriate compiler flags.
2024-05-16 21:21:14.459085: W tensorflow/compiler/tf2tensorrt/utils/py_utils.cc:38] TF-TRT Warning: Could not find TensorRT
INFO flwr 2024-05-16 21:21:19,336 | Data.py:31 | Preprocessing the federated learning dataset
INFO flwr 2024-05-16 21:21:19,336 | Data.py:107 | Found preprocessed data for the given preprocess function, returning
INFO flwr 2024-05-16 21:21:21,016 | Simulation.py:37 | Preparing datasets for federated learning simulation
INFO flwr 2024-05-16 21:21:21,017 | Simulation.py:255 | Found previously split dataloaders, loading them
INFO flwr 2024-05-16 21:21:21,990 | main.py:103 | Loaded 1 configs with name CIFAR100-RESNET34-FEDAVG, running...
INFO flwr 2024-05-16 21:21:21,990 | main.py:105 | Config:
	Simulation:
		Data:
			dataset_name: cifar100
			batch_size: 128
			preprocess_fn:
				def preprocess_fn(element):
				  return {
				    "x": (element["img"] / 255.).transpose(2, 0, 1),
				    "y": element["fine_label"]
				  }
		Federation:
			client_count: 100
			fraction_fit: 0.1
			global_rounds: 200
			local_rounds: 1
		Model:
			optimizer_name: FedAvg
			model_name: ResNet34
			criterion_name: CrossEntropyLoss
			optimizer_parameters: 
				lr: 0.1
			model_architecture:
				repo_or_dir: pytorch/vision:v0.10.0
					model: resnet34
					pretrained: False
					out_features: 100
	Attack:
		data_access: all
		message_access: server
		repetitions: 10
		Attack Simulation:
			batch_size: 64
			optimizer_name: FedAvg
			optimizer_parameters:
				lr: 0.1
			ModelArchitecture:
				gradient_component:
					type: Dropout
						p: 0.2
					type: Conv3d
						out_channels: 1000
						kernel_size: [1, 1]
						stride: 1
					type: ReLU
				fcn_component:
					type: Dropout
						p: 0.2
					type: Linear
						out_features: 128
					type: ReLU
					type: Dropout
						p: 0.2
					type: Linear
						in_features: 128
						out_features: 64
					type: ReLU
				encoder_component:
					type: Dropout
						p: 0.2
					type: Linear
						out_features: 256
					type: ReLU
					type: Dropout
						p: 0.2
					type: Linear
						in_features: 256
						out_features: 128
					type: ReLU
					type: Dropout
						p: 0.2
					type: Linear
						in_features: 128
						out_features: 64
					type: ReLU
					type: Dropout
						p: 0.2
					type: Linear
						in_features: 64
						out_features: 1
					type: ReLU
					type: Sigmoid
INFO flwr 2024-05-16 21:21:21,990 | Config.py:68 | Starting conFEDential simulation
INFO flwr 2024-05-16 21:21:21,991 | Config.py:72 | No previous federated learning simulation found, starting training simulation...
wandb: Tracking run with wandb version 0.16.5
wandb: W&B syncing is set to `offline` in this directory.  
wandb: Run `wandb online` or set WANDB_MODE=online to enable cloud syncing.
INFO flwr 2024-05-16 21:21:23,754 | Simulation.py:395 | Created 1 clients with resources 16 CPUs, 1.0 GPUs, and 8.0GB for the total available 16 CPUs, 1 GPUs and 16.0GB.
INFO flwr 2024-05-16 21:21:23,754 | Simulation.py:160 | Starting federated learning simulation
2024-05-16 21:21:23,814	INFO worker.py:1431 -- Connecting to existing Ray cluster at address: 10.20.240.12:6379...
2024-05-16 21:21:23,828	INFO worker.py:1621 -- Connected to Ray cluster.
INFO flwr 2024-05-16 21:21:25,766 | app.py:178 | Starting Flower simulation, config: ServerConfig(num_rounds=200, round_timeout=None)
2024-05-16 21:21:25,834	INFO worker.py:1453 -- Calling ray.init() again after it has already been called.
INFO flwr 2024-05-16 21:21:25,835 | app.py:213 | Flower VCE: Ray initialized with resources: {'object_store_memory': 71542297804.0, 'CPU': 16.0, 'node:__internal_head__': 1.0, 'node:10.20.240.12': 1.0, 'GPU': 1.0, 'memory': 8589934592.0, 'accelerator_type:TITAN': 1.0}
INFO flwr 2024-05-16 21:21:25,835 | app.py:219 | Optimize your simulation with Flower VCE: https://flower.dev/docs/framework/how-to-run-simulations.html
INFO flwr 2024-05-16 21:21:25,835 | app.py:242 | Flower VCE: Resources for each Virtual Client: {'num_cpus': 16, 'num_gpus': 1.0, 'memory': 8589934592}
INFO flwr 2024-05-16 21:21:25,844 | app.py:288 | Flower VCE: Creating VirtualClientEngineActorPool with 1 actors
INFO flwr 2024-05-16 21:21:25,845 | server.py:89 | Initializing global parameters
INFO flwr 2024-05-16 21:21:25,845 | server.py:272 | Using initial parameters provided by strategy
INFO flwr 2024-05-16 21:21:25,845 | server.py:91 | Evaluating initial parameters
[2m[36m(pid=2083881)[0m 2024-05-16 21:21:27.670273: I tensorflow/core/platform/cpu_feature_guard.cc:210] This TensorFlow binary is optimized to use available CPU instructions in performance-critical operations.
[2m[36m(pid=2083881)[0m To enable the following instructions: AVX2 FMA, in other operations, rebuild TensorFlow with the appropriate compiler flags.
INFO flwr 2024-05-16 21:21:28,332 | server.py:94 | initial parameters (loss, other metrics): 0.0005039692401885987, {'accuracy': 0.0121, 'data_size': 10000}
INFO flwr 2024-05-16 21:21:28,332 | server.py:104 | FL starting
DEBUG flwr 2024-05-16 21:21:28,333 | server.py:222 | fit_round 1: strategy sampled 10 clients (out of 100)
[2m[36m(pid=2083881)[0m 2024-05-16 21:21:29.013854: W tensorflow/compiler/tf2tensorrt/utils/py_utils.cc:38] TF-TRT Warning: Could not find TensorRT
[2m[36m(DefaultActor pid=2083881)[0m /home/s2240084/conFEDential/venv/lib/python3.10/site-packages/torch/utils/data/_utils/collate.py:183: UserWarning: The given NumPy array is not writable, and PyTorch does not support non-writable tensors. This means writing to this tensor will result in undefined behavior. You may want to copy the array to protect its data or make it writable before converting it to a tensor. This type of warning will be suppressed for the rest of this program. (Triggered internally at ../torch/csrc/utils/tensor_numpy.cpp:206.)
[2m[36m(DefaultActor pid=2083881)[0m   return collate([torch.as_tensor(b) for b in batch], collate_fn_map=collate_fn_map)
DEBUG flwr 2024-05-16 21:22:06,329 | server.py:236 | fit_round 1 received 10 results and 0 failures
ERROR flwr 2024-05-16 21:23:31,471 | app.py:313 | Can't broadcast (64,) -> (256,)
ERROR flwr 2024-05-16 21:23:31,950 | app.py:314 | Traceback (most recent call last):
  File "/home/s2240084/conFEDential/venv/lib/python3.10/site-packages/flwr/simulation/app.py", line 308, in start_simulation
    hist = run_fl(
  File "/home/s2240084/conFEDential/venv/lib/python3.10/site-packages/flwr/server/app.py", line 225, in run_fl
    hist = server.fit(num_rounds=config.num_rounds, timeout=config.round_timeout)
  File "/home/s2240084/conFEDential/venv/lib/python3.10/site-packages/flwr/server/server.py", line 109, in fit
    res_fit = self.fit_round(
  File "/home/s2240084/conFEDential/venv/lib/python3.10/site-packages/flwr/server/server.py", line 248, in fit_round
    ] = self.strategy.aggregate_fit(server_round, results, failures)
  File "/home/s2240084/conFEDential/src/training/Server.py", line 81, in aggregate_fit
    self._capture_results(server_round, results, aggregated_parameters, config)
  File "/home/s2240084/conFEDential/src/training/Server.py", line 101, in _capture_results
    self._capture_aggregates(server_round, aggregated_parameters, metrics)
  File "/home/s2240084/conFEDential/src/training/Server.py", line 156, in _capture_aggregates
    self._capture_variable(server_round, aggregated_parameters, f"{base_path}aggregates.hdf5", is_aggregate=True)
  File "/home/s2240084/conFEDential/src/training/Server.py", line 215, in _capture_variable
    dset[server_round] = value
  File "h5py/_objects.pyx", line 54, in h5py._objects.with_phil.wrapper
  File "h5py/_objects.pyx", line 55, in h5py._objects.with_phil.wrapper
  File "/home/s2240084/conFEDential/venv/lib/python3.10/site-packages/h5py/_hl/dataset.py", line 997, in __setitem__
    mspace = h5s.create_simple(selection.expand_shape(mshape))
  File "/home/s2240084/conFEDential/venv/lib/python3.10/site-packages/h5py/_hl/selections.py", line 264, in expand_shape
    raise TypeError("Can't broadcast %s -> %s" % (source_shape, self.array_shape))  # array shape
TypeError: Can't broadcast (64,) -> (256,)

ERROR flwr 2024-05-16 21:23:31,950 | app.py:315 | Your simulation crashed :(. This could be because of several reasons. The most common are: 
	 > Sometimes, issues in the simulation code itself can cause crashes. It's always a good idea to double-check your code for any potential bugs or inconsistencies that might be contributing to the problem. For example: 
		 - You might be using a class attribute in your clients that hasn't been defined.
		 - There could be an incorrect method call to a 3rd party library (e.g., PyTorch).
		 - The return types of methods in your clients/strategies might be incorrect.
	 > Your system couldn't fit a single VirtualClient: try lowering `client_resources`.
	 > All the actors in your pool crashed. This could be because: 
		 - You clients hit an out-of-memory (OOM) error and actors couldn't recover from it. Try launching your simulation with more generous `client_resources` setting (i.e. it seems {'num_cpus': 16, 'num_gpus': 1.0, 'memory': 8589934592} is not enough for your run). Use fewer concurrent actors. 
		 - You were running a multi-node simulation and all worker nodes disconnected. The head node might still be alive but cannot accommodate any actor with resources: {'num_cpus': 16, 'num_gpus': 1.0, 'memory': 8589934592}.
Take a look at the Flower simulation examples for guidance <https://flower.dev/docs/framework/how-to-run-simulations.html>.
ERROR flwr 2024-05-16 21:23:31,951 | Simulation.py:183 | Simulation crashed.
wandb: - 0.000 MB of 0.000 MB uploadedwandb:                                                                                
wandb: 
wandb: Run summary:
wandb: accuracy 0.0121
wandb:     loss 0.0005
wandb: 
wandb: You can sync this run to the cloud by running:
wandb: wandb sync /home/s2240084/conFEDential/wandb/offline-run-20240516_212123-nxlry47k
wandb: Find logs at: ./wandb/offline-run-20240516_212123-nxlry47k/logs
2024-05-16 21:24:39.291144: I tensorflow/core/platform/cpu_feature_guard.cc:210] This TensorFlow binary is optimized to use available CPU instructions in performance-critical operations.
To enable the following instructions: AVX2 FMA, in other operations, rebuild TensorFlow with the appropriate compiler flags.
2024-05-16 21:24:40.612477: W tensorflow/compiler/tf2tensorrt/utils/py_utils.cc:38] TF-TRT Warning: Could not find TensorRT
INFO flwr 2024-05-16 21:24:45,597 | Data.py:31 | Preprocessing the federated learning dataset
INFO flwr 2024-05-16 21:24:45,598 | Data.py:107 | Found preprocessed data for the given preprocess function, returning
INFO flwr 2024-05-16 21:24:47,319 | Simulation.py:37 | Preparing datasets for federated learning simulation
INFO flwr 2024-05-16 21:24:47,320 | Simulation.py:255 | Found previously split dataloaders, loading them
INFO flwr 2024-05-16 21:24:48,297 | main.py:103 | Loaded 1 configs with name CIFAR100-RESNET34-FEDNAG, running...
INFO flwr 2024-05-16 21:24:48,297 | main.py:105 | Config:
	Simulation:
		Data:
			dataset_name: cifar100
			batch_size: 128
			preprocess_fn:
				def preprocess_fn(element):
				  return {
				    "x": (element["img"] / 255.).transpose(2, 0, 1),
				    "y": element["fine_label"]
				  }
		Federation:
			client_count: 100
			fraction_fit: 0.1
			global_rounds: 200
			local_rounds: 1
		Model:
			optimizer_name: FedNag
			model_name: ResNet34
			criterion_name: CrossEntropyLoss
			optimizer_parameters: 
				lr: 0.1
				momentum: 0.9
			model_architecture:
				repo_or_dir: pytorch/vision:v0.10.0
					model: resnet34
					pretrained: False
					out_features: 100
	Attack:
		data_access: all
		message_access: server
		repetitions: 10
		Attack Simulation:
			batch_size: 64
			optimizer_name: FedAvg
			optimizer_parameters:
				lr: 0.1
			ModelArchitecture:
				gradient_component:
					type: Dropout
						p: 0.2
					type: Conv3d
						out_channels: 1000
						kernel_size: [1, 1]
						stride: 1
					type: ReLU
				fcn_component:
					type: Dropout
						p: 0.2
					type: Linear
						out_features: 128
					type: ReLU
					type: Dropout
						p: 0.2
					type: Linear
						in_features: 128
						out_features: 64
					type: ReLU
				encoder_component:
					type: Dropout
						p: 0.2
					type: Linear
						out_features: 256
					type: ReLU
					type: Dropout
						p: 0.2
					type: Linear
						in_features: 256
						out_features: 128
					type: ReLU
					type: Dropout
						p: 0.2
					type: Linear
						in_features: 128
						out_features: 64
					type: ReLU
					type: Dropout
						p: 0.2
					type: Linear
						in_features: 64
						out_features: 1
					type: ReLU
					type: Sigmoid
INFO flwr 2024-05-16 21:24:48,297 | Config.py:68 | Starting conFEDential simulation
INFO flwr 2024-05-16 21:24:48,298 | Config.py:77 | Found previous federated learning simulation, continuing to attack simulation...
2024-05-16 21:24:51,462	VINFO scripts.py:1068 -- Send termination request to `/home/s2240084/conFEDential/venv/lib/python3.10/site-packages/ray/core/src/ray/raylet/raylet --raylet_socket_name=/local/ray/session_2024-05-16_21-20-29_976932_2082410/sockets/raylet --store_socket_name=/local/ray/session_2024-05-16_21-20-29_976932_2082410/sockets/plasma_store --object_manager_port=0 --min_worker_port=10002 --max_worker_port=19999 --node_manager_port=0 --node_ip_address=10.20.240.12 --maximum_startup_concurrency=16 --static_resource_list=node:10.20.240.12,1.0,node:__internal_head__,1.0,accelerator_type:TITAN,1,CPU,16,GPU,1,memory,8589934592,object_store_memory,71542297804 "--python_worker_command=/home/s2240084/conFEDential/venv/bin/python /home/s2240084/conFEDential/venv/lib/python3.10/site-packages/ray/_private/workers/setup_worker.py /home/s2240084/conFEDential/venv/lib/python3.10/site-packages/ray/_private/workers/default_worker.py --node-ip-address=10.20.240.12 --node-manager-port=RAY_NODE_MANAGER_PORT_PLACEHOLDER --object-store-name=/local/ray/session_2024-05-16_21-20-29_976932_2082410/sockets/plasma_store --raylet-name=/local/ray/session_2024-05-16_21-20-29_976932_2082410/sockets/raylet --redis-address=None --temp-dir=/local/ray --metrics-agent-port=58498 --logging-rotate-bytes=536870912 --logging-rotate-backup-count=5 --gcs-address=10.20.240.12:6379 --session-name=session_2024-05-16_21-20-29_976932_2082410 --temp-dir=/local/ray --webui= RAY_WORKER_DYNAMIC_OPTION_PLACEHOLDER" "--java_worker_command=/home/s2240084/conFEDential/venv/bin/python /home/s2240084/conFEDential/venv/lib/python3.10/site-packages/ray/_private/workers/setup_worker.py -Dray.address=10.20.240.12:6379 -Dray.raylet.node-manager-port=RAY_NODE_MANAGER_PORT_PLACEHOLDER -Dray.object-store.socket-name=/local/ray/session_2024-05-16_21-20-29_976932_2082410/sockets/plasma_store -Dray.raylet.socket-name=/local/ray/session_2024-05-16_21-20-29_976932_2082410/sockets/raylet -Dray.redis.password= -Dray.node-ip=10.20.240.12 -Dray.home=/home/s2240084/conFEDential/venv/lib/python3.10/site-packages/ray/../.. -Dray.logging.dir=/local/ray/session_2024-05-16_21-20-29_976932_2082410/logs -Dray.session-dir=/local/ray/session_2024-05-16_21-20-29_976932_2082410 RAY_WORKER_DYNAMIC_OPTION_PLACEHOLDER io.ray.runtime.runner.worker.DefaultWorker" --cpp_worker_command= --native_library_path=/home/s2240084/conFEDential/venv/lib/python3.10/site-packages/ray/cpp/lib --temp_dir=/local/ray --session_dir=/local/ray/session_2024-05-16_21-20-29_976932_2082410 --log_dir=/local/ray/session_2024-05-16_21-20-29_976932_2082410/logs --resource_dir=/local/ray/session_2024-05-16_21-20-29_976932_2082410/runtime_resources --metrics-agent-port=58498 --metrics_export_port=54315 --object_store_memory=71542297804 --plasma_directory=/dev/shm --ray-debugger-external=0 --gcs-address=10.20.240.12:6379 --session-name=session_2024-05-16_21-20-29_976932_2082410 --labels= --head --num_prestart_python_workers=16 "--agent_command=/home/s2240084/conFEDential/venv/bin/python -u /home/s2240084/conFEDential/venv/lib/python3.10/site-packages/ray/dashboard/agent.py --node-ip-address=10.20.240.12 --metrics-export-port=54315 --dashboard-agent-port=58498 --listen-port=52365 --node-manager-port=RAY_NODE_MANAGER_PORT_PLACEHOLDER --object-store-name=/local/ray/session_2024-05-16_21-20-29_976932_2082410/sockets/plasma_store --raylet-name=/local/ray/session_2024-05-16_21-20-29_976932_2082410/sockets/raylet --temp-dir=/local/ray --session-dir=/local/ray/session_2024-05-16_21-20-29_976932_2082410 --runtime-env-dir=/local/ray/session_2024-05-16_21-20-29_976932_2082410/runtime_resources --log-dir=/local/ray/session_2024-05-16_21-20-29_976932_2082410/logs --logging-rotate-bytes=536870912 --logging-rotate-backup-count=5 --session-name=session_2024-05-16_21-20-29_976932_2082410 --gcs-address=10.20.240.12:6379 --minimal"` (via SIGTERM)
2024-05-16 21:24:51,465	VINFO scripts.py:1068 -- Send termination request to `/home/s2240084/conFEDential/venv/bin/python -u /home/s2240084/conFEDential/venv/lib/python3.10/site-packages/ray/autoscaler/_private/monitor.py --logs-dir=/local/ray/session_2024-05-16_21-20-29_976932_2082410/logs --logging-rotate-bytes=536870912 --logging-rotate-backup-count=5 --gcs-address=10.20.240.12:6379 --monitor-ip=10.20.240.12` (via SIGTERM)
2024-05-16 21:24:51,466	VINFO scripts.py:1068 -- Send termination request to `/home/s2240084/conFEDential/venv/bin/python -u /home/s2240084/conFEDential/venv/lib/python3.10/site-packages/ray/_private/log_monitor.py --logs-dir=/local/ray/session_2024-05-16_21-20-29_976932_2082410/logs --gcs-address=10.20.240.12:6379 --logging-rotate-bytes=536870912 --logging-rotate-backup-count=5` (via SIGTERM)
2024-05-16 21:24:51,469	VINFO scripts.py:1068 -- Send termination request to `/home/s2240084/conFEDential/venv/bin/python -m ray.util.client.server --address=10.20.240.12:6379 --host=0.0.0.0 --port=10001 --mode=proxy --metrics-agent-port=58498` (via SIGTERM)
2024-05-16 21:24:51,472	VINFO scripts.py:1068 -- Send termination request to `/home/s2240084/conFEDential/venv/lib/python3.10/site-packages/ray/core/src/ray/raylet/raylet --raylet_socket_name=/local/ray/session_2024-05-16_21-20-29_976932_2082410/sockets/raylet --store_socket_name=/local/ray/session_2024-05-16_21-20-29_976932_2082410/sockets/plasma_store --object_manager_port=0 --min_worker_port=10002 --max_worker_port=19999 --node_manager_port=0 --node_ip_address=10.20.240.12 --maximum_startup_concurrency=16 --static_resource_list=node:10.20.240.12,1.0,node:__internal_head__,1.0,accelerator_type:TITAN,1,CPU,16,GPU,1,memory,8589934592,object_store_memory,71542297804 "--python_worker_command=/home/s2240084/conFEDential/venv/bin/python /home/s2240084/conFEDential/venv/lib/python3.10/site-packages/ray/_private/workers/setup_worker.py /home/s2240084/conFEDential/venv/lib/python3.10/site-packages/ray/_private/workers/default_worker.py --node-ip-address=10.20.240.12 --node-manager-port=RAY_NODE_MANAGER_PORT_PLACEHOLDER --object-store-name=/local/ray/session_2024-05-16_21-20-29_976932_2082410/sockets/plasma_store --raylet-name=/local/ray/session_2024-05-16_21-20-29_976932_2082410/sockets/raylet --redis-address=None --temp-dir=/local/ray --metrics-agent-port=58498 --logging-rotate-bytes=536870912 --logging-rotate-backup-count=5 --gcs-address=10.20.240.12:6379 --session-name=session_2024-05-16_21-20-29_976932_2082410 --temp-dir=/local/ray --webui= RAY_WORKER_DYNAMIC_OPTION_PLACEHOLDER" "--java_worker_command=/home/s2240084/conFEDential/venv/bin/python /home/s2240084/conFEDential/venv/lib/python3.10/site-packages/ray/_private/workers/setup_worker.py -Dray.address=10.20.240.12:6379 -Dray.raylet.node-manager-port=RAY_NODE_MANAGER_PORT_PLACEHOLDER -Dray.object-store.socket-name=/local/ray/session_2024-05-16_21-20-29_976932_2082410/sockets/plasma_store -Dray.raylet.socket-name=/local/ray/session_2024-05-16_21-20-29_976932_2082410/sockets/raylet -Dray.redis.password= -Dray.node-ip=10.20.240.12 -Dray.home=/home/s2240084/conFEDential/venv/lib/python3.10/site-packages/ray/../.. -Dray.logging.dir=/local/ray/session_2024-05-16_21-20-29_976932_2082410/logs -Dray.session-dir=/local/ray/session_2024-05-16_21-20-29_976932_2082410 RAY_WORKER_DYNAMIC_OPTION_PLACEHOLDER io.ray.runtime.runner.worker.DefaultWorker" --cpp_worker_command= --native_library_path=/home/s2240084/conFEDential/venv/lib/python3.10/site-packages/ray/cpp/lib --temp_dir=/local/ray --session_dir=/local/ray/session_2024-05-16_21-20-29_976932_2082410 --log_dir=/local/ray/session_2024-05-16_21-20-29_976932_2082410/logs --resource_dir=/local/ray/session_2024-05-16_21-20-29_976932_2082410/runtime_resources --metrics-agent-port=58498 --metrics_export_port=54315 --object_store_memory=71542297804 --plasma_directory=/dev/shm --ray-debugger-external=0 --gcs-address=10.20.240.12:6379 --session-name=session_2024-05-16_21-20-29_976932_2082410 --labels= --head --num_prestart_python_workers=16 "--agent_command=/home/s2240084/conFEDential/venv/bin/python -u /home/s2240084/conFEDential/venv/lib/python3.10/site-packages/ray/dashboard/agent.py --node-ip-address=10.20.240.12 --metrics-export-port=54315 --dashboard-agent-port=58498 --listen-port=52365 --node-manager-port=RAY_NODE_MANAGER_PORT_PLACEHOLDER --object-store-name=/local/ray/session_2024-05-16_21-20-29_976932_2082410/sockets/plasma_store --raylet-name=/local/ray/session_2024-05-16_21-20-29_976932_2082410/sockets/raylet --temp-dir=/local/ray --session-dir=/local/ray/session_2024-05-16_21-20-29_976932_2082410 --runtime-env-dir=/local/ray/session_2024-05-16_21-20-29_976932_2082410/runtime_resources --log-dir=/local/ray/session_2024-05-16_21-20-29_976932_2082410/logs --logging-rotate-bytes=536870912 --logging-rotate-backup-count=5 --session-name=session_2024-05-16_21-20-29_976932_2082410 --gcs-address=10.20.240.12:6379 --minimal"` (via SIGTERM)
2024-05-16 21:24:51,476	VINFO scripts.py:1068 -- Send termination request to `/home/s2240084/conFEDential/venv/lib/python3.10/site-packages/ray/core/src/ray/raylet/raylet --raylet_socket_name=/local/ray/session_2024-05-16_21-20-29_976932_2082410/sockets/raylet --store_socket_name=/local/ray/session_2024-05-16_21-20-29_976932_2082410/sockets/plasma_store --object_manager_port=0 --min_worker_port=10002 --max_worker_port=19999 --node_manager_port=0 --node_ip_address=10.20.240.12 --maximum_startup_concurrency=16 --static_resource_list=node:10.20.240.12,1.0,node:__internal_head__,1.0,accelerator_type:TITAN,1,CPU,16,GPU,1,memory,8589934592,object_store_memory,71542297804 "--python_worker_command=/home/s2240084/conFEDential/venv/bin/python /home/s2240084/conFEDential/venv/lib/python3.10/site-packages/ray/_private/workers/setup_worker.py /home/s2240084/conFEDential/venv/lib/python3.10/site-packages/ray/_private/workers/default_worker.py --node-ip-address=10.20.240.12 --node-manager-port=RAY_NODE_MANAGER_PORT_PLACEHOLDER --object-store-name=/local/ray/session_2024-05-16_21-20-29_976932_2082410/sockets/plasma_store --raylet-name=/local/ray/session_2024-05-16_21-20-29_976932_2082410/sockets/raylet --redis-address=None --temp-dir=/local/ray --metrics-agent-port=58498 --logging-rotate-bytes=536870912 --logging-rotate-backup-count=5 --gcs-address=10.20.240.12:6379 --session-name=session_2024-05-16_21-20-29_976932_2082410 --temp-dir=/local/ray --webui= RAY_WORKER_DYNAMIC_OPTION_PLACEHOLDER" "--java_worker_command=/home/s2240084/conFEDential/venv/bin/python /home/s2240084/conFEDential/venv/lib/python3.10/site-packages/ray/_private/workers/setup_worker.py -Dray.address=10.20.240.12:6379 -Dray.raylet.node-manager-port=RAY_NODE_MANAGER_PORT_PLACEHOLDER -Dray.object-store.socket-name=/local/ray/session_2024-05-16_21-20-29_976932_2082410/sockets/plasma_store -Dray.raylet.socket-name=/local/ray/session_2024-05-16_21-20-29_976932_2082410/sockets/raylet -Dray.redis.password= -Dray.node-ip=10.20.240.12 -Dray.home=/home/s2240084/conFEDential/venv/lib/python3.10/site-packages/ray/../.. -Dray.logging.dir=/local/ray/session_2024-05-16_21-20-29_976932_2082410/logs -Dray.session-dir=/local/ray/session_2024-05-16_21-20-29_976932_2082410 RAY_WORKER_DYNAMIC_OPTION_PLACEHOLDER io.ray.runtime.runner.worker.DefaultWorker" --cpp_worker_command= --native_library_path=/home/s2240084/conFEDential/venv/lib/python3.10/site-packages/ray/cpp/lib --temp_dir=/local/ray --session_dir=/local/ray/session_2024-05-16_21-20-29_976932_2082410 --log_dir=/local/ray/session_2024-05-16_21-20-29_976932_2082410/logs --resource_dir=/local/ray/session_2024-05-16_21-20-29_976932_2082410/runtime_resources --metrics-agent-port=58498 --metrics_export_port=54315 --object_store_memory=71542297804 --plasma_directory=/dev/shm --ray-debugger-external=0 --gcs-address=10.20.240.12:6379 --session-name=session_2024-05-16_21-20-29_976932_2082410 --labels= --head --num_prestart_python_workers=16 "--agent_command=/home/s2240084/conFEDential/venv/bin/python -u /home/s2240084/conFEDential/venv/lib/python3.10/site-packages/ray/dashboard/agent.py --node-ip-address=10.20.240.12 --metrics-export-port=54315 --dashboard-agent-port=58498 --listen-port=52365 --node-manager-port=RAY_NODE_MANAGER_PORT_PLACEHOLDER --object-store-name=/local/ray/session_2024-05-16_21-20-29_976932_2082410/sockets/plasma_store --raylet-name=/local/ray/session_2024-05-16_21-20-29_976932_2082410/sockets/raylet --temp-dir=/local/ray --session-dir=/local/ray/session_2024-05-16_21-20-29_976932_2082410 --runtime-env-dir=/local/ray/session_2024-05-16_21-20-29_976932_2082410/runtime_resources --log-dir=/local/ray/session_2024-05-16_21-20-29_976932_2082410/logs --logging-rotate-bytes=536870912 --logging-rotate-backup-count=5 --session-name=session_2024-05-16_21-20-29_976932_2082410 --gcs-address=10.20.240.12:6379 --minimal"` (via SIGTERM)
2024-05-16 21:24:51,479	VINFO scripts.py:1068 -- Send termination request to `/home/s2240084/conFEDential/venv/lib/python3.10/site-packages/ray/core/src/ray/raylet/raylet --raylet_socket_name=/local/ray/session_2024-05-16_21-20-29_976932_2082410/sockets/raylet --store_socket_name=/local/ray/session_2024-05-16_21-20-29_976932_2082410/sockets/plasma_store --object_manager_port=0 --min_worker_port=10002 --max_worker_port=19999 --node_manager_port=0 --node_ip_address=10.20.240.12 --maximum_startup_concurrency=16 --static_resource_list=node:10.20.240.12,1.0,node:__internal_head__,1.0,accelerator_type:TITAN,1,CPU,16,GPU,1,memory,8589934592,object_store_memory,71542297804 "--python_worker_command=/home/s2240084/conFEDential/venv/bin/python /home/s2240084/conFEDential/venv/lib/python3.10/site-packages/ray/_private/workers/setup_worker.py /home/s2240084/conFEDential/venv/lib/python3.10/site-packages/ray/_private/workers/default_worker.py --node-ip-address=10.20.240.12 --node-manager-port=RAY_NODE_MANAGER_PORT_PLACEHOLDER --object-store-name=/local/ray/session_2024-05-16_21-20-29_976932_2082410/sockets/plasma_store --raylet-name=/local/ray/session_2024-05-16_21-20-29_976932_2082410/sockets/raylet --redis-address=None --temp-dir=/local/ray --metrics-agent-port=58498 --logging-rotate-bytes=536870912 --logging-rotate-backup-count=5 --gcs-address=10.20.240.12:6379 --session-name=session_2024-05-16_21-20-29_976932_2082410 --temp-dir=/local/ray --webui= RAY_WORKER_DYNAMIC_OPTION_PLACEHOLDER" "--java_worker_command=/home/s2240084/conFEDential/venv/bin/python /home/s2240084/conFEDential/venv/lib/python3.10/site-packages/ray/_private/workers/setup_worker.py -Dray.address=10.20.240.12:6379 -Dray.raylet.node-manager-port=RAY_NODE_MANAGER_PORT_PLACEHOLDER -Dray.object-store.socket-name=/local/ray/session_2024-05-16_21-20-29_976932_2082410/sockets/plasma_store -Dray.raylet.socket-name=/local/ray/session_2024-05-16_21-20-29_976932_2082410/sockets/raylet -Dray.redis.password= -Dray.node-ip=10.20.240.12 -Dray.home=/home/s2240084/conFEDential/venv/lib/python3.10/site-packages/ray/../.. -Dray.logging.dir=/local/ray/session_2024-05-16_21-20-29_976932_2082410/logs -Dray.session-dir=/local/ray/session_2024-05-16_21-20-29_976932_2082410 RAY_WORKER_DYNAMIC_OPTION_PLACEHOLDER io.ray.runtime.runner.worker.DefaultWorker" --cpp_worker_command= --native_library_path=/home/s2240084/conFEDential/venv/lib/python3.10/site-packages/ray/cpp/lib --temp_dir=/local/ray --session_dir=/local/ray/session_2024-05-16_21-20-29_976932_2082410 --log_dir=/local/ray/session_2024-05-16_21-20-29_976932_2082410/logs --resource_dir=/local/ray/session_2024-05-16_21-20-29_976932_2082410/runtime_resources --metrics-agent-port=58498 --metrics_export_port=54315 --object_store_memory=71542297804 --plasma_directory=/dev/shm --ray-debugger-external=0 --gcs-address=10.20.240.12:6379 --session-name=session_2024-05-16_21-20-29_976932_2082410 --labels= --head --num_prestart_python_workers=16 "--agent_command=/home/s2240084/conFEDential/venv/bin/python -u /home/s2240084/conFEDential/venv/lib/python3.10/site-packages/ray/dashboard/agent.py --node-ip-address=10.20.240.12 --metrics-export-port=54315 --dashboard-agent-port=58498 --listen-port=52365 --node-manager-port=RAY_NODE_MANAGER_PORT_PLACEHOLDER --object-store-name=/local/ray/session_2024-05-16_21-20-29_976932_2082410/sockets/plasma_store --raylet-name=/local/ray/session_2024-05-16_21-20-29_976932_2082410/sockets/raylet --temp-dir=/local/ray --session-dir=/local/ray/session_2024-05-16_21-20-29_976932_2082410 --runtime-env-dir=/local/ray/session_2024-05-16_21-20-29_976932_2082410/runtime_resources --log-dir=/local/ray/session_2024-05-16_21-20-29_976932_2082410/logs --logging-rotate-bytes=536870912 --logging-rotate-backup-count=5 --session-name=session_2024-05-16_21-20-29_976932_2082410 --gcs-address=10.20.240.12:6379 --minimal"` (via SIGTERM)
2024-05-16 21:24:51,482	VINFO scripts.py:1068 -- Send termination request to `/home/s2240084/conFEDential/venv/bin/python -u /home/s2240084/conFEDential/venv/lib/python3.10/site-packages/ray/_private/log_monitor.py --logs-dir=/local/ray/session_2024-05-16_21-20-29_976932_2082410/logs --gcs-address=10.20.240.12:6379 --logging-rotate-bytes=536870912 --logging-rotate-backup-count=5` (via SIGTERM)
2024-05-16 21:24:51,489	VINFO scripts.py:1068 -- Send termination request to `/home/s2240084/conFEDential/venv/lib/python3.10/site-packages/ray/core/src/ray/raylet/raylet --raylet_socket_name=/local/ray/session_2024-05-16_21-20-29_976932_2082410/sockets/raylet --store_socket_name=/local/ray/session_2024-05-16_21-20-29_976932_2082410/sockets/plasma_store --object_manager_port=0 --min_worker_port=10002 --max_worker_port=19999 --node_manager_port=0 --node_ip_address=10.20.240.12 --maximum_startup_concurrency=16 --static_resource_list=node:10.20.240.12,1.0,node:__internal_head__,1.0,accelerator_type:TITAN,1,CPU,16,GPU,1,memory,8589934592,object_store_memory,71542297804 "--python_worker_command=/home/s2240084/conFEDential/venv/bin/python /home/s2240084/conFEDential/venv/lib/python3.10/site-packages/ray/_private/workers/setup_worker.py /home/s2240084/conFEDential/venv/lib/python3.10/site-packages/ray/_private/workers/default_worker.py --node-ip-address=10.20.240.12 --node-manager-port=RAY_NODE_MANAGER_PORT_PLACEHOLDER --object-store-name=/local/ray/session_2024-05-16_21-20-29_976932_2082410/sockets/plasma_store --raylet-name=/local/ray/session_2024-05-16_21-20-29_976932_2082410/sockets/raylet --redis-address=None --temp-dir=/local/ray --metrics-agent-port=58498 --logging-rotate-bytes=536870912 --logging-rotate-backup-count=5 --gcs-address=10.20.240.12:6379 --session-name=session_2024-05-16_21-20-29_976932_2082410 --temp-dir=/local/ray --webui= RAY_WORKER_DYNAMIC_OPTION_PLACEHOLDER" "--java_worker_command=/home/s2240084/conFEDential/venv/bin/python /home/s2240084/conFEDential/venv/lib/python3.10/site-packages/ray/_private/workers/setup_worker.py -Dray.address=10.20.240.12:6379 -Dray.raylet.node-manager-port=RAY_NODE_MANAGER_PORT_PLACEHOLDER -Dray.object-store.socket-name=/local/ray/session_2024-05-16_21-20-29_976932_2082410/sockets/plasma_store -Dray.raylet.socket-name=/local/ray/session_2024-05-16_21-20-29_976932_2082410/sockets/raylet -Dray.redis.password= -Dray.node-ip=10.20.240.12 -Dray.home=/home/s2240084/conFEDential/venv/lib/python3.10/site-packages/ray/../.. -Dray.logging.dir=/local/ray/session_2024-05-16_21-20-29_976932_2082410/logs -Dray.session-dir=/local/ray/session_2024-05-16_21-20-29_976932_2082410 RAY_WORKER_DYNAMIC_OPTION_PLACEHOLDER io.ray.runtime.runner.worker.DefaultWorker" --cpp_worker_command= --native_library_path=/home/s2240084/conFEDential/venv/lib/python3.10/site-packages/ray/cpp/lib --temp_dir=/local/ray --session_dir=/local/ray/session_2024-05-16_21-20-29_976932_2082410 --log_dir=/local/ray/session_2024-05-16_21-20-29_976932_2082410/logs --resource_dir=/local/ray/session_2024-05-16_21-20-29_976932_2082410/runtime_resources --metrics-agent-port=58498 --metrics_export_port=54315 --object_store_memory=71542297804 --plasma_directory=/dev/shm --ray-debugger-external=0 --gcs-address=10.20.240.12:6379 --session-name=session_2024-05-16_21-20-29_976932_2082410 --labels= --head --num_prestart_python_workers=16 "--agent_command=/home/s2240084/conFEDential/venv/bin/python -u /home/s2240084/conFEDential/venv/lib/python3.10/site-packages/ray/dashboard/agent.py --node-ip-address=10.20.240.12 --metrics-export-port=54315 --dashboard-agent-port=58498 --listen-port=52365 --node-manager-port=RAY_NODE_MANAGER_PORT_PLACEHOLDER --object-store-name=/local/ray/session_2024-05-16_21-20-29_976932_2082410/sockets/plasma_store --raylet-name=/local/ray/session_2024-05-16_21-20-29_976932_2082410/sockets/raylet --temp-dir=/local/ray --session-dir=/local/ray/session_2024-05-16_21-20-29_976932_2082410 --runtime-env-dir=/local/ray/session_2024-05-16_21-20-29_976932_2082410/runtime_resources --log-dir=/local/ray/session_2024-05-16_21-20-29_976932_2082410/logs --logging-rotate-bytes=536870912 --logging-rotate-backup-count=5 --session-name=session_2024-05-16_21-20-29_976932_2082410 --gcs-address=10.20.240.12:6379 --minimal"` (via SIGTERM)
2024-05-16 21:24:51,489	VINFO scripts.py:1068 -- Send termination request to `/home/s2240084/conFEDential/venv/bin/python -u /home/s2240084/conFEDential/venv/lib/python3.10/site-packages/ray/dashboard/agent.py --node-ip-address=10.20.240.12 --metrics-export-port=54315 --dashboard-agent-port=58498 --listen-port=52365 --node-manager-port=35083 --object-store-name=/local/ray/session_2024-05-16_21-20-29_976932_2082410/sockets/plasma_store --raylet-name=/local/ray/session_2024-05-16_21-20-29_976932_2082410/sockets/raylet --temp-dir=/local/ray --session-dir=/local/ray/session_2024-05-16_21-20-29_976932_2082410 --runtime-env-dir=/local/ray/session_2024-05-16_21-20-29_976932_2082410/runtime_resources --log-dir=/local/ray/session_2024-05-16_21-20-29_976932_2082410/logs --logging-rotate-bytes=536870912 --logging-rotate-backup-count=5 --session-name=session_2024-05-16_21-20-29_976932_2082410 --gcs-address=10.20.240.12:6379 --minimal --agent-id 424238335` (via SIGTERM)
2024-05-16 21:24:51,493	VINFO scripts.py:1068 -- Send termination request to `/home/s2240084/conFEDential/venv/bin/python /home/s2240084/conFEDential/venv/lib/python3.10/site-packages/ray/dashboard/dashboard.py --host=127.0.0.1 --port=8265 --port-retries=0 --temp-dir=/local/ray --log-dir=/local/ray/session_2024-05-16_21-20-29_976932_2082410/logs --session-dir=/local/ray/session_2024-05-16_21-20-29_976932_2082410 --logging-rotate-bytes=536870912 --logging-rotate-backup-count=5 --gcs-address=10.20.240.12:6379 --node-ip-address=10.20.240.12 --minimal` (via SIGTERM)
2024-05-16 21:24:51,509	INFO scripts.py:1098 -- 1/6 stopped.2024-05-16 21:24:51,601	INFO scripts.py:1098 -- 2/6 stopped.2024-05-16 21:24:51,601	INFO scripts.py:1098 -- 3/6 stopped.2024-05-16 21:24:51,601	INFO scripts.py:1098 -- 4/6 stopped.2024-05-16 21:24:51,865	INFO scripts.py:1098 -- 5/6 stopped.2024-05-16 21:24:52,118	INFO scripts.py:1098 -- 6/6 stopped.2024-05-16 21:24:52,314	VINFO scripts.py:1068 -- Send termination request to `/home/s2240084/conFEDential/venv/lib/python3.10/site-packages/ray/core/src/ray/gcs/gcs_server --log_dir=/local/ray/session_2024-05-16_21-20-29_976932_2082410/logs --config_list=eyJvYmplY3Rfc3BpbGxpbmdfY29uZmlnIjogIntcInR5cGVcIjogXCJmaWxlc3lzdGVtXCIsIFwicGFyYW1zXCI6IHtcImRpcmVjdG9yeV9wYXRoXCI6IFwiL2xvY2FsL3JheS9zZXNzaW9uXzIwMjQtMDUtMTZfMjEtMjAtMjlfOTc2OTMyXzIwODI0MTBcIn19IiwgImlzX2V4dGVybmFsX3N0b3JhZ2VfdHlwZV9mcyI6IHRydWV9 --gcs_server_port=6379 --metrics-agent-port=58498 --node-ip-address=10.20.240.12 --session-name=session_2024-05-16_21-20-29_976932_2082410` (via SIGTERM)
2024-05-16 21:24:52,647	INFO scripts.py:1098 -- 1/1 stopped.2024-05-16 21:24:52,647	SUCC scripts.py:1142 -- Stopped all 7 Ray processes.
