ctit087
2024-05-16 21:07:31,613	INFO usage_lib.py:407 -- Usage stats collection is enabled by default without user confirmation because this terminal is detected to be non-interactive. To disable this, add `--disable-usage-stats` to the command that starts the cluster, or run the following command: `ray disable-usage-stats` before starting the cluster. See https://docs.ray.io/en/master/cluster/usage-stats.html for more details.
2024-05-16 21:07:31,613	INFO scripts.py:722 -- Local node IP: 10.20.240.17
2024-05-16 21:07:38,365	SUCC scripts.py:759 -- --------------------
2024-05-16 21:07:38,365	SUCC scripts.py:760 -- Ray runtime started.
2024-05-16 21:07:38,365	SUCC scripts.py:761 -- --------------------
2024-05-16 21:07:38,365	INFO scripts.py:763 -- Next steps
2024-05-16 21:07:38,365	INFO scripts.py:766 -- To add another node to this Ray cluster, run
2024-05-16 21:07:38,365	INFO scripts.py:769 --   ray start --address='10.20.240.17:6379'
2024-05-16 21:07:38,365	INFO scripts.py:778 -- To connect to this Ray cluster:
2024-05-16 21:07:38,365	INFO scripts.py:780 -- import ray
2024-05-16 21:07:38,365	INFO scripts.py:781 -- ray.init()
2024-05-16 21:07:38,365	INFO scripts.py:812 -- To terminate the Ray runtime, run
2024-05-16 21:07:38,365	INFO scripts.py:813 --   ray stop
2024-05-16 21:07:38,365	INFO scripts.py:816 -- To view the status of the cluster, use
2024-05-16 21:07:38,365	INFO scripts.py:817 --   ray status
2024-05-16 21:08:21.787896: I tensorflow/core/platform/cpu_feature_guard.cc:210] This TensorFlow binary is optimized to use available CPU instructions in performance-critical operations.
To enable the following instructions: AVX2 FMA, in other operations, rebuild TensorFlow with the appropriate compiler flags.
2024-05-16 21:08:35.426285: W tensorflow/compiler/tf2tensorrt/utils/py_utils.cc:38] TF-TRT Warning: Could not find TensorRT
INFO flwr 2024-05-16 21:09:29,638 | Data.py:31 | Preprocessing the federated learning dataset
INFO flwr 2024-05-16 21:09:29,642 | Data.py:107 | Found preprocessed data for the given preprocess function, returning
INFO flwr 2024-05-16 21:09:50,486 | Simulation.py:37 | Preparing datasets for federated learning simulation
INFO flwr 2024-05-16 21:09:50,487 | Simulation.py:254 | Found previously split dataloaders, loading them
INFO flwr 2024-05-16 21:10:08,177 | main.py:103 | Loaded 1 configs with name CIFAR100-RESNET34-FEDADAM, running...
INFO flwr 2024-05-16 21:10:08,178 | main.py:105 | Config:
	Simulation:
		Data:
			dataset_name: cifar100
			batch_size: 128
			preprocess_fn:
				def preprocess_fn(element):
				  return {
				    "x": (element["img"] / 255.).transpose(2, 0, 1),
				    "y": element["fine_label"]
				  }
		Federation:
			client_count: 100
			fraction_fit: 0.1
			global_rounds: 1
			local_rounds: 1
		Model:
			optimizer_name: FedAdam
			model_name: ResNet34
			criterion_name: CrossEntropyLoss
			optimizer_parameters: 
				local: {'lr': 0.1}
				global: {'lr': 0.1, 'betas': [0.9, 0.999], 'eps': 1e-09, 'weight_decay': 0.9999}
			model_architecture:
				repo_or_dir: pytorch/vision:v0.10.0
					model: resnet34
					pretrained: False
					out_features: 100
	Attack:
		data_access: all
		message_access: server
		repetitions: 10
		Attack Simulation:
			batch_size: 64
			optimizer_name: FedAvg
			optimizer_parameters:
				lr: 0.1
			ModelArchitecture:
				gradient_component:
					type: Dropout
						p: 0.2
					type: Conv3d
						out_channels: 1000
						kernel_size: [1, 1]
						stride: 1
					type: ReLU
				fcn_component:
					type: Dropout
						p: 0.2
					type: Linear
						out_features: 128
					type: ReLU
					type: Dropout
						p: 0.2
					type: Linear
						in_features: 128
						out_features: 64
					type: ReLU
				encoder_component:
					type: Dropout
						p: 0.2
					type: Linear
						out_features: 256
					type: ReLU
					type: Dropout
						p: 0.2
					type: Linear
						in_features: 256
						out_features: 128
					type: ReLU
					type: Dropout
						p: 0.2
					type: Linear
						in_features: 128
						out_features: 64
					type: ReLU
					type: Dropout
						p: 0.2
					type: Linear
						in_features: 64
						out_features: 1
					type: ReLU
					type: Sigmoid
INFO flwr 2024-05-16 21:10:08,178 | Config.py:68 | Starting conFEDential simulation
INFO flwr 2024-05-16 21:10:08,181 | Config.py:72 | No previous federated learning simulation found, starting training simulation...
wandb: Tracking run with wandb version 0.16.5
wandb: W&B syncing is set to `offline` in this directory.  
wandb: Run `wandb online` or set WANDB_MODE=online to enable cloud syncing.
INFO flwr 2024-05-16 21:10:09,894 | Simulation.py:394 | Created 1 clients with resources 2 CPUs, 1.0 GPUs, and 8.0GB for the total available 2 CPUs, 1 GPUs and 16.0GB.
INFO flwr 2024-05-16 21:10:09,894 | Simulation.py:160 | Starting federated learning simulation
INFO flwr 2024-05-16 21:10:09,895 | app.py:178 | Starting Flower simulation, config: ServerConfig(num_rounds=1, round_timeout=None)
2024-05-16 21:10:12,911	INFO worker.py:1621 -- Started a local Ray instance.
[2024-05-16 21:10:43,613 E 241758 241758] core_worker.cc:201: Failed to register worker 01000000ffffffffffffffffffffffffffffffffffffffffffffffff to Raylet. IOError: [RayletClient] Unable to register worker with raylet. No such file or directory
srun: error: ctit087: task 0: Exited with exit code 1
2024-05-16 21:10:47.313739: I tensorflow/core/platform/cpu_feature_guard.cc:210] This TensorFlow binary is optimized to use available CPU instructions in performance-critical operations.
To enable the following instructions: AVX2 FMA, in other operations, rebuild TensorFlow with the appropriate compiler flags.
2024-05-16 21:10:48.401516: W tensorflow/compiler/tf2tensorrt/utils/py_utils.cc:38] TF-TRT Warning: Could not find TensorRT
INFO flwr 2024-05-16 21:10:52,410 | Data.py:31 | Preprocessing the federated learning dataset
INFO flwr 2024-05-16 21:10:52,411 | Data.py:107 | Found preprocessed data for the given preprocess function, returning
INFO flwr 2024-05-16 21:10:53,757 | Simulation.py:37 | Preparing datasets for federated learning simulation
INFO flwr 2024-05-16 21:10:53,758 | Simulation.py:254 | Found previously split dataloaders, loading them
INFO flwr 2024-05-16 21:10:54,358 | main.py:103 | Loaded 1 configs with name CIFAR100-RESNET34-FEDAVG, running...
INFO flwr 2024-05-16 21:10:54,358 | main.py:105 | Config:
	Simulation:
		Data:
			dataset_name: cifar100
			batch_size: 128
			preprocess_fn:
				def preprocess_fn(element):
				  return {
				    "x": (element["img"] / 255.).transpose(2, 0, 1),
				    "y": element["fine_label"]
				  }
		Federation:
			client_count: 100
			fraction_fit: 0.1
			global_rounds: 1
			local_rounds: 1
		Model:
			optimizer_name: FedAvg
			model_name: ResNet34
			criterion_name: CrossEntropyLoss
			optimizer_parameters: 
				lr: 0.1
			model_architecture:
				repo_or_dir: pytorch/vision:v0.10.0
					model: resnet34
					pretrained: False
					out_features: 100
	Attack:
		data_access: all
		message_access: server
		repetitions: 10
		Attack Simulation:
			batch_size: 64
			optimizer_name: FedAvg
			optimizer_parameters:
				lr: 0.1
			ModelArchitecture:
				gradient_component:
					type: Dropout
						p: 0.2
					type: Conv3d
						out_channels: 1000
						kernel_size: [1, 1]
						stride: 1
					type: ReLU
				fcn_component:
					type: Dropout
						p: 0.2
					type: Linear
						out_features: 128
					type: ReLU
					type: Dropout
						p: 0.2
					type: Linear
						in_features: 128
						out_features: 64
					type: ReLU
				encoder_component:
					type: Dropout
						p: 0.2
					type: Linear
						out_features: 256
					type: ReLU
					type: Dropout
						p: 0.2
					type: Linear
						in_features: 256
						out_features: 128
					type: ReLU
					type: Dropout
						p: 0.2
					type: Linear
						in_features: 128
						out_features: 64
					type: ReLU
					type: Dropout
						p: 0.2
					type: Linear
						in_features: 64
						out_features: 1
					type: ReLU
					type: Sigmoid
INFO flwr 2024-05-16 21:10:54,358 | Config.py:68 | Starting conFEDential simulation
INFO flwr 2024-05-16 21:10:54,361 | Config.py:72 | No previous federated learning simulation found, starting training simulation...
wandb: Tracking run with wandb version 0.16.5
wandb: W&B syncing is set to `offline` in this directory.  
wandb: Run `wandb online` or set WANDB_MODE=online to enable cloud syncing.
INFO flwr 2024-05-16 21:10:55,692 | Simulation.py:394 | Created 1 clients with resources 2 CPUs, 1.0 GPUs, and 8.0GB for the total available 2 CPUs, 1 GPUs and 16.0GB.
INFO flwr 2024-05-16 21:10:55,692 | Simulation.py:160 | Starting federated learning simulation
INFO flwr 2024-05-16 21:10:55,693 | app.py:178 | Starting Flower simulation, config: ServerConfig(num_rounds=1, round_timeout=None)
2024-05-16 21:10:58,542	INFO worker.py:1621 -- Started a local Ray instance.
[2024-05-16 21:11:29,162 E 435896 435896] core_worker.cc:201: Failed to register worker 01000000ffffffffffffffffffffffffffffffffffffffffffffffff to Raylet. IOError: [RayletClient] Unable to register worker with raylet. No such file or directory
srun: error: ctit087: task 0: Exited with exit code 1
2024-05-16 21:11:32.864736: I tensorflow/core/platform/cpu_feature_guard.cc:210] This TensorFlow binary is optimized to use available CPU instructions in performance-critical operations.
To enable the following instructions: AVX2 FMA, in other operations, rebuild TensorFlow with the appropriate compiler flags.
2024-05-16 21:11:34.020505: W tensorflow/compiler/tf2tensorrt/utils/py_utils.cc:38] TF-TRT Warning: Could not find TensorRT
INFO flwr 2024-05-16 21:11:38,352 | Data.py:31 | Preprocessing the federated learning dataset
INFO flwr 2024-05-16 21:11:38,353 | Data.py:107 | Found preprocessed data for the given preprocess function, returning
INFO flwr 2024-05-16 21:11:39,608 | Simulation.py:37 | Preparing datasets for federated learning simulation
INFO flwr 2024-05-16 21:11:39,609 | Simulation.py:254 | Found previously split dataloaders, loading them
INFO flwr 2024-05-16 21:11:40,134 | main.py:103 | Loaded 1 configs with name CIFAR100-RESNET34-FEDNAG, running...
INFO flwr 2024-05-16 21:11:40,134 | main.py:105 | Config:
	Simulation:
		Data:
			dataset_name: cifar100
			batch_size: 128
			preprocess_fn:
				def preprocess_fn(element):
				  return {
				    "x": (element["img"] / 255.).transpose(2, 0, 1),
				    "y": element["fine_label"]
				  }
		Federation:
			client_count: 100
			fraction_fit: 0.1
			global_rounds: 1
			local_rounds: 1
		Model:
			optimizer_name: FedNag
			model_name: ResNet34
			criterion_name: CrossEntropyLoss
			optimizer_parameters: 
				lr: 0.1
				momentum: 0.9
			model_architecture:
				repo_or_dir: pytorch/vision:v0.10.0
					model: resnet34
					pretrained: False
					out_features: 100
	Attack:
		data_access: all
		message_access: server
		repetitions: 10
		Attack Simulation:
			batch_size: 64
			optimizer_name: FedAvg
			optimizer_parameters:
				lr: 0.1
			ModelArchitecture:
				gradient_component:
					type: Dropout
						p: 0.2
					type: Conv3d
						out_channels: 1000
						kernel_size: [1, 1]
						stride: 1
					type: ReLU
				fcn_component:
					type: Dropout
						p: 0.2
					type: Linear
						out_features: 128
					type: ReLU
					type: Dropout
						p: 0.2
					type: Linear
						in_features: 128
						out_features: 64
					type: ReLU
				encoder_component:
					type: Dropout
						p: 0.2
					type: Linear
						out_features: 256
					type: ReLU
					type: Dropout
						p: 0.2
					type: Linear
						in_features: 256
						out_features: 128
					type: ReLU
					type: Dropout
						p: 0.2
					type: Linear
						in_features: 128
						out_features: 64
					type: ReLU
					type: Dropout
						p: 0.2
					type: Linear
						in_features: 64
						out_features: 1
					type: ReLU
					type: Sigmoid
INFO flwr 2024-05-16 21:11:40,134 | Config.py:68 | Starting conFEDential simulation
INFO flwr 2024-05-16 21:11:40,136 | Config.py:72 | No previous federated learning simulation found, starting training simulation...
wandb: Tracking run with wandb version 0.16.5
wandb: W&B syncing is set to `offline` in this directory.  
wandb: Run `wandb online` or set WANDB_MODE=online to enable cloud syncing.
INFO flwr 2024-05-16 21:11:41,394 | Simulation.py:394 | Created 1 clients with resources 2 CPUs, 1.0 GPUs, and 8.0GB for the total available 2 CPUs, 1 GPUs and 16.0GB.
INFO flwr 2024-05-16 21:11:41,394 | Simulation.py:160 | Starting federated learning simulation
INFO flwr 2024-05-16 21:11:41,394 | app.py:178 | Starting Flower simulation, config: ServerConfig(num_rounds=1, round_timeout=None)
2024-05-16 21:11:44,250	INFO worker.py:1621 -- Started a local Ray instance.
[2024-05-16 21:12:14,785 E 481921 481921] core_worker.cc:201: Failed to register worker 01000000ffffffffffffffffffffffffffffffffffffffffffffffff to Raylet. IOError: [RayletClient] Unable to register worker with raylet. No such file or directory
srun: error: ctit087: task 0: Exited with exit code 1
2024-05-16 21:12:17,384	VINFO scripts.py:1068 -- Send termination request to `/home/s2240084/conFEDential/venv/lib/python3.10/site-packages/ray/core/src/ray/raylet/raylet --raylet_socket_name=/local/ray/session_2024-05-16_21-07-31_734870_228083/sockets/raylet --store_socket_name=/local/ray/session_2024-05-16_21-07-31_734870_228083/sockets/plasma_store --object_manager_port=0 --min_worker_port=10002 --max_worker_port=19999 --node_manager_port=0 --node_ip_address=10.20.240.17 --maximum_startup_concurrency=2 --static_resource_list=node:10.20.240.17,1.0,node:__internal_head__,1.0,CPU,2,GPU,1,memory,8589934592,object_store_memory,70925195673 "--python_worker_command=/home/s2240084/conFEDential/venv/bin/python /home/s2240084/conFEDential/venv/lib/python3.10/site-packages/ray/_private/workers/setup_worker.py /home/s2240084/conFEDential/venv/lib/python3.10/site-packages/ray/_private/workers/default_worker.py --node-ip-address=10.20.240.17 --node-manager-port=RAY_NODE_MANAGER_PORT_PLACEHOLDER --object-store-name=/local/ray/session_2024-05-16_21-07-31_734870_228083/sockets/plasma_store --raylet-name=/local/ray/session_2024-05-16_21-07-31_734870_228083/sockets/raylet --redis-address=None --temp-dir=/local/ray --metrics-agent-port=61616 --logging-rotate-bytes=536870912 --logging-rotate-backup-count=5 --gcs-address=10.20.240.17:6379 --session-name=session_2024-05-16_21-07-31_734870_228083 --temp-dir=/local/ray --webui= RAY_WORKER_DYNAMIC_OPTION_PLACEHOLDER" "--java_worker_command=/home/s2240084/conFEDential/venv/bin/python /home/s2240084/conFEDential/venv/lib/python3.10/site-packages/ray/_private/workers/setup_worker.py -Dray.address=10.20.240.17:6379 -Dray.raylet.node-manager-port=RAY_NODE_MANAGER_PORT_PLACEHOLDER -Dray.object-store.socket-name=/local/ray/session_2024-05-16_21-07-31_734870_228083/sockets/plasma_store -Dray.raylet.socket-name=/local/ray/session_2024-05-16_21-07-31_734870_228083/sockets/raylet -Dray.redis.password= -Dray.node-ip=10.20.240.17 -Dray.home=/home/s2240084/conFEDential/venv/lib/python3.10/site-packages/ray/../.. -Dray.logging.dir=/local/ray/session_2024-05-16_21-07-31_734870_228083/logs -Dray.session-dir=/local/ray/session_2024-05-16_21-07-31_734870_228083 RAY_WORKER_DYNAMIC_OPTION_PLACEHOLDER io.ray.runtime.runner.worker.DefaultWorker" --cpp_worker_command= --native_library_path=/home/s2240084/conFEDential/venv/lib/python3.10/site-packages/ray/cpp/lib --temp_dir=/local/ray --session_dir=/local/ray/session_2024-05-16_21-07-31_734870_228083 --log_dir=/local/ray/session_2024-05-16_21-07-31_734870_228083/logs --resource_dir=/local/ray/session_2024-05-16_21-07-31_734870_228083/runtime_resources --metrics-agent-port=61616 --metrics_export_port=45952 --object_store_memory=70925195673 --plasma_directory=/dev/shm --ray-debugger-external=0 --gcs-address=10.20.240.17:6379 --session-name=session_2024-05-16_21-07-31_734870_228083 --labels= --head --num_prestart_python_workers=2 "--agent_command=/home/s2240084/conFEDential/venv/bin/python -u /home/s2240084/conFEDential/venv/lib/python3.10/site-packages/ray/dashboard/agent.py --node-ip-address=10.20.240.17 --metrics-export-port=45952 --dashboard-agent-port=61616 --listen-port=52365 --node-manager-port=RAY_NODE_MANAGER_PORT_PLACEHOLDER --object-store-name=/local/ray/session_2024-05-16_21-07-31_734870_228083/sockets/plasma_store --raylet-name=/local/ray/session_2024-05-16_21-07-31_734870_228083/sockets/raylet --temp-dir=/local/ray --session-dir=/local/ray/session_2024-05-16_21-07-31_734870_228083 --runtime-env-dir=/local/ray/session_2024-05-16_21-07-31_734870_228083/runtime_resources --log-dir=/local/ray/session_2024-05-16_21-07-31_734870_228083/logs --logging-rotate-bytes=536870912 --logging-rotate-backup-count=5 --session-name=session_2024-05-16_21-07-31_734870_228083 --gcs-address=10.20.240.17:6379 --minimal"` (via SIGTERM)
2024-05-16 21:12:17,388	VINFO scripts.py:1068 -- Send termination request to `/home/s2240084/conFEDential/venv/bin/python -u /home/s2240084/conFEDential/venv/lib/python3.10/site-packages/ray/autoscaler/_private/monitor.py --logs-dir=/local/ray/session_2024-05-16_21-07-31_734870_228083/logs --logging-rotate-bytes=536870912 --logging-rotate-backup-count=5 --gcs-address=10.20.240.17:6379 --monitor-ip=10.20.240.17` (via SIGTERM)
2024-05-16 21:12:17,388	VINFO scripts.py:1068 -- Send termination request to `/home/s2240084/conFEDential/venv/bin/python -u /home/s2240084/conFEDential/venv/lib/python3.10/site-packages/ray/_private/log_monitor.py --logs-dir=/local/ray/session_2024-05-16_21-07-31_734870_228083/logs --gcs-address=10.20.240.17:6379 --logging-rotate-bytes=536870912 --logging-rotate-backup-count=5` (via SIGTERM)
2024-05-16 21:12:17,392	VINFO scripts.py:1068 -- Send termination request to `/home/s2240084/conFEDential/venv/bin/python -m ray.util.client.server --address=10.20.240.17:6379 --host=0.0.0.0 --port=10001 --mode=proxy --metrics-agent-port=61616` (via SIGTERM)
2024-05-16 21:12:17,397	VINFO scripts.py:1068 -- Send termination request to `/home/s2240084/conFEDential/venv/lib/python3.10/site-packages/ray/core/src/ray/raylet/raylet --raylet_socket_name=/local/ray/session_2024-05-16_21-07-31_734870_228083/sockets/raylet --store_socket_name=/local/ray/session_2024-05-16_21-07-31_734870_228083/sockets/plasma_store --object_manager_port=0 --min_worker_port=10002 --max_worker_port=19999 --node_manager_port=0 --node_ip_address=10.20.240.17 --maximum_startup_concurrency=2 --static_resource_list=node:10.20.240.17,1.0,node:__internal_head__,1.0,CPU,2,GPU,1,memory,8589934592,object_store_memory,70925195673 "--python_worker_command=/home/s2240084/conFEDential/venv/bin/python /home/s2240084/conFEDential/venv/lib/python3.10/site-packages/ray/_private/workers/setup_worker.py /home/s2240084/conFEDential/venv/lib/python3.10/site-packages/ray/_private/workers/default_worker.py --node-ip-address=10.20.240.17 --node-manager-port=RAY_NODE_MANAGER_PORT_PLACEHOLDER --object-store-name=/local/ray/session_2024-05-16_21-07-31_734870_228083/sockets/plasma_store --raylet-name=/local/ray/session_2024-05-16_21-07-31_734870_228083/sockets/raylet --redis-address=None --temp-dir=/local/ray --metrics-agent-port=61616 --logging-rotate-bytes=536870912 --logging-rotate-backup-count=5 --gcs-address=10.20.240.17:6379 --session-name=session_2024-05-16_21-07-31_734870_228083 --temp-dir=/local/ray --webui= RAY_WORKER_DYNAMIC_OPTION_PLACEHOLDER" "--java_worker_command=/home/s2240084/conFEDential/venv/bin/python /home/s2240084/conFEDential/venv/lib/python3.10/site-packages/ray/_private/workers/setup_worker.py -Dray.address=10.20.240.17:6379 -Dray.raylet.node-manager-port=RAY_NODE_MANAGER_PORT_PLACEHOLDER -Dray.object-store.socket-name=/local/ray/session_2024-05-16_21-07-31_734870_228083/sockets/plasma_store -Dray.raylet.socket-name=/local/ray/session_2024-05-16_21-07-31_734870_228083/sockets/raylet -Dray.redis.password= -Dray.node-ip=10.20.240.17 -Dray.home=/home/s2240084/conFEDential/venv/lib/python3.10/site-packages/ray/../.. -Dray.logging.dir=/local/ray/session_2024-05-16_21-07-31_734870_228083/logs -Dray.session-dir=/local/ray/session_2024-05-16_21-07-31_734870_228083 RAY_WORKER_DYNAMIC_OPTION_PLACEHOLDER io.ray.runtime.runner.worker.DefaultWorker" --cpp_worker_command= --native_library_path=/home/s2240084/conFEDential/venv/lib/python3.10/site-packages/ray/cpp/lib --temp_dir=/local/ray --session_dir=/local/ray/session_2024-05-16_21-07-31_734870_228083 --log_dir=/local/ray/session_2024-05-16_21-07-31_734870_228083/logs --resource_dir=/local/ray/session_2024-05-16_21-07-31_734870_228083/runtime_resources --metrics-agent-port=61616 --metrics_export_port=45952 --object_store_memory=70925195673 --plasma_directory=/dev/shm --ray-debugger-external=0 --gcs-address=10.20.240.17:6379 --session-name=session_2024-05-16_21-07-31_734870_228083 --labels= --head --num_prestart_python_workers=2 "--agent_command=/home/s2240084/conFEDential/venv/bin/python -u /home/s2240084/conFEDential/venv/lib/python3.10/site-packages/ray/dashboard/agent.py --node-ip-address=10.20.240.17 --metrics-export-port=45952 --dashboard-agent-port=61616 --listen-port=52365 --node-manager-port=RAY_NODE_MANAGER_PORT_PLACEHOLDER --object-store-name=/local/ray/session_2024-05-16_21-07-31_734870_228083/sockets/plasma_store --raylet-name=/local/ray/session_2024-05-16_21-07-31_734870_228083/sockets/raylet --temp-dir=/local/ray --session-dir=/local/ray/session_2024-05-16_21-07-31_734870_228083 --runtime-env-dir=/local/ray/session_2024-05-16_21-07-31_734870_228083/runtime_resources --log-dir=/local/ray/session_2024-05-16_21-07-31_734870_228083/logs --logging-rotate-bytes=536870912 --logging-rotate-backup-count=5 --session-name=session_2024-05-16_21-07-31_734870_228083 --gcs-address=10.20.240.17:6379 --minimal"` (via SIGTERM)
2024-05-16 21:12:17,401	VINFO scripts.py:1068 -- Send termination request to `/home/s2240084/conFEDential/venv/lib/python3.10/site-packages/ray/core/src/ray/raylet/raylet --raylet_socket_name=/local/ray/session_2024-05-16_21-07-31_734870_228083/sockets/raylet --store_socket_name=/local/ray/session_2024-05-16_21-07-31_734870_228083/sockets/plasma_store --object_manager_port=0 --min_worker_port=10002 --max_worker_port=19999 --node_manager_port=0 --node_ip_address=10.20.240.17 --maximum_startup_concurrency=2 --static_resource_list=node:10.20.240.17,1.0,node:__internal_head__,1.0,CPU,2,GPU,1,memory,8589934592,object_store_memory,70925195673 "--python_worker_command=/home/s2240084/conFEDential/venv/bin/python /home/s2240084/conFEDential/venv/lib/python3.10/site-packages/ray/_private/workers/setup_worker.py /home/s2240084/conFEDential/venv/lib/python3.10/site-packages/ray/_private/workers/default_worker.py --node-ip-address=10.20.240.17 --node-manager-port=RAY_NODE_MANAGER_PORT_PLACEHOLDER --object-store-name=/local/ray/session_2024-05-16_21-07-31_734870_228083/sockets/plasma_store --raylet-name=/local/ray/session_2024-05-16_21-07-31_734870_228083/sockets/raylet --redis-address=None --temp-dir=/local/ray --metrics-agent-port=61616 --logging-rotate-bytes=536870912 --logging-rotate-backup-count=5 --gcs-address=10.20.240.17:6379 --session-name=session_2024-05-16_21-07-31_734870_228083 --temp-dir=/local/ray --webui= RAY_WORKER_DYNAMIC_OPTION_PLACEHOLDER" "--java_worker_command=/home/s2240084/conFEDential/venv/bin/python /home/s2240084/conFEDential/venv/lib/python3.10/site-packages/ray/_private/workers/setup_worker.py -Dray.address=10.20.240.17:6379 -Dray.raylet.node-manager-port=RAY_NODE_MANAGER_PORT_PLACEHOLDER -Dray.object-store.socket-name=/local/ray/session_2024-05-16_21-07-31_734870_228083/sockets/plasma_store -Dray.raylet.socket-name=/local/ray/session_2024-05-16_21-07-31_734870_228083/sockets/raylet -Dray.redis.password= -Dray.node-ip=10.20.240.17 -Dray.home=/home/s2240084/conFEDential/venv/lib/python3.10/site-packages/ray/../.. -Dray.logging.dir=/local/ray/session_2024-05-16_21-07-31_734870_228083/logs -Dray.session-dir=/local/ray/session_2024-05-16_21-07-31_734870_228083 RAY_WORKER_DYNAMIC_OPTION_PLACEHOLDER io.ray.runtime.runner.worker.DefaultWorker" --cpp_worker_command= --native_library_path=/home/s2240084/conFEDential/venv/lib/python3.10/site-packages/ray/cpp/lib --temp_dir=/local/ray --session_dir=/local/ray/session_2024-05-16_21-07-31_734870_228083 --log_dir=/local/ray/session_2024-05-16_21-07-31_734870_228083/logs --resource_dir=/local/ray/session_2024-05-16_21-07-31_734870_228083/runtime_resources --metrics-agent-port=61616 --metrics_export_port=45952 --object_store_memory=70925195673 --plasma_directory=/dev/shm --ray-debugger-external=0 --gcs-address=10.20.240.17:6379 --session-name=session_2024-05-16_21-07-31_734870_228083 --labels= --head --num_prestart_python_workers=2 "--agent_command=/home/s2240084/conFEDential/venv/bin/python -u /home/s2240084/conFEDential/venv/lib/python3.10/site-packages/ray/dashboard/agent.py --node-ip-address=10.20.240.17 --metrics-export-port=45952 --dashboard-agent-port=61616 --listen-port=52365 --node-manager-port=RAY_NODE_MANAGER_PORT_PLACEHOLDER --object-store-name=/local/ray/session_2024-05-16_21-07-31_734870_228083/sockets/plasma_store --raylet-name=/local/ray/session_2024-05-16_21-07-31_734870_228083/sockets/raylet --temp-dir=/local/ray --session-dir=/local/ray/session_2024-05-16_21-07-31_734870_228083 --runtime-env-dir=/local/ray/session_2024-05-16_21-07-31_734870_228083/runtime_resources --log-dir=/local/ray/session_2024-05-16_21-07-31_734870_228083/logs --logging-rotate-bytes=536870912 --logging-rotate-backup-count=5 --session-name=session_2024-05-16_21-07-31_734870_228083 --gcs-address=10.20.240.17:6379 --minimal"` (via SIGTERM)
2024-05-16 21:12:17,405	VINFO scripts.py:1068 -- Send termination request to `/home/s2240084/conFEDential/venv/lib/python3.10/site-packages/ray/core/src/ray/raylet/raylet --raylet_socket_name=/local/ray/session_2024-05-16_21-07-31_734870_228083/sockets/raylet --store_socket_name=/local/ray/session_2024-05-16_21-07-31_734870_228083/sockets/plasma_store --object_manager_port=0 --min_worker_port=10002 --max_worker_port=19999 --node_manager_port=0 --node_ip_address=10.20.240.17 --maximum_startup_concurrency=2 --static_resource_list=node:10.20.240.17,1.0,node:__internal_head__,1.0,CPU,2,GPU,1,memory,8589934592,object_store_memory,70925195673 "--python_worker_command=/home/s2240084/conFEDential/venv/bin/python /home/s2240084/conFEDential/venv/lib/python3.10/site-packages/ray/_private/workers/setup_worker.py /home/s2240084/conFEDential/venv/lib/python3.10/site-packages/ray/_private/workers/default_worker.py --node-ip-address=10.20.240.17 --node-manager-port=RAY_NODE_MANAGER_PORT_PLACEHOLDER --object-store-name=/local/ray/session_2024-05-16_21-07-31_734870_228083/sockets/plasma_store --raylet-name=/local/ray/session_2024-05-16_21-07-31_734870_228083/sockets/raylet --redis-address=None --temp-dir=/local/ray --metrics-agent-port=61616 --logging-rotate-bytes=536870912 --logging-rotate-backup-count=5 --gcs-address=10.20.240.17:6379 --session-name=session_2024-05-16_21-07-31_734870_228083 --temp-dir=/local/ray --webui= RAY_WORKER_DYNAMIC_OPTION_PLACEHOLDER" "--java_worker_command=/home/s2240084/conFEDential/venv/bin/python /home/s2240084/conFEDential/venv/lib/python3.10/site-packages/ray/_private/workers/setup_worker.py -Dray.address=10.20.240.17:6379 -Dray.raylet.node-manager-port=RAY_NODE_MANAGER_PORT_PLACEHOLDER -Dray.object-store.socket-name=/local/ray/session_2024-05-16_21-07-31_734870_228083/sockets/plasma_store -Dray.raylet.socket-name=/local/ray/session_2024-05-16_21-07-31_734870_228083/sockets/raylet -Dray.redis.password= -Dray.node-ip=10.20.240.17 -Dray.home=/home/s2240084/conFEDential/venv/lib/python3.10/site-packages/ray/../.. -Dray.logging.dir=/local/ray/session_2024-05-16_21-07-31_734870_228083/logs -Dray.session-dir=/local/ray/session_2024-05-16_21-07-31_734870_228083 RAY_WORKER_DYNAMIC_OPTION_PLACEHOLDER io.ray.runtime.runner.worker.DefaultWorker" --cpp_worker_command= --native_library_path=/home/s2240084/conFEDential/venv/lib/python3.10/site-packages/ray/cpp/lib --temp_dir=/local/ray --session_dir=/local/ray/session_2024-05-16_21-07-31_734870_228083 --log_dir=/local/ray/session_2024-05-16_21-07-31_734870_228083/logs --resource_dir=/local/ray/session_2024-05-16_21-07-31_734870_228083/runtime_resources --metrics-agent-port=61616 --metrics_export_port=45952 --object_store_memory=70925195673 --plasma_directory=/dev/shm --ray-debugger-external=0 --gcs-address=10.20.240.17:6379 --session-name=session_2024-05-16_21-07-31_734870_228083 --labels= --head --num_prestart_python_workers=2 "--agent_command=/home/s2240084/conFEDential/venv/bin/python -u /home/s2240084/conFEDential/venv/lib/python3.10/site-packages/ray/dashboard/agent.py --node-ip-address=10.20.240.17 --metrics-export-port=45952 --dashboard-agent-port=61616 --listen-port=52365 --node-manager-port=RAY_NODE_MANAGER_PORT_PLACEHOLDER --object-store-name=/local/ray/session_2024-05-16_21-07-31_734870_228083/sockets/plasma_store --raylet-name=/local/ray/session_2024-05-16_21-07-31_734870_228083/sockets/raylet --temp-dir=/local/ray --session-dir=/local/ray/session_2024-05-16_21-07-31_734870_228083 --runtime-env-dir=/local/ray/session_2024-05-16_21-07-31_734870_228083/runtime_resources --log-dir=/local/ray/session_2024-05-16_21-07-31_734870_228083/logs --logging-rotate-bytes=536870912 --logging-rotate-backup-count=5 --session-name=session_2024-05-16_21-07-31_734870_228083 --gcs-address=10.20.240.17:6379 --minimal"` (via SIGTERM)
2024-05-16 21:12:17,410	VINFO scripts.py:1068 -- Send termination request to `/home/s2240084/conFEDential/venv/bin/python -u /home/s2240084/conFEDential/venv/lib/python3.10/site-packages/ray/_private/log_monitor.py --logs-dir=/local/ray/session_2024-05-16_21-07-31_734870_228083/logs --gcs-address=10.20.240.17:6379 --logging-rotate-bytes=536870912 --logging-rotate-backup-count=5` (via SIGTERM)
2024-05-16 21:12:17,418	VINFO scripts.py:1068 -- Send termination request to `/home/s2240084/conFEDential/venv/lib/python3.10/site-packages/ray/core/src/ray/raylet/raylet --raylet_socket_name=/local/ray/session_2024-05-16_21-07-31_734870_228083/sockets/raylet --store_socket_name=/local/ray/session_2024-05-16_21-07-31_734870_228083/sockets/plasma_store --object_manager_port=0 --min_worker_port=10002 --max_worker_port=19999 --node_manager_port=0 --node_ip_address=10.20.240.17 --maximum_startup_concurrency=2 --static_resource_list=node:10.20.240.17,1.0,node:__internal_head__,1.0,CPU,2,GPU,1,memory,8589934592,object_store_memory,70925195673 "--python_worker_command=/home/s2240084/conFEDential/venv/bin/python /home/s2240084/conFEDential/venv/lib/python3.10/site-packages/ray/_private/workers/setup_worker.py /home/s2240084/conFEDential/venv/lib/python3.10/site-packages/ray/_private/workers/default_worker.py --node-ip-address=10.20.240.17 --node-manager-port=RAY_NODE_MANAGER_PORT_PLACEHOLDER --object-store-name=/local/ray/session_2024-05-16_21-07-31_734870_228083/sockets/plasma_store --raylet-name=/local/ray/session_2024-05-16_21-07-31_734870_228083/sockets/raylet --redis-address=None --temp-dir=/local/ray --metrics-agent-port=61616 --logging-rotate-bytes=536870912 --logging-rotate-backup-count=5 --gcs-address=10.20.240.17:6379 --session-name=session_2024-05-16_21-07-31_734870_228083 --temp-dir=/local/ray --webui= RAY_WORKER_DYNAMIC_OPTION_PLACEHOLDER" "--java_worker_command=/home/s2240084/conFEDential/venv/bin/python /home/s2240084/conFEDential/venv/lib/python3.10/site-packages/ray/_private/workers/setup_worker.py -Dray.address=10.20.240.17:6379 -Dray.raylet.node-manager-port=RAY_NODE_MANAGER_PORT_PLACEHOLDER -Dray.object-store.socket-name=/local/ray/session_2024-05-16_21-07-31_734870_228083/sockets/plasma_store -Dray.raylet.socket-name=/local/ray/session_2024-05-16_21-07-31_734870_228083/sockets/raylet -Dray.redis.password= -Dray.node-ip=10.20.240.17 -Dray.home=/home/s2240084/conFEDential/venv/lib/python3.10/site-packages/ray/../.. -Dray.logging.dir=/local/ray/session_2024-05-16_21-07-31_734870_228083/logs -Dray.session-dir=/local/ray/session_2024-05-16_21-07-31_734870_228083 RAY_WORKER_DYNAMIC_OPTION_PLACEHOLDER io.ray.runtime.runner.worker.DefaultWorker" --cpp_worker_command= --native_library_path=/home/s2240084/conFEDential/venv/lib/python3.10/site-packages/ray/cpp/lib --temp_dir=/local/ray --session_dir=/local/ray/session_2024-05-16_21-07-31_734870_228083 --log_dir=/local/ray/session_2024-05-16_21-07-31_734870_228083/logs --resource_dir=/local/ray/session_2024-05-16_21-07-31_734870_228083/runtime_resources --metrics-agent-port=61616 --metrics_export_port=45952 --object_store_memory=70925195673 --plasma_directory=/dev/shm --ray-debugger-external=0 --gcs-address=10.20.240.17:6379 --session-name=session_2024-05-16_21-07-31_734870_228083 --labels= --head --num_prestart_python_workers=2 "--agent_command=/home/s2240084/conFEDential/venv/bin/python -u /home/s2240084/conFEDential/venv/lib/python3.10/site-packages/ray/dashboard/agent.py --node-ip-address=10.20.240.17 --metrics-export-port=45952 --dashboard-agent-port=61616 --listen-port=52365 --node-manager-port=RAY_NODE_MANAGER_PORT_PLACEHOLDER --object-store-name=/local/ray/session_2024-05-16_21-07-31_734870_228083/sockets/plasma_store --raylet-name=/local/ray/session_2024-05-16_21-07-31_734870_228083/sockets/raylet --temp-dir=/local/ray --session-dir=/local/ray/session_2024-05-16_21-07-31_734870_228083 --runtime-env-dir=/local/ray/session_2024-05-16_21-07-31_734870_228083/runtime_resources --log-dir=/local/ray/session_2024-05-16_21-07-31_734870_228083/logs --logging-rotate-bytes=536870912 --logging-rotate-backup-count=5 --session-name=session_2024-05-16_21-07-31_734870_228083 --gcs-address=10.20.240.17:6379 --minimal"` (via SIGTERM)
2024-05-16 21:12:17,418	VINFO scripts.py:1068 -- Send termination request to `/home/s2240084/conFEDential/venv/bin/python -u /home/s2240084/conFEDential/venv/lib/python3.10/site-packages/ray/dashboard/agent.py --node-ip-address=10.20.240.17 --metrics-export-port=45952 --dashboard-agent-port=61616 --listen-port=52365 --node-manager-port=43079 --object-store-name=/local/ray/session_2024-05-16_21-07-31_734870_228083/sockets/plasma_store --raylet-name=/local/ray/session_2024-05-16_21-07-31_734870_228083/sockets/raylet --temp-dir=/local/ray --session-dir=/local/ray/session_2024-05-16_21-07-31_734870_228083 --runtime-env-dir=/local/ray/session_2024-05-16_21-07-31_734870_228083/runtime_resources --log-dir=/local/ray/session_2024-05-16_21-07-31_734870_228083/logs --logging-rotate-bytes=536870912 --logging-rotate-backup-count=5 --session-name=session_2024-05-16_21-07-31_734870_228083 --gcs-address=10.20.240.17:6379 --minimal --agent-id 424238335` (via SIGTERM)
2024-05-16 21:12:17,423	VINFO scripts.py:1068 -- Send termination request to `/home/s2240084/conFEDential/venv/bin/python /home/s2240084/conFEDential/venv/lib/python3.10/site-packages/ray/dashboard/dashboard.py --host=127.0.0.1 --port=8265 --port-retries=0 --temp-dir=/local/ray --log-dir=/local/ray/session_2024-05-16_21-07-31_734870_228083/logs --session-dir=/local/ray/session_2024-05-16_21-07-31_734870_228083 --logging-rotate-bytes=536870912 --logging-rotate-backup-count=5 --gcs-address=10.20.240.17:6379 --node-ip-address=10.20.240.17 --minimal` (via SIGTERM)
2024-05-16 21:12:17,480	INFO scripts.py:1098 -- 1/6 stopped.2024-05-16 21:12:17,480	INFO scripts.py:1098 -- 2/6 stopped.2024-05-16 21:12:17,480	INFO scripts.py:1098 -- 3/6 stopped.2024-05-16 21:12:17,532	INFO scripts.py:1098 -- 4/6 stopped.2024-05-16 21:12:17,704	INFO scripts.py:1098 -- 5/6 stopped.2024-05-16 21:12:18,037	INFO scripts.py:1098 -- 6/6 stopped.2024-05-16 21:12:18,202	VINFO scripts.py:1068 -- Send termination request to `/home/s2240084/conFEDential/venv/lib/python3.10/site-packages/ray/core/src/ray/gcs/gcs_server --log_dir=/local/ray/session_2024-05-16_21-07-31_734870_228083/logs --config_list=eyJvYmplY3Rfc3BpbGxpbmdfY29uZmlnIjogIntcInR5cGVcIjogXCJmaWxlc3lzdGVtXCIsIFwicGFyYW1zXCI6IHtcImRpcmVjdG9yeV9wYXRoXCI6IFwiL2xvY2FsL3JheS9zZXNzaW9uXzIwMjQtMDUtMTZfMjEtMDctMzFfNzM0ODcwXzIyODA4M1wifX0iLCAiaXNfZXh0ZXJuYWxfc3RvcmFnZV90eXBlX2ZzIjogdHJ1ZX0= --gcs_server_port=6379 --metrics-agent-port=61616 --node-ip-address=10.20.240.17 --session-name=session_2024-05-16_21-07-31_734870_228083` (via SIGTERM)
2024-05-16 21:12:18,639	INFO scripts.py:1098 -- 1/1 stopped.2024-05-16 21:12:18,639	SUCC scripts.py:1142 -- Stopped all 7 Ray processes.
