ctit087
2024-05-16 20:19:56,824	INFO usage_lib.py:407 -- Usage stats collection is enabled by default without user confirmation because this terminal is detected to be non-interactive. To disable this, add `--disable-usage-stats` to the command that starts the cluster, or run the following command: `ray disable-usage-stats` before starting the cluster. See https://docs.ray.io/en/master/cluster/usage-stats.html for more details.
2024-05-16 20:19:56,825	INFO scripts.py:722 -- Local node IP: 10.20.240.17
2024-05-16 20:20:04,695	SUCC scripts.py:759 -- --------------------
2024-05-16 20:20:04,696	SUCC scripts.py:760 -- Ray runtime started.
2024-05-16 20:20:04,696	SUCC scripts.py:761 -- --------------------
2024-05-16 20:20:04,696	INFO scripts.py:763 -- Next steps
2024-05-16 20:20:04,696	INFO scripts.py:766 -- To add another node to this Ray cluster, run
2024-05-16 20:20:04,696	INFO scripts.py:769 --   ray start --address='10.20.240.17:6379'
2024-05-16 20:20:04,696	INFO scripts.py:778 -- To connect to this Ray cluster:
2024-05-16 20:20:04,696	INFO scripts.py:780 -- import ray
2024-05-16 20:20:04,696	INFO scripts.py:781 -- ray.init()
2024-05-16 20:20:04,696	INFO scripts.py:812 -- To terminate the Ray runtime, run
2024-05-16 20:20:04,696	INFO scripts.py:813 --   ray stop
2024-05-16 20:20:04,696	INFO scripts.py:816 -- To view the status of the cluster, use
2024-05-16 20:20:04,696	INFO scripts.py:817 --   ray status
2024-05-16 20:21:44.860278: I tensorflow/core/platform/cpu_feature_guard.cc:210] This TensorFlow binary is optimized to use available CPU instructions in performance-critical operations.
To enable the following instructions: AVX2 FMA, in other operations, rebuild TensorFlow with the appropriate compiler flags.
2024-05-16 20:22:18.115015: W tensorflow/compiler/tf2tensorrt/utils/py_utils.cc:38] TF-TRT Warning: Could not find TensorRT
INFO flwr 2024-05-16 20:23:53,086 | Data.py:31 | Preprocessing the federated learning dataset
INFO flwr 2024-05-16 20:23:53,112 | Data.py:107 | Found preprocessed data for the given preprocess function, returning
INFO flwr 2024-05-16 20:24:32,579 | Simulation.py:37 | Preparing datasets for federated learning simulation
INFO flwr 2024-05-16 20:24:32,599 | Simulation.py:245 | Found previously split dataloaders, loading them
INFO flwr 2024-05-16 20:24:53,833 | main.py:78 | Loaded 1 configs with name CIFAR100-RESNET34-FEDADAM, running...
INFO flwr 2024-05-16 20:24:53,833 | main.py:80 | Config:
	Simulation:
		Data:
			dataset_name: cifar100
			batch_size: 128
			preprocess_fn:
				def preprocess_fn(element):
				  return {
				    "x": (element["img"] / 255.).transpose(2, 0, 1),
				    "y": element["fine_label"]
				  }
		Federation:
			client_count: 100
			fraction_fit: 0.1
			global_rounds: 1
			local_rounds: 1
		Model:
			optimizer_name: FedAdam
			model_name: ResNet34
			criterion_name: CrossEntropyLoss
			optimizer_parameters: 
				local: {'lr': 0.1}
				global: {'lr': 0.1, 'betas': [0.9, 0.999], 'eps': 1e-09, 'weight_decay': 0.9999}
			model_architecture:
				repo_or_dir: pytorch/vision:v0.10.0
					model: resnet34
					pretrained: False
					out_features: 100
	Attack:
		data_access: all
		message_access: server
		repetitions: 10
		Attack Simulation:
			batch_size: 64
			optimizer_name: FedAvg
			optimizer_parameters:
				lr: 0.1
			ModelArchitecture:
				gradient_component:
					type: Dropout
						p: 0.2
					type: Conv3d
						out_channels: 1000
						kernel_size: [1, 1]
						stride: 1
					type: ReLU
				fcn_component:
					type: Dropout
						p: 0.2
					type: Linear
						out_features: 128
					type: ReLU
					type: Dropout
						p: 0.2
					type: Linear
						in_features: 128
						out_features: 64
					type: ReLU
				encoder_component:
					type: Dropout
						p: 0.2
					type: Linear
						out_features: 256
					type: ReLU
					type: Dropout
						p: 0.2
					type: Linear
						in_features: 256
						out_features: 128
					type: ReLU
					type: Dropout
						p: 0.2
					type: Linear
						in_features: 128
						out_features: 64
					type: ReLU
					type: Dropout
						p: 0.2
					type: Linear
						in_features: 64
						out_features: 1
					type: ReLU
					type: Sigmoid
INFO flwr 2024-05-16 20:24:53,834 | Config.py:65 | Starting conFEDential simulation
INFO flwr 2024-05-16 20:24:53,884 | Config.py:72 | Found previous federated learning simulation, continuing to attack simulation...
2024-05-16 20:25:24.177636: I tensorflow/core/platform/cpu_feature_guard.cc:210] This TensorFlow binary is optimized to use available CPU instructions in performance-critical operations.
To enable the following instructions: AVX2 FMA, in other operations, rebuild TensorFlow with the appropriate compiler flags.
2024-05-16 20:25:25.316598: W tensorflow/compiler/tf2tensorrt/utils/py_utils.cc:38] TF-TRT Warning: Could not find TensorRT
INFO flwr 2024-05-16 20:25:29,283 | Data.py:31 | Preprocessing the federated learning dataset
INFO flwr 2024-05-16 20:25:29,284 | Data.py:107 | Found preprocessed data for the given preprocess function, returning
INFO flwr 2024-05-16 20:25:30,519 | Simulation.py:37 | Preparing datasets for federated learning simulation
INFO flwr 2024-05-16 20:25:30,520 | Simulation.py:245 | Found previously split dataloaders, loading them
INFO flwr 2024-05-16 20:25:31,066 | main.py:78 | Loaded 1 configs with name CIFAR100-RESNET34-FEDAVG, running...
INFO flwr 2024-05-16 20:25:31,066 | main.py:80 | Config:
	Simulation:
		Data:
			dataset_name: cifar100
			batch_size: 128
			preprocess_fn:
				def preprocess_fn(element):
				  return {
				    "x": (element["img"] / 255.).transpose(2, 0, 1),
				    "y": element["fine_label"]
				  }
		Federation:
			client_count: 100
			fraction_fit: 0.1
			global_rounds: 1
			local_rounds: 1
		Model:
			optimizer_name: FedAvg
			model_name: ResNet34
			criterion_name: CrossEntropyLoss
			optimizer_parameters: 
				lr: 0.1
			model_architecture:
				repo_or_dir: pytorch/vision:v0.10.0
					model: resnet34
					pretrained: False
					out_features: 100
	Attack:
		data_access: all
		message_access: server
		repetitions: 10
		Attack Simulation:
			batch_size: 64
			optimizer_name: FedAvg
			optimizer_parameters:
				lr: 0.1
			ModelArchitecture:
				gradient_component:
					type: Dropout
						p: 0.2
					type: Conv3d
						out_channels: 1000
						kernel_size: [1, 1]
						stride: 1
					type: ReLU
				fcn_component:
					type: Dropout
						p: 0.2
					type: Linear
						out_features: 128
					type: ReLU
					type: Dropout
						p: 0.2
					type: Linear
						in_features: 128
						out_features: 64
					type: ReLU
				encoder_component:
					type: Dropout
						p: 0.2
					type: Linear
						out_features: 256
					type: ReLU
					type: Dropout
						p: 0.2
					type: Linear
						in_features: 256
						out_features: 128
					type: ReLU
					type: Dropout
						p: 0.2
					type: Linear
						in_features: 128
						out_features: 64
					type: ReLU
					type: Dropout
						p: 0.2
					type: Linear
						in_features: 64
						out_features: 1
					type: ReLU
					type: Sigmoid
INFO flwr 2024-05-16 20:25:31,066 | Config.py:65 | Starting conFEDential simulation
INFO flwr 2024-05-16 20:25:31,336 | Config.py:72 | Found previous federated learning simulation, continuing to attack simulation...
2024-05-16 20:25:35.252866: I tensorflow/core/platform/cpu_feature_guard.cc:210] This TensorFlow binary is optimized to use available CPU instructions in performance-critical operations.
To enable the following instructions: AVX2 FMA, in other operations, rebuild TensorFlow with the appropriate compiler flags.
2024-05-16 20:25:36.270197: W tensorflow/compiler/tf2tensorrt/utils/py_utils.cc:38] TF-TRT Warning: Could not find TensorRT
INFO flwr 2024-05-16 20:25:39,894 | Data.py:31 | Preprocessing the federated learning dataset
INFO flwr 2024-05-16 20:25:39,895 | Data.py:107 | Found preprocessed data for the given preprocess function, returning
INFO flwr 2024-05-16 20:25:41,286 | Simulation.py:37 | Preparing datasets for federated learning simulation
INFO flwr 2024-05-16 20:25:41,287 | Simulation.py:245 | Found previously split dataloaders, loading them
INFO flwr 2024-05-16 20:25:41,784 | main.py:78 | Loaded 1 configs with name CIFAR100-RESNET34-FEDNAG, running...
INFO flwr 2024-05-16 20:25:41,784 | main.py:80 | Config:
	Simulation:
		Data:
			dataset_name: cifar100
			batch_size: 128
			preprocess_fn:
				def preprocess_fn(element):
				  return {
				    "x": (element["img"] / 255.).transpose(2, 0, 1),
				    "y": element["fine_label"]
				  }
		Federation:
			client_count: 100
			fraction_fit: 0.1
			global_rounds: 1
			local_rounds: 1
		Model:
			optimizer_name: FedNag
			model_name: ResNet34
			criterion_name: CrossEntropyLoss
			optimizer_parameters: 
				lr: 0.1
				momentum: 0.9
			model_architecture:
				repo_or_dir: pytorch/vision:v0.10.0
					model: resnet34
					pretrained: False
					out_features: 100
	Attack:
		data_access: all
		message_access: server
		repetitions: 10
		Attack Simulation:
			batch_size: 64
			optimizer_name: FedAvg
			optimizer_parameters:
				lr: 0.1
			ModelArchitecture:
				gradient_component:
					type: Dropout
						p: 0.2
					type: Conv3d
						out_channels: 1000
						kernel_size: [1, 1]
						stride: 1
					type: ReLU
				fcn_component:
					type: Dropout
						p: 0.2
					type: Linear
						out_features: 128
					type: ReLU
					type: Dropout
						p: 0.2
					type: Linear
						in_features: 128
						out_features: 64
					type: ReLU
				encoder_component:
					type: Dropout
						p: 0.2
					type: Linear
						out_features: 256
					type: ReLU
					type: Dropout
						p: 0.2
					type: Linear
						in_features: 256
						out_features: 128
					type: ReLU
					type: Dropout
						p: 0.2
					type: Linear
						in_features: 128
						out_features: 64
					type: ReLU
					type: Dropout
						p: 0.2
					type: Linear
						in_features: 64
						out_features: 1
					type: ReLU
					type: Sigmoid
INFO flwr 2024-05-16 20:25:41,784 | Config.py:65 | Starting conFEDential simulation
INFO flwr 2024-05-16 20:25:41,799 | Config.py:72 | Found previous federated learning simulation, continuing to attack simulation...
2024-05-16 20:25:44,258	VINFO scripts.py:1068 -- Send termination request to `/home/s2240084/conFEDential/venv/lib/python3.10/site-packages/ray/core/src/ray/raylet/raylet --raylet_socket_name=/local/ray/session_2024-05-16_20-19-56_905487_2174377/sockets/raylet --store_socket_name=/local/ray/session_2024-05-16_20-19-56_905487_2174377/sockets/plasma_store --object_manager_port=0 --min_worker_port=10002 --max_worker_port=19999 --node_manager_port=0 --node_ip_address=10.20.240.17 --maximum_startup_concurrency=2 --static_resource_list=node:10.20.240.17,1.0,node:__internal_head__,1.0,CPU,2,GPU,1,memory,214786348,object_store_memory,72162587443 "--python_worker_command=/home/s2240084/conFEDential/venv/bin/python /home/s2240084/conFEDential/venv/lib/python3.10/site-packages/ray/_private/workers/setup_worker.py /home/s2240084/conFEDential/venv/lib/python3.10/site-packages/ray/_private/workers/default_worker.py --node-ip-address=10.20.240.17 --node-manager-port=RAY_NODE_MANAGER_PORT_PLACEHOLDER --object-store-name=/local/ray/session_2024-05-16_20-19-56_905487_2174377/sockets/plasma_store --raylet-name=/local/ray/session_2024-05-16_20-19-56_905487_2174377/sockets/raylet --redis-address=None --temp-dir=/local/ray --metrics-agent-port=43524 --logging-rotate-bytes=536870912 --logging-rotate-backup-count=5 --gcs-address=10.20.240.17:6379 --session-name=session_2024-05-16_20-19-56_905487_2174377 --temp-dir=/local/ray --webui= RAY_WORKER_DYNAMIC_OPTION_PLACEHOLDER" "--java_worker_command=/home/s2240084/conFEDential/venv/bin/python /home/s2240084/conFEDential/venv/lib/python3.10/site-packages/ray/_private/workers/setup_worker.py -Dray.address=10.20.240.17:6379 -Dray.raylet.node-manager-port=RAY_NODE_MANAGER_PORT_PLACEHOLDER -Dray.object-store.socket-name=/local/ray/session_2024-05-16_20-19-56_905487_2174377/sockets/plasma_store -Dray.raylet.socket-name=/local/ray/session_2024-05-16_20-19-56_905487_2174377/sockets/raylet -Dray.redis.password= -Dray.node-ip=10.20.240.17 -Dray.home=/home/s2240084/conFEDential/venv/lib/python3.10/site-packages/ray/../.. -Dray.logging.dir=/local/ray/session_2024-05-16_20-19-56_905487_2174377/logs -Dray.session-dir=/local/ray/session_2024-05-16_20-19-56_905487_2174377 RAY_WORKER_DYNAMIC_OPTION_PLACEHOLDER io.ray.runtime.runner.worker.DefaultWorker" --cpp_worker_command= --native_library_path=/home/s2240084/conFEDential/venv/lib/python3.10/site-packages/ray/cpp/lib --temp_dir=/local/ray --session_dir=/local/ray/session_2024-05-16_20-19-56_905487_2174377 --log_dir=/local/ray/session_2024-05-16_20-19-56_905487_2174377/logs --resource_dir=/local/ray/session_2024-05-16_20-19-56_905487_2174377/runtime_resources --metrics-agent-port=43524 --metrics_export_port=39871 --object_store_memory=72162587443 --plasma_directory=/dev/shm --ray-debugger-external=0 --gcs-address=10.20.240.17:6379 --session-name=session_2024-05-16_20-19-56_905487_2174377 --labels= --head --num_prestart_python_workers=2 "--agent_command=/home/s2240084/conFEDential/venv/bin/python -u /home/s2240084/conFEDential/venv/lib/python3.10/site-packages/ray/dashboard/agent.py --node-ip-address=10.20.240.17 --metrics-export-port=39871 --dashboard-agent-port=43524 --listen-port=52365 --node-manager-port=RAY_NODE_MANAGER_PORT_PLACEHOLDER --object-store-name=/local/ray/session_2024-05-16_20-19-56_905487_2174377/sockets/plasma_store --raylet-name=/local/ray/session_2024-05-16_20-19-56_905487_2174377/sockets/raylet --temp-dir=/local/ray --session-dir=/local/ray/session_2024-05-16_20-19-56_905487_2174377 --runtime-env-dir=/local/ray/session_2024-05-16_20-19-56_905487_2174377/runtime_resources --log-dir=/local/ray/session_2024-05-16_20-19-56_905487_2174377/logs --logging-rotate-bytes=536870912 --logging-rotate-backup-count=5 --session-name=session_2024-05-16_20-19-56_905487_2174377 --gcs-address=10.20.240.17:6379 --minimal"` (via SIGTERM)
2024-05-16 20:25:44,262	VINFO scripts.py:1068 -- Send termination request to `/home/s2240084/conFEDential/venv/bin/python -u /home/s2240084/conFEDential/venv/lib/python3.10/site-packages/ray/autoscaler/_private/monitor.py --logs-dir=/local/ray/session_2024-05-16_20-19-56_905487_2174377/logs --logging-rotate-bytes=536870912 --logging-rotate-backup-count=5 --gcs-address=10.20.240.17:6379 --monitor-ip=10.20.240.17` (via SIGTERM)
2024-05-16 20:25:44,262	VINFO scripts.py:1068 -- Send termination request to `/home/s2240084/conFEDential/venv/bin/python -u /home/s2240084/conFEDential/venv/lib/python3.10/site-packages/ray/_private/log_monitor.py --logs-dir=/local/ray/session_2024-05-16_20-19-56_905487_2174377/logs --gcs-address=10.20.240.17:6379 --logging-rotate-bytes=536870912 --logging-rotate-backup-count=5` (via SIGTERM)
2024-05-16 20:25:44,268	VINFO scripts.py:1068 -- Send termination request to `/home/s2240084/conFEDential/venv/bin/python -m ray.util.client.server --address=10.20.240.17:6379 --host=0.0.0.0 --port=10001 --mode=proxy --metrics-agent-port=43524` (via SIGTERM)
2024-05-16 20:25:44,274	VINFO scripts.py:1068 -- Send termination request to `/home/s2240084/conFEDential/venv/lib/python3.10/site-packages/ray/core/src/ray/raylet/raylet --raylet_socket_name=/local/ray/session_2024-05-16_20-19-56_905487_2174377/sockets/raylet --store_socket_name=/local/ray/session_2024-05-16_20-19-56_905487_2174377/sockets/plasma_store --object_manager_port=0 --min_worker_port=10002 --max_worker_port=19999 --node_manager_port=0 --node_ip_address=10.20.240.17 --maximum_startup_concurrency=2 --static_resource_list=node:10.20.240.17,1.0,node:__internal_head__,1.0,CPU,2,GPU,1,memory,214786348,object_store_memory,72162587443 "--python_worker_command=/home/s2240084/conFEDential/venv/bin/python /home/s2240084/conFEDential/venv/lib/python3.10/site-packages/ray/_private/workers/setup_worker.py /home/s2240084/conFEDential/venv/lib/python3.10/site-packages/ray/_private/workers/default_worker.py --node-ip-address=10.20.240.17 --node-manager-port=RAY_NODE_MANAGER_PORT_PLACEHOLDER --object-store-name=/local/ray/session_2024-05-16_20-19-56_905487_2174377/sockets/plasma_store --raylet-name=/local/ray/session_2024-05-16_20-19-56_905487_2174377/sockets/raylet --redis-address=None --temp-dir=/local/ray --metrics-agent-port=43524 --logging-rotate-bytes=536870912 --logging-rotate-backup-count=5 --gcs-address=10.20.240.17:6379 --session-name=session_2024-05-16_20-19-56_905487_2174377 --temp-dir=/local/ray --webui= RAY_WORKER_DYNAMIC_OPTION_PLACEHOLDER" "--java_worker_command=/home/s2240084/conFEDential/venv/bin/python /home/s2240084/conFEDential/venv/lib/python3.10/site-packages/ray/_private/workers/setup_worker.py -Dray.address=10.20.240.17:6379 -Dray.raylet.node-manager-port=RAY_NODE_MANAGER_PORT_PLACEHOLDER -Dray.object-store.socket-name=/local/ray/session_2024-05-16_20-19-56_905487_2174377/sockets/plasma_store -Dray.raylet.socket-name=/local/ray/session_2024-05-16_20-19-56_905487_2174377/sockets/raylet -Dray.redis.password= -Dray.node-ip=10.20.240.17 -Dray.home=/home/s2240084/conFEDential/venv/lib/python3.10/site-packages/ray/../.. -Dray.logging.dir=/local/ray/session_2024-05-16_20-19-56_905487_2174377/logs -Dray.session-dir=/local/ray/session_2024-05-16_20-19-56_905487_2174377 RAY_WORKER_DYNAMIC_OPTION_PLACEHOLDER io.ray.runtime.runner.worker.DefaultWorker" --cpp_worker_command= --native_library_path=/home/s2240084/conFEDential/venv/lib/python3.10/site-packages/ray/cpp/lib --temp_dir=/local/ray --session_dir=/local/ray/session_2024-05-16_20-19-56_905487_2174377 --log_dir=/local/ray/session_2024-05-16_20-19-56_905487_2174377/logs --resource_dir=/local/ray/session_2024-05-16_20-19-56_905487_2174377/runtime_resources --metrics-agent-port=43524 --metrics_export_port=39871 --object_store_memory=72162587443 --plasma_directory=/dev/shm --ray-debugger-external=0 --gcs-address=10.20.240.17:6379 --session-name=session_2024-05-16_20-19-56_905487_2174377 --labels= --head --num_prestart_python_workers=2 "--agent_command=/home/s2240084/conFEDential/venv/bin/python -u /home/s2240084/conFEDential/venv/lib/python3.10/site-packages/ray/dashboard/agent.py --node-ip-address=10.20.240.17 --metrics-export-port=39871 --dashboard-agent-port=43524 --listen-port=52365 --node-manager-port=RAY_NODE_MANAGER_PORT_PLACEHOLDER --object-store-name=/local/ray/session_2024-05-16_20-19-56_905487_2174377/sockets/plasma_store --raylet-name=/local/ray/session_2024-05-16_20-19-56_905487_2174377/sockets/raylet --temp-dir=/local/ray --session-dir=/local/ray/session_2024-05-16_20-19-56_905487_2174377 --runtime-env-dir=/local/ray/session_2024-05-16_20-19-56_905487_2174377/runtime_resources --log-dir=/local/ray/session_2024-05-16_20-19-56_905487_2174377/logs --logging-rotate-bytes=536870912 --logging-rotate-backup-count=5 --session-name=session_2024-05-16_20-19-56_905487_2174377 --gcs-address=10.20.240.17:6379 --minimal"` (via SIGTERM)
2024-05-16 20:25:44,279	VINFO scripts.py:1068 -- Send termination request to `/home/s2240084/conFEDential/venv/lib/python3.10/site-packages/ray/core/src/ray/raylet/raylet --raylet_socket_name=/local/ray/session_2024-05-16_20-19-56_905487_2174377/sockets/raylet --store_socket_name=/local/ray/session_2024-05-16_20-19-56_905487_2174377/sockets/plasma_store --object_manager_port=0 --min_worker_port=10002 --max_worker_port=19999 --node_manager_port=0 --node_ip_address=10.20.240.17 --maximum_startup_concurrency=2 --static_resource_list=node:10.20.240.17,1.0,node:__internal_head__,1.0,CPU,2,GPU,1,memory,214786348,object_store_memory,72162587443 "--python_worker_command=/home/s2240084/conFEDential/venv/bin/python /home/s2240084/conFEDential/venv/lib/python3.10/site-packages/ray/_private/workers/setup_worker.py /home/s2240084/conFEDential/venv/lib/python3.10/site-packages/ray/_private/workers/default_worker.py --node-ip-address=10.20.240.17 --node-manager-port=RAY_NODE_MANAGER_PORT_PLACEHOLDER --object-store-name=/local/ray/session_2024-05-16_20-19-56_905487_2174377/sockets/plasma_store --raylet-name=/local/ray/session_2024-05-16_20-19-56_905487_2174377/sockets/raylet --redis-address=None --temp-dir=/local/ray --metrics-agent-port=43524 --logging-rotate-bytes=536870912 --logging-rotate-backup-count=5 --gcs-address=10.20.240.17:6379 --session-name=session_2024-05-16_20-19-56_905487_2174377 --temp-dir=/local/ray --webui= RAY_WORKER_DYNAMIC_OPTION_PLACEHOLDER" "--java_worker_command=/home/s2240084/conFEDential/venv/bin/python /home/s2240084/conFEDential/venv/lib/python3.10/site-packages/ray/_private/workers/setup_worker.py -Dray.address=10.20.240.17:6379 -Dray.raylet.node-manager-port=RAY_NODE_MANAGER_PORT_PLACEHOLDER -Dray.object-store.socket-name=/local/ray/session_2024-05-16_20-19-56_905487_2174377/sockets/plasma_store -Dray.raylet.socket-name=/local/ray/session_2024-05-16_20-19-56_905487_2174377/sockets/raylet -Dray.redis.password= -Dray.node-ip=10.20.240.17 -Dray.home=/home/s2240084/conFEDential/venv/lib/python3.10/site-packages/ray/../.. -Dray.logging.dir=/local/ray/session_2024-05-16_20-19-56_905487_2174377/logs -Dray.session-dir=/local/ray/session_2024-05-16_20-19-56_905487_2174377 RAY_WORKER_DYNAMIC_OPTION_PLACEHOLDER io.ray.runtime.runner.worker.DefaultWorker" --cpp_worker_command= --native_library_path=/home/s2240084/conFEDential/venv/lib/python3.10/site-packages/ray/cpp/lib --temp_dir=/local/ray --session_dir=/local/ray/session_2024-05-16_20-19-56_905487_2174377 --log_dir=/local/ray/session_2024-05-16_20-19-56_905487_2174377/logs --resource_dir=/local/ray/session_2024-05-16_20-19-56_905487_2174377/runtime_resources --metrics-agent-port=43524 --metrics_export_port=39871 --object_store_memory=72162587443 --plasma_directory=/dev/shm --ray-debugger-external=0 --gcs-address=10.20.240.17:6379 --session-name=session_2024-05-16_20-19-56_905487_2174377 --labels= --head --num_prestart_python_workers=2 "--agent_command=/home/s2240084/conFEDential/venv/bin/python -u /home/s2240084/conFEDential/venv/lib/python3.10/site-packages/ray/dashboard/agent.py --node-ip-address=10.20.240.17 --metrics-export-port=39871 --dashboard-agent-port=43524 --listen-port=52365 --node-manager-port=RAY_NODE_MANAGER_PORT_PLACEHOLDER --object-store-name=/local/ray/session_2024-05-16_20-19-56_905487_2174377/sockets/plasma_store --raylet-name=/local/ray/session_2024-05-16_20-19-56_905487_2174377/sockets/raylet --temp-dir=/local/ray --session-dir=/local/ray/session_2024-05-16_20-19-56_905487_2174377 --runtime-env-dir=/local/ray/session_2024-05-16_20-19-56_905487_2174377/runtime_resources --log-dir=/local/ray/session_2024-05-16_20-19-56_905487_2174377/logs --logging-rotate-bytes=536870912 --logging-rotate-backup-count=5 --session-name=session_2024-05-16_20-19-56_905487_2174377 --gcs-address=10.20.240.17:6379 --minimal"` (via SIGTERM)
2024-05-16 20:25:44,285	VINFO scripts.py:1068 -- Send termination request to `/home/s2240084/conFEDential/venv/lib/python3.10/site-packages/ray/core/src/ray/raylet/raylet --raylet_socket_name=/local/ray/session_2024-05-16_20-19-56_905487_2174377/sockets/raylet --store_socket_name=/local/ray/session_2024-05-16_20-19-56_905487_2174377/sockets/plasma_store --object_manager_port=0 --min_worker_port=10002 --max_worker_port=19999 --node_manager_port=0 --node_ip_address=10.20.240.17 --maximum_startup_concurrency=2 --static_resource_list=node:10.20.240.17,1.0,node:__internal_head__,1.0,CPU,2,GPU,1,memory,214786348,object_store_memory,72162587443 "--python_worker_command=/home/s2240084/conFEDential/venv/bin/python /home/s2240084/conFEDential/venv/lib/python3.10/site-packages/ray/_private/workers/setup_worker.py /home/s2240084/conFEDential/venv/lib/python3.10/site-packages/ray/_private/workers/default_worker.py --node-ip-address=10.20.240.17 --node-manager-port=RAY_NODE_MANAGER_PORT_PLACEHOLDER --object-store-name=/local/ray/session_2024-05-16_20-19-56_905487_2174377/sockets/plasma_store --raylet-name=/local/ray/session_2024-05-16_20-19-56_905487_2174377/sockets/raylet --redis-address=None --temp-dir=/local/ray --metrics-agent-port=43524 --logging-rotate-bytes=536870912 --logging-rotate-backup-count=5 --gcs-address=10.20.240.17:6379 --session-name=session_2024-05-16_20-19-56_905487_2174377 --temp-dir=/local/ray --webui= RAY_WORKER_DYNAMIC_OPTION_PLACEHOLDER" "--java_worker_command=/home/s2240084/conFEDential/venv/bin/python /home/s2240084/conFEDential/venv/lib/python3.10/site-packages/ray/_private/workers/setup_worker.py -Dray.address=10.20.240.17:6379 -Dray.raylet.node-manager-port=RAY_NODE_MANAGER_PORT_PLACEHOLDER -Dray.object-store.socket-name=/local/ray/session_2024-05-16_20-19-56_905487_2174377/sockets/plasma_store -Dray.raylet.socket-name=/local/ray/session_2024-05-16_20-19-56_905487_2174377/sockets/raylet -Dray.redis.password= -Dray.node-ip=10.20.240.17 -Dray.home=/home/s2240084/conFEDential/venv/lib/python3.10/site-packages/ray/../.. -Dray.logging.dir=/local/ray/session_2024-05-16_20-19-56_905487_2174377/logs -Dray.session-dir=/local/ray/session_2024-05-16_20-19-56_905487_2174377 RAY_WORKER_DYNAMIC_OPTION_PLACEHOLDER io.ray.runtime.runner.worker.DefaultWorker" --cpp_worker_command= --native_library_path=/home/s2240084/conFEDential/venv/lib/python3.10/site-packages/ray/cpp/lib --temp_dir=/local/ray --session_dir=/local/ray/session_2024-05-16_20-19-56_905487_2174377 --log_dir=/local/ray/session_2024-05-16_20-19-56_905487_2174377/logs --resource_dir=/local/ray/session_2024-05-16_20-19-56_905487_2174377/runtime_resources --metrics-agent-port=43524 --metrics_export_port=39871 --object_store_memory=72162587443 --plasma_directory=/dev/shm --ray-debugger-external=0 --gcs-address=10.20.240.17:6379 --session-name=session_2024-05-16_20-19-56_905487_2174377 --labels= --head --num_prestart_python_workers=2 "--agent_command=/home/s2240084/conFEDential/venv/bin/python -u /home/s2240084/conFEDential/venv/lib/python3.10/site-packages/ray/dashboard/agent.py --node-ip-address=10.20.240.17 --metrics-export-port=39871 --dashboard-agent-port=43524 --listen-port=52365 --node-manager-port=RAY_NODE_MANAGER_PORT_PLACEHOLDER --object-store-name=/local/ray/session_2024-05-16_20-19-56_905487_2174377/sockets/plasma_store --raylet-name=/local/ray/session_2024-05-16_20-19-56_905487_2174377/sockets/raylet --temp-dir=/local/ray --session-dir=/local/ray/session_2024-05-16_20-19-56_905487_2174377 --runtime-env-dir=/local/ray/session_2024-05-16_20-19-56_905487_2174377/runtime_resources --log-dir=/local/ray/session_2024-05-16_20-19-56_905487_2174377/logs --logging-rotate-bytes=536870912 --logging-rotate-backup-count=5 --session-name=session_2024-05-16_20-19-56_905487_2174377 --gcs-address=10.20.240.17:6379 --minimal"` (via SIGTERM)
2024-05-16 20:25:44,290	VINFO scripts.py:1068 -- Send termination request to `/home/s2240084/conFEDential/venv/bin/python -u /home/s2240084/conFEDential/venv/lib/python3.10/site-packages/ray/_private/log_monitor.py --logs-dir=/local/ray/session_2024-05-16_20-19-56_905487_2174377/logs --gcs-address=10.20.240.17:6379 --logging-rotate-bytes=536870912 --logging-rotate-backup-count=5` (via SIGTERM)
2024-05-16 20:25:44,300	VINFO scripts.py:1068 -- Send termination request to `/home/s2240084/conFEDential/venv/lib/python3.10/site-packages/ray/core/src/ray/raylet/raylet --raylet_socket_name=/local/ray/session_2024-05-16_20-19-56_905487_2174377/sockets/raylet --store_socket_name=/local/ray/session_2024-05-16_20-19-56_905487_2174377/sockets/plasma_store --object_manager_port=0 --min_worker_port=10002 --max_worker_port=19999 --node_manager_port=0 --node_ip_address=10.20.240.17 --maximum_startup_concurrency=2 --static_resource_list=node:10.20.240.17,1.0,node:__internal_head__,1.0,CPU,2,GPU,1,memory,214786348,object_store_memory,72162587443 "--python_worker_command=/home/s2240084/conFEDential/venv/bin/python /home/s2240084/conFEDential/venv/lib/python3.10/site-packages/ray/_private/workers/setup_worker.py /home/s2240084/conFEDential/venv/lib/python3.10/site-packages/ray/_private/workers/default_worker.py --node-ip-address=10.20.240.17 --node-manager-port=RAY_NODE_MANAGER_PORT_PLACEHOLDER --object-store-name=/local/ray/session_2024-05-16_20-19-56_905487_2174377/sockets/plasma_store --raylet-name=/local/ray/session_2024-05-16_20-19-56_905487_2174377/sockets/raylet --redis-address=None --temp-dir=/local/ray --metrics-agent-port=43524 --logging-rotate-bytes=536870912 --logging-rotate-backup-count=5 --gcs-address=10.20.240.17:6379 --session-name=session_2024-05-16_20-19-56_905487_2174377 --temp-dir=/local/ray --webui= RAY_WORKER_DYNAMIC_OPTION_PLACEHOLDER" "--java_worker_command=/home/s2240084/conFEDential/venv/bin/python /home/s2240084/conFEDential/venv/lib/python3.10/site-packages/ray/_private/workers/setup_worker.py -Dray.address=10.20.240.17:6379 -Dray.raylet.node-manager-port=RAY_NODE_MANAGER_PORT_PLACEHOLDER -Dray.object-store.socket-name=/local/ray/session_2024-05-16_20-19-56_905487_2174377/sockets/plasma_store -Dray.raylet.socket-name=/local/ray/session_2024-05-16_20-19-56_905487_2174377/sockets/raylet -Dray.redis.password= -Dray.node-ip=10.20.240.17 -Dray.home=/home/s2240084/conFEDential/venv/lib/python3.10/site-packages/ray/../.. -Dray.logging.dir=/local/ray/session_2024-05-16_20-19-56_905487_2174377/logs -Dray.session-dir=/local/ray/session_2024-05-16_20-19-56_905487_2174377 RAY_WORKER_DYNAMIC_OPTION_PLACEHOLDER io.ray.runtime.runner.worker.DefaultWorker" --cpp_worker_command= --native_library_path=/home/s2240084/conFEDential/venv/lib/python3.10/site-packages/ray/cpp/lib --temp_dir=/local/ray --session_dir=/local/ray/session_2024-05-16_20-19-56_905487_2174377 --log_dir=/local/ray/session_2024-05-16_20-19-56_905487_2174377/logs --resource_dir=/local/ray/session_2024-05-16_20-19-56_905487_2174377/runtime_resources --metrics-agent-port=43524 --metrics_export_port=39871 --object_store_memory=72162587443 --plasma_directory=/dev/shm --ray-debugger-external=0 --gcs-address=10.20.240.17:6379 --session-name=session_2024-05-16_20-19-56_905487_2174377 --labels= --head --num_prestart_python_workers=2 "--agent_command=/home/s2240084/conFEDential/venv/bin/python -u /home/s2240084/conFEDential/venv/lib/python3.10/site-packages/ray/dashboard/agent.py --node-ip-address=10.20.240.17 --metrics-export-port=39871 --dashboard-agent-port=43524 --listen-port=52365 --node-manager-port=RAY_NODE_MANAGER_PORT_PLACEHOLDER --object-store-name=/local/ray/session_2024-05-16_20-19-56_905487_2174377/sockets/plasma_store --raylet-name=/local/ray/session_2024-05-16_20-19-56_905487_2174377/sockets/raylet --temp-dir=/local/ray --session-dir=/local/ray/session_2024-05-16_20-19-56_905487_2174377 --runtime-env-dir=/local/ray/session_2024-05-16_20-19-56_905487_2174377/runtime_resources --log-dir=/local/ray/session_2024-05-16_20-19-56_905487_2174377/logs --logging-rotate-bytes=536870912 --logging-rotate-backup-count=5 --session-name=session_2024-05-16_20-19-56_905487_2174377 --gcs-address=10.20.240.17:6379 --minimal"` (via SIGTERM)
2024-05-16 20:25:44,309	VINFO scripts.py:1068 -- Send termination request to `/home/s2240084/conFEDential/venv/bin/python -u /home/s2240084/conFEDential/venv/lib/python3.10/site-packages/ray/dashboard/agent.py --node-ip-address=10.20.240.17 --metrics-export-port=39871 --dashboard-agent-port=43524 --listen-port=52365 --node-manager-port=33075 --object-store-name=/local/ray/session_2024-05-16_20-19-56_905487_2174377/sockets/plasma_store --raylet-name=/local/ray/session_2024-05-16_20-19-56_905487_2174377/sockets/raylet --temp-dir=/local/ray --session-dir=/local/ray/session_2024-05-16_20-19-56_905487_2174377 --runtime-env-dir=/local/ray/session_2024-05-16_20-19-56_905487_2174377/runtime_resources --log-dir=/local/ray/session_2024-05-16_20-19-56_905487_2174377/logs --logging-rotate-bytes=536870912 --logging-rotate-backup-count=5 --session-name=session_2024-05-16_20-19-56_905487_2174377 --gcs-address=10.20.240.17:6379 --minimal --agent-id 424238335` (via SIGTERM)
2024-05-16 20:25:44,317	VINFO scripts.py:1068 -- Send termination request to `/home/s2240084/conFEDential/venv/bin/python /home/s2240084/conFEDential/venv/lib/python3.10/site-packages/ray/dashboard/dashboard.py --host=127.0.0.1 --port=8265 --port-retries=0 --temp-dir=/local/ray --log-dir=/local/ray/session_2024-05-16_20-19-56_905487_2174377/logs --session-dir=/local/ray/session_2024-05-16_20-19-56_905487_2174377 --logging-rotate-bytes=536870912 --logging-rotate-backup-count=5 --gcs-address=10.20.240.17:6379 --node-ip-address=10.20.240.17 --minimal` (via SIGTERM)
2024-05-16 20:25:44,358	INFO scripts.py:1098 -- 1/6 stopped.2024-05-16 20:25:44,532	INFO scripts.py:1098 -- 2/6 stopped.2024-05-16 20:25:44,532	INFO scripts.py:1098 -- 3/6 stopped.2024-05-16 20:25:44,532	INFO scripts.py:1098 -- 4/6 stopped.2024-05-16 20:25:44,532	INFO scripts.py:1098 -- 5/6 stopped.2024-05-16 20:25:44,985	INFO scripts.py:1098 -- 6/6 stopped.2024-05-16 20:25:45,158	VINFO scripts.py:1068 -- Send termination request to `/home/s2240084/conFEDential/venv/lib/python3.10/site-packages/ray/core/src/ray/gcs/gcs_server --log_dir=/local/ray/session_2024-05-16_20-19-56_905487_2174377/logs --config_list=eyJvYmplY3Rfc3BpbGxpbmdfY29uZmlnIjogIntcInR5cGVcIjogXCJmaWxlc3lzdGVtXCIsIFwicGFyYW1zXCI6IHtcImRpcmVjdG9yeV9wYXRoXCI6IFwiL2xvY2FsL3JheS9zZXNzaW9uXzIwMjQtMDUtMTZfMjAtMTktNTZfOTA1NDg3XzIxNzQzNzdcIn19IiwgImlzX2V4dGVybmFsX3N0b3JhZ2VfdHlwZV9mcyI6IHRydWV9 --gcs_server_port=6379 --metrics-agent-port=43524 --node-ip-address=10.20.240.17 --session-name=session_2024-05-16_20-19-56_905487_2174377` (via SIGTERM)
2024-05-16 20:25:45,542	INFO scripts.py:1098 -- 1/1 stopped.2024-05-16 20:25:45,542	SUCC scripts.py:1142 -- Stopped all 7 Ray processes.
