ctit083
2024-06-06 11:30:29,901	INFO usage_lib.py:412 -- Usage stats collection is enabled. To disable this, add `--disable-usage-stats` to the command that starts the cluster, or run the following command: `ray disable-usage-stats` before starting the cluster. See https://docs.ray.io/en/master/cluster/usage-stats.html for more details.
2024-06-06 11:30:29,901	INFO scripts.py:722 -- Local node IP: 10.20.240.13
2024-06-06 11:30:35,694	SUCC scripts.py:759 -- --------------------
2024-06-06 11:30:35,694	SUCC scripts.py:760 -- Ray runtime started.
2024-06-06 11:30:35,694	SUCC scripts.py:761 -- --------------------
2024-06-06 11:30:35,695	INFO scripts.py:763 -- Next steps
2024-06-06 11:30:35,695	INFO scripts.py:766 -- To add another node to this Ray cluster, run
2024-06-06 11:30:35,695	INFO scripts.py:769 --   ray start --address='10.20.240.13:6379'
2024-06-06 11:30:35,695	INFO scripts.py:778 -- To connect to this Ray cluster:
2024-06-06 11:30:35,695	INFO scripts.py:780 -- import ray
2024-06-06 11:30:35,695	INFO scripts.py:781 -- ray.init()
2024-06-06 11:30:35,695	INFO scripts.py:812 -- To terminate the Ray runtime, run
2024-06-06 11:30:35,695	INFO scripts.py:813 --   ray stop
2024-06-06 11:30:35,696	INFO scripts.py:816 -- To view the status of the cluster, use
2024-06-06 11:30:35,696	INFO scripts.py:817 --   ray status
2024-06-06 11:30:40.468864: I tensorflow/core/platform/cpu_feature_guard.cc:210] This TensorFlow binary is optimized to use available CPU instructions in performance-critical operations.
To enable the following instructions: AVX2 FMA, in other operations, rebuild TensorFlow with the appropriate compiler flags.
2024-06-06 11:30:42.119773: W tensorflow/compiler/tf2tensorrt/utils/py_utils.cc:38] TF-TRT Warning: Could not find TensorRT
INFO flwr 2024-06-06 11:30:50,002 | Data.py:35 | Preprocessing the federated learning dataset
INFO flwr 2024-06-06 11:30:50,003 | Data.py:109 | Found preprocessed data for the given preprocess function with hash eda5b80526d0a893cb27d74de67f453d190ef90188f6c8963c1161cbb5a526ce, returning
INFO flwr 2024-06-06 11:30:50,269 | Simulation.py:36 | Preparing datasets for federated learning simulation
INFO flwr 2024-06-06 11:30:50,270 | Simulation.py:265 | Found previously split dataloaders with hash bd65c6a03831e38c587d483e1fe6a818e6bdcb912c586e58c4dda52c558b4a79, loading them
INFO flwr 2024-06-06 11:31:00,978 | main.py:103 | Loaded 1 configs with name CIFAR10-RESNET18-FEDADAM, running...
INFO flwr 2024-06-06 11:31:00,982 | main.py:105 | Config:
	Simulation:
		Data:
			dataset_name: cifar10
			batch_size: 64
			preprocess_fn:
				def preprocess_fn(element):
				  return {
				    "x": element["img"],
				    "y": element["label"]
				  }
		Federation:
			client_count: 100
			fraction_fit: 0.1
			global_rounds: 20
			local_rounds: 1
		Model:
			optimizer_name: FedAdam
			model_name: ResNet18
			criterion_name: CrossEntropyLoss
			optimizer_parameters: 
				local: {'lr': 0.01}
				global: {'lr': 0.01, 'betas': [0.9, 0.99], 'eps': 0.0001}
			model_architecture:
				repo_or_dir: pytorch/vision:v0.10.0
					model: resnet18
					pretrained: False
					out_features: 10
	Attack:
		data_access: 1.0
		message_access: server
		repetitions: 0
		Attack Simulation:
			batch_size: 64
			optimizer_name: FedAvg
			optimizer_parameters:
				lr: 0.1
			ModelArchitecture:
				gradient_component:
					type: Dropout
						p: 0.2
					type: Conv2d
						out_channels: 1000
						kernel_size: None
						stride: 1
					type: ReLU
				fcn_component:
					type: Dropout
						p: 0.2
					type: Linear
						out_features: 128
					type: ReLU
					type: Dropout
						p: 0.2
					type: Linear
						in_features: 128
						out_features: 64
					type: ReLU
				encoder_component:
					type: Dropout
						p: 0.2
					type: Linear
						out_features: 256
					type: ReLU
					type: Dropout
						p: 0.2
					type: Linear
						in_features: 256
						out_features: 128
					type: ReLU
					type: Dropout
						p: 0.2
					type: Linear
						in_features: 128
						out_features: 64
					type: ReLU
					type: Dropout
						p: 0.2
					type: Linear
						in_features: 64
						out_features: 1
					type: ReLU
					type: Sigmoid
INFO flwr 2024-06-06 11:31:00,988 | Config.py:67 | Starting conFEDential simulation
INFO flwr 2024-06-06 11:31:00,989 | Config.py:72 | No previous federated learning simulation found with hash bc56c84ad0547fc2446c4a986812c404039c9788bf6f07e9b8a004dda19189c0, starting training simulation...
wandb: Tracking run with wandb version 0.16.5
wandb: W&B syncing is set to `offline` in this directory.  
wandb: Run `wandb online` or set WANDB_MODE=online to enable cloud syncing.
INFO flwr 2024-06-06 11:31:02,954 | Simulation.py:405 | Created 1 clients with resources 2 CPUs, 1.0 GPUs, and 16.0GB for the total available 2 CPUs, 1 GPUs and 16.0GB.
INFO flwr 2024-06-06 11:31:02,954 | Simulation.py:159 | Starting federated learning simulation
2024-06-06 11:31:03,015	INFO worker.py:1431 -- Connecting to existing Ray cluster at address: 10.20.240.13:6379...
2024-06-06 11:31:03,028	INFO worker.py:1621 -- Connected to Ray cluster.
INFO flwr 2024-06-06 11:31:04,650 | app.py:178 | Starting Flower simulation, config: ServerConfig(num_rounds=20, round_timeout=None)
2024-06-06 11:31:04,726	INFO worker.py:1453 -- Calling ray.init() again after it has already been called.
INFO flwr 2024-06-06 11:31:04,726 | app.py:213 | Flower VCE: Ray initialized with resources: {'CPU': 2.0, 'node:__internal_head__': 1.0, 'object_store_memory': 76896911769.0, 'GPU': 1.0, 'accelerator_type:G': 1.0, 'memory': 17179869184.0, 'node:10.20.240.13': 1.0}
INFO flwr 2024-06-06 11:31:04,727 | app.py:219 | Optimize your simulation with Flower VCE: https://flower.dev/docs/framework/how-to-run-simulations.html
INFO flwr 2024-06-06 11:31:04,727 | app.py:242 | Flower VCE: Resources for each Virtual Client: {'num_cpus': 2, 'num_gpus': 1.0, 'memory': 17179869184}
INFO flwr 2024-06-06 11:31:04,738 | app.py:288 | Flower VCE: Creating VirtualClientEngineActorPool with 1 actors
INFO flwr 2024-06-06 11:31:04,739 | server.py:89 | Initializing global parameters
INFO flwr 2024-06-06 11:31:04,739 | server.py:272 | Using initial parameters provided by strategy
INFO flwr 2024-06-06 11:31:04,740 | server.py:91 | Evaluating initial parameters
INFO flwr 2024-06-06 11:31:06,678 | server.py:94 | initial parameters (loss, other metrics): 0.0002506583452224731, {'accuracy': 0.0978, 'data_size': 10000}
INFO flwr 2024-06-06 11:31:06,679 | server.py:104 | FL starting
DEBUG flwr 2024-06-06 11:31:06,679 | server.py:222 | fit_round 1: strategy sampled 10 clients (out of 100)
[2m[36m(pid=1007574)[0m 2024-06-06 11:31:07.536305: I tensorflow/core/platform/cpu_feature_guard.cc:210] This TensorFlow binary is optimized to use available CPU instructions in performance-critical operations.
[2m[36m(pid=1007574)[0m To enable the following instructions: AVX2 FMA, in other operations, rebuild TensorFlow with the appropriate compiler flags.
[2m[36m(pid=1007574)[0m 2024-06-06 11:31:09.756985: W tensorflow/compiler/tf2tensorrt/utils/py_utils.cc:38] TF-TRT Warning: Could not find TensorRT
DEBUG flwr 2024-06-06 11:34:34,861 | server.py:236 | fit_round 1 received 10 results and 0 failures
INFO flwr 2024-06-06 11:35:35,174 | server.py:125 | fit progress: (1, 0.00029718141555786133, {'accuracy': 0.1635, 'data_size': 10000}, 268.49510433524847)
INFO flwr 2024-06-06 11:35:35,175 | server.py:171 | evaluate_round 1: no clients selected, cancel
DEBUG flwr 2024-06-06 11:35:35,176 | server.py:222 | fit_round 2: strategy sampled 10 clients (out of 100)
DEBUG flwr 2024-06-06 11:38:54,102 | server.py:236 | fit_round 2 received 10 results and 0 failures
INFO flwr 2024-06-06 11:39:01,219 | server.py:125 | fit progress: (2, 0.00024540393352508546, {'accuracy': 0.2086, 'data_size': 10000}, 474.54009187733755)
INFO flwr 2024-06-06 11:39:01,220 | server.py:171 | evaluate_round 2: no clients selected, cancel
DEBUG flwr 2024-06-06 11:39:01,220 | server.py:222 | fit_round 3: strategy sampled 10 clients (out of 100)
DEBUG flwr 2024-06-06 11:42:19,377 | server.py:236 | fit_round 3 received 10 results and 0 failures
INFO flwr 2024-06-06 11:42:26,615 | server.py:125 | fit progress: (3, 0.00023721413612365724, {'accuracy': 0.1982, 'data_size': 10000}, 679.9353961860761)
INFO flwr 2024-06-06 11:42:26,615 | server.py:171 | evaluate_round 3: no clients selected, cancel
DEBUG flwr 2024-06-06 11:42:26,615 | server.py:222 | fit_round 4: strategy sampled 10 clients (out of 100)
DEBUG flwr 2024-06-06 11:45:43,933 | server.py:236 | fit_round 4 received 10 results and 0 failures
INFO flwr 2024-06-06 11:45:54,795 | server.py:125 | fit progress: (4, 0.0002324589729309082, {'accuracy': 0.2428, 'data_size': 10000}, 888.1158719682135)
INFO flwr 2024-06-06 11:45:54,796 | server.py:171 | evaluate_round 4: no clients selected, cancel
DEBUG flwr 2024-06-06 11:45:54,796 | server.py:222 | fit_round 5: strategy sampled 10 clients (out of 100)
DEBUG flwr 2024-06-06 11:49:11,689 | server.py:236 | fit_round 5 received 10 results and 0 failures
INFO flwr 2024-06-06 11:49:27,209 | server.py:125 | fit progress: (5, 0.00020409562587738036, {'accuracy': 0.2816, 'data_size': 10000}, 1100.530223286245)
INFO flwr 2024-06-06 11:49:27,210 | server.py:171 | evaluate_round 5: no clients selected, cancel
DEBUG flwr 2024-06-06 11:49:27,210 | server.py:222 | fit_round 6: strategy sampled 10 clients (out of 100)
DEBUG flwr 2024-06-06 11:52:44,086 | server.py:236 | fit_round 6 received 10 results and 0 failures
INFO flwr 2024-06-06 11:52:56,489 | server.py:125 | fit progress: (6, 0.00018546876907348634, {'accuracy': 0.3084, 'data_size': 10000}, 1309.8096044631675)
INFO flwr 2024-06-06 11:52:56,489 | server.py:171 | evaluate_round 6: no clients selected, cancel
DEBUG flwr 2024-06-06 11:52:56,490 | server.py:222 | fit_round 7: strategy sampled 10 clients (out of 100)
DEBUG flwr 2024-06-06 11:56:12,970 | server.py:236 | fit_round 7 received 10 results and 0 failures
INFO flwr 2024-06-06 11:56:21,947 | server.py:125 | fit progress: (7, 0.0001803359627723694, {'accuracy': 0.3124, 'data_size': 10000}, 1515.2679487550631)
INFO flwr 2024-06-06 11:56:21,948 | server.py:171 | evaluate_round 7: no clients selected, cancel
DEBUG flwr 2024-06-06 11:56:21,948 | server.py:222 | fit_round 8: strategy sampled 10 clients (out of 100)
DEBUG flwr 2024-06-06 11:59:38,292 | server.py:236 | fit_round 8 received 10 results and 0 failures
INFO flwr 2024-06-06 11:59:49,264 | server.py:125 | fit progress: (8, 0.00016738320589065552, {'accuracy': 0.384, 'data_size': 10000}, 1722.5844948920421)
INFO flwr 2024-06-06 11:59:49,264 | server.py:171 | evaluate_round 8: no clients selected, cancel
DEBUG flwr 2024-06-06 11:59:49,265 | server.py:222 | fit_round 9: strategy sampled 10 clients (out of 100)
DEBUG flwr 2024-06-06 12:03:04,362 | server.py:236 | fit_round 9 received 10 results and 0 failures
INFO flwr 2024-06-06 12:03:13,870 | server.py:125 | fit progress: (9, 0.00016690438985824584, {'accuracy': 0.3882, 'data_size': 10000}, 1927.1905613839626)
INFO flwr 2024-06-06 12:03:13,870 | server.py:171 | evaluate_round 9: no clients selected, cancel
DEBUG flwr 2024-06-06 12:03:13,871 | server.py:222 | fit_round 10: strategy sampled 10 clients (out of 100)
DEBUG flwr 2024-06-06 12:06:30,630 | server.py:236 | fit_round 10 received 10 results and 0 failures
INFO flwr 2024-06-06 12:06:40,859 | server.py:125 | fit progress: (10, 0.00017110605239868164, {'accuracy': 0.3731, 'data_size': 10000}, 2134.1794026959687)
INFO flwr 2024-06-06 12:06:40,859 | server.py:171 | evaluate_round 10: no clients selected, cancel
DEBUG flwr 2024-06-06 12:06:40,859 | server.py:222 | fit_round 11: strategy sampled 10 clients (out of 100)
DEBUG flwr 2024-06-06 12:09:57,927 | server.py:236 | fit_round 11 received 10 results and 0 failures
INFO flwr 2024-06-06 12:10:12,843 | server.py:125 | fit progress: (11, 0.0001577153444290161, {'accuracy': 0.4234, 'data_size': 10000}, 2346.163381136954)
INFO flwr 2024-06-06 12:10:12,843 | server.py:171 | evaluate_round 11: no clients selected, cancel
DEBUG flwr 2024-06-06 12:10:12,843 | server.py:222 | fit_round 12: strategy sampled 10 clients (out of 100)
DEBUG flwr 2024-06-06 12:13:30,100 | server.py:236 | fit_round 12 received 10 results and 0 failures
INFO flwr 2024-06-06 12:13:40,658 | server.py:125 | fit progress: (12, 0.0001631035327911377, {'accuracy': 0.4083, 'data_size': 10000}, 2553.978968113195)
INFO flwr 2024-06-06 12:13:40,659 | server.py:171 | evaluate_round 12: no clients selected, cancel
DEBUG flwr 2024-06-06 12:13:40,659 | server.py:222 | fit_round 13: strategy sampled 10 clients (out of 100)
DEBUG flwr 2024-06-06 12:16:56,732 | server.py:236 | fit_round 13 received 10 results and 0 failures
INFO flwr 2024-06-06 12:17:08,957 | server.py:125 | fit progress: (13, 0.000156492817401886, {'accuracy': 0.428, 'data_size': 10000}, 2762.2778907893226)
INFO flwr 2024-06-06 12:17:08,958 | server.py:171 | evaluate_round 13: no clients selected, cancel
DEBUG flwr 2024-06-06 12:17:08,958 | server.py:222 | fit_round 14: strategy sampled 10 clients (out of 100)
DEBUG flwr 2024-06-06 12:20:24,503 | server.py:236 | fit_round 14 received 10 results and 0 failures
INFO flwr 2024-06-06 12:20:36,977 | server.py:125 | fit progress: (14, 0.00015264538526535033, {'accuracy': 0.4435, 'data_size': 10000}, 2970.2973882909864)
INFO flwr 2024-06-06 12:20:36,977 | server.py:171 | evaluate_round 14: no clients selected, cancel
DEBUG flwr 2024-06-06 12:20:36,977 | server.py:222 | fit_round 15: strategy sampled 10 clients (out of 100)
DEBUG flwr 2024-06-06 12:23:52,197 | server.py:236 | fit_round 15 received 10 results and 0 failures
INFO flwr 2024-06-06 12:24:01,926 | server.py:125 | fit progress: (15, 0.00015579925775527955, {'accuracy': 0.4254, 'data_size': 10000}, 3175.247090651188)
INFO flwr 2024-06-06 12:24:01,927 | server.py:171 | evaluate_round 15: no clients selected, cancel
DEBUG flwr 2024-06-06 12:24:01,927 | server.py:222 | fit_round 16: strategy sampled 10 clients (out of 100)
DEBUG flwr 2024-06-06 12:27:17,671 | server.py:236 | fit_round 16 received 10 results and 0 failures
INFO flwr 2024-06-06 12:27:27,710 | server.py:125 | fit progress: (16, 0.00014912649393081665, {'accuracy': 0.4497, 'data_size': 10000}, 3381.0306348190643)
INFO flwr 2024-06-06 12:27:27,711 | server.py:171 | evaluate_round 16: no clients selected, cancel
DEBUG flwr 2024-06-06 12:27:27,711 | server.py:222 | fit_round 17: strategy sampled 10 clients (out of 100)
DEBUG flwr 2024-06-06 12:30:44,566 | server.py:236 | fit_round 17 received 10 results and 0 failures
INFO flwr 2024-06-06 12:30:58,274 | server.py:125 | fit progress: (17, 0.00015029786825180054, {'accuracy': 0.4465, 'data_size': 10000}, 3591.5947637432255)
INFO flwr 2024-06-06 12:30:58,275 | server.py:171 | evaluate_round 17: no clients selected, cancel
DEBUG flwr 2024-06-06 12:30:58,275 | server.py:222 | fit_round 18: strategy sampled 10 clients (out of 100)
DEBUG flwr 2024-06-06 12:34:12,651 | server.py:236 | fit_round 18 received 10 results and 0 failures
INFO flwr 2024-06-06 12:34:23,801 | server.py:125 | fit progress: (18, 0.00014951272010803223, {'accuracy': 0.448, 'data_size': 10000}, 3797.1212946432643)
INFO flwr 2024-06-06 12:34:23,801 | server.py:171 | evaluate_round 18: no clients selected, cancel
DEBUG flwr 2024-06-06 12:34:23,801 | server.py:222 | fit_round 19: strategy sampled 10 clients (out of 100)
DEBUG flwr 2024-06-06 12:37:37,245 | server.py:236 | fit_round 19 received 10 results and 0 failures
INFO flwr 2024-06-06 12:37:47,465 | server.py:125 | fit progress: (19, 0.00015058661699295044, {'accuracy': 0.4427, 'data_size': 10000}, 4000.785663150251)
INFO flwr 2024-06-06 12:37:47,465 | server.py:171 | evaluate_round 19: no clients selected, cancel
DEBUG flwr 2024-06-06 12:37:47,466 | server.py:222 | fit_round 20: strategy sampled 10 clients (out of 100)
DEBUG flwr 2024-06-06 12:41:04,875 | server.py:236 | fit_round 20 received 10 results and 0 failures
INFO flwr 2024-06-06 12:41:15,559 | server.py:125 | fit progress: (20, 0.00014569969177246093, {'accuracy': 0.4655, 'data_size': 10000}, 4208.880110664293)
INFO flwr 2024-06-06 12:41:15,560 | server.py:171 | evaluate_round 20: no clients selected, cancel
INFO flwr 2024-06-06 12:41:15,560 | server.py:153 | FL finished in 4208.880863384344
INFO flwr 2024-06-06 12:41:15,634 | app.py:226 | app_fit: losses_distributed []
INFO flwr 2024-06-06 12:41:15,634 | app.py:228 | app_fit: metrics_distributed {}
INFO flwr 2024-06-06 12:41:15,634 | app.py:229 | app_fit: losses_centralized [(0, 0.0002506583452224731), (1, 0.00029718141555786133), (2, 0.00024540393352508546), (3, 0.00023721413612365724), (4, 0.0002324589729309082), (5, 0.00020409562587738036), (6, 0.00018546876907348634), (7, 0.0001803359627723694), (8, 0.00016738320589065552), (9, 0.00016690438985824584), (10, 0.00017110605239868164), (11, 0.0001577153444290161), (12, 0.0001631035327911377), (13, 0.000156492817401886), (14, 0.00015264538526535033), (15, 0.00015579925775527955), (16, 0.00014912649393081665), (17, 0.00015029786825180054), (18, 0.00014951272010803223), (19, 0.00015058661699295044), (20, 0.00014569969177246093)]
INFO flwr 2024-06-06 12:41:15,634 | app.py:230 | app_fit: metrics_centralized {'accuracy': [(0, 0.0978), (1, 0.1635), (2, 0.2086), (3, 0.1982), (4, 0.2428), (5, 0.2816), (6, 0.3084), (7, 0.3124), (8, 0.384), (9, 0.3882), (10, 0.3731), (11, 0.4234), (12, 0.4083), (13, 0.428), (14, 0.4435), (15, 0.4254), (16, 0.4497), (17, 0.4465), (18, 0.448), (19, 0.4427), (20, 0.4655)], 'data_size': [(0, 10000), (1, 10000), (2, 10000), (3, 10000), (4, 10000), (5, 10000), (6, 10000), (7, 10000), (8, 10000), (9, 10000), (10, 10000), (11, 10000), (12, 10000), (13, 10000), (14, 10000), (15, 10000), (16, 10000), (17, 10000), (18, 10000), (19, 10000), (20, 10000)]}
wandb: - 0.000 MB of 0.000 MB uploadedwandb:                                                                                
wandb: 
wandb: Run summary:
wandb: accuracy 0.4655
wandb:     loss 0.00015
wandb: 
wandb: You can sync this run to the cloud by running:
wandb: wandb sync /home/s2240084/conFEDential/wandb/offline-run-20240606_113102-u81lw6ti
wandb: Find logs at: ./wandb/offline-run-20240606_113102-u81lw6ti/logs
2024-06-06 12:42:56.404589: I tensorflow/core/platform/cpu_feature_guard.cc:210] This TensorFlow binary is optimized to use available CPU instructions in performance-critical operations.
To enable the following instructions: AVX2 FMA, in other operations, rebuild TensorFlow with the appropriate compiler flags.
2024-06-06 12:43:05.648134: W tensorflow/compiler/tf2tensorrt/utils/py_utils.cc:38] TF-TRT Warning: Could not find TensorRT
INFO flwr 2024-06-06 12:44:35,254 | Data.py:35 | Preprocessing the federated learning dataset
INFO flwr 2024-06-06 12:44:35,291 | Data.py:109 | Found preprocessed data for the given preprocess function with hash eda5b80526d0a893cb27d74de67f453d190ef90188f6c8963c1161cbb5a526ce, returning
INFO flwr 2024-06-06 12:44:36,610 | Simulation.py:36 | Preparing datasets for federated learning simulation
INFO flwr 2024-06-06 12:44:36,646 | Simulation.py:265 | Found previously split dataloaders with hash bd65c6a03831e38c587d483e1fe6a818e6bdcb912c586e58c4dda52c558b4a79, loading them
INFO flwr 2024-06-06 12:44:49,176 | main.py:103 | Loaded 1 configs with name CIFAR10-RESNET18-FEDAVG, running...
INFO flwr 2024-06-06 12:44:49,179 | main.py:105 | Config:
	Simulation:
		Data:
			dataset_name: cifar10
			batch_size: 64
			preprocess_fn:
				def preprocess_fn(element):
				  return {
				    "x": element["img"],
				    "y": element["label"]
				  }
		Federation:
			client_count: 100
			fraction_fit: 0.1
			global_rounds: 20
			local_rounds: 1
		Model:
			optimizer_name: FedAvg
			model_name: ResNet18
			criterion_name: CrossEntropyLoss
			optimizer_parameters: 
				lr: 0.01
			model_architecture:
				repo_or_dir: pytorch/vision:v0.10.0
					model: resnet18
					pretrained: False
					out_features: 10
	Attack:
		data_access: 1.0
		message_access: server
		repetitions: 0
		Attack Simulation:
			batch_size: 64
			optimizer_name: FedAvg
			optimizer_parameters:
				lr: 0.1
			ModelArchitecture:
				gradient_component:
					type: Dropout
						p: 0.2
					type: Conv2d
						out_channels: 1000
						kernel_size: None
						stride: 1
					type: ReLU
				fcn_component:
					type: Dropout
						p: 0.2
					type: Linear
						out_features: 128
					type: ReLU
					type: Dropout
						p: 0.2
					type: Linear
						in_features: 128
						out_features: 64
					type: ReLU
				encoder_component:
					type: Dropout
						p: 0.2
					type: Linear
						out_features: 256
					type: ReLU
					type: Dropout
						p: 0.2
					type: Linear
						in_features: 256
						out_features: 128
					type: ReLU
					type: Dropout
						p: 0.2
					type: Linear
						in_features: 128
						out_features: 64
					type: ReLU
					type: Dropout
						p: 0.2
					type: Linear
						in_features: 64
						out_features: 1
					type: ReLU
					type: Sigmoid
INFO flwr 2024-06-06 12:44:49,184 | Config.py:67 | Starting conFEDential simulation
INFO flwr 2024-06-06 12:44:49,208 | Config.py:72 | No previous federated learning simulation found with hash 58c2f55d6fdb11e6bf4805a37aad7404bbafac9818b3873bd889410c209a342d, starting training simulation...
wandb: Tracking run with wandb version 0.16.5
wandb: W&B syncing is set to `offline` in this directory.  
wandb: Run `wandb online` or set WANDB_MODE=online to enable cloud syncing.
INFO flwr 2024-06-06 12:44:53,259 | Simulation.py:405 | Created 1 clients with resources 2 CPUs, 1.0 GPUs, and 16.0GB for the total available 2 CPUs, 1 GPUs and 16.0GB.
INFO flwr 2024-06-06 12:44:53,259 | Simulation.py:159 | Starting federated learning simulation
2024-06-06 12:44:53,318	INFO worker.py:1431 -- Connecting to existing Ray cluster at address: 10.20.240.13:6379...
2024-06-06 12:44:53,391	INFO worker.py:1621 -- Connected to Ray cluster.
INFO flwr 2024-06-06 12:44:53,406 | app.py:178 | Starting Flower simulation, config: ServerConfig(num_rounds=20, round_timeout=None)
2024-06-06 12:44:53,472	INFO worker.py:1453 -- Calling ray.init() again after it has already been called.
INFO flwr 2024-06-06 12:44:53,472 | app.py:213 | Flower VCE: Ray initialized with resources: {'node:10.20.240.13': 1.0, 'memory': 17179869184.0, 'node:__internal_head__': 1.0, 'CPU': 2.0, 'GPU': 1.0, 'accelerator_type:G': 1.0, 'object_store_memory': 76896911769.0}
INFO flwr 2024-06-06 12:44:53,473 | app.py:219 | Optimize your simulation with Flower VCE: https://flower.dev/docs/framework/how-to-run-simulations.html
INFO flwr 2024-06-06 12:44:53,473 | app.py:242 | Flower VCE: Resources for each Virtual Client: {'num_cpus': 2, 'num_gpus': 1.0, 'memory': 17179869184}
INFO flwr 2024-06-06 12:44:53,482 | app.py:288 | Flower VCE: Creating VirtualClientEngineActorPool with 1 actors
INFO flwr 2024-06-06 12:44:53,483 | server.py:89 | Initializing global parameters
INFO flwr 2024-06-06 12:44:53,484 | server.py:272 | Using initial parameters provided by strategy
INFO flwr 2024-06-06 12:44:53,484 | server.py:91 | Evaluating initial parameters
INFO flwr 2024-06-06 12:44:55,343 | server.py:94 | initial parameters (loss, other metrics): 0.0002506583452224731, {'accuracy': 0.0978, 'data_size': 10000}
INFO flwr 2024-06-06 12:44:55,343 | server.py:104 | FL starting
DEBUG flwr 2024-06-06 12:44:55,344 | server.py:222 | fit_round 1: strategy sampled 10 clients (out of 100)
[2m[36m(pid=1045839)[0m 2024-06-06 12:44:56.178693: I tensorflow/core/platform/cpu_feature_guard.cc:210] This TensorFlow binary is optimized to use available CPU instructions in performance-critical operations.
[2m[36m(pid=1045839)[0m To enable the following instructions: AVX2 FMA, in other operations, rebuild TensorFlow with the appropriate compiler flags.
[2m[36m(pid=1045839)[0m 2024-06-06 12:44:58.422338: W tensorflow/compiler/tf2tensorrt/utils/py_utils.cc:38] TF-TRT Warning: Could not find TensorRT
DEBUG flwr 2024-06-06 12:48:21,748 | server.py:236 | fit_round 1 received 10 results and 0 failures
INFO flwr 2024-06-06 12:49:17,848 | server.py:125 | fit progress: (1, 0.00023331358432769777, {'accuracy': 0.1376, 'data_size': 10000}, 262.50482561206445)
INFO flwr 2024-06-06 12:49:17,849 | server.py:171 | evaluate_round 1: no clients selected, cancel
DEBUG flwr 2024-06-06 12:49:17,849 | server.py:222 | fit_round 2: strategy sampled 10 clients (out of 100)
DEBUG flwr 2024-06-06 12:52:34,231 | server.py:236 | fit_round 2 received 10 results and 0 failures
INFO flwr 2024-06-06 12:52:46,620 | server.py:125 | fit progress: (2, 0.00022484164237976075, {'accuracy': 0.1687, 'data_size': 10000}, 471.2769908220507)
INFO flwr 2024-06-06 12:52:46,621 | server.py:171 | evaluate_round 2: no clients selected, cancel
DEBUG flwr 2024-06-06 12:52:46,621 | server.py:222 | fit_round 3: strategy sampled 10 clients (out of 100)
DEBUG flwr 2024-06-06 12:56:01,318 | server.py:236 | fit_round 3 received 10 results and 0 failures
INFO flwr 2024-06-06 12:56:10,460 | server.py:125 | fit progress: (3, 0.00021966891288757324, {'accuracy': 0.1898, 'data_size': 10000}, 675.1168347271159)
INFO flwr 2024-06-06 12:56:10,461 | server.py:171 | evaluate_round 3: no clients selected, cancel
DEBUG flwr 2024-06-06 12:56:10,462 | server.py:222 | fit_round 4: strategy sampled 10 clients (out of 100)
DEBUG flwr 2024-06-06 12:59:26,166 | server.py:236 | fit_round 4 received 10 results and 0 failures
INFO flwr 2024-06-06 12:59:38,303 | server.py:125 | fit progress: (4, 0.00021361949443817138, {'accuracy': 0.2128, 'data_size': 10000}, 882.9592204820365)
INFO flwr 2024-06-06 12:59:38,303 | server.py:171 | evaluate_round 4: no clients selected, cancel
DEBUG flwr 2024-06-06 12:59:38,303 | server.py:222 | fit_round 5: strategy sampled 10 clients (out of 100)
DEBUG flwr 2024-06-06 13:02:53,080 | server.py:236 | fit_round 5 received 10 results and 0 failures
INFO flwr 2024-06-06 13:02:59,998 | server.py:125 | fit progress: (5, 0.00020771043300628662, {'accuracy': 0.2367, 'data_size': 10000}, 1084.6541161299683)
INFO flwr 2024-06-06 13:02:59,998 | server.py:171 | evaluate_round 5: no clients selected, cancel
DEBUG flwr 2024-06-06 13:02:59,999 | server.py:222 | fit_round 6: strategy sampled 10 clients (out of 100)
DEBUG flwr 2024-06-06 13:06:16,023 | server.py:236 | fit_round 6 received 10 results and 0 failures
INFO flwr 2024-06-06 13:06:43,223 | server.py:125 | fit progress: (6, 0.00020399560928344726, {'accuracy': 0.2502, 'data_size': 10000}, 1307.8792604752816)
INFO flwr 2024-06-06 13:06:43,223 | server.py:171 | evaluate_round 6: no clients selected, cancel
DEBUG flwr 2024-06-06 13:06:43,224 | server.py:222 | fit_round 7: strategy sampled 10 clients (out of 100)
DEBUG flwr 2024-06-06 13:09:58,796 | server.py:236 | fit_round 7 received 10 results and 0 failures
INFO flwr 2024-06-06 13:10:15,269 | server.py:125 | fit progress: (7, 0.00019919800758361815, {'accuracy': 0.2657, 'data_size': 10000}, 1519.9259376679547)
INFO flwr 2024-06-06 13:10:15,270 | server.py:171 | evaluate_round 7: no clients selected, cancel
DEBUG flwr 2024-06-06 13:10:15,270 | server.py:222 | fit_round 8: strategy sampled 10 clients (out of 100)
DEBUG flwr 2024-06-06 13:13:28,967 | server.py:236 | fit_round 8 received 10 results and 0 failures
INFO flwr 2024-06-06 13:13:45,186 | server.py:125 | fit progress: (8, 0.0001945999026298523, {'accuracy': 0.2858, 'data_size': 10000}, 1729.8428720501252)
INFO flwr 2024-06-06 13:13:45,187 | server.py:171 | evaluate_round 8: no clients selected, cancel
DEBUG flwr 2024-06-06 13:13:45,187 | server.py:222 | fit_round 9: strategy sampled 10 clients (out of 100)
DEBUG flwr 2024-06-06 13:17:01,610 | server.py:236 | fit_round 9 received 10 results and 0 failures
INFO flwr 2024-06-06 13:17:12,647 | server.py:125 | fit progress: (9, 0.00019275808334350586, {'accuracy': 0.2878, 'data_size': 10000}, 1937.3034807983786)
INFO flwr 2024-06-06 13:17:12,647 | server.py:171 | evaluate_round 9: no clients selected, cancel
DEBUG flwr 2024-06-06 13:17:12,648 | server.py:222 | fit_round 10: strategy sampled 10 clients (out of 100)
DEBUG flwr 2024-06-06 13:20:28,136 | server.py:236 | fit_round 10 received 10 results and 0 failures
INFO flwr 2024-06-06 13:20:39,471 | server.py:125 | fit progress: (10, 0.0001901023268699646, {'accuracy': 0.3055, 'data_size': 10000}, 2144.1273710159585)
INFO flwr 2024-06-06 13:20:39,471 | server.py:171 | evaluate_round 10: no clients selected, cancel
DEBUG flwr 2024-06-06 13:20:39,471 | server.py:222 | fit_round 11: strategy sampled 10 clients (out of 100)
DEBUG flwr 2024-06-06 13:23:54,997 | server.py:236 | fit_round 11 received 10 results and 0 failures
INFO flwr 2024-06-06 13:24:08,152 | server.py:125 | fit progress: (11, 0.000187385094165802, {'accuracy': 0.3143, 'data_size': 10000}, 2352.8081612051465)
INFO flwr 2024-06-06 13:24:08,152 | server.py:171 | evaluate_round 11: no clients selected, cancel
DEBUG flwr 2024-06-06 13:24:08,152 | server.py:222 | fit_round 12: strategy sampled 10 clients (out of 100)
DEBUG flwr 2024-06-06 13:27:23,930 | server.py:236 | fit_round 12 received 10 results and 0 failures
INFO flwr 2024-06-06 13:27:45,835 | server.py:125 | fit progress: (12, 0.0001841348648071289, {'accuracy': 0.3299, 'data_size': 10000}, 2570.491931170225)
INFO flwr 2024-06-06 13:27:45,836 | server.py:171 | evaluate_round 12: no clients selected, cancel
DEBUG flwr 2024-06-06 13:27:45,836 | server.py:222 | fit_round 13: strategy sampled 10 clients (out of 100)
DEBUG flwr 2024-06-06 13:31:03,591 | server.py:236 | fit_round 13 received 10 results and 0 failures
INFO flwr 2024-06-06 13:31:18,357 | server.py:125 | fit progress: (13, 0.00018173987865447997, {'accuracy': 0.3424, 'data_size': 10000}, 2783.0139772440307)
INFO flwr 2024-06-06 13:31:18,358 | server.py:171 | evaluate_round 13: no clients selected, cancel
DEBUG flwr 2024-06-06 13:31:18,358 | server.py:222 | fit_round 14: strategy sampled 10 clients (out of 100)
DEBUG flwr 2024-06-06 13:34:34,041 | server.py:236 | fit_round 14 received 10 results and 0 failures
INFO flwr 2024-06-06 13:34:47,779 | server.py:125 | fit progress: (14, 0.00018014646768569947, {'accuracy': 0.3423, 'data_size': 10000}, 2992.4352186759934)
INFO flwr 2024-06-06 13:34:47,779 | server.py:171 | evaluate_round 14: no clients selected, cancel
DEBUG flwr 2024-06-06 13:34:47,779 | server.py:222 | fit_round 15: strategy sampled 10 clients (out of 100)
DEBUG flwr 2024-06-06 13:38:04,082 | server.py:236 | fit_round 15 received 10 results and 0 failures
INFO flwr 2024-06-06 13:38:15,626 | server.py:125 | fit progress: (15, 0.0001772838830947876, {'accuracy': 0.3525, 'data_size': 10000}, 3200.2823829613626)
INFO flwr 2024-06-06 13:38:15,626 | server.py:171 | evaluate_round 15: no clients selected, cancel
DEBUG flwr 2024-06-06 13:38:15,627 | server.py:222 | fit_round 16: strategy sampled 10 clients (out of 100)
DEBUG flwr 2024-06-06 13:41:32,643 | server.py:236 | fit_round 16 received 10 results and 0 failures
INFO flwr 2024-06-06 13:41:46,675 | server.py:125 | fit progress: (16, 0.00017552254199981689, {'accuracy': 0.359, 'data_size': 10000}, 3411.331361541059)
INFO flwr 2024-06-06 13:41:46,675 | server.py:171 | evaluate_round 16: no clients selected, cancel
DEBUG flwr 2024-06-06 13:41:46,676 | server.py:222 | fit_round 17: strategy sampled 10 clients (out of 100)
DEBUG flwr 2024-06-06 13:45:02,646 | server.py:236 | fit_round 17 received 10 results and 0 failures
INFO flwr 2024-06-06 13:45:17,701 | server.py:125 | fit progress: (17, 0.0001741807460784912, {'accuracy': 0.3665, 'data_size': 10000}, 3622.3579351771623)
INFO flwr 2024-06-06 13:45:17,702 | server.py:171 | evaluate_round 17: no clients selected, cancel
DEBUG flwr 2024-06-06 13:45:17,702 | server.py:222 | fit_round 18: strategy sampled 10 clients (out of 100)
DEBUG flwr 2024-06-06 13:48:33,269 | server.py:236 | fit_round 18 received 10 results and 0 failures
INFO flwr 2024-06-06 13:48:52,549 | server.py:125 | fit progress: (18, 0.00017325345277786254, {'accuracy': 0.3727, 'data_size': 10000}, 3837.2058121231385)
INFO flwr 2024-06-06 13:48:52,550 | server.py:171 | evaluate_round 18: no clients selected, cancel
DEBUG flwr 2024-06-06 13:48:52,550 | server.py:222 | fit_round 19: strategy sampled 10 clients (out of 100)
DEBUG flwr 2024-06-06 13:52:08,180 | server.py:236 | fit_round 19 received 10 results and 0 failures
INFO flwr 2024-06-06 13:52:18,972 | server.py:125 | fit progress: (19, 0.00017216616868972779, {'accuracy': 0.368, 'data_size': 10000}, 4043.6284813350067)
INFO flwr 2024-06-06 13:52:18,972 | server.py:171 | evaluate_round 19: no clients selected, cancel
DEBUG flwr 2024-06-06 13:52:18,973 | server.py:222 | fit_round 20: strategy sampled 10 clients (out of 100)
DEBUG flwr 2024-06-06 13:55:34,801 | server.py:236 | fit_round 20 received 10 results and 0 failures
INFO flwr 2024-06-06 13:55:50,396 | server.py:125 | fit progress: (20, 0.00017051383256912233, {'accuracy': 0.3762, 'data_size': 10000}, 4255.053067385219)
INFO flwr 2024-06-06 13:55:50,397 | server.py:171 | evaluate_round 20: no clients selected, cancel
INFO flwr 2024-06-06 13:55:50,397 | server.py:153 | FL finished in 4255.05381087726
INFO flwr 2024-06-06 13:55:50,406 | app.py:226 | app_fit: losses_distributed []
INFO flwr 2024-06-06 13:55:50,407 | app.py:228 | app_fit: metrics_distributed {}
INFO flwr 2024-06-06 13:55:50,407 | app.py:229 | app_fit: losses_centralized [(0, 0.0002506583452224731), (1, 0.00023331358432769777), (2, 0.00022484164237976075), (3, 0.00021966891288757324), (4, 0.00021361949443817138), (5, 0.00020771043300628662), (6, 0.00020399560928344726), (7, 0.00019919800758361815), (8, 0.0001945999026298523), (9, 0.00019275808334350586), (10, 0.0001901023268699646), (11, 0.000187385094165802), (12, 0.0001841348648071289), (13, 0.00018173987865447997), (14, 0.00018014646768569947), (15, 0.0001772838830947876), (16, 0.00017552254199981689), (17, 0.0001741807460784912), (18, 0.00017325345277786254), (19, 0.00017216616868972779), (20, 0.00017051383256912233)]
INFO flwr 2024-06-06 13:55:50,408 | app.py:230 | app_fit: metrics_centralized {'accuracy': [(0, 0.0978), (1, 0.1376), (2, 0.1687), (3, 0.1898), (4, 0.2128), (5, 0.2367), (6, 0.2502), (7, 0.2657), (8, 0.2858), (9, 0.2878), (10, 0.3055), (11, 0.3143), (12, 0.3299), (13, 0.3424), (14, 0.3423), (15, 0.3525), (16, 0.359), (17, 0.3665), (18, 0.3727), (19, 0.368), (20, 0.3762)], 'data_size': [(0, 10000), (1, 10000), (2, 10000), (3, 10000), (4, 10000), (5, 10000), (6, 10000), (7, 10000), (8, 10000), (9, 10000), (10, 10000), (11, 10000), (12, 10000), (13, 10000), (14, 10000), (15, 10000), (16, 10000), (17, 10000), (18, 10000), (19, 10000), (20, 10000)]}
wandb: - 0.000 MB of 0.000 MB uploadedwandb:                                                                                
wandb: 
wandb: Run summary:
wandb: accuracy 0.3762
wandb:     loss 0.00017
wandb: 
wandb: You can sync this run to the cloud by running:
wandb: wandb sync /home/s2240084/conFEDential/wandb/offline-run-20240606_124450-o9y9b11m
wandb: Find logs at: ./wandb/offline-run-20240606_124450-o9y9b11m/logs
2024-06-06 13:56:56.349308: I tensorflow/core/platform/cpu_feature_guard.cc:210] This TensorFlow binary is optimized to use available CPU instructions in performance-critical operations.
To enable the following instructions: AVX2 FMA, in other operations, rebuild TensorFlow with the appropriate compiler flags.
2024-06-06 13:56:57.673449: W tensorflow/compiler/tf2tensorrt/utils/py_utils.cc:38] TF-TRT Warning: Could not find TensorRT
INFO flwr 2024-06-06 13:57:03,978 | Data.py:35 | Preprocessing the federated learning dataset
INFO flwr 2024-06-06 13:57:03,979 | Data.py:109 | Found preprocessed data for the given preprocess function with hash eda5b80526d0a893cb27d74de67f453d190ef90188f6c8963c1161cbb5a526ce, returning
INFO flwr 2024-06-06 13:57:04,139 | Simulation.py:36 | Preparing datasets for federated learning simulation
INFO flwr 2024-06-06 13:57:04,165 | Simulation.py:264 | Found previously split dataloaders with hash bd65c6a03831e38c587d483e1fe6a818e6bdcb912c586e58c4dda52c558b4a79, loading them
INFO flwr 2024-06-06 13:57:13,836 | main.py:103 | Loaded 1 configs with name CIFAR10-RESNET18-FEDNAG, running...
INFO flwr 2024-06-06 13:57:13,839 | main.py:105 | Config:
	Simulation:
		Data:
			dataset_name: cifar10
			batch_size: 64
			preprocess_fn:
				def preprocess_fn(element):
				  return {
				    "x": element["img"],
				    "y": element["label"]
				  }
		Federation:
			client_count: 100
			fraction_fit: 0.1
			global_rounds: 20
			local_rounds: 1
		Model:
			optimizer_name: FedNag
			model_name: ResNet18
			criterion_name: CrossEntropyLoss
			optimizer_parameters: 
				lr: 0.01
				momentum: 0.9
			model_architecture:
				repo_or_dir: pytorch/vision:v0.10.0
					model: resnet18
					pretrained: False
					out_features: 10
	Attack:
		data_access: 1.0
		message_access: server
		repetitions: 0
		Attack Simulation:
			batch_size: 64
			optimizer_name: FedAvg
			optimizer_parameters:
				lr: 0.1
			ModelArchitecture:
				gradient_component:
					type: Dropout
						p: 0.2
					type: Conv2d
						out_channels: 1000
						kernel_size: None
						stride: 1
					type: ReLU
				fcn_component:
					type: Dropout
						p: 0.2
					type: Linear
						out_features: 128
					type: ReLU
					type: Dropout
						p: 0.2
					type: Linear
						in_features: 128
						out_features: 64
					type: ReLU
				encoder_component:
					type: Dropout
						p: 0.2
					type: Linear
						out_features: 256
					type: ReLU
					type: Dropout
						p: 0.2
					type: Linear
						in_features: 256
						out_features: 128
					type: ReLU
					type: Dropout
						p: 0.2
					type: Linear
						in_features: 128
						out_features: 64
					type: ReLU
					type: Dropout
						p: 0.2
					type: Linear
						in_features: 64
						out_features: 1
					type: ReLU
					type: Sigmoid
INFO flwr 2024-06-06 13:57:13,844 | Config.py:67 | Starting conFEDential simulation
INFO flwr 2024-06-06 13:57:13,845 | Config.py:72 | No previous federated learning simulation found with hash 3f2d28f1e599d8f7ee5ac8572858da76990300c025657b1ad7c0dabd605d422c, starting training simulation...
wandb: Tracking run with wandb version 0.16.5
wandb: W&B syncing is set to `offline` in this directory.  
wandb: Run `wandb online` or set WANDB_MODE=online to enable cloud syncing.
INFO flwr 2024-06-06 13:57:15,622 | Simulation.py:404 | Created 1 clients with resources 2 CPUs, 1.0 GPUs, and 16.0GB for the total available 2 CPUs, 1 GPUs and 16.0GB.
INFO flwr 2024-06-06 13:57:15,622 | Simulation.py:159 | Starting federated learning simulation
2024-06-06 13:57:15,685	INFO worker.py:1431 -- Connecting to existing Ray cluster at address: 10.20.240.13:6379...
2024-06-06 13:57:15,697	INFO worker.py:1621 -- Connected to Ray cluster.
INFO flwr 2024-06-06 13:57:15,713 | app.py:178 | Starting Flower simulation, config: ServerConfig(num_rounds=20, round_timeout=None)
2024-06-06 13:57:15,779	INFO worker.py:1453 -- Calling ray.init() again after it has already been called.
INFO flwr 2024-06-06 13:57:15,780 | app.py:213 | Flower VCE: Ray initialized with resources: {'object_store_memory': 76896911769.0, 'CPU': 2.0, 'GPU': 1.0, 'accelerator_type:G': 1.0, 'memory': 17179869184.0, 'node:10.20.240.13': 1.0, 'node:__internal_head__': 1.0}
INFO flwr 2024-06-06 13:57:15,780 | app.py:219 | Optimize your simulation with Flower VCE: https://flower.dev/docs/framework/how-to-run-simulations.html
INFO flwr 2024-06-06 13:57:15,781 | app.py:242 | Flower VCE: Resources for each Virtual Client: {'num_cpus': 2, 'num_gpus': 1.0, 'memory': 17179869184}
INFO flwr 2024-06-06 13:57:15,790 | app.py:288 | Flower VCE: Creating VirtualClientEngineActorPool with 1 actors
INFO flwr 2024-06-06 13:57:15,791 | server.py:89 | Initializing global parameters
INFO flwr 2024-06-06 13:57:15,791 | server.py:272 | Using initial parameters provided by strategy
INFO flwr 2024-06-06 13:57:15,791 | server.py:91 | Evaluating initial parameters
INFO flwr 2024-06-06 13:57:17,419 | server.py:94 | initial parameters (loss, other metrics): 0.0002506583452224731, {'accuracy': 0.0978, 'data_size': 10000}
INFO flwr 2024-06-06 13:57:17,419 | server.py:104 | FL starting
DEBUG flwr 2024-06-06 13:57:17,420 | server.py:222 | fit_round 1: strategy sampled 10 clients (out of 100)
[2m[36m(pid=1067544)[0m 2024-06-06 13:57:18.175719: I tensorflow/core/platform/cpu_feature_guard.cc:210] This TensorFlow binary is optimized to use available CPU instructions in performance-critical operations.
[2m[36m(pid=1067544)[0m To enable the following instructions: AVX2 FMA, in other operations, rebuild TensorFlow with the appropriate compiler flags.
[2m[36m(pid=1067544)[0m 2024-06-06 13:57:20.278325: W tensorflow/compiler/tf2tensorrt/utils/py_utils.cc:38] TF-TRT Warning: Could not find TensorRT
DEBUG flwr 2024-06-06 14:00:45,311 | server.py:236 | fit_round 1 received 10 results and 0 failures
INFO flwr 2024-06-06 14:05:00,893 | server.py:125 | fit progress: (1, 0.0002247788667678833, {'accuracy': 0.1706, 'data_size': 10000}, 463.4725559721701)
INFO flwr 2024-06-06 14:05:00,893 | server.py:171 | evaluate_round 1: no clients selected, cancel
DEBUG flwr 2024-06-06 14:05:00,895 | server.py:222 | fit_round 2: strategy sampled 10 clients (out of 100)
DEBUG flwr 2024-06-06 14:08:18,766 | server.py:236 | fit_round 2 received 10 results and 0 failures
INFO flwr 2024-06-06 14:08:38,026 | server.py:125 | fit progress: (2, 0.00020504615306854248, {'accuracy': 0.2484, 'data_size': 10000}, 680.6062386631966)
INFO flwr 2024-06-06 14:08:38,027 | server.py:171 | evaluate_round 2: no clients selected, cancel
DEBUG flwr 2024-06-06 14:08:38,027 | server.py:222 | fit_round 3: strategy sampled 10 clients (out of 100)
DEBUG flwr 2024-06-06 14:11:56,354 | server.py:236 | fit_round 3 received 10 results and 0 failures
INFO flwr 2024-06-06 14:12:21,381 | server.py:125 | fit progress: (3, 0.00019064149856567382, {'accuracy': 0.3078, 'data_size': 10000}, 903.9613308552653)
INFO flwr 2024-06-06 14:12:21,382 | server.py:171 | evaluate_round 3: no clients selected, cancel
DEBUG flwr 2024-06-06 14:12:21,383 | server.py:222 | fit_round 4: strategy sampled 10 clients (out of 100)
DEBUG flwr 2024-06-06 14:15:39,104 | server.py:236 | fit_round 4 received 10 results and 0 failures
INFO flwr 2024-06-06 14:16:00,157 | server.py:125 | fit progress: (4, 0.0001813329339027405, {'accuracy': 0.3417, 'data_size': 10000}, 1122.736657467205)
INFO flwr 2024-06-06 14:16:00,157 | server.py:171 | evaluate_round 4: no clients selected, cancel
DEBUG flwr 2024-06-06 14:16:00,157 | server.py:222 | fit_round 5: strategy sampled 10 clients (out of 100)
DEBUG flwr 2024-06-06 14:19:17,921 | server.py:236 | fit_round 5 received 10 results and 0 failures
INFO flwr 2024-06-06 14:19:38,500 | server.py:125 | fit progress: (5, 0.00017228697538375855, {'accuracy': 0.3734, 'data_size': 10000}, 1341.0798141430132)
INFO flwr 2024-06-06 14:19:38,500 | server.py:171 | evaluate_round 5: no clients selected, cancel
DEBUG flwr 2024-06-06 14:19:38,500 | server.py:222 | fit_round 6: strategy sampled 10 clients (out of 100)
DEBUG flwr 2024-06-06 14:22:54,336 | server.py:236 | fit_round 6 received 10 results and 0 failures
INFO flwr 2024-06-06 14:23:17,670 | server.py:125 | fit progress: (6, 0.0001664582371711731, {'accuracy': 0.3857, 'data_size': 10000}, 1560.250017229002)
INFO flwr 2024-06-06 14:23:17,670 | server.py:171 | evaluate_round 6: no clients selected, cancel
DEBUG flwr 2024-06-06 14:23:17,671 | server.py:222 | fit_round 7: strategy sampled 10 clients (out of 100)
DEBUG flwr 2024-06-06 14:26:33,990 | server.py:236 | fit_round 7 received 10 results and 0 failures
INFO flwr 2024-06-06 14:27:07,380 | server.py:125 | fit progress: (7, 0.00016176662445068358, {'accuracy': 0.4051, 'data_size': 10000}, 1789.9598835781217)
INFO flwr 2024-06-06 14:27:07,380 | server.py:171 | evaluate_round 7: no clients selected, cancel
DEBUG flwr 2024-06-06 14:27:07,381 | server.py:222 | fit_round 8: strategy sampled 10 clients (out of 100)
DEBUG flwr 2024-06-06 14:30:24,231 | server.py:236 | fit_round 8 received 10 results and 0 failures
INFO flwr 2024-06-06 14:30:46,627 | server.py:125 | fit progress: (8, 0.00015913023948669434, {'accuracy': 0.4157, 'data_size': 10000}, 2009.2073243390769)
INFO flwr 2024-06-06 14:30:46,628 | server.py:171 | evaluate_round 8: no clients selected, cancel
DEBUG flwr 2024-06-06 14:30:46,628 | server.py:222 | fit_round 9: strategy sampled 10 clients (out of 100)
DEBUG flwr 2024-06-06 14:34:03,218 | server.py:236 | fit_round 9 received 10 results and 0 failures
INFO flwr 2024-06-06 14:34:44,548 | server.py:125 | fit progress: (9, 0.00015619703531265258, {'accuracy': 0.4272, 'data_size': 10000}, 2247.1278118491173)
INFO flwr 2024-06-06 14:34:44,548 | server.py:171 | evaluate_round 9: no clients selected, cancel
DEBUG flwr 2024-06-06 14:34:44,549 | server.py:222 | fit_round 10: strategy sampled 10 clients (out of 100)
DEBUG flwr 2024-06-06 14:38:01,033 | server.py:236 | fit_round 10 received 10 results and 0 failures
INFO flwr 2024-06-06 14:38:39,056 | server.py:125 | fit progress: (10, 0.00015320422649383545, {'accuracy': 0.4343, 'data_size': 10000}, 2481.6363784391433)
INFO flwr 2024-06-06 14:38:39,057 | server.py:171 | evaluate_round 10: no clients selected, cancel
DEBUG flwr 2024-06-06 14:38:39,057 | server.py:222 | fit_round 11: strategy sampled 10 clients (out of 100)
DEBUG flwr 2024-06-06 14:41:55,881 | server.py:236 | fit_round 11 received 10 results and 0 failures
INFO flwr 2024-06-06 14:42:25,617 | server.py:125 | fit progress: (11, 0.0001515666365623474, {'accuracy': 0.4451, 'data_size': 10000}, 2708.197298923973)
INFO flwr 2024-06-06 14:42:25,618 | server.py:171 | evaluate_round 11: no clients selected, cancel
DEBUG flwr 2024-06-06 14:42:25,618 | server.py:222 | fit_round 12: strategy sampled 10 clients (out of 100)
DEBUG flwr 2024-06-06 14:45:41,943 | server.py:236 | fit_round 12 received 10 results and 0 failures
INFO flwr 2024-06-06 14:46:02,222 | server.py:125 | fit progress: (12, 0.0001498564124107361, {'accuracy': 0.4525, 'data_size': 10000}, 2924.8016775622964)
INFO flwr 2024-06-06 14:46:02,222 | server.py:171 | evaluate_round 12: no clients selected, cancel
DEBUG flwr 2024-06-06 14:46:02,222 | server.py:222 | fit_round 13: strategy sampled 10 clients (out of 100)
DEBUG flwr 2024-06-06 14:49:17,642 | server.py:236 | fit_round 13 received 10 results and 0 failures
INFO flwr 2024-06-06 14:49:45,295 | server.py:125 | fit progress: (13, 0.0001482405424118042, {'accuracy': 0.4559, 'data_size': 10000}, 3147.8749134861864)
INFO flwr 2024-06-06 14:49:45,296 | server.py:171 | evaluate_round 13: no clients selected, cancel
DEBUG flwr 2024-06-06 14:49:45,296 | server.py:222 | fit_round 14: strategy sampled 10 clients (out of 100)
DEBUG flwr 2024-06-06 14:53:01,994 | server.py:236 | fit_round 14 received 10 results and 0 failures
INFO flwr 2024-06-06 14:53:32,916 | server.py:125 | fit progress: (14, 0.0001474026560783386, {'accuracy': 0.4595, 'data_size': 10000}, 3375.4957782262936)
INFO flwr 2024-06-06 14:53:32,916 | server.py:171 | evaluate_round 14: no clients selected, cancel
DEBUG flwr 2024-06-06 14:53:32,916 | server.py:222 | fit_round 15: strategy sampled 10 clients (out of 100)
DEBUG flwr 2024-06-06 14:56:48,284 | server.py:236 | fit_round 15 received 10 results and 0 failures
INFO flwr 2024-06-06 14:57:10,016 | server.py:125 | fit progress: (15, 0.00014684505462646483, {'accuracy': 0.4677, 'data_size': 10000}, 3592.595600621309)
INFO flwr 2024-06-06 14:57:10,016 | server.py:171 | evaluate_round 15: no clients selected, cancel
DEBUG flwr 2024-06-06 14:57:10,016 | server.py:222 | fit_round 16: strategy sampled 10 clients (out of 100)
DEBUG flwr 2024-06-06 15:00:26,342 | server.py:236 | fit_round 16 received 10 results and 0 failures
INFO flwr 2024-06-06 15:00:53,767 | server.py:125 | fit progress: (16, 0.00014526915550231934, {'accuracy': 0.4722, 'data_size': 10000}, 3816.3470166441984)
INFO flwr 2024-06-06 15:00:53,767 | server.py:171 | evaluate_round 16: no clients selected, cancel
DEBUG flwr 2024-06-06 15:00:53,768 | server.py:222 | fit_round 17: strategy sampled 10 clients (out of 100)
DEBUG flwr 2024-06-06 15:04:10,396 | server.py:236 | fit_round 17 received 10 results and 0 failures
INFO flwr 2024-06-06 15:04:31,586 | server.py:125 | fit progress: (17, 0.0001452109694480896, {'accuracy': 0.475, 'data_size': 10000}, 4034.166403176263)
INFO flwr 2024-06-06 15:04:31,587 | server.py:171 | evaluate_round 17: no clients selected, cancel
DEBUG flwr 2024-06-06 15:04:31,587 | server.py:222 | fit_round 18: strategy sampled 10 clients (out of 100)
DEBUG flwr 2024-06-06 15:07:49,032 | server.py:236 | fit_round 18 received 10 results and 0 failures
INFO flwr 2024-06-06 15:08:12,244 | server.py:125 | fit progress: (18, 0.0001448625683784485, {'accuracy': 0.4697, 'data_size': 10000}, 4254.823822476901)
INFO flwr 2024-06-06 15:08:12,244 | server.py:171 | evaluate_round 18: no clients selected, cancel
DEBUG flwr 2024-06-06 15:08:12,245 | server.py:222 | fit_round 19: strategy sampled 10 clients (out of 100)
DEBUG flwr 2024-06-06 15:11:29,136 | server.py:236 | fit_round 19 received 10 results and 0 failures
INFO flwr 2024-06-06 15:11:58,437 | server.py:125 | fit progress: (19, 0.00014508904218673706, {'accuracy': 0.4683, 'data_size': 10000}, 4481.017307551112)
INFO flwr 2024-06-06 15:11:58,438 | server.py:171 | evaluate_round 19: no clients selected, cancel
DEBUG flwr 2024-06-06 15:11:58,438 | server.py:222 | fit_round 20: strategy sampled 10 clients (out of 100)
DEBUG flwr 2024-06-06 15:15:15,895 | server.py:236 | fit_round 20 received 10 results and 0 failures
INFO flwr 2024-06-06 15:15:43,254 | server.py:125 | fit progress: (20, 0.00014236453771591186, {'accuracy': 0.4794, 'data_size': 10000}, 4705.8341474472545)
INFO flwr 2024-06-06 15:15:43,254 | server.py:171 | evaluate_round 20: no clients selected, cancel
INFO flwr 2024-06-06 15:15:43,255 | server.py:153 | FL finished in 4705.834802837111
INFO flwr 2024-06-06 15:15:43,302 | app.py:226 | app_fit: losses_distributed []
INFO flwr 2024-06-06 15:15:43,303 | app.py:228 | app_fit: metrics_distributed {}
INFO flwr 2024-06-06 15:15:43,303 | app.py:229 | app_fit: losses_centralized [(0, 0.0002506583452224731), (1, 0.0002247788667678833), (2, 0.00020504615306854248), (3, 0.00019064149856567382), (4, 0.0001813329339027405), (5, 0.00017228697538375855), (6, 0.0001664582371711731), (7, 0.00016176662445068358), (8, 0.00015913023948669434), (9, 0.00015619703531265258), (10, 0.00015320422649383545), (11, 0.0001515666365623474), (12, 0.0001498564124107361), (13, 0.0001482405424118042), (14, 0.0001474026560783386), (15, 0.00014684505462646483), (16, 0.00014526915550231934), (17, 0.0001452109694480896), (18, 0.0001448625683784485), (19, 0.00014508904218673706), (20, 0.00014236453771591186)]
INFO flwr 2024-06-06 15:15:43,303 | app.py:230 | app_fit: metrics_centralized {'accuracy': [(0, 0.0978), (1, 0.1706), (2, 0.2484), (3, 0.3078), (4, 0.3417), (5, 0.3734), (6, 0.3857), (7, 0.4051), (8, 0.4157), (9, 0.4272), (10, 0.4343), (11, 0.4451), (12, 0.4525), (13, 0.4559), (14, 0.4595), (15, 0.4677), (16, 0.4722), (17, 0.475), (18, 0.4697), (19, 0.4683), (20, 0.4794)], 'data_size': [(0, 10000), (1, 10000), (2, 10000), (3, 10000), (4, 10000), (5, 10000), (6, 10000), (7, 10000), (8, 10000), (9, 10000), (10, 10000), (11, 10000), (12, 10000), (13, 10000), (14, 10000), (15, 10000), (16, 10000), (17, 10000), (18, 10000), (19, 10000), (20, 10000)]}
wandb: - 0.000 MB of 0.000 MB uploadedwandb:                                                                                
wandb: 
wandb: Run summary:
wandb: accuracy 0.4794
wandb:     loss 0.00014
wandb: 
wandb: You can sync this run to the cloud by running:
wandb: wandb sync /home/s2240084/conFEDential/wandb/offline-run-20240606_135715-efhwzp8o
wandb: Find logs at: ./wandb/offline-run-20240606_135715-efhwzp8o/logs
2024-06-06 15:17:17,648	VINFO scripts.py:1068 -- Send termination request to `/home/s2240084/conFEDential/venv/lib/python3.10/site-packages/ray/core/src/ray/raylet/raylet --raylet_socket_name=/local/ray/session_2024-06-06_11-30-30_013949_1007186/sockets/raylet --store_socket_name=/local/ray/session_2024-06-06_11-30-30_013949_1007186/sockets/plasma_store --object_manager_port=0 --min_worker_port=10002 --max_worker_port=19999 --node_manager_port=0 --node_ip_address=10.20.240.13 --maximum_startup_concurrency=2 --static_resource_list=node:10.20.240.13,1.0,node:__internal_head__,1.0,accelerator_type:G,1,CPU,2,GPU,1,memory,17179869184,object_store_memory,76896911769 "--python_worker_command=/home/s2240084/conFEDential/venv/bin/python /home/s2240084/conFEDential/venv/lib/python3.10/site-packages/ray/_private/workers/setup_worker.py /home/s2240084/conFEDential/venv/lib/python3.10/site-packages/ray/_private/workers/default_worker.py --node-ip-address=10.20.240.13 --node-manager-port=RAY_NODE_MANAGER_PORT_PLACEHOLDER --object-store-name=/local/ray/session_2024-06-06_11-30-30_013949_1007186/sockets/plasma_store --raylet-name=/local/ray/session_2024-06-06_11-30-30_013949_1007186/sockets/raylet --redis-address=None --temp-dir=/local/ray --metrics-agent-port=54618 --logging-rotate-bytes=536870912 --logging-rotate-backup-count=5 --gcs-address=10.20.240.13:6379 --session-name=session_2024-06-06_11-30-30_013949_1007186 --temp-dir=/local/ray --webui= RAY_WORKER_DYNAMIC_OPTION_PLACEHOLDER" "--java_worker_command=/home/s2240084/conFEDential/venv/bin/python /home/s2240084/conFEDential/venv/lib/python3.10/site-packages/ray/_private/workers/setup_worker.py -Dray.address=10.20.240.13:6379 -Dray.raylet.node-manager-port=RAY_NODE_MANAGER_PORT_PLACEHOLDER -Dray.object-store.socket-name=/local/ray/session_2024-06-06_11-30-30_013949_1007186/sockets/plasma_store -Dray.raylet.socket-name=/local/ray/session_2024-06-06_11-30-30_013949_1007186/sockets/raylet -Dray.redis.password= -Dray.node-ip=10.20.240.13 -Dray.home=/home/s2240084/conFEDential/venv/lib/python3.10/site-packages/ray/../.. -Dray.logging.dir=/local/ray/session_2024-06-06_11-30-30_013949_1007186/logs -Dray.session-dir=/local/ray/session_2024-06-06_11-30-30_013949_1007186 RAY_WORKER_DYNAMIC_OPTION_PLACEHOLDER io.ray.runtime.runner.worker.DefaultWorker" --cpp_worker_command= --native_library_path=/home/s2240084/conFEDential/venv/lib/python3.10/site-packages/ray/cpp/lib --temp_dir=/local/ray --session_dir=/local/ray/session_2024-06-06_11-30-30_013949_1007186 --log_dir=/local/ray/session_2024-06-06_11-30-30_013949_1007186/logs --resource_dir=/local/ray/session_2024-06-06_11-30-30_013949_1007186/runtime_resources --metrics-agent-port=54618 --metrics_export_port=64112 --object_store_memory=76896911769 --plasma_directory=/dev/shm --ray-debugger-external=0 --gcs-address=10.20.240.13:6379 --session-name=session_2024-06-06_11-30-30_013949_1007186 --labels= --head --num_prestart_python_workers=2 "--agent_command=/home/s2240084/conFEDential/venv/bin/python -u /home/s2240084/conFEDential/venv/lib/python3.10/site-packages/ray/dashboard/agent.py --node-ip-address=10.20.240.13 --metrics-export-port=64112 --dashboard-agent-port=54618 --listen-port=52365 --node-manager-port=RAY_NODE_MANAGER_PORT_PLACEHOLDER --object-store-name=/local/ray/session_2024-06-06_11-30-30_013949_1007186/sockets/plasma_store --raylet-name=/local/ray/session_2024-06-06_11-30-30_013949_1007186/sockets/raylet --temp-dir=/local/ray --session-dir=/local/ray/session_2024-06-06_11-30-30_013949_1007186 --runtime-env-dir=/local/ray/session_2024-06-06_11-30-30_013949_1007186/runtime_resources --log-dir=/local/ray/session_2024-06-06_11-30-30_013949_1007186/logs --logging-rotate-bytes=536870912 --logging-rotate-backup-count=5 --session-name=session_2024-06-06_11-30-30_013949_1007186 --gcs-address=10.20.240.13:6379 --minimal"` (via SIGTERM)
2024-06-06 15:17:17,652	VINFO scripts.py:1068 -- Send termination request to `/home/s2240084/conFEDential/venv/bin/python -u /home/s2240084/conFEDential/venv/lib/python3.10/site-packages/ray/autoscaler/_private/monitor.py --logs-dir=/local/ray/session_2024-06-06_11-30-30_013949_1007186/logs --logging-rotate-bytes=536870912 --logging-rotate-backup-count=5 --gcs-address=10.20.240.13:6379 --monitor-ip=10.20.240.13` (via SIGTERM)
2024-06-06 15:17:17,653	VINFO scripts.py:1068 -- Send termination request to `/home/s2240084/conFEDential/venv/bin/python -u /home/s2240084/conFEDential/venv/lib/python3.10/site-packages/ray/_private/log_monitor.py --logs-dir=/local/ray/session_2024-06-06_11-30-30_013949_1007186/logs --gcs-address=10.20.240.13:6379 --logging-rotate-bytes=536870912 --logging-rotate-backup-count=5` (via SIGTERM)
2024-06-06 15:17:17,660	VINFO scripts.py:1068 -- Send termination request to `/home/s2240084/conFEDential/venv/bin/python -m ray.util.client.server --address=10.20.240.13:6379 --host=0.0.0.0 --port=10001 --mode=proxy --metrics-agent-port=54618` (via SIGTERM)
2024-06-06 15:17:17,668	VINFO scripts.py:1068 -- Send termination request to `/home/s2240084/conFEDential/venv/lib/python3.10/site-packages/ray/core/src/ray/raylet/raylet --raylet_socket_name=/local/ray/session_2024-06-06_11-30-30_013949_1007186/sockets/raylet --store_socket_name=/local/ray/session_2024-06-06_11-30-30_013949_1007186/sockets/plasma_store --object_manager_port=0 --min_worker_port=10002 --max_worker_port=19999 --node_manager_port=0 --node_ip_address=10.20.240.13 --maximum_startup_concurrency=2 --static_resource_list=node:10.20.240.13,1.0,node:__internal_head__,1.0,accelerator_type:G,1,CPU,2,GPU,1,memory,17179869184,object_store_memory,76896911769 "--python_worker_command=/home/s2240084/conFEDential/venv/bin/python /home/s2240084/conFEDential/venv/lib/python3.10/site-packages/ray/_private/workers/setup_worker.py /home/s2240084/conFEDential/venv/lib/python3.10/site-packages/ray/_private/workers/default_worker.py --node-ip-address=10.20.240.13 --node-manager-port=RAY_NODE_MANAGER_PORT_PLACEHOLDER --object-store-name=/local/ray/session_2024-06-06_11-30-30_013949_1007186/sockets/plasma_store --raylet-name=/local/ray/session_2024-06-06_11-30-30_013949_1007186/sockets/raylet --redis-address=None --temp-dir=/local/ray --metrics-agent-port=54618 --logging-rotate-bytes=536870912 --logging-rotate-backup-count=5 --gcs-address=10.20.240.13:6379 --session-name=session_2024-06-06_11-30-30_013949_1007186 --temp-dir=/local/ray --webui= RAY_WORKER_DYNAMIC_OPTION_PLACEHOLDER" "--java_worker_command=/home/s2240084/conFEDential/venv/bin/python /home/s2240084/conFEDential/venv/lib/python3.10/site-packages/ray/_private/workers/setup_worker.py -Dray.address=10.20.240.13:6379 -Dray.raylet.node-manager-port=RAY_NODE_MANAGER_PORT_PLACEHOLDER -Dray.object-store.socket-name=/local/ray/session_2024-06-06_11-30-30_013949_1007186/sockets/plasma_store -Dray.raylet.socket-name=/local/ray/session_2024-06-06_11-30-30_013949_1007186/sockets/raylet -Dray.redis.password= -Dray.node-ip=10.20.240.13 -Dray.home=/home/s2240084/conFEDential/venv/lib/python3.10/site-packages/ray/../.. -Dray.logging.dir=/local/ray/session_2024-06-06_11-30-30_013949_1007186/logs -Dray.session-dir=/local/ray/session_2024-06-06_11-30-30_013949_1007186 RAY_WORKER_DYNAMIC_OPTION_PLACEHOLDER io.ray.runtime.runner.worker.DefaultWorker" --cpp_worker_command= --native_library_path=/home/s2240084/conFEDential/venv/lib/python3.10/site-packages/ray/cpp/lib --temp_dir=/local/ray --session_dir=/local/ray/session_2024-06-06_11-30-30_013949_1007186 --log_dir=/local/ray/session_2024-06-06_11-30-30_013949_1007186/logs --resource_dir=/local/ray/session_2024-06-06_11-30-30_013949_1007186/runtime_resources --metrics-agent-port=54618 --metrics_export_port=64112 --object_store_memory=76896911769 --plasma_directory=/dev/shm --ray-debugger-external=0 --gcs-address=10.20.240.13:6379 --session-name=session_2024-06-06_11-30-30_013949_1007186 --labels= --head --num_prestart_python_workers=2 "--agent_command=/home/s2240084/conFEDential/venv/bin/python -u /home/s2240084/conFEDential/venv/lib/python3.10/site-packages/ray/dashboard/agent.py --node-ip-address=10.20.240.13 --metrics-export-port=64112 --dashboard-agent-port=54618 --listen-port=52365 --node-manager-port=RAY_NODE_MANAGER_PORT_PLACEHOLDER --object-store-name=/local/ray/session_2024-06-06_11-30-30_013949_1007186/sockets/plasma_store --raylet-name=/local/ray/session_2024-06-06_11-30-30_013949_1007186/sockets/raylet --temp-dir=/local/ray --session-dir=/local/ray/session_2024-06-06_11-30-30_013949_1007186 --runtime-env-dir=/local/ray/session_2024-06-06_11-30-30_013949_1007186/runtime_resources --log-dir=/local/ray/session_2024-06-06_11-30-30_013949_1007186/logs --logging-rotate-bytes=536870912 --logging-rotate-backup-count=5 --session-name=session_2024-06-06_11-30-30_013949_1007186 --gcs-address=10.20.240.13:6379 --minimal"` (via SIGTERM)
2024-06-06 15:17:17,676	VINFO scripts.py:1068 -- Send termination request to `/home/s2240084/conFEDential/venv/lib/python3.10/site-packages/ray/core/src/ray/raylet/raylet --raylet_socket_name=/local/ray/session_2024-06-06_11-30-30_013949_1007186/sockets/raylet --store_socket_name=/local/ray/session_2024-06-06_11-30-30_013949_1007186/sockets/plasma_store --object_manager_port=0 --min_worker_port=10002 --max_worker_port=19999 --node_manager_port=0 --node_ip_address=10.20.240.13 --maximum_startup_concurrency=2 --static_resource_list=node:10.20.240.13,1.0,node:__internal_head__,1.0,accelerator_type:G,1,CPU,2,GPU,1,memory,17179869184,object_store_memory,76896911769 "--python_worker_command=/home/s2240084/conFEDential/venv/bin/python /home/s2240084/conFEDential/venv/lib/python3.10/site-packages/ray/_private/workers/setup_worker.py /home/s2240084/conFEDential/venv/lib/python3.10/site-packages/ray/_private/workers/default_worker.py --node-ip-address=10.20.240.13 --node-manager-port=RAY_NODE_MANAGER_PORT_PLACEHOLDER --object-store-name=/local/ray/session_2024-06-06_11-30-30_013949_1007186/sockets/plasma_store --raylet-name=/local/ray/session_2024-06-06_11-30-30_013949_1007186/sockets/raylet --redis-address=None --temp-dir=/local/ray --metrics-agent-port=54618 --logging-rotate-bytes=536870912 --logging-rotate-backup-count=5 --gcs-address=10.20.240.13:6379 --session-name=session_2024-06-06_11-30-30_013949_1007186 --temp-dir=/local/ray --webui= RAY_WORKER_DYNAMIC_OPTION_PLACEHOLDER" "--java_worker_command=/home/s2240084/conFEDential/venv/bin/python /home/s2240084/conFEDential/venv/lib/python3.10/site-packages/ray/_private/workers/setup_worker.py -Dray.address=10.20.240.13:6379 -Dray.raylet.node-manager-port=RAY_NODE_MANAGER_PORT_PLACEHOLDER -Dray.object-store.socket-name=/local/ray/session_2024-06-06_11-30-30_013949_1007186/sockets/plasma_store -Dray.raylet.socket-name=/local/ray/session_2024-06-06_11-30-30_013949_1007186/sockets/raylet -Dray.redis.password= -Dray.node-ip=10.20.240.13 -Dray.home=/home/s2240084/conFEDential/venv/lib/python3.10/site-packages/ray/../.. -Dray.logging.dir=/local/ray/session_2024-06-06_11-30-30_013949_1007186/logs -Dray.session-dir=/local/ray/session_2024-06-06_11-30-30_013949_1007186 RAY_WORKER_DYNAMIC_OPTION_PLACEHOLDER io.ray.runtime.runner.worker.DefaultWorker" --cpp_worker_command= --native_library_path=/home/s2240084/conFEDential/venv/lib/python3.10/site-packages/ray/cpp/lib --temp_dir=/local/ray --session_dir=/local/ray/session_2024-06-06_11-30-30_013949_1007186 --log_dir=/local/ray/session_2024-06-06_11-30-30_013949_1007186/logs --resource_dir=/local/ray/session_2024-06-06_11-30-30_013949_1007186/runtime_resources --metrics-agent-port=54618 --metrics_export_port=64112 --object_store_memory=76896911769 --plasma_directory=/dev/shm --ray-debugger-external=0 --gcs-address=10.20.240.13:6379 --session-name=session_2024-06-06_11-30-30_013949_1007186 --labels= --head --num_prestart_python_workers=2 "--agent_command=/home/s2240084/conFEDential/venv/bin/python -u /home/s2240084/conFEDential/venv/lib/python3.10/site-packages/ray/dashboard/agent.py --node-ip-address=10.20.240.13 --metrics-export-port=64112 --dashboard-agent-port=54618 --listen-port=52365 --node-manager-port=RAY_NODE_MANAGER_PORT_PLACEHOLDER --object-store-name=/local/ray/session_2024-06-06_11-30-30_013949_1007186/sockets/plasma_store --raylet-name=/local/ray/session_2024-06-06_11-30-30_013949_1007186/sockets/raylet --temp-dir=/local/ray --session-dir=/local/ray/session_2024-06-06_11-30-30_013949_1007186 --runtime-env-dir=/local/ray/session_2024-06-06_11-30-30_013949_1007186/runtime_resources --log-dir=/local/ray/session_2024-06-06_11-30-30_013949_1007186/logs --logging-rotate-bytes=536870912 --logging-rotate-backup-count=5 --session-name=session_2024-06-06_11-30-30_013949_1007186 --gcs-address=10.20.240.13:6379 --minimal"` (via SIGTERM)
2024-06-06 15:17:17,684	VINFO scripts.py:1068 -- Send termination request to `/home/s2240084/conFEDential/venv/lib/python3.10/site-packages/ray/core/src/ray/raylet/raylet --raylet_socket_name=/local/ray/session_2024-06-06_11-30-30_013949_1007186/sockets/raylet --store_socket_name=/local/ray/session_2024-06-06_11-30-30_013949_1007186/sockets/plasma_store --object_manager_port=0 --min_worker_port=10002 --max_worker_port=19999 --node_manager_port=0 --node_ip_address=10.20.240.13 --maximum_startup_concurrency=2 --static_resource_list=node:10.20.240.13,1.0,node:__internal_head__,1.0,accelerator_type:G,1,CPU,2,GPU,1,memory,17179869184,object_store_memory,76896911769 "--python_worker_command=/home/s2240084/conFEDential/venv/bin/python /home/s2240084/conFEDential/venv/lib/python3.10/site-packages/ray/_private/workers/setup_worker.py /home/s2240084/conFEDential/venv/lib/python3.10/site-packages/ray/_private/workers/default_worker.py --node-ip-address=10.20.240.13 --node-manager-port=RAY_NODE_MANAGER_PORT_PLACEHOLDER --object-store-name=/local/ray/session_2024-06-06_11-30-30_013949_1007186/sockets/plasma_store --raylet-name=/local/ray/session_2024-06-06_11-30-30_013949_1007186/sockets/raylet --redis-address=None --temp-dir=/local/ray --metrics-agent-port=54618 --logging-rotate-bytes=536870912 --logging-rotate-backup-count=5 --gcs-address=10.20.240.13:6379 --session-name=session_2024-06-06_11-30-30_013949_1007186 --temp-dir=/local/ray --webui= RAY_WORKER_DYNAMIC_OPTION_PLACEHOLDER" "--java_worker_command=/home/s2240084/conFEDential/venv/bin/python /home/s2240084/conFEDential/venv/lib/python3.10/site-packages/ray/_private/workers/setup_worker.py -Dray.address=10.20.240.13:6379 -Dray.raylet.node-manager-port=RAY_NODE_MANAGER_PORT_PLACEHOLDER -Dray.object-store.socket-name=/local/ray/session_2024-06-06_11-30-30_013949_1007186/sockets/plasma_store -Dray.raylet.socket-name=/local/ray/session_2024-06-06_11-30-30_013949_1007186/sockets/raylet -Dray.redis.password= -Dray.node-ip=10.20.240.13 -Dray.home=/home/s2240084/conFEDential/venv/lib/python3.10/site-packages/ray/../.. -Dray.logging.dir=/local/ray/session_2024-06-06_11-30-30_013949_1007186/logs -Dray.session-dir=/local/ray/session_2024-06-06_11-30-30_013949_1007186 RAY_WORKER_DYNAMIC_OPTION_PLACEHOLDER io.ray.runtime.runner.worker.DefaultWorker" --cpp_worker_command= --native_library_path=/home/s2240084/conFEDential/venv/lib/python3.10/site-packages/ray/cpp/lib --temp_dir=/local/ray --session_dir=/local/ray/session_2024-06-06_11-30-30_013949_1007186 --log_dir=/local/ray/session_2024-06-06_11-30-30_013949_1007186/logs --resource_dir=/local/ray/session_2024-06-06_11-30-30_013949_1007186/runtime_resources --metrics-agent-port=54618 --metrics_export_port=64112 --object_store_memory=76896911769 --plasma_directory=/dev/shm --ray-debugger-external=0 --gcs-address=10.20.240.13:6379 --session-name=session_2024-06-06_11-30-30_013949_1007186 --labels= --head --num_prestart_python_workers=2 "--agent_command=/home/s2240084/conFEDential/venv/bin/python -u /home/s2240084/conFEDential/venv/lib/python3.10/site-packages/ray/dashboard/agent.py --node-ip-address=10.20.240.13 --metrics-export-port=64112 --dashboard-agent-port=54618 --listen-port=52365 --node-manager-port=RAY_NODE_MANAGER_PORT_PLACEHOLDER --object-store-name=/local/ray/session_2024-06-06_11-30-30_013949_1007186/sockets/plasma_store --raylet-name=/local/ray/session_2024-06-06_11-30-30_013949_1007186/sockets/raylet --temp-dir=/local/ray --session-dir=/local/ray/session_2024-06-06_11-30-30_013949_1007186 --runtime-env-dir=/local/ray/session_2024-06-06_11-30-30_013949_1007186/runtime_resources --log-dir=/local/ray/session_2024-06-06_11-30-30_013949_1007186/logs --logging-rotate-bytes=536870912 --logging-rotate-backup-count=5 --session-name=session_2024-06-06_11-30-30_013949_1007186 --gcs-address=10.20.240.13:6379 --minimal"` (via SIGTERM)
2024-06-06 15:17:17,699	VINFO scripts.py:1068 -- Send termination request to `/home/s2240084/conFEDential/venv/bin/python -u /home/s2240084/conFEDential/venv/lib/python3.10/site-packages/ray/_private/log_monitor.py --logs-dir=/local/ray/session_2024-06-06_11-30-30_013949_1007186/logs --gcs-address=10.20.240.13:6379 --logging-rotate-bytes=536870912 --logging-rotate-backup-count=5` (via SIGTERM)
2024-06-06 15:17:17,712	VINFO scripts.py:1068 -- Send termination request to `/home/s2240084/conFEDential/venv/lib/python3.10/site-packages/ray/core/src/ray/raylet/raylet --raylet_socket_name=/local/ray/session_2024-06-06_11-30-30_013949_1007186/sockets/raylet --store_socket_name=/local/ray/session_2024-06-06_11-30-30_013949_1007186/sockets/plasma_store --object_manager_port=0 --min_worker_port=10002 --max_worker_port=19999 --node_manager_port=0 --node_ip_address=10.20.240.13 --maximum_startup_concurrency=2 --static_resource_list=node:10.20.240.13,1.0,node:__internal_head__,1.0,accelerator_type:G,1,CPU,2,GPU,1,memory,17179869184,object_store_memory,76896911769 "--python_worker_command=/home/s2240084/conFEDential/venv/bin/python /home/s2240084/conFEDential/venv/lib/python3.10/site-packages/ray/_private/workers/setup_worker.py /home/s2240084/conFEDential/venv/lib/python3.10/site-packages/ray/_private/workers/default_worker.py --node-ip-address=10.20.240.13 --node-manager-port=RAY_NODE_MANAGER_PORT_PLACEHOLDER --object-store-name=/local/ray/session_2024-06-06_11-30-30_013949_1007186/sockets/plasma_store --raylet-name=/local/ray/session_2024-06-06_11-30-30_013949_1007186/sockets/raylet --redis-address=None --temp-dir=/local/ray --metrics-agent-port=54618 --logging-rotate-bytes=536870912 --logging-rotate-backup-count=5 --gcs-address=10.20.240.13:6379 --session-name=session_2024-06-06_11-30-30_013949_1007186 --temp-dir=/local/ray --webui= RAY_WORKER_DYNAMIC_OPTION_PLACEHOLDER" "--java_worker_command=/home/s2240084/conFEDential/venv/bin/python /home/s2240084/conFEDential/venv/lib/python3.10/site-packages/ray/_private/workers/setup_worker.py -Dray.address=10.20.240.13:6379 -Dray.raylet.node-manager-port=RAY_NODE_MANAGER_PORT_PLACEHOLDER -Dray.object-store.socket-name=/local/ray/session_2024-06-06_11-30-30_013949_1007186/sockets/plasma_store -Dray.raylet.socket-name=/local/ray/session_2024-06-06_11-30-30_013949_1007186/sockets/raylet -Dray.redis.password= -Dray.node-ip=10.20.240.13 -Dray.home=/home/s2240084/conFEDential/venv/lib/python3.10/site-packages/ray/../.. -Dray.logging.dir=/local/ray/session_2024-06-06_11-30-30_013949_1007186/logs -Dray.session-dir=/local/ray/session_2024-06-06_11-30-30_013949_1007186 RAY_WORKER_DYNAMIC_OPTION_PLACEHOLDER io.ray.runtime.runner.worker.DefaultWorker" --cpp_worker_command= --native_library_path=/home/s2240084/conFEDential/venv/lib/python3.10/site-packages/ray/cpp/lib --temp_dir=/local/ray --session_dir=/local/ray/session_2024-06-06_11-30-30_013949_1007186 --log_dir=/local/ray/session_2024-06-06_11-30-30_013949_1007186/logs --resource_dir=/local/ray/session_2024-06-06_11-30-30_013949_1007186/runtime_resources --metrics-agent-port=54618 --metrics_export_port=64112 --object_store_memory=76896911769 --plasma_directory=/dev/shm --ray-debugger-external=0 --gcs-address=10.20.240.13:6379 --session-name=session_2024-06-06_11-30-30_013949_1007186 --labels= --head --num_prestart_python_workers=2 "--agent_command=/home/s2240084/conFEDential/venv/bin/python -u /home/s2240084/conFEDential/venv/lib/python3.10/site-packages/ray/dashboard/agent.py --node-ip-address=10.20.240.13 --metrics-export-port=64112 --dashboard-agent-port=54618 --listen-port=52365 --node-manager-port=RAY_NODE_MANAGER_PORT_PLACEHOLDER --object-store-name=/local/ray/session_2024-06-06_11-30-30_013949_1007186/sockets/plasma_store --raylet-name=/local/ray/session_2024-06-06_11-30-30_013949_1007186/sockets/raylet --temp-dir=/local/ray --session-dir=/local/ray/session_2024-06-06_11-30-30_013949_1007186 --runtime-env-dir=/local/ray/session_2024-06-06_11-30-30_013949_1007186/runtime_resources --log-dir=/local/ray/session_2024-06-06_11-30-30_013949_1007186/logs --logging-rotate-bytes=536870912 --logging-rotate-backup-count=5 --session-name=session_2024-06-06_11-30-30_013949_1007186 --gcs-address=10.20.240.13:6379 --minimal"` (via SIGTERM)
2024-06-06 15:17:17,713	VINFO scripts.py:1068 -- Send termination request to `/home/s2240084/conFEDential/venv/bin/python -u /home/s2240084/conFEDential/venv/lib/python3.10/site-packages/ray/dashboard/agent.py --node-ip-address=10.20.240.13 --metrics-export-port=64112 --dashboard-agent-port=54618 --listen-port=52365 --node-manager-port=42907 --object-store-name=/local/ray/session_2024-06-06_11-30-30_013949_1007186/sockets/plasma_store --raylet-name=/local/ray/session_2024-06-06_11-30-30_013949_1007186/sockets/raylet --temp-dir=/local/ray --session-dir=/local/ray/session_2024-06-06_11-30-30_013949_1007186 --runtime-env-dir=/local/ray/session_2024-06-06_11-30-30_013949_1007186/runtime_resources --log-dir=/local/ray/session_2024-06-06_11-30-30_013949_1007186/logs --logging-rotate-bytes=536870912 --logging-rotate-backup-count=5 --session-name=session_2024-06-06_11-30-30_013949_1007186 --gcs-address=10.20.240.13:6379 --minimal --agent-id 424238335` (via SIGTERM)
2024-06-06 15:17:17,719	VINFO scripts.py:1068 -- Send termination request to `/home/s2240084/conFEDential/venv/bin/python /home/s2240084/conFEDential/venv/lib/python3.10/site-packages/ray/dashboard/dashboard.py --host=127.0.0.1 --port=8265 --port-retries=0 --temp-dir=/local/ray --log-dir=/local/ray/session_2024-06-06_11-30-30_013949_1007186/logs --session-dir=/local/ray/session_2024-06-06_11-30-30_013949_1007186 --logging-rotate-bytes=536870912 --logging-rotate-backup-count=5 --gcs-address=10.20.240.13:6379 --node-ip-address=10.20.240.13 --minimal` (via SIGTERM)
2024-06-06 15:17:17,725	INFO scripts.py:1098 -- 1/6 stopped.2024-06-06 15:17:17,907	INFO scripts.py:1098 -- 2/6 stopped.2024-06-06 15:17:18,080	INFO scripts.py:1098 -- 3/6 stopped.2024-06-06 15:17:18,080	INFO scripts.py:1098 -- 4/6 stopped.2024-06-06 15:17:18,213	INFO scripts.py:1098 -- 5/6 stopped.2024-06-06 15:17:18,305	INFO scripts.py:1098 -- 6/6 stopped.2024-06-06 15:17:18,487	VINFO scripts.py:1068 -- Send termination request to `/home/s2240084/conFEDential/venv/lib/python3.10/site-packages/ray/core/src/ray/gcs/gcs_server --log_dir=/local/ray/session_2024-06-06_11-30-30_013949_1007186/logs --config_list=eyJvYmplY3Rfc3BpbGxpbmdfY29uZmlnIjogIntcInR5cGVcIjogXCJmaWxlc3lzdGVtXCIsIFwicGFyYW1zXCI6IHtcImRpcmVjdG9yeV9wYXRoXCI6IFwiL2xvY2FsL3JheS9zZXNzaW9uXzIwMjQtMDYtMDZfMTEtMzAtMzBfMDEzOTQ5XzEwMDcxODZcIn19IiwgImlzX2V4dGVybmFsX3N0b3JhZ2VfdHlwZV9mcyI6IHRydWV9 --gcs_server_port=6379 --metrics-agent-port=54618 --node-ip-address=10.20.240.13 --session-name=session_2024-06-06_11-30-30_013949_1007186` (via SIGTERM)
2024-06-06 15:17:18,821	INFO scripts.py:1098 -- 1/1 stopped.2024-06-06 15:17:18,821	SUCC scripts.py:1142 -- Stopped all 7 Ray processes.
