ctit083
2024-06-05 11:56:30,260	INFO usage_lib.py:412 -- Usage stats collection is enabled. To disable this, add `--disable-usage-stats` to the command that starts the cluster, or run the following command: `ray disable-usage-stats` before starting the cluster. See https://docs.ray.io/en/master/cluster/usage-stats.html for more details.
2024-06-05 11:56:30,261	INFO scripts.py:722 -- Local node IP: 10.20.240.13
2024-06-05 11:56:37,888	SUCC scripts.py:759 -- --------------------
2024-06-05 11:56:37,888	SUCC scripts.py:760 -- Ray runtime started.
2024-06-05 11:56:37,888	SUCC scripts.py:761 -- --------------------
2024-06-05 11:56:37,888	INFO scripts.py:763 -- Next steps
2024-06-05 11:56:37,889	INFO scripts.py:766 -- To add another node to this Ray cluster, run
2024-06-05 11:56:37,889	INFO scripts.py:769 --   ray start --address='10.20.240.13:6379'
2024-06-05 11:56:37,889	INFO scripts.py:778 -- To connect to this Ray cluster:
2024-06-05 11:56:37,889	INFO scripts.py:780 -- import ray
2024-06-05 11:56:37,889	INFO scripts.py:781 -- ray.init()
2024-06-05 11:56:37,889	INFO scripts.py:812 -- To terminate the Ray runtime, run
2024-06-05 11:56:37,889	INFO scripts.py:813 --   ray stop
2024-06-05 11:56:37,890	INFO scripts.py:816 -- To view the status of the cluster, use
2024-06-05 11:56:37,890	INFO scripts.py:817 --   ray status
2024-06-05 11:57:39.467963: I tensorflow/core/platform/cpu_feature_guard.cc:210] This TensorFlow binary is optimized to use available CPU instructions in performance-critical operations.
To enable the following instructions: AVX2 FMA, in other operations, rebuild TensorFlow with the appropriate compiler flags.
2024-06-05 11:58:03.001877: W tensorflow/compiler/tf2tensorrt/utils/py_utils.cc:38] TF-TRT Warning: Could not find TensorRT
INFO flwr 2024-06-05 11:59:33,555 | Data.py:31 | Preprocessing the federated learning dataset
INFO flwr 2024-06-05 11:59:33,600 | Data.py:104 | Found preprocessed data for the given preprocess function, returning
INFO flwr 2024-06-05 11:59:40,055 | Simulation.py:38 | Preparing datasets for federated learning simulation
INFO flwr 2024-06-05 11:59:40,106 | Simulation.py:262 | Found previously split dataloaders, loading them
INFO flwr 2024-06-05 12:00:03,521 | Data.py:31 | Preprocessing the federated learning dataset
INFO flwr 2024-06-05 12:00:03,524 | Data.py:104 | Found preprocessed data for the given preprocess function, returning
INFO flwr 2024-06-05 12:00:03,646 | Simulation.py:38 | Preparing datasets for federated learning simulation
INFO flwr 2024-06-05 12:00:03,647 | Simulation.py:262 | Found previously split dataloaders, loading them
INFO flwr 2024-06-05 12:00:13,586 | Data.py:31 | Preprocessing the federated learning dataset
INFO flwr 2024-06-05 12:00:13,589 | Data.py:104 | Found preprocessed data for the given preprocess function, returning
INFO flwr 2024-06-05 12:00:13,710 | Simulation.py:38 | Preparing datasets for federated learning simulation
INFO flwr 2024-06-05 12:00:13,711 | Simulation.py:267 | Found no previously split dataloaders, splitting the data now
INFO flwr 2024-06-05 12:08:34,025 | Data.py:31 | Preprocessing the federated learning dataset
INFO flwr 2024-06-05 12:08:34,034 | Data.py:104 | Found preprocessed data for the given preprocess function, returning
INFO flwr 2024-06-05 12:08:34,382 | Simulation.py:38 | Preparing datasets for federated learning simulation
INFO flwr 2024-06-05 12:08:34,414 | Simulation.py:262 | Found previously split dataloaders, loading them
INFO flwr 2024-06-05 12:08:47,282 | main.py:103 | Loaded 4 configs with name CIFAR10-RESNET18-FEDADAM, running...
INFO flwr 2024-06-05 12:08:47,285 | main.py:105 | Config:
	Simulation:
		Data:
			dataset_name: cifar10
			batch_size: 64
			preprocess_fn:
				def preprocess_fn(element):
				  return {
				    "x": element["img"],
				    "y": element["label"]
				  }
		Federation:
			client_count: 100
			fraction_fit: 0.1
			global_rounds: 20
			local_rounds: 1
		Model:
			optimizer_name: FedAdam
			model_name: ResNet18
			criterion_name: CrossEntropyLoss
			optimizer_parameters: 
				local: {'lr': 0.01}
				global: {'lr': 0.01, 'betas': [0.9, 0.99], 'eps': 0.0001}
			model_architecture:
				repo_or_dir: pytorch/vision:v0.10.0
					model: resnet18
					pretrained: False
					out_features: 10
	Attack:
		data_access: 1.0
		message_access: server
		repetitions: 1
		Attack Simulation:
			batch_size: 64
			optimizer_name: FedAvg
			optimizer_parameters:
				lr: 0.1
			ModelArchitecture:
				gradient_component:
					type: Dropout
						p: 0.2
					type: Conv2d
						out_channels: 1000
						kernel_size: None
						stride: 1
					type: ReLU
				fcn_component:
					type: Dropout
						p: 0.2
					type: Linear
						out_features: 128
					type: ReLU
					type: Dropout
						p: 0.2
					type: Linear
						in_features: 128
						out_features: 64
					type: ReLU
				encoder_component:
					type: Dropout
						p: 0.2
					type: Linear
						out_features: 256
					type: ReLU
					type: Dropout
						p: 0.2
					type: Linear
						in_features: 256
						out_features: 128
					type: ReLU
					type: Dropout
						p: 0.2
					type: Linear
						in_features: 128
						out_features: 64
					type: ReLU
					type: Dropout
						p: 0.2
					type: Linear
						in_features: 64
						out_features: 1
					type: ReLU
					type: Sigmoid
INFO flwr 2024-06-05 12:08:47,291 | Config.py:67 | Starting conFEDential simulation
INFO flwr 2024-06-05 12:08:47,497 | Config.py:76 | Found previous federated learning simulation, continuing to attack simulation...
INFO flwr 2024-06-05 12:08:47,497 | main.py:105 | Config:
	Simulation:
		Data:
			dataset_name: cifar10
			batch_size: 64
			preprocess_fn:
				def preprocess_fn(element):
				  return {
				    "x": element["img"],
				    "y": element["label"]
				  }
		Federation:
			client_count: 100
			fraction_fit: 0.1
			global_rounds: 20
			local_rounds: 1
		Model:
			optimizer_name: FedAdam
			model_name: ResNet18
			criterion_name: CrossEntropyLoss
			optimizer_parameters: 
				local: {'lr': 0.01}
				global: {'lr': 0.001, 'betas': [0.9, 0.99], 'eps': 0.0001}
			model_architecture:
				repo_or_dir: pytorch/vision:v0.10.0
					model: resnet18
					pretrained: False
					out_features: 10
	Attack:
		data_access: 1.0
		message_access: server
		repetitions: 1
		Attack Simulation:
			batch_size: 64
			optimizer_name: FedAvg
			optimizer_parameters:
				lr: 0.1
			ModelArchitecture:
				gradient_component:
					type: Dropout
						p: 0.2
					type: Conv2d
						out_channels: 1000
						kernel_size: None
						stride: 1
					type: ReLU
				fcn_component:
					type: Dropout
						p: 0.2
					type: Linear
						out_features: 128
					type: ReLU
					type: Dropout
						p: 0.2
					type: Linear
						in_features: 128
						out_features: 64
					type: ReLU
				encoder_component:
					type: Dropout
						p: 0.2
					type: Linear
						out_features: 256
					type: ReLU
					type: Dropout
						p: 0.2
					type: Linear
						in_features: 256
						out_features: 128
					type: ReLU
					type: Dropout
						p: 0.2
					type: Linear
						in_features: 128
						out_features: 64
					type: ReLU
					type: Dropout
						p: 0.2
					type: Linear
						in_features: 64
						out_features: 1
					type: ReLU
					type: Sigmoid
INFO flwr 2024-06-05 12:08:47,497 | Config.py:67 | Starting conFEDential simulation
INFO flwr 2024-06-05 12:08:47,603 | Config.py:71 | No previous federated learning simulation found, starting training simulation...
wandb: Tracking run with wandb version 0.16.5
wandb: W&B syncing is set to `offline` in this directory.  
wandb: Run `wandb online` or set WANDB_MODE=online to enable cloud syncing.
INFO flwr 2024-06-05 12:09:12,490 | Simulation.py:402 | Created 1 clients with resources 2 CPUs, 1.0 GPUs, and 16.0GB for the total available 2 CPUs, 1 GPUs and 16.0GB.
INFO flwr 2024-06-05 12:09:12,491 | Simulation.py:161 | Starting federated learning simulation
2024-06-05 12:09:12,557	INFO worker.py:1431 -- Connecting to existing Ray cluster at address: 10.20.240.13:6379...
2024-06-05 12:09:13,091	INFO worker.py:1621 -- Connected to Ray cluster.
INFO flwr 2024-06-05 12:09:28,796 | app.py:178 | Starting Flower simulation, config: ServerConfig(num_rounds=20, round_timeout=None)
2024-06-05 12:09:28,861	INFO worker.py:1453 -- Calling ray.init() again after it has already been called.
INFO flwr 2024-06-05 12:09:28,862 | app.py:213 | Flower VCE: Ray initialized with resources: {'node:__internal_head__': 1.0, 'accelerator_type:G': 1.0, 'GPU': 1.0, 'CPU': 2.0, 'object_store_memory': 77483925504.0, 'node:10.20.240.13': 1.0, 'memory': 17179869184.0}
INFO flwr 2024-06-05 12:09:28,862 | app.py:219 | Optimize your simulation with Flower VCE: https://flower.dev/docs/framework/how-to-run-simulations.html
INFO flwr 2024-06-05 12:09:28,862 | app.py:242 | Flower VCE: Resources for each Virtual Client: {'num_cpus': 2, 'num_gpus': 1.0, 'memory': 17179869184}
INFO flwr 2024-06-05 12:09:28,979 | app.py:288 | Flower VCE: Creating VirtualClientEngineActorPool with 1 actors
INFO flwr 2024-06-05 12:09:28,980 | server.py:89 | Initializing global parameters
INFO flwr 2024-06-05 12:09:28,980 | server.py:272 | Using initial parameters provided by strategy
INFO flwr 2024-06-05 12:09:28,980 | server.py:91 | Evaluating initial parameters
[2m[36m(pid=569036)[0m 2024-06-05 12:09:54.597696: I tensorflow/core/platform/cpu_feature_guard.cc:210] This TensorFlow binary is optimized to use available CPU instructions in performance-critical operations.
[2m[36m(pid=569036)[0m To enable the following instructions: AVX2 FMA, in other operations, rebuild TensorFlow with the appropriate compiler flags.
INFO flwr 2024-06-05 12:10:07,009 | server.py:94 | initial parameters (loss, other metrics): 0.0002533473491668701, {'accuracy': 0.1021, 'data_size': 10000}
INFO flwr 2024-06-05 12:10:07,009 | server.py:104 | FL starting
DEBUG flwr 2024-06-05 12:10:07,010 | server.py:222 | fit_round 1: strategy sampled 10 clients (out of 100)
[2m[36m(pid=569036)[0m 2024-06-05 12:10:54.807173: W tensorflow/compiler/tf2tensorrt/utils/py_utils.cc:38] TF-TRT Warning: Could not find TensorRT
DEBUG flwr 2024-06-05 12:16:04,062 | server.py:236 | fit_round 1 received 10 results and 0 failures
INFO flwr 2024-06-05 12:17:27,880 | server.py:125 | fit progress: (1, 0.00023918097019195558, {'accuracy': 0.1209, 'data_size': 10000}, 440.87111036805436)
INFO flwr 2024-06-05 12:17:27,881 | server.py:171 | evaluate_round 1: no clients selected, cancel
DEBUG flwr 2024-06-05 12:17:27,882 | server.py:222 | fit_round 2: strategy sampled 10 clients (out of 100)
DEBUG flwr 2024-06-05 12:20:48,372 | server.py:236 | fit_round 2 received 10 results and 0 failures
INFO flwr 2024-06-05 12:20:55,545 | server.py:125 | fit progress: (2, 0.00022399005889892578, {'accuracy': 0.1788, 'data_size': 10000}, 648.535965597257)
INFO flwr 2024-06-05 12:20:55,546 | server.py:171 | evaluate_round 2: no clients selected, cancel
DEBUG flwr 2024-06-05 12:20:55,546 | server.py:222 | fit_round 3: strategy sampled 10 clients (out of 100)
DEBUG flwr 2024-06-05 12:24:16,819 | server.py:236 | fit_round 3 received 10 results and 0 failures
INFO flwr 2024-06-05 12:24:33,024 | server.py:125 | fit progress: (3, 0.0002155954360961914, {'accuracy': 0.2154, 'data_size': 10000}, 866.0145552880131)
INFO flwr 2024-06-05 12:24:33,024 | server.py:171 | evaluate_round 3: no clients selected, cancel
DEBUG flwr 2024-06-05 12:24:33,025 | server.py:222 | fit_round 4: strategy sampled 10 clients (out of 100)
DEBUG flwr 2024-06-05 12:27:54,318 | server.py:236 | fit_round 4 received 10 results and 0 failures
INFO flwr 2024-06-05 12:28:12,961 | server.py:125 | fit progress: (4, 0.00020994341373443604, {'accuracy': 0.2377, 'data_size': 10000}, 1085.9519401411526)
INFO flwr 2024-06-05 12:28:12,962 | server.py:171 | evaluate_round 4: no clients selected, cancel
DEBUG flwr 2024-06-05 12:28:12,962 | server.py:222 | fit_round 5: strategy sampled 10 clients (out of 100)
DEBUG flwr 2024-06-05 12:31:31,869 | server.py:236 | fit_round 5 received 10 results and 0 failures
INFO flwr 2024-06-05 12:31:53,988 | server.py:125 | fit progress: (5, 0.00020266647338867188, {'accuracy': 0.2673, 'data_size': 10000}, 1306.9781868872233)
INFO flwr 2024-06-05 12:31:53,988 | server.py:171 | evaluate_round 5: no clients selected, cancel
DEBUG flwr 2024-06-05 12:31:53,988 | server.py:222 | fit_round 6: strategy sampled 10 clients (out of 100)
DEBUG flwr 2024-06-05 12:35:14,173 | server.py:236 | fit_round 6 received 10 results and 0 failures
INFO flwr 2024-06-05 12:35:35,263 | server.py:125 | fit progress: (6, 0.00019497450590133666, {'accuracy': 0.2925, 'data_size': 10000}, 1528.2531914422289)
INFO flwr 2024-06-05 12:35:35,263 | server.py:171 | evaluate_round 6: no clients selected, cancel
DEBUG flwr 2024-06-05 12:35:35,264 | server.py:222 | fit_round 7: strategy sampled 10 clients (out of 100)
DEBUG flwr 2024-06-05 12:38:56,099 | server.py:236 | fit_round 7 received 10 results and 0 failures
INFO flwr 2024-06-05 12:39:19,556 | server.py:125 | fit progress: (7, 0.0001898879051208496, {'accuracy': 0.3124, 'data_size': 10000}, 1752.5463292719796)
INFO flwr 2024-06-05 12:39:19,556 | server.py:171 | evaluate_round 7: no clients selected, cancel
DEBUG flwr 2024-06-05 12:39:19,556 | server.py:222 | fit_round 8: strategy sampled 10 clients (out of 100)
DEBUG flwr 2024-06-05 12:42:40,112 | server.py:236 | fit_round 8 received 10 results and 0 failures
INFO flwr 2024-06-05 12:42:56,048 | server.py:125 | fit progress: (8, 0.00018642728328704833, {'accuracy': 0.3291, 'data_size': 10000}, 1969.038553147111)
INFO flwr 2024-06-05 12:42:56,049 | server.py:171 | evaluate_round 8: no clients selected, cancel
DEBUG flwr 2024-06-05 12:42:56,049 | server.py:222 | fit_round 9: strategy sampled 10 clients (out of 100)
DEBUG flwr 2024-06-05 12:46:18,469 | server.py:236 | fit_round 9 received 10 results and 0 failures
INFO flwr 2024-06-05 12:46:39,487 | server.py:125 | fit progress: (9, 0.0001828339695930481, {'accuracy': 0.3396, 'data_size': 10000}, 2192.47758489009)
INFO flwr 2024-06-05 12:46:39,487 | server.py:171 | evaluate_round 9: no clients selected, cancel
DEBUG flwr 2024-06-05 12:46:39,488 | server.py:222 | fit_round 10: strategy sampled 10 clients (out of 100)
DEBUG flwr 2024-06-05 12:50:00,045 | server.py:236 | fit_round 10 received 10 results and 0 failures
INFO flwr 2024-06-05 12:50:17,921 | server.py:125 | fit progress: (10, 0.00017800917625427246, {'accuracy': 0.3584, 'data_size': 10000}, 2410.9116136990488)
INFO flwr 2024-06-05 12:50:17,922 | server.py:171 | evaluate_round 10: no clients selected, cancel
DEBUG flwr 2024-06-05 12:50:17,922 | server.py:222 | fit_round 11: strategy sampled 10 clients (out of 100)
DEBUG flwr 2024-06-05 12:53:39,807 | server.py:236 | fit_round 11 received 10 results and 0 failures
INFO flwr 2024-06-05 12:53:52,706 | server.py:125 | fit progress: (11, 0.0001727903366088867, {'accuracy': 0.3722, 'data_size': 10000}, 2625.696546361316)
INFO flwr 2024-06-05 12:53:52,706 | server.py:171 | evaluate_round 11: no clients selected, cancel
DEBUG flwr 2024-06-05 12:53:52,707 | server.py:222 | fit_round 12: strategy sampled 10 clients (out of 100)
DEBUG flwr 2024-06-05 12:57:12,697 | server.py:236 | fit_round 12 received 10 results and 0 failures
INFO flwr 2024-06-05 12:57:28,579 | server.py:125 | fit progress: (12, 0.00016940581798553466, {'accuracy': 0.3839, 'data_size': 10000}, 2841.5699250004254)
INFO flwr 2024-06-05 12:57:28,580 | server.py:171 | evaluate_round 12: no clients selected, cancel
DEBUG flwr 2024-06-05 12:57:28,580 | server.py:222 | fit_round 13: strategy sampled 10 clients (out of 100)
DEBUG flwr 2024-06-05 13:00:48,053 | server.py:236 | fit_round 13 received 10 results and 0 failures
INFO flwr 2024-06-05 13:01:05,917 | server.py:125 | fit progress: (13, 0.00016731088161468506, {'accuracy': 0.3899, 'data_size': 10000}, 3058.9075667872094)
INFO flwr 2024-06-05 13:01:05,918 | server.py:171 | evaluate_round 13: no clients selected, cancel
DEBUG flwr 2024-06-05 13:01:05,918 | server.py:222 | fit_round 14: strategy sampled 10 clients (out of 100)
DEBUG flwr 2024-06-05 13:04:25,203 | server.py:236 | fit_round 14 received 10 results and 0 failures
INFO flwr 2024-06-05 13:04:44,228 | server.py:125 | fit progress: (14, 0.00016502859592437745, {'accuracy': 0.397, 'data_size': 10000}, 3277.2182007431984)
INFO flwr 2024-06-05 13:04:44,228 | server.py:171 | evaluate_round 14: no clients selected, cancel
DEBUG flwr 2024-06-05 13:04:44,228 | server.py:222 | fit_round 15: strategy sampled 10 clients (out of 100)
DEBUG flwr 2024-06-05 13:08:02,422 | server.py:236 | fit_round 15 received 10 results and 0 failures
INFO flwr 2024-06-05 13:08:22,491 | server.py:125 | fit progress: (15, 0.00016215200424194335, {'accuracy': 0.4054, 'data_size': 10000}, 3495.4814624581486)
INFO flwr 2024-06-05 13:08:22,492 | server.py:171 | evaluate_round 15: no clients selected, cancel
DEBUG flwr 2024-06-05 13:08:22,492 | server.py:222 | fit_round 16: strategy sampled 10 clients (out of 100)
DEBUG flwr 2024-06-05 13:11:42,780 | server.py:236 | fit_round 16 received 10 results and 0 failures
INFO flwr 2024-06-05 13:11:59,462 | server.py:125 | fit progress: (16, 0.00015953798294067383, {'accuracy': 0.4119, 'data_size': 10000}, 3712.452243491076)
INFO flwr 2024-06-05 13:11:59,462 | server.py:171 | evaluate_round 16: no clients selected, cancel
DEBUG flwr 2024-06-05 13:11:59,462 | server.py:222 | fit_round 17: strategy sampled 10 clients (out of 100)
DEBUG flwr 2024-06-05 13:15:15,441 | server.py:236 | fit_round 17 received 10 results and 0 failures
INFO flwr 2024-06-05 13:15:46,574 | server.py:125 | fit progress: (17, 0.00015738065242767334, {'accuracy': 0.4243, 'data_size': 10000}, 3939.564216338098)
INFO flwr 2024-06-05 13:15:46,574 | server.py:171 | evaluate_round 17: no clients selected, cancel
DEBUG flwr 2024-06-05 13:15:46,575 | server.py:222 | fit_round 18: strategy sampled 10 clients (out of 100)
DEBUG flwr 2024-06-05 13:19:07,947 | server.py:236 | fit_round 18 received 10 results and 0 failures
INFO flwr 2024-06-05 13:19:23,369 | server.py:125 | fit progress: (18, 0.00015605400800704957, {'accuracy': 0.426, 'data_size': 10000}, 4156.35926517332)
INFO flwr 2024-06-05 13:19:23,369 | server.py:171 | evaluate_round 18: no clients selected, cancel
DEBUG flwr 2024-06-05 13:19:23,369 | server.py:222 | fit_round 19: strategy sampled 10 clients (out of 100)
DEBUG flwr 2024-06-05 13:22:42,573 | server.py:236 | fit_round 19 received 10 results and 0 failures
INFO flwr 2024-06-05 13:22:54,571 | server.py:125 | fit progress: (19, 0.00015495482683181762, {'accuracy': 0.431, 'data_size': 10000}, 4367.5611703014)
INFO flwr 2024-06-05 13:22:54,571 | server.py:171 | evaluate_round 19: no clients selected, cancel
DEBUG flwr 2024-06-05 13:22:54,572 | server.py:222 | fit_round 20: strategy sampled 10 clients (out of 100)
DEBUG flwr 2024-06-05 13:26:14,320 | server.py:236 | fit_round 20 received 10 results and 0 failures
INFO flwr 2024-06-05 13:26:32,456 | server.py:125 | fit progress: (20, 0.00015348409414291382, {'accuracy': 0.4382, 'data_size': 10000}, 4585.44701010827)
INFO flwr 2024-06-05 13:26:32,457 | server.py:171 | evaluate_round 20: no clients selected, cancel
INFO flwr 2024-06-05 13:26:32,457 | server.py:153 | FL finished in 4585.447864683345
INFO flwr 2024-06-05 13:26:32,542 | app.py:226 | app_fit: losses_distributed []
INFO flwr 2024-06-05 13:26:32,542 | app.py:228 | app_fit: metrics_distributed {}
INFO flwr 2024-06-05 13:26:32,542 | app.py:229 | app_fit: losses_centralized [(0, 0.0002533473491668701), (1, 0.00023918097019195558), (2, 0.00022399005889892578), (3, 0.0002155954360961914), (4, 0.00020994341373443604), (5, 0.00020266647338867188), (6, 0.00019497450590133666), (7, 0.0001898879051208496), (8, 0.00018642728328704833), (9, 0.0001828339695930481), (10, 0.00017800917625427246), (11, 0.0001727903366088867), (12, 0.00016940581798553466), (13, 0.00016731088161468506), (14, 0.00016502859592437745), (15, 0.00016215200424194335), (16, 0.00015953798294067383), (17, 0.00015738065242767334), (18, 0.00015605400800704957), (19, 0.00015495482683181762), (20, 0.00015348409414291382)]
INFO flwr 2024-06-05 13:26:32,543 | app.py:230 | app_fit: metrics_centralized {'accuracy': [(0, 0.1021), (1, 0.1209), (2, 0.1788), (3, 0.2154), (4, 0.2377), (5, 0.2673), (6, 0.2925), (7, 0.3124), (8, 0.3291), (9, 0.3396), (10, 0.3584), (11, 0.3722), (12, 0.3839), (13, 0.3899), (14, 0.397), (15, 0.4054), (16, 0.4119), (17, 0.4243), (18, 0.426), (19, 0.431), (20, 0.4382)], 'data_size': [(0, 10000), (1, 10000), (2, 10000), (3, 10000), (4, 10000), (5, 10000), (6, 10000), (7, 10000), (8, 10000), (9, 10000), (10, 10000), (11, 10000), (12, 10000), (13, 10000), (14, 10000), (15, 10000), (16, 10000), (17, 10000), (18, 10000), (19, 10000), (20, 10000)]}
INFO flwr 2024-06-05 13:26:33,001 | main.py:105 | Config:
	Simulation:
		Data:
			dataset_name: cifar10
			batch_size: 128
			preprocess_fn:
				def preprocess_fn(element):
				  return {
				    "x": element["img"],
				    "y": element["label"]
				  }
		Federation:
			client_count: 100
			fraction_fit: 0.1
			global_rounds: 20
			local_rounds: 1
		Model:
			optimizer_name: FedAdam
			model_name: ResNet18
			criterion_name: CrossEntropyLoss
			optimizer_parameters: 
				local: {'lr': 0.01}
				global: {'lr': 0.01, 'betas': [0.9, 0.99], 'eps': 0.0001}
			model_architecture:
				repo_or_dir: pytorch/vision:v0.10.0
					model: resnet18
					pretrained: False
					out_features: 10
	Attack:
		data_access: 1.0
		message_access: server
		repetitions: 1
		Attack Simulation:
			batch_size: 64
			optimizer_name: FedAvg
			optimizer_parameters:
				lr: 0.1
			ModelArchitecture:
				gradient_component:
					type: Dropout
						p: 0.2
					type: Conv2d
						out_channels: 1000
						kernel_size: None
						stride: 1
					type: ReLU
				fcn_component:
					type: Dropout
						p: 0.2
					type: Linear
						out_features: 128
					type: ReLU
					type: Dropout
						p: 0.2
					type: Linear
						in_features: 128
						out_features: 64
					type: ReLU
				encoder_component:
					type: Dropout
						p: 0.2
					type: Linear
						out_features: 256
					type: ReLU
					type: Dropout
						p: 0.2
					type: Linear
						in_features: 256
						out_features: 128
					type: ReLU
					type: Dropout
						p: 0.2
					type: Linear
						in_features: 128
						out_features: 64
					type: ReLU
					type: Dropout
						p: 0.2
					type: Linear
						in_features: 64
						out_features: 1
					type: ReLU
					type: Sigmoid
INFO flwr 2024-06-05 13:26:33,002 | Config.py:67 | Starting conFEDential simulation
INFO flwr 2024-06-05 13:26:33,009 | Config.py:71 | No previous federated learning simulation found, starting training simulation...
INFO flwr 2024-06-05 13:26:33,632 | Simulation.py:402 | Created 1 clients with resources 2 CPUs, 1.0 GPUs, and 16.0GB for the total available 2 CPUs, 1 GPUs and 16.0GB.
INFO flwr 2024-06-05 13:26:33,633 | Simulation.py:161 | Starting federated learning simulation
2024-06-05 13:26:33,697	INFO worker.py:1431 -- Connecting to existing Ray cluster at address: 10.20.240.13:6379...
2024-06-05 13:26:33,703	INFO worker.py:1621 -- Connected to Ray cluster.
INFO flwr 2024-06-05 13:26:33,721 | app.py:178 | Starting Flower simulation, config: ServerConfig(num_rounds=20, round_timeout=None)
2024-06-05 13:26:33,781	INFO worker.py:1453 -- Calling ray.init() again after it has already been called.
INFO flwr 2024-06-05 13:26:33,782 | app.py:213 | Flower VCE: Ray initialized with resources: {'node:__internal_head__': 1.0, 'CPU': 2.0, 'object_store_memory': 77483925504.0, 'memory': 17179869184.0, 'node:10.20.240.13': 1.0, 'GPU': 1.0, 'accelerator_type:G': 1.0}
INFO flwr 2024-06-05 13:26:33,783 | app.py:219 | Optimize your simulation with Flower VCE: https://flower.dev/docs/framework/how-to-run-simulations.html
INFO flwr 2024-06-05 13:26:33,783 | app.py:242 | Flower VCE: Resources for each Virtual Client: {'num_cpus': 2, 'num_gpus': 1.0, 'memory': 17179869184}
INFO flwr 2024-06-05 13:26:33,797 | app.py:288 | Flower VCE: Creating VirtualClientEngineActorPool with 1 actors
INFO flwr 2024-06-05 13:26:33,799 | server.py:89 | Initializing global parameters
INFO flwr 2024-06-05 13:26:33,799 | server.py:272 | Using initial parameters provided by strategy
INFO flwr 2024-06-05 13:26:33,799 | server.py:91 | Evaluating initial parameters
INFO flwr 2024-06-05 13:26:34,394 | server.py:94 | initial parameters (loss, other metrics): 0.0002573741674423218, {'accuracy': 0.0946, 'data_size': 10000}
INFO flwr 2024-06-05 13:26:34,394 | server.py:104 | FL starting
DEBUG flwr 2024-06-05 13:26:34,395 | server.py:222 | fit_round 1: strategy sampled 10 clients (out of 100)
[2m[36m(pid=610862)[0m 2024-06-05 13:27:12.676300: I tensorflow/core/platform/cpu_feature_guard.cc:210] This TensorFlow binary is optimized to use available CPU instructions in performance-critical operations.
[2m[36m(pid=610862)[0m To enable the following instructions: AVX2 FMA, in other operations, rebuild TensorFlow with the appropriate compiler flags.
[2m[36m(pid=610862)[0m 2024-06-05 13:27:30.296931: W tensorflow/compiler/tf2tensorrt/utils/py_utils.cc:38] TF-TRT Warning: Could not find TensorRT
DEBUG flwr 2024-06-05 13:32:31,691 | server.py:236 | fit_round 1 received 10 results and 0 failures
INFO flwr 2024-06-05 13:33:50,280 | server.py:125 | fit progress: (1, 0.0002967104196548462, {'accuracy': 0.1467, 'data_size': 10000}, 435.8851222409867)
INFO flwr 2024-06-05 13:33:50,281 | server.py:171 | evaluate_round 1: no clients selected, cancel
DEBUG flwr 2024-06-05 13:33:50,281 | server.py:222 | fit_round 2: strategy sampled 10 clients (out of 100)
DEBUG flwr 2024-06-05 13:37:13,228 | server.py:236 | fit_round 2 received 10 results and 0 failures
INFO flwr 2024-06-05 13:37:28,590 | server.py:125 | fit progress: (2, 0.0002454237937927246, {'accuracy': 0.2328, 'data_size': 10000}, 654.1955559039488)
INFO flwr 2024-06-05 13:37:28,591 | server.py:171 | evaluate_round 2: no clients selected, cancel
DEBUG flwr 2024-06-05 13:37:28,591 | server.py:222 | fit_round 3: strategy sampled 10 clients (out of 100)
DEBUG flwr 2024-06-05 13:40:50,397 | server.py:236 | fit_round 3 received 10 results and 0 failures
INFO flwr 2024-06-05 13:41:06,452 | server.py:125 | fit progress: (3, 0.0002533000469207764, {'accuracy': 0.1858, 'data_size': 10000}, 872.0568739250302)
INFO flwr 2024-06-05 13:41:06,452 | server.py:171 | evaluate_round 3: no clients selected, cancel
DEBUG flwr 2024-06-05 13:41:06,453 | server.py:222 | fit_round 4: strategy sampled 10 clients (out of 100)
DEBUG flwr 2024-06-05 13:44:28,910 | server.py:236 | fit_round 4 received 10 results and 0 failures
INFO flwr 2024-06-05 13:44:48,767 | server.py:125 | fit progress: (4, 0.00021169955730438234, {'accuracy': 0.2806, 'data_size': 10000}, 1094.3727726121433)
INFO flwr 2024-06-05 13:44:48,768 | server.py:171 | evaluate_round 4: no clients selected, cancel
DEBUG flwr 2024-06-05 13:44:48,768 | server.py:222 | fit_round 5: strategy sampled 10 clients (out of 100)
DEBUG flwr 2024-06-05 13:48:11,973 | server.py:236 | fit_round 5 received 10 results and 0 failures
INFO flwr 2024-06-05 13:48:50,056 | server.py:125 | fit progress: (5, 0.00021725614070892334, {'accuracy': 0.273, 'data_size': 10000}, 1335.6611476582475)
INFO flwr 2024-06-05 13:48:50,056 | server.py:171 | evaluate_round 5: no clients selected, cancel
DEBUG flwr 2024-06-05 13:48:50,057 | server.py:222 | fit_round 6: strategy sampled 10 clients (out of 100)
DEBUG flwr 2024-06-05 13:52:11,116 | server.py:236 | fit_round 6 received 10 results and 0 failures
INFO flwr 2024-06-05 13:52:34,456 | server.py:125 | fit progress: (6, 0.00020845608711242677, {'accuracy': 0.2859, 'data_size': 10000}, 1560.0613879831508)
INFO flwr 2024-06-05 13:52:34,457 | server.py:171 | evaluate_round 6: no clients selected, cancel
DEBUG flwr 2024-06-05 13:52:34,457 | server.py:222 | fit_round 7: strategy sampled 10 clients (out of 100)
DEBUG flwr 2024-06-05 13:55:56,134 | server.py:236 | fit_round 7 received 10 results and 0 failures
INFO flwr 2024-06-05 13:56:37,801 | server.py:125 | fit progress: (7, 0.00019762507677078246, {'accuracy': 0.2979, 'data_size': 10000}, 1803.4059879579581)
INFO flwr 2024-06-05 13:56:37,801 | server.py:171 | evaluate_round 7: no clients selected, cancel
DEBUG flwr 2024-06-05 13:56:37,801 | server.py:222 | fit_round 8: strategy sampled 10 clients (out of 100)
DEBUG flwr 2024-06-05 14:00:00,350 | server.py:236 | fit_round 8 received 10 results and 0 failures
INFO flwr 2024-06-05 14:00:44,951 | server.py:125 | fit progress: (8, 0.0001796619176864624, {'accuracy': 0.3472, 'data_size': 10000}, 2050.5567433312535)
INFO flwr 2024-06-05 14:00:44,952 | server.py:171 | evaluate_round 8: no clients selected, cancel
DEBUG flwr 2024-06-05 14:00:44,953 | server.py:222 | fit_round 9: strategy sampled 10 clients (out of 100)
DEBUG flwr 2024-06-05 14:04:07,722 | server.py:236 | fit_round 9 received 10 results and 0 failures
INFO flwr 2024-06-05 14:04:49,541 | server.py:125 | fit progress: (9, 0.00018427531719207764, {'accuracy': 0.3196, 'data_size': 10000}, 2295.1462180293165)
INFO flwr 2024-06-05 14:04:49,541 | server.py:171 | evaluate_round 9: no clients selected, cancel
DEBUG flwr 2024-06-05 14:04:49,542 | server.py:222 | fit_round 10: strategy sampled 10 clients (out of 100)
DEBUG flwr 2024-06-05 14:08:11,139 | server.py:236 | fit_round 10 received 10 results and 0 failures
INFO flwr 2024-06-05 14:08:50,324 | server.py:125 | fit progress: (10, 0.00016690486669540406, {'accuracy': 0.3839, 'data_size': 10000}, 2535.929182650987)
INFO flwr 2024-06-05 14:08:50,325 | server.py:171 | evaluate_round 10: no clients selected, cancel
DEBUG flwr 2024-06-05 14:08:50,325 | server.py:222 | fit_round 11: strategy sampled 10 clients (out of 100)
DEBUG flwr 2024-06-05 14:12:11,968 | server.py:236 | fit_round 11 received 10 results and 0 failures
INFO flwr 2024-06-05 14:13:10,869 | server.py:125 | fit progress: (11, 0.00016895856857299804, {'accuracy': 0.3774, 'data_size': 10000}, 2796.4739224910736)
INFO flwr 2024-06-05 14:13:10,869 | server.py:171 | evaluate_round 11: no clients selected, cancel
DEBUG flwr 2024-06-05 14:13:10,869 | server.py:222 | fit_round 12: strategy sampled 10 clients (out of 100)
DEBUG flwr 2024-06-05 14:16:33,892 | server.py:236 | fit_round 12 received 10 results and 0 failures
INFO flwr 2024-06-05 14:17:29,625 | server.py:125 | fit progress: (12, 0.00015882549285888673, {'accuracy': 0.4207, 'data_size': 10000}, 3055.23061538022)
INFO flwr 2024-06-05 14:17:29,626 | server.py:171 | evaluate_round 12: no clients selected, cancel
DEBUG flwr 2024-06-05 14:17:29,626 | server.py:222 | fit_round 13: strategy sampled 10 clients (out of 100)
DEBUG flwr 2024-06-05 14:20:50,472 | server.py:236 | fit_round 13 received 10 results and 0 failures
INFO flwr 2024-06-05 14:21:38,017 | server.py:125 | fit progress: (13, 0.00015776913166046144, {'accuracy': 0.4207, 'data_size': 10000}, 3303.6223463062197)
INFO flwr 2024-06-05 14:21:38,017 | server.py:171 | evaluate_round 13: no clients selected, cancel
DEBUG flwr 2024-06-05 14:21:38,018 | server.py:222 | fit_round 14: strategy sampled 10 clients (out of 100)
DEBUG flwr 2024-06-05 14:24:59,623 | server.py:236 | fit_round 14 received 10 results and 0 failures
INFO flwr 2024-06-05 14:25:43,730 | server.py:125 | fit progress: (14, 0.00015751832723617554, {'accuracy': 0.41, 'data_size': 10000}, 3549.335473276209)
INFO flwr 2024-06-05 14:25:43,731 | server.py:171 | evaluate_round 14: no clients selected, cancel
DEBUG flwr 2024-06-05 14:25:43,731 | server.py:222 | fit_round 15: strategy sampled 10 clients (out of 100)
DEBUG flwr 2024-06-05 14:29:06,713 | server.py:236 | fit_round 15 received 10 results and 0 failures
INFO flwr 2024-06-05 14:29:39,685 | server.py:125 | fit progress: (15, 0.00015693868398666382, {'accuracy': 0.4156, 'data_size': 10000}, 3785.290089703165)
INFO flwr 2024-06-05 14:29:39,685 | server.py:171 | evaluate_round 15: no clients selected, cancel
DEBUG flwr 2024-06-05 14:29:39,686 | server.py:222 | fit_round 16: strategy sampled 10 clients (out of 100)
DEBUG flwr 2024-06-05 14:33:00,013 | server.py:236 | fit_round 16 received 10 results and 0 failures
INFO flwr 2024-06-05 14:33:51,538 | server.py:125 | fit progress: (16, 0.00015263841152191162, {'accuracy': 0.4397, 'data_size': 10000}, 4037.1430661072955)
INFO flwr 2024-06-05 14:33:51,538 | server.py:171 | evaluate_round 16: no clients selected, cancel
DEBUG flwr 2024-06-05 14:33:51,539 | server.py:222 | fit_round 17: strategy sampled 10 clients (out of 100)
DEBUG flwr 2024-06-05 14:37:12,855 | server.py:236 | fit_round 17 received 10 results and 0 failures
INFO flwr 2024-06-05 14:37:57,460 | server.py:125 | fit progress: (17, 0.0001510807752609253, {'accuracy': 0.4434, 'data_size': 10000}, 4283.065579227172)
INFO flwr 2024-06-05 14:37:57,461 | server.py:171 | evaluate_round 17: no clients selected, cancel
DEBUG flwr 2024-06-05 14:37:57,461 | server.py:222 | fit_round 18: strategy sampled 10 clients (out of 100)
DEBUG flwr 2024-06-05 14:41:18,023 | server.py:236 | fit_round 18 received 10 results and 0 failures
INFO flwr 2024-06-05 14:41:48,204 | server.py:125 | fit progress: (18, 0.00014708951711654662, {'accuracy': 0.4561, 'data_size': 10000}, 4513.809128959198)
INFO flwr 2024-06-05 14:41:48,204 | server.py:171 | evaluate_round 18: no clients selected, cancel
DEBUG flwr 2024-06-05 14:41:48,205 | server.py:222 | fit_round 19: strategy sampled 10 clients (out of 100)
DEBUG flwr 2024-06-05 14:45:08,180 | server.py:236 | fit_round 19 received 10 results and 0 failures
INFO flwr 2024-06-05 14:45:23,773 | server.py:125 | fit progress: (19, 0.00014663596153259277, {'accuracy': 0.4548, 'data_size': 10000}, 4729.378014163114)
INFO flwr 2024-06-05 14:45:23,773 | server.py:171 | evaluate_round 19: no clients selected, cancel
DEBUG flwr 2024-06-05 14:45:23,774 | server.py:222 | fit_round 20: strategy sampled 10 clients (out of 100)
DEBUG flwr 2024-06-05 14:48:44,683 | server.py:236 | fit_round 20 received 10 results and 0 failures
INFO flwr 2024-06-05 14:49:03,681 | server.py:125 | fit progress: (20, 0.00014747921228408812, {'accuracy': 0.4615, 'data_size': 10000}, 4949.286231553182)
INFO flwr 2024-06-05 14:49:03,681 | server.py:171 | evaluate_round 20: no clients selected, cancel
INFO flwr 2024-06-05 14:49:03,682 | server.py:153 | FL finished in 4949.287030910142
INFO flwr 2024-06-05 14:49:03,714 | app.py:226 | app_fit: losses_distributed []
INFO flwr 2024-06-05 14:49:03,714 | app.py:228 | app_fit: metrics_distributed {}
INFO flwr 2024-06-05 14:49:03,715 | app.py:229 | app_fit: losses_centralized [(0, 0.0002573741674423218), (1, 0.0002967104196548462), (2, 0.0002454237937927246), (3, 0.0002533000469207764), (4, 0.00021169955730438234), (5, 0.00021725614070892334), (6, 0.00020845608711242677), (7, 0.00019762507677078246), (8, 0.0001796619176864624), (9, 0.00018427531719207764), (10, 0.00016690486669540406), (11, 0.00016895856857299804), (12, 0.00015882549285888673), (13, 0.00015776913166046144), (14, 0.00015751832723617554), (15, 0.00015693868398666382), (16, 0.00015263841152191162), (17, 0.0001510807752609253), (18, 0.00014708951711654662), (19, 0.00014663596153259277), (20, 0.00014747921228408812)]
INFO flwr 2024-06-05 14:49:03,715 | app.py:230 | app_fit: metrics_centralized {'accuracy': [(0, 0.0946), (1, 0.1467), (2, 0.2328), (3, 0.1858), (4, 0.2806), (5, 0.273), (6, 0.2859), (7, 0.2979), (8, 0.3472), (9, 0.3196), (10, 0.3839), (11, 0.3774), (12, 0.4207), (13, 0.4207), (14, 0.41), (15, 0.4156), (16, 0.4397), (17, 0.4434), (18, 0.4561), (19, 0.4548), (20, 0.4615)], 'data_size': [(0, 10000), (1, 10000), (2, 10000), (3, 10000), (4, 10000), (5, 10000), (6, 10000), (7, 10000), (8, 10000), (9, 10000), (10, 10000), (11, 10000), (12, 10000), (13, 10000), (14, 10000), (15, 10000), (16, 10000), (17, 10000), (18, 10000), (19, 10000), (20, 10000)]}
INFO flwr 2024-06-05 14:49:04,013 | main.py:105 | Config:
	Simulation:
		Data:
			dataset_name: cifar10
			batch_size: 128
			preprocess_fn:
				def preprocess_fn(element):
				  return {
				    "x": element["img"],
				    "y": element["label"]
				  }
		Federation:
			client_count: 100
			fraction_fit: 0.1
			global_rounds: 20
			local_rounds: 1
		Model:
			optimizer_name: FedAdam
			model_name: ResNet18
			criterion_name: CrossEntropyLoss
			optimizer_parameters: 
				local: {'lr': 0.01}
				global: {'lr': 0.001, 'betas': [0.9, 0.99], 'eps': 0.0001}
			model_architecture:
				repo_or_dir: pytorch/vision:v0.10.0
					model: resnet18
					pretrained: False
					out_features: 10
	Attack:
		data_access: 1.0
		message_access: server
		repetitions: 1
		Attack Simulation:
			batch_size: 64
			optimizer_name: FedAvg
			optimizer_parameters:
				lr: 0.1
			ModelArchitecture:
				gradient_component:
					type: Dropout
						p: 0.2
					type: Conv2d
						out_channels: 1000
						kernel_size: None
						stride: 1
					type: ReLU
				fcn_component:
					type: Dropout
						p: 0.2
					type: Linear
						out_features: 128
					type: ReLU
					type: Dropout
						p: 0.2
					type: Linear
						in_features: 128
						out_features: 64
					type: ReLU
				encoder_component:
					type: Dropout
						p: 0.2
					type: Linear
						out_features: 256
					type: ReLU
					type: Dropout
						p: 0.2
					type: Linear
						in_features: 256
						out_features: 128
					type: ReLU
					type: Dropout
						p: 0.2
					type: Linear
						in_features: 128
						out_features: 64
					type: ReLU
					type: Dropout
						p: 0.2
					type: Linear
						in_features: 64
						out_features: 1
					type: ReLU
					type: Sigmoid
INFO flwr 2024-06-05 14:49:04,015 | Config.py:67 | Starting conFEDential simulation
INFO flwr 2024-06-05 14:49:04,097 | Config.py:71 | No previous federated learning simulation found, starting training simulation...
INFO flwr 2024-06-05 14:49:04,168 | Simulation.py:402 | Created 1 clients with resources 2 CPUs, 1.0 GPUs, and 16.0GB for the total available 2 CPUs, 1 GPUs and 16.0GB.
INFO flwr 2024-06-05 14:49:04,168 | Simulation.py:161 | Starting federated learning simulation
2024-06-05 14:49:04,234	INFO worker.py:1431 -- Connecting to existing Ray cluster at address: 10.20.240.13:6379...
2024-06-05 14:49:04,240	INFO worker.py:1621 -- Connected to Ray cluster.
INFO flwr 2024-06-05 14:49:04,258 | app.py:178 | Starting Flower simulation, config: ServerConfig(num_rounds=20, round_timeout=None)
2024-06-05 14:49:04,319	INFO worker.py:1453 -- Calling ray.init() again after it has already been called.
INFO flwr 2024-06-05 14:49:04,320 | app.py:213 | Flower VCE: Ray initialized with resources: {'object_store_memory': 77483925504.0, 'accelerator_type:G': 1.0, 'GPU': 1.0, 'CPU': 2.0, 'memory': 17179869184.0, 'node:10.20.240.13': 1.0, 'node:__internal_head__': 1.0}
INFO flwr 2024-06-05 14:49:04,320 | app.py:219 | Optimize your simulation with Flower VCE: https://flower.dev/docs/framework/how-to-run-simulations.html
INFO flwr 2024-06-05 14:49:04,320 | app.py:242 | Flower VCE: Resources for each Virtual Client: {'num_cpus': 2, 'num_gpus': 1.0, 'memory': 17179869184}
INFO flwr 2024-06-05 14:49:04,333 | app.py:288 | Flower VCE: Creating VirtualClientEngineActorPool with 1 actors
INFO flwr 2024-06-05 14:49:04,335 | server.py:89 | Initializing global parameters
INFO flwr 2024-06-05 14:49:04,335 | server.py:272 | Using initial parameters provided by strategy
INFO flwr 2024-06-05 14:49:04,336 | server.py:91 | Evaluating initial parameters
INFO flwr 2024-06-05 14:49:04,920 | server.py:94 | initial parameters (loss, other metrics): 0.00025803632736206054, {'accuracy': 0.1039, 'data_size': 10000}
INFO flwr 2024-06-05 14:49:04,920 | server.py:104 | FL starting
DEBUG flwr 2024-06-05 14:49:04,921 | server.py:222 | fit_round 1: strategy sampled 10 clients (out of 100)
[2m[36m(pid=654995)[0m 2024-06-05 14:49:35.448497: I tensorflow/core/platform/cpu_feature_guard.cc:210] This TensorFlow binary is optimized to use available CPU instructions in performance-critical operations.
[2m[36m(pid=654995)[0m To enable the following instructions: AVX2 FMA, in other operations, rebuild TensorFlow with the appropriate compiler flags.
[2m[36m(pid=654995)[0m 2024-06-05 14:49:53.770703: W tensorflow/compiler/tf2tensorrt/utils/py_utils.cc:38] TF-TRT Warning: Could not find TensorRT
DEBUG flwr 2024-06-05 14:55:26,363 | server.py:236 | fit_round 1 received 10 results and 0 failures
INFO flwr 2024-06-05 14:57:46,796 | server.py:125 | fit progress: (1, 0.0002450088977813721, {'accuracy': 0.1214, 'data_size': 10000}, 521.8756414339878)
INFO flwr 2024-06-05 14:57:46,797 | server.py:171 | evaluate_round 1: no clients selected, cancel
DEBUG flwr 2024-06-05 14:57:46,797 | server.py:222 | fit_round 2: strategy sampled 10 clients (out of 100)
DEBUG flwr 2024-06-05 15:01:08,301 | server.py:236 | fit_round 2 received 10 results and 0 failures
INFO flwr 2024-06-05 15:01:25,466 | server.py:125 | fit progress: (2, 0.00023144164085388182, {'accuracy': 0.1535, 'data_size': 10000}, 740.5455135367811)
INFO flwr 2024-06-05 15:01:25,467 | server.py:171 | evaluate_round 2: no clients selected, cancel
DEBUG flwr 2024-06-05 15:01:25,467 | server.py:222 | fit_round 3: strategy sampled 10 clients (out of 100)
DEBUG flwr 2024-06-05 15:04:49,527 | server.py:236 | fit_round 3 received 10 results and 0 failures
INFO flwr 2024-06-05 15:05:27,397 | server.py:125 | fit progress: (3, 0.00022381696701049804, {'accuracy': 0.1792, 'data_size': 10000}, 982.476650678087)
INFO flwr 2024-06-05 15:05:27,398 | server.py:171 | evaluate_round 3: no clients selected, cancel
DEBUG flwr 2024-06-05 15:05:27,398 | server.py:222 | fit_round 4: strategy sampled 10 clients (out of 100)
DEBUG flwr 2024-06-05 15:08:50,097 | server.py:236 | fit_round 4 received 10 results and 0 failures
INFO flwr 2024-06-05 15:09:20,792 | server.py:125 | fit progress: (4, 0.00022080488204956054, {'accuracy': 0.1916, 'data_size': 10000}, 1215.8710148450918)
INFO flwr 2024-06-05 15:09:20,793 | server.py:171 | evaluate_round 4: no clients selected, cancel
DEBUG flwr 2024-06-05 15:09:20,793 | server.py:222 | fit_round 5: strategy sampled 10 clients (out of 100)
DEBUG flwr 2024-06-05 15:12:41,771 | server.py:236 | fit_round 5 received 10 results and 0 failures
INFO flwr 2024-06-05 15:13:02,092 | server.py:125 | fit progress: (5, 0.00021702165603637696, {'accuracy': 0.2105, 'data_size': 10000}, 1437.1710186246783)
INFO flwr 2024-06-05 15:13:02,092 | server.py:171 | evaluate_round 5: no clients selected, cancel
DEBUG flwr 2024-06-05 15:13:02,092 | server.py:222 | fit_round 6: strategy sampled 10 clients (out of 100)
DEBUG flwr 2024-06-05 15:16:23,747 | server.py:236 | fit_round 6 received 10 results and 0 failures
INFO flwr 2024-06-05 15:16:45,373 | server.py:125 | fit progress: (6, 0.00020981042385101318, {'accuracy': 0.2362, 'data_size': 10000}, 1660.4521783939563)
INFO flwr 2024-06-05 15:16:45,373 | server.py:171 | evaluate_round 6: no clients selected, cancel
DEBUG flwr 2024-06-05 15:16:45,374 | server.py:222 | fit_round 7: strategy sampled 10 clients (out of 100)
DEBUG flwr 2024-06-05 15:20:05,695 | server.py:236 | fit_round 7 received 10 results and 0 failures
INFO flwr 2024-06-05 15:20:24,549 | server.py:125 | fit progress: (7, 0.00020076777935028076, {'accuracy': 0.2631, 'data_size': 10000}, 1879.6281168297864)
INFO flwr 2024-06-05 15:20:24,549 | server.py:171 | evaluate_round 7: no clients selected, cancel
DEBUG flwr 2024-06-05 15:20:24,550 | server.py:222 | fit_round 8: strategy sampled 10 clients (out of 100)
DEBUG flwr 2024-06-05 15:23:45,534 | server.py:236 | fit_round 8 received 10 results and 0 failures
INFO flwr 2024-06-05 15:24:02,198 | server.py:125 | fit progress: (8, 0.0001930659532546997, {'accuracy': 0.2959, 'data_size': 10000}, 2097.2768563106656)
INFO flwr 2024-06-05 15:24:02,199 | server.py:171 | evaluate_round 8: no clients selected, cancel
DEBUG flwr 2024-06-05 15:24:02,199 | server.py:222 | fit_round 9: strategy sampled 10 clients (out of 100)
DEBUG flwr 2024-06-05 15:27:24,942 | server.py:236 | fit_round 9 received 10 results and 0 failures
INFO flwr 2024-06-05 15:27:53,699 | server.py:125 | fit progress: (9, 0.00018787758350372315, {'accuracy': 0.3188, 'data_size': 10000}, 2328.778349441942)
INFO flwr 2024-06-05 15:27:53,699 | server.py:171 | evaluate_round 9: no clients selected, cancel
DEBUG flwr 2024-06-05 15:27:53,700 | server.py:222 | fit_round 10: strategy sampled 10 clients (out of 100)
DEBUG flwr 2024-06-05 15:31:13,979 | server.py:236 | fit_round 10 received 10 results and 0 failures
INFO flwr 2024-06-05 15:31:50,134 | server.py:125 | fit progress: (10, 0.0001848564863204956, {'accuracy': 0.3325, 'data_size': 10000}, 2565.213052453939)
INFO flwr 2024-06-05 15:31:50,134 | server.py:171 | evaluate_round 10: no clients selected, cancel
DEBUG flwr 2024-06-05 15:31:50,135 | server.py:222 | fit_round 11: strategy sampled 10 clients (out of 100)
DEBUG flwr 2024-06-05 15:35:09,272 | server.py:236 | fit_round 11 received 10 results and 0 failures
INFO flwr 2024-06-05 15:35:32,706 | server.py:125 | fit progress: (11, 0.00018244152069091796, {'accuracy': 0.3382, 'data_size': 10000}, 2787.785021604039)
INFO flwr 2024-06-05 15:35:32,706 | server.py:171 | evaluate_round 11: no clients selected, cancel
DEBUG flwr 2024-06-05 15:35:32,707 | server.py:222 | fit_round 12: strategy sampled 10 clients (out of 100)
DEBUG flwr 2024-06-05 15:38:52,468 | server.py:236 | fit_round 12 received 10 results and 0 failures
INFO flwr 2024-06-05 15:39:17,398 | server.py:125 | fit progress: (12, 0.000179763126373291, {'accuracy': 0.3469, 'data_size': 10000}, 3012.477173796855)
INFO flwr 2024-06-05 15:39:17,398 | server.py:171 | evaluate_round 12: no clients selected, cancel
DEBUG flwr 2024-06-05 15:39:17,399 | server.py:222 | fit_round 13: strategy sampled 10 clients (out of 100)
DEBUG flwr 2024-06-05 15:42:36,879 | server.py:236 | fit_round 13 received 10 results and 0 failures
INFO flwr 2024-06-05 15:43:04,750 | server.py:125 | fit progress: (13, 0.0001769166350364685, {'accuracy': 0.3549, 'data_size': 10000}, 3239.8297549798153)
INFO flwr 2024-06-05 15:43:04,751 | server.py:171 | evaluate_round 13: no clients selected, cancel
DEBUG flwr 2024-06-05 15:43:04,752 | server.py:222 | fit_round 14: strategy sampled 10 clients (out of 100)
DEBUG flwr 2024-06-05 15:46:26,164 | server.py:236 | fit_round 14 received 10 results and 0 failures
INFO flwr 2024-06-05 15:47:13,488 | server.py:125 | fit progress: (14, 0.0001744148850440979, {'accuracy': 0.3615, 'data_size': 10000}, 3488.5673320498317)
INFO flwr 2024-06-05 15:47:13,488 | server.py:171 | evaluate_round 14: no clients selected, cancel
DEBUG flwr 2024-06-05 15:47:13,489 | server.py:222 | fit_round 15: strategy sampled 10 clients (out of 100)
DEBUG flwr 2024-06-05 15:50:33,582 | server.py:236 | fit_round 15 received 10 results and 0 failures
INFO flwr 2024-06-05 15:51:10,182 | server.py:125 | fit progress: (15, 0.00017215853929519653, {'accuracy': 0.3743, 'data_size': 10000}, 3725.261662759818)
INFO flwr 2024-06-05 15:51:10,183 | server.py:171 | evaluate_round 15: no clients selected, cancel
DEBUG flwr 2024-06-05 15:51:10,184 | server.py:222 | fit_round 16: strategy sampled 10 clients (out of 100)
DEBUG flwr 2024-06-05 15:54:30,942 | server.py:236 | fit_round 16 received 10 results and 0 failures
INFO flwr 2024-06-05 15:54:51,998 | server.py:125 | fit progress: (16, 0.0001697311282157898, {'accuracy': 0.38, 'data_size': 10000}, 3947.0768887097947)
INFO flwr 2024-06-05 15:54:51,999 | server.py:171 | evaluate_round 16: no clients selected, cancel
DEBUG flwr 2024-06-05 15:54:51,999 | server.py:222 | fit_round 17: strategy sampled 10 clients (out of 100)
DEBUG flwr 2024-06-05 15:58:13,351 | server.py:236 | fit_round 17 received 10 results and 0 failures
INFO flwr 2024-06-05 15:58:34,579 | server.py:125 | fit progress: (17, 0.00016774489879608153, {'accuracy': 0.3891, 'data_size': 10000}, 4169.658463751897)
INFO flwr 2024-06-05 15:58:34,580 | server.py:171 | evaluate_round 17: no clients selected, cancel
DEBUG flwr 2024-06-05 15:58:34,580 | server.py:222 | fit_round 18: strategy sampled 10 clients (out of 100)
DEBUG flwr 2024-06-05 16:01:55,797 | server.py:236 | fit_round 18 received 10 results and 0 failures
INFO flwr 2024-06-05 16:02:09,438 | server.py:125 | fit progress: (18, 0.00016586987972259522, {'accuracy': 0.3963, 'data_size': 10000}, 4384.517111704685)
INFO flwr 2024-06-05 16:02:09,438 | server.py:171 | evaluate_round 18: no clients selected, cancel
DEBUG flwr 2024-06-05 16:02:09,439 | server.py:222 | fit_round 19: strategy sampled 10 clients (out of 100)
DEBUG flwr 2024-06-05 16:05:30,372 | server.py:236 | fit_round 19 received 10 results and 0 failures
INFO flwr 2024-06-05 16:05:46,875 | server.py:125 | fit progress: (19, 0.0001639772891998291, {'accuracy': 0.3987, 'data_size': 10000}, 4601.954036077019)
INFO flwr 2024-06-05 16:05:46,875 | server.py:171 | evaluate_round 19: no clients selected, cancel
DEBUG flwr 2024-06-05 16:05:46,876 | server.py:222 | fit_round 20: strategy sampled 10 clients (out of 100)
DEBUG flwr 2024-06-05 16:09:08,814 | server.py:236 | fit_round 20 received 10 results and 0 failures
INFO flwr 2024-06-05 16:09:57,587 | server.py:125 | fit progress: (20, 0.00016204183101654052, {'accuracy': 0.4086, 'data_size': 10000}, 4852.6666897479445)
INFO flwr 2024-06-05 16:09:57,588 | server.py:171 | evaluate_round 20: no clients selected, cancel
INFO flwr 2024-06-05 16:09:57,588 | server.py:153 | FL finished in 4852.6673964266665
INFO flwr 2024-06-05 16:09:57,621 | app.py:226 | app_fit: losses_distributed []
INFO flwr 2024-06-05 16:09:57,621 | app.py:228 | app_fit: metrics_distributed {}
INFO flwr 2024-06-05 16:09:57,621 | app.py:229 | app_fit: losses_centralized [(0, 0.00025803632736206054), (1, 0.0002450088977813721), (2, 0.00023144164085388182), (3, 0.00022381696701049804), (4, 0.00022080488204956054), (5, 0.00021702165603637696), (6, 0.00020981042385101318), (7, 0.00020076777935028076), (8, 0.0001930659532546997), (9, 0.00018787758350372315), (10, 0.0001848564863204956), (11, 0.00018244152069091796), (12, 0.000179763126373291), (13, 0.0001769166350364685), (14, 0.0001744148850440979), (15, 0.00017215853929519653), (16, 0.0001697311282157898), (17, 0.00016774489879608153), (18, 0.00016586987972259522), (19, 0.0001639772891998291), (20, 0.00016204183101654052)]
INFO flwr 2024-06-05 16:09:57,622 | app.py:230 | app_fit: metrics_centralized {'accuracy': [(0, 0.1039), (1, 0.1214), (2, 0.1535), (3, 0.1792), (4, 0.1916), (5, 0.2105), (6, 0.2362), (7, 0.2631), (8, 0.2959), (9, 0.3188), (10, 0.3325), (11, 0.3382), (12, 0.3469), (13, 0.3549), (14, 0.3615), (15, 0.3743), (16, 0.38), (17, 0.3891), (18, 0.3963), (19, 0.3987), (20, 0.4086)], 'data_size': [(0, 10000), (1, 10000), (2, 10000), (3, 10000), (4, 10000), (5, 10000), (6, 10000), (7, 10000), (8, 10000), (9, 10000), (10, 10000), (11, 10000), (12, 10000), (13, 10000), (14, 10000), (15, 10000), (16, 10000), (17, 10000), (18, 10000), (19, 10000), (20, 10000)]}
wandb: 
wandb: Run summary:
wandb: accuracy 0.4086
wandb:     loss 0.00016
wandb: 
wandb: You can sync this run to the cloud by running:
wandb: wandb sync /home/s2240084/conFEDential/wandb/offline-run-20240605_120905-vqbr5sdc
wandb: Find logs at: ./wandb/offline-run-20240605_120905-vqbr5sdc/logs
2024-06-05 16:12:25,371	VINFO scripts.py:1068 -- Send termination request to `/home/s2240084/conFEDential/venv/lib/python3.10/site-packages/ray/core/src/ray/raylet/raylet --raylet_socket_name=/local/ray/session_2024-06-05_11-56-30_360184_564963/sockets/raylet --store_socket_name=/local/ray/session_2024-06-05_11-56-30_360184_564963/sockets/plasma_store --object_manager_port=0 --min_worker_port=10002 --max_worker_port=19999 --node_manager_port=0 --node_ip_address=10.20.240.13 --maximum_startup_concurrency=2 --static_resource_list=node:10.20.240.13,1.0,node:__internal_head__,1.0,accelerator_type:G,1,CPU,2,GPU,1,memory,17179869184,object_store_memory,77483925504 "--python_worker_command=/home/s2240084/conFEDential/venv/bin/python /home/s2240084/conFEDential/venv/lib/python3.10/site-packages/ray/_private/workers/setup_worker.py /home/s2240084/conFEDential/venv/lib/python3.10/site-packages/ray/_private/workers/default_worker.py --node-ip-address=10.20.240.13 --node-manager-port=RAY_NODE_MANAGER_PORT_PLACEHOLDER --object-store-name=/local/ray/session_2024-06-05_11-56-30_360184_564963/sockets/plasma_store --raylet-name=/local/ray/session_2024-06-05_11-56-30_360184_564963/sockets/raylet --redis-address=None --temp-dir=/local/ray --metrics-agent-port=35974 --logging-rotate-bytes=536870912 --logging-rotate-backup-count=5 --gcs-address=10.20.240.13:6379 --session-name=session_2024-06-05_11-56-30_360184_564963 --temp-dir=/local/ray --webui= RAY_WORKER_DYNAMIC_OPTION_PLACEHOLDER" "--java_worker_command=/home/s2240084/conFEDential/venv/bin/python /home/s2240084/conFEDential/venv/lib/python3.10/site-packages/ray/_private/workers/setup_worker.py -Dray.address=10.20.240.13:6379 -Dray.raylet.node-manager-port=RAY_NODE_MANAGER_PORT_PLACEHOLDER -Dray.object-store.socket-name=/local/ray/session_2024-06-05_11-56-30_360184_564963/sockets/plasma_store -Dray.raylet.socket-name=/local/ray/session_2024-06-05_11-56-30_360184_564963/sockets/raylet -Dray.redis.password= -Dray.node-ip=10.20.240.13 -Dray.home=/home/s2240084/conFEDential/venv/lib/python3.10/site-packages/ray/../.. -Dray.logging.dir=/local/ray/session_2024-06-05_11-56-30_360184_564963/logs -Dray.session-dir=/local/ray/session_2024-06-05_11-56-30_360184_564963 RAY_WORKER_DYNAMIC_OPTION_PLACEHOLDER io.ray.runtime.runner.worker.DefaultWorker" --cpp_worker_command= --native_library_path=/home/s2240084/conFEDential/venv/lib/python3.10/site-packages/ray/cpp/lib --temp_dir=/local/ray --session_dir=/local/ray/session_2024-06-05_11-56-30_360184_564963 --log_dir=/local/ray/session_2024-06-05_11-56-30_360184_564963/logs --resource_dir=/local/ray/session_2024-06-05_11-56-30_360184_564963/runtime_resources --metrics-agent-port=35974 --metrics_export_port=55045 --object_store_memory=77483925504 --plasma_directory=/dev/shm --ray-debugger-external=0 --gcs-address=10.20.240.13:6379 --session-name=session_2024-06-05_11-56-30_360184_564963 --labels= --head --num_prestart_python_workers=2 "--agent_command=/home/s2240084/conFEDential/venv/bin/python -u /home/s2240084/conFEDential/venv/lib/python3.10/site-packages/ray/dashboard/agent.py --node-ip-address=10.20.240.13 --metrics-export-port=55045 --dashboard-agent-port=35974 --listen-port=52365 --node-manager-port=RAY_NODE_MANAGER_PORT_PLACEHOLDER --object-store-name=/local/ray/session_2024-06-05_11-56-30_360184_564963/sockets/plasma_store --raylet-name=/local/ray/session_2024-06-05_11-56-30_360184_564963/sockets/raylet --temp-dir=/local/ray --session-dir=/local/ray/session_2024-06-05_11-56-30_360184_564963 --runtime-env-dir=/local/ray/session_2024-06-05_11-56-30_360184_564963/runtime_resources --log-dir=/local/ray/session_2024-06-05_11-56-30_360184_564963/logs --logging-rotate-bytes=536870912 --logging-rotate-backup-count=5 --session-name=session_2024-06-05_11-56-30_360184_564963 --gcs-address=10.20.240.13:6379 --minimal"` (via SIGTERM)
2024-06-05 16:12:25,375	VINFO scripts.py:1068 -- Send termination request to `/home/s2240084/conFEDential/venv/bin/python -u /home/s2240084/conFEDential/venv/lib/python3.10/site-packages/ray/autoscaler/_private/monitor.py --logs-dir=/local/ray/session_2024-06-05_11-56-30_360184_564963/logs --logging-rotate-bytes=536870912 --logging-rotate-backup-count=5 --gcs-address=10.20.240.13:6379 --monitor-ip=10.20.240.13` (via SIGTERM)
2024-06-05 16:12:25,375	VINFO scripts.py:1068 -- Send termination request to `/home/s2240084/conFEDential/venv/bin/python -u /home/s2240084/conFEDential/venv/lib/python3.10/site-packages/ray/_private/log_monitor.py --logs-dir=/local/ray/session_2024-06-05_11-56-30_360184_564963/logs --gcs-address=10.20.240.13:6379 --logging-rotate-bytes=536870912 --logging-rotate-backup-count=5` (via SIGTERM)
2024-06-05 16:12:25,380	VINFO scripts.py:1068 -- Send termination request to `/home/s2240084/conFEDential/venv/bin/python -m ray.util.client.server --address=10.20.240.13:6379 --host=0.0.0.0 --port=10001 --mode=proxy --metrics-agent-port=35974` (via SIGTERM)
2024-06-05 16:12:25,386	VINFO scripts.py:1068 -- Send termination request to `/home/s2240084/conFEDential/venv/lib/python3.10/site-packages/ray/core/src/ray/raylet/raylet --raylet_socket_name=/local/ray/session_2024-06-05_11-56-30_360184_564963/sockets/raylet --store_socket_name=/local/ray/session_2024-06-05_11-56-30_360184_564963/sockets/plasma_store --object_manager_port=0 --min_worker_port=10002 --max_worker_port=19999 --node_manager_port=0 --node_ip_address=10.20.240.13 --maximum_startup_concurrency=2 --static_resource_list=node:10.20.240.13,1.0,node:__internal_head__,1.0,accelerator_type:G,1,CPU,2,GPU,1,memory,17179869184,object_store_memory,77483925504 "--python_worker_command=/home/s2240084/conFEDential/venv/bin/python /home/s2240084/conFEDential/venv/lib/python3.10/site-packages/ray/_private/workers/setup_worker.py /home/s2240084/conFEDential/venv/lib/python3.10/site-packages/ray/_private/workers/default_worker.py --node-ip-address=10.20.240.13 --node-manager-port=RAY_NODE_MANAGER_PORT_PLACEHOLDER --object-store-name=/local/ray/session_2024-06-05_11-56-30_360184_564963/sockets/plasma_store --raylet-name=/local/ray/session_2024-06-05_11-56-30_360184_564963/sockets/raylet --redis-address=None --temp-dir=/local/ray --metrics-agent-port=35974 --logging-rotate-bytes=536870912 --logging-rotate-backup-count=5 --gcs-address=10.20.240.13:6379 --session-name=session_2024-06-05_11-56-30_360184_564963 --temp-dir=/local/ray --webui= RAY_WORKER_DYNAMIC_OPTION_PLACEHOLDER" "--java_worker_command=/home/s2240084/conFEDential/venv/bin/python /home/s2240084/conFEDential/venv/lib/python3.10/site-packages/ray/_private/workers/setup_worker.py -Dray.address=10.20.240.13:6379 -Dray.raylet.node-manager-port=RAY_NODE_MANAGER_PORT_PLACEHOLDER -Dray.object-store.socket-name=/local/ray/session_2024-06-05_11-56-30_360184_564963/sockets/plasma_store -Dray.raylet.socket-name=/local/ray/session_2024-06-05_11-56-30_360184_564963/sockets/raylet -Dray.redis.password= -Dray.node-ip=10.20.240.13 -Dray.home=/home/s2240084/conFEDential/venv/lib/python3.10/site-packages/ray/../.. -Dray.logging.dir=/local/ray/session_2024-06-05_11-56-30_360184_564963/logs -Dray.session-dir=/local/ray/session_2024-06-05_11-56-30_360184_564963 RAY_WORKER_DYNAMIC_OPTION_PLACEHOLDER io.ray.runtime.runner.worker.DefaultWorker" --cpp_worker_command= --native_library_path=/home/s2240084/conFEDential/venv/lib/python3.10/site-packages/ray/cpp/lib --temp_dir=/local/ray --session_dir=/local/ray/session_2024-06-05_11-56-30_360184_564963 --log_dir=/local/ray/session_2024-06-05_11-56-30_360184_564963/logs --resource_dir=/local/ray/session_2024-06-05_11-56-30_360184_564963/runtime_resources --metrics-agent-port=35974 --metrics_export_port=55045 --object_store_memory=77483925504 --plasma_directory=/dev/shm --ray-debugger-external=0 --gcs-address=10.20.240.13:6379 --session-name=session_2024-06-05_11-56-30_360184_564963 --labels= --head --num_prestart_python_workers=2 "--agent_command=/home/s2240084/conFEDential/venv/bin/python -u /home/s2240084/conFEDential/venv/lib/python3.10/site-packages/ray/dashboard/agent.py --node-ip-address=10.20.240.13 --metrics-export-port=55045 --dashboard-agent-port=35974 --listen-port=52365 --node-manager-port=RAY_NODE_MANAGER_PORT_PLACEHOLDER --object-store-name=/local/ray/session_2024-06-05_11-56-30_360184_564963/sockets/plasma_store --raylet-name=/local/ray/session_2024-06-05_11-56-30_360184_564963/sockets/raylet --temp-dir=/local/ray --session-dir=/local/ray/session_2024-06-05_11-56-30_360184_564963 --runtime-env-dir=/local/ray/session_2024-06-05_11-56-30_360184_564963/runtime_resources --log-dir=/local/ray/session_2024-06-05_11-56-30_360184_564963/logs --logging-rotate-bytes=536870912 --logging-rotate-backup-count=5 --session-name=session_2024-06-05_11-56-30_360184_564963 --gcs-address=10.20.240.13:6379 --minimal"` (via SIGTERM)
2024-06-05 16:12:25,392	VINFO scripts.py:1068 -- Send termination request to `/home/s2240084/conFEDential/venv/lib/python3.10/site-packages/ray/core/src/ray/raylet/raylet --raylet_socket_name=/local/ray/session_2024-06-05_11-56-30_360184_564963/sockets/raylet --store_socket_name=/local/ray/session_2024-06-05_11-56-30_360184_564963/sockets/plasma_store --object_manager_port=0 --min_worker_port=10002 --max_worker_port=19999 --node_manager_port=0 --node_ip_address=10.20.240.13 --maximum_startup_concurrency=2 --static_resource_list=node:10.20.240.13,1.0,node:__internal_head__,1.0,accelerator_type:G,1,CPU,2,GPU,1,memory,17179869184,object_store_memory,77483925504 "--python_worker_command=/home/s2240084/conFEDential/venv/bin/python /home/s2240084/conFEDential/venv/lib/python3.10/site-packages/ray/_private/workers/setup_worker.py /home/s2240084/conFEDential/venv/lib/python3.10/site-packages/ray/_private/workers/default_worker.py --node-ip-address=10.20.240.13 --node-manager-port=RAY_NODE_MANAGER_PORT_PLACEHOLDER --object-store-name=/local/ray/session_2024-06-05_11-56-30_360184_564963/sockets/plasma_store --raylet-name=/local/ray/session_2024-06-05_11-56-30_360184_564963/sockets/raylet --redis-address=None --temp-dir=/local/ray --metrics-agent-port=35974 --logging-rotate-bytes=536870912 --logging-rotate-backup-count=5 --gcs-address=10.20.240.13:6379 --session-name=session_2024-06-05_11-56-30_360184_564963 --temp-dir=/local/ray --webui= RAY_WORKER_DYNAMIC_OPTION_PLACEHOLDER" "--java_worker_command=/home/s2240084/conFEDential/venv/bin/python /home/s2240084/conFEDential/venv/lib/python3.10/site-packages/ray/_private/workers/setup_worker.py -Dray.address=10.20.240.13:6379 -Dray.raylet.node-manager-port=RAY_NODE_MANAGER_PORT_PLACEHOLDER -Dray.object-store.socket-name=/local/ray/session_2024-06-05_11-56-30_360184_564963/sockets/plasma_store -Dray.raylet.socket-name=/local/ray/session_2024-06-05_11-56-30_360184_564963/sockets/raylet -Dray.redis.password= -Dray.node-ip=10.20.240.13 -Dray.home=/home/s2240084/conFEDential/venv/lib/python3.10/site-packages/ray/../.. -Dray.logging.dir=/local/ray/session_2024-06-05_11-56-30_360184_564963/logs -Dray.session-dir=/local/ray/session_2024-06-05_11-56-30_360184_564963 RAY_WORKER_DYNAMIC_OPTION_PLACEHOLDER io.ray.runtime.runner.worker.DefaultWorker" --cpp_worker_command= --native_library_path=/home/s2240084/conFEDential/venv/lib/python3.10/site-packages/ray/cpp/lib --temp_dir=/local/ray --session_dir=/local/ray/session_2024-06-05_11-56-30_360184_564963 --log_dir=/local/ray/session_2024-06-05_11-56-30_360184_564963/logs --resource_dir=/local/ray/session_2024-06-05_11-56-30_360184_564963/runtime_resources --metrics-agent-port=35974 --metrics_export_port=55045 --object_store_memory=77483925504 --plasma_directory=/dev/shm --ray-debugger-external=0 --gcs-address=10.20.240.13:6379 --session-name=session_2024-06-05_11-56-30_360184_564963 --labels= --head --num_prestart_python_workers=2 "--agent_command=/home/s2240084/conFEDential/venv/bin/python -u /home/s2240084/conFEDential/venv/lib/python3.10/site-packages/ray/dashboard/agent.py --node-ip-address=10.20.240.13 --metrics-export-port=55045 --dashboard-agent-port=35974 --listen-port=52365 --node-manager-port=RAY_NODE_MANAGER_PORT_PLACEHOLDER --object-store-name=/local/ray/session_2024-06-05_11-56-30_360184_564963/sockets/plasma_store --raylet-name=/local/ray/session_2024-06-05_11-56-30_360184_564963/sockets/raylet --temp-dir=/local/ray --session-dir=/local/ray/session_2024-06-05_11-56-30_360184_564963 --runtime-env-dir=/local/ray/session_2024-06-05_11-56-30_360184_564963/runtime_resources --log-dir=/local/ray/session_2024-06-05_11-56-30_360184_564963/logs --logging-rotate-bytes=536870912 --logging-rotate-backup-count=5 --session-name=session_2024-06-05_11-56-30_360184_564963 --gcs-address=10.20.240.13:6379 --minimal"` (via SIGTERM)
2024-06-05 16:12:25,398	VINFO scripts.py:1068 -- Send termination request to `/home/s2240084/conFEDential/venv/lib/python3.10/site-packages/ray/core/src/ray/raylet/raylet --raylet_socket_name=/local/ray/session_2024-06-05_11-56-30_360184_564963/sockets/raylet --store_socket_name=/local/ray/session_2024-06-05_11-56-30_360184_564963/sockets/plasma_store --object_manager_port=0 --min_worker_port=10002 --max_worker_port=19999 --node_manager_port=0 --node_ip_address=10.20.240.13 --maximum_startup_concurrency=2 --static_resource_list=node:10.20.240.13,1.0,node:__internal_head__,1.0,accelerator_type:G,1,CPU,2,GPU,1,memory,17179869184,object_store_memory,77483925504 "--python_worker_command=/home/s2240084/conFEDential/venv/bin/python /home/s2240084/conFEDential/venv/lib/python3.10/site-packages/ray/_private/workers/setup_worker.py /home/s2240084/conFEDential/venv/lib/python3.10/site-packages/ray/_private/workers/default_worker.py --node-ip-address=10.20.240.13 --node-manager-port=RAY_NODE_MANAGER_PORT_PLACEHOLDER --object-store-name=/local/ray/session_2024-06-05_11-56-30_360184_564963/sockets/plasma_store --raylet-name=/local/ray/session_2024-06-05_11-56-30_360184_564963/sockets/raylet --redis-address=None --temp-dir=/local/ray --metrics-agent-port=35974 --logging-rotate-bytes=536870912 --logging-rotate-backup-count=5 --gcs-address=10.20.240.13:6379 --session-name=session_2024-06-05_11-56-30_360184_564963 --temp-dir=/local/ray --webui= RAY_WORKER_DYNAMIC_OPTION_PLACEHOLDER" "--java_worker_command=/home/s2240084/conFEDential/venv/bin/python /home/s2240084/conFEDential/venv/lib/python3.10/site-packages/ray/_private/workers/setup_worker.py -Dray.address=10.20.240.13:6379 -Dray.raylet.node-manager-port=RAY_NODE_MANAGER_PORT_PLACEHOLDER -Dray.object-store.socket-name=/local/ray/session_2024-06-05_11-56-30_360184_564963/sockets/plasma_store -Dray.raylet.socket-name=/local/ray/session_2024-06-05_11-56-30_360184_564963/sockets/raylet -Dray.redis.password= -Dray.node-ip=10.20.240.13 -Dray.home=/home/s2240084/conFEDential/venv/lib/python3.10/site-packages/ray/../.. -Dray.logging.dir=/local/ray/session_2024-06-05_11-56-30_360184_564963/logs -Dray.session-dir=/local/ray/session_2024-06-05_11-56-30_360184_564963 RAY_WORKER_DYNAMIC_OPTION_PLACEHOLDER io.ray.runtime.runner.worker.DefaultWorker" --cpp_worker_command= --native_library_path=/home/s2240084/conFEDential/venv/lib/python3.10/site-packages/ray/cpp/lib --temp_dir=/local/ray --session_dir=/local/ray/session_2024-06-05_11-56-30_360184_564963 --log_dir=/local/ray/session_2024-06-05_11-56-30_360184_564963/logs --resource_dir=/local/ray/session_2024-06-05_11-56-30_360184_564963/runtime_resources --metrics-agent-port=35974 --metrics_export_port=55045 --object_store_memory=77483925504 --plasma_directory=/dev/shm --ray-debugger-external=0 --gcs-address=10.20.240.13:6379 --session-name=session_2024-06-05_11-56-30_360184_564963 --labels= --head --num_prestart_python_workers=2 "--agent_command=/home/s2240084/conFEDential/venv/bin/python -u /home/s2240084/conFEDential/venv/lib/python3.10/site-packages/ray/dashboard/agent.py --node-ip-address=10.20.240.13 --metrics-export-port=55045 --dashboard-agent-port=35974 --listen-port=52365 --node-manager-port=RAY_NODE_MANAGER_PORT_PLACEHOLDER --object-store-name=/local/ray/session_2024-06-05_11-56-30_360184_564963/sockets/plasma_store --raylet-name=/local/ray/session_2024-06-05_11-56-30_360184_564963/sockets/raylet --temp-dir=/local/ray --session-dir=/local/ray/session_2024-06-05_11-56-30_360184_564963 --runtime-env-dir=/local/ray/session_2024-06-05_11-56-30_360184_564963/runtime_resources --log-dir=/local/ray/session_2024-06-05_11-56-30_360184_564963/logs --logging-rotate-bytes=536870912 --logging-rotate-backup-count=5 --session-name=session_2024-06-05_11-56-30_360184_564963 --gcs-address=10.20.240.13:6379 --minimal"` (via SIGTERM)
2024-06-05 16:12:25,404	VINFO scripts.py:1068 -- Send termination request to `/home/s2240084/conFEDential/venv/bin/python -u /home/s2240084/conFEDential/venv/lib/python3.10/site-packages/ray/_private/log_monitor.py --logs-dir=/local/ray/session_2024-06-05_11-56-30_360184_564963/logs --gcs-address=10.20.240.13:6379 --logging-rotate-bytes=536870912 --logging-rotate-backup-count=5` (via SIGTERM)
2024-06-05 16:12:25,418	VINFO scripts.py:1068 -- Send termination request to `/home/s2240084/conFEDential/venv/lib/python3.10/site-packages/ray/core/src/ray/raylet/raylet --raylet_socket_name=/local/ray/session_2024-06-05_11-56-30_360184_564963/sockets/raylet --store_socket_name=/local/ray/session_2024-06-05_11-56-30_360184_564963/sockets/plasma_store --object_manager_port=0 --min_worker_port=10002 --max_worker_port=19999 --node_manager_port=0 --node_ip_address=10.20.240.13 --maximum_startup_concurrency=2 --static_resource_list=node:10.20.240.13,1.0,node:__internal_head__,1.0,accelerator_type:G,1,CPU,2,GPU,1,memory,17179869184,object_store_memory,77483925504 "--python_worker_command=/home/s2240084/conFEDential/venv/bin/python /home/s2240084/conFEDential/venv/lib/python3.10/site-packages/ray/_private/workers/setup_worker.py /home/s2240084/conFEDential/venv/lib/python3.10/site-packages/ray/_private/workers/default_worker.py --node-ip-address=10.20.240.13 --node-manager-port=RAY_NODE_MANAGER_PORT_PLACEHOLDER --object-store-name=/local/ray/session_2024-06-05_11-56-30_360184_564963/sockets/plasma_store --raylet-name=/local/ray/session_2024-06-05_11-56-30_360184_564963/sockets/raylet --redis-address=None --temp-dir=/local/ray --metrics-agent-port=35974 --logging-rotate-bytes=536870912 --logging-rotate-backup-count=5 --gcs-address=10.20.240.13:6379 --session-name=session_2024-06-05_11-56-30_360184_564963 --temp-dir=/local/ray --webui= RAY_WORKER_DYNAMIC_OPTION_PLACEHOLDER" "--java_worker_command=/home/s2240084/conFEDential/venv/bin/python /home/s2240084/conFEDential/venv/lib/python3.10/site-packages/ray/_private/workers/setup_worker.py -Dray.address=10.20.240.13:6379 -Dray.raylet.node-manager-port=RAY_NODE_MANAGER_PORT_PLACEHOLDER -Dray.object-store.socket-name=/local/ray/session_2024-06-05_11-56-30_360184_564963/sockets/plasma_store -Dray.raylet.socket-name=/local/ray/session_2024-06-05_11-56-30_360184_564963/sockets/raylet -Dray.redis.password= -Dray.node-ip=10.20.240.13 -Dray.home=/home/s2240084/conFEDential/venv/lib/python3.10/site-packages/ray/../.. -Dray.logging.dir=/local/ray/session_2024-06-05_11-56-30_360184_564963/logs -Dray.session-dir=/local/ray/session_2024-06-05_11-56-30_360184_564963 RAY_WORKER_DYNAMIC_OPTION_PLACEHOLDER io.ray.runtime.runner.worker.DefaultWorker" --cpp_worker_command= --native_library_path=/home/s2240084/conFEDential/venv/lib/python3.10/site-packages/ray/cpp/lib --temp_dir=/local/ray --session_dir=/local/ray/session_2024-06-05_11-56-30_360184_564963 --log_dir=/local/ray/session_2024-06-05_11-56-30_360184_564963/logs --resource_dir=/local/ray/session_2024-06-05_11-56-30_360184_564963/runtime_resources --metrics-agent-port=35974 --metrics_export_port=55045 --object_store_memory=77483925504 --plasma_directory=/dev/shm --ray-debugger-external=0 --gcs-address=10.20.240.13:6379 --session-name=session_2024-06-05_11-56-30_360184_564963 --labels= --head --num_prestart_python_workers=2 "--agent_command=/home/s2240084/conFEDential/venv/bin/python -u /home/s2240084/conFEDential/venv/lib/python3.10/site-packages/ray/dashboard/agent.py --node-ip-address=10.20.240.13 --metrics-export-port=55045 --dashboard-agent-port=35974 --listen-port=52365 --node-manager-port=RAY_NODE_MANAGER_PORT_PLACEHOLDER --object-store-name=/local/ray/session_2024-06-05_11-56-30_360184_564963/sockets/plasma_store --raylet-name=/local/ray/session_2024-06-05_11-56-30_360184_564963/sockets/raylet --temp-dir=/local/ray --session-dir=/local/ray/session_2024-06-05_11-56-30_360184_564963 --runtime-env-dir=/local/ray/session_2024-06-05_11-56-30_360184_564963/runtime_resources --log-dir=/local/ray/session_2024-06-05_11-56-30_360184_564963/logs --logging-rotate-bytes=536870912 --logging-rotate-backup-count=5 --session-name=session_2024-06-05_11-56-30_360184_564963 --gcs-address=10.20.240.13:6379 --minimal"` (via SIGTERM)
2024-06-05 16:12:25,419	VINFO scripts.py:1068 -- Send termination request to `/home/s2240084/conFEDential/venv/bin/python -u /home/s2240084/conFEDential/venv/lib/python3.10/site-packages/ray/dashboard/agent.py --node-ip-address=10.20.240.13 --metrics-export-port=55045 --dashboard-agent-port=35974 --listen-port=52365 --node-manager-port=38867 --object-store-name=/local/ray/session_2024-06-05_11-56-30_360184_564963/sockets/plasma_store --raylet-name=/local/ray/session_2024-06-05_11-56-30_360184_564963/sockets/raylet --temp-dir=/local/ray --session-dir=/local/ray/session_2024-06-05_11-56-30_360184_564963 --runtime-env-dir=/local/ray/session_2024-06-05_11-56-30_360184_564963/runtime_resources --log-dir=/local/ray/session_2024-06-05_11-56-30_360184_564963/logs --logging-rotate-bytes=536870912 --logging-rotate-backup-count=5 --session-name=session_2024-06-05_11-56-30_360184_564963 --gcs-address=10.20.240.13:6379 --minimal --agent-id 424238335` (via SIGTERM)
2024-06-05 16:12:25,425	VINFO scripts.py:1068 -- Send termination request to `/home/s2240084/conFEDential/venv/bin/python /home/s2240084/conFEDential/venv/lib/python3.10/site-packages/ray/dashboard/dashboard.py --host=127.0.0.1 --port=8265 --port-retries=0 --temp-dir=/local/ray --log-dir=/local/ray/session_2024-06-05_11-56-30_360184_564963/logs --session-dir=/local/ray/session_2024-06-05_11-56-30_360184_564963 --logging-rotate-bytes=536870912 --logging-rotate-backup-count=5 --gcs-address=10.20.240.13:6379 --node-ip-address=10.20.240.13 --minimal` (via SIGTERM)
2024-06-05 16:12:25,572	INFO scripts.py:1098 -- 1/6 stopped.2024-06-05 16:12:25,744	INFO scripts.py:1098 -- 2/6 stopped.2024-06-05 16:12:25,745	INFO scripts.py:1098 -- 3/6 stopped.2024-06-05 16:12:25,745	INFO scripts.py:1098 -- 4/6 stopped.2024-06-05 16:12:25,745	INFO scripts.py:1098 -- 5/6 stopped.2024-06-05 16:12:26,089	INFO scripts.py:1098 -- 6/6 stopped.2024-06-05 16:12:26,264	VINFO scripts.py:1068 -- Send termination request to `/home/s2240084/conFEDential/venv/lib/python3.10/site-packages/ray/core/src/ray/gcs/gcs_server --log_dir=/local/ray/session_2024-06-05_11-56-30_360184_564963/logs --config_list=eyJvYmplY3Rfc3BpbGxpbmdfY29uZmlnIjogIntcInR5cGVcIjogXCJmaWxlc3lzdGVtXCIsIFwicGFyYW1zXCI6IHtcImRpcmVjdG9yeV9wYXRoXCI6IFwiL2xvY2FsL3JheS9zZXNzaW9uXzIwMjQtMDYtMDVfMTEtNTYtMzBfMzYwMTg0XzU2NDk2M1wifX0iLCAiaXNfZXh0ZXJuYWxfc3RvcmFnZV90eXBlX2ZzIjogdHJ1ZX0= --gcs_server_port=6379 --metrics-agent-port=35974 --node-ip-address=10.20.240.13 --session-name=session_2024-06-05_11-56-30_360184_564963` (via SIGTERM)
2024-06-05 16:12:26,528	INFO scripts.py:1098 -- 1/1 stopped.2024-06-05 16:12:26,528	SUCC scripts.py:1142 -- Stopped all 7 Ray processes.
