ctit080
2024-05-16 21:15:50,203	INFO usage_lib.py:407 -- Usage stats collection is enabled by default without user confirmation because this terminal is detected to be non-interactive. To disable this, add `--disable-usage-stats` to the command that starts the cluster, or run the following command: `ray disable-usage-stats` before starting the cluster. See https://docs.ray.io/en/master/cluster/usage-stats.html for more details.
2024-05-16 21:15:50,203	INFO scripts.py:722 -- Local node IP: 10.20.240.10
2024-05-16 21:15:55,203	SUCC scripts.py:759 -- --------------------
2024-05-16 21:15:55,203	SUCC scripts.py:760 -- Ray runtime started.
2024-05-16 21:15:55,203	SUCC scripts.py:761 -- --------------------
2024-05-16 21:15:55,203	INFO scripts.py:763 -- Next steps
2024-05-16 21:15:55,203	INFO scripts.py:766 -- To add another node to this Ray cluster, run
2024-05-16 21:15:55,203	INFO scripts.py:769 --   ray start --address='10.20.240.10:6379'
2024-05-16 21:15:55,203	INFO scripts.py:778 -- To connect to this Ray cluster:
2024-05-16 21:15:55,203	INFO scripts.py:780 -- import ray
2024-05-16 21:15:55,203	INFO scripts.py:781 -- ray.init()
2024-05-16 21:15:55,203	INFO scripts.py:812 -- To terminate the Ray runtime, run
2024-05-16 21:15:55,203	INFO scripts.py:813 --   ray stop
2024-05-16 21:15:55,204	INFO scripts.py:816 -- To view the status of the cluster, use
2024-05-16 21:15:55,204	INFO scripts.py:817 --   ray status
2024-05-16 21:15:59.996101: I tensorflow/core/platform/cpu_feature_guard.cc:210] This TensorFlow binary is optimized to use available CPU instructions in performance-critical operations.
To enable the following instructions: AVX2 FMA, in other operations, rebuild TensorFlow with the appropriate compiler flags.
2024-05-16 21:16:01.652570: W tensorflow/compiler/tf2tensorrt/utils/py_utils.cc:38] TF-TRT Warning: Could not find TensorRT
INFO flwr 2024-05-16 21:16:53,478 | Data.py:31 | Preprocessing the federated learning dataset
INFO flwr 2024-05-16 21:16:53,479 | Data.py:107 | Found preprocessed data for the given preprocess function, returning
INFO flwr 2024-05-16 21:17:03,085 | Simulation.py:37 | Preparing datasets for federated learning simulation
INFO flwr 2024-05-16 21:17:03,114 | Simulation.py:254 | Found previously split dataloaders, loading them
INFO flwr 2024-05-16 21:17:08,095 | main.py:103 | Loaded 1 configs with name CIFAR10-RESNET18-FEDADAM, running...
INFO flwr 2024-05-16 21:17:08,096 | main.py:105 | Config:
	Simulation:
		Data:
			dataset_name: cifar10
			batch_size: 32
			preprocess_fn:
				def preprocess_fn(element):
				  return {
				    "x": (element["img"] / 255.).transpose(2, 0, 1),
				    "y": element["label"]
				  }
		Federation:
			client_count: 100
			fraction_fit: 0.1
			global_rounds: 1
			local_rounds: 1
		Model:
			optimizer_name: FedAdam
			model_name: ResNet18
			criterion_name: CrossEntropyLoss
			optimizer_parameters: 
				local: {'lr': 0.01}
				global: {'lr': 0.1, 'betas': [0.9, 0.999], 'eps': 1e-09, 'weight_decay': 0.9999}
			model_architecture:
				repo_or_dir: pytorch/vision:v0.10.0
					model: resnet18
					pretrained: False
					out_features: 10
	Attack:
		data_access: all
		message_access: server
		repetitions: 10
		Attack Simulation:
			batch_size: 64
			optimizer_name: FedAvg
			optimizer_parameters:
				lr: 0.1
			ModelArchitecture:
				gradient_component:
					type: Dropout
						p: 0.2
					type: Conv3d
						out_channels: 1000
						kernel_size: [1, 1]
						stride: 1
					type: ReLU
				fcn_component:
					type: Dropout
						p: 0.2
					type: Linear
						out_features: 128
					type: ReLU
					type: Dropout
						p: 0.2
					type: Linear
						in_features: 128
						out_features: 64
					type: ReLU
				encoder_component:
					type: Dropout
						p: 0.2
					type: Linear
						out_features: 256
					type: ReLU
					type: Dropout
						p: 0.2
					type: Linear
						in_features: 256
						out_features: 128
					type: ReLU
					type: Dropout
						p: 0.2
					type: Linear
						in_features: 128
						out_features: 64
					type: ReLU
					type: Dropout
						p: 0.2
					type: Linear
						in_features: 64
						out_features: 1
					type: ReLU
					type: Sigmoid
INFO flwr 2024-05-16 21:17:08,096 | Config.py:68 | Starting conFEDential simulation
INFO flwr 2024-05-16 21:17:08,158 | Config.py:77 | Found previous federated learning simulation, continuing to attack simulation...
srun: Job step aborted: Waiting up to 32 seconds for job step to finish.
slurmstepd-ctit080: error: *** JOB 286173 ON ctit080 CANCELLED AT 2024-05-16T21:17:16 ***
slurmstepd-ctit080: error: *** STEP 286173.0 ON ctit080 CANCELLED AT 2024-05-16T21:17:16 ***
