ctit082
2024-04-26 17:05:14.253421: I tensorflow/core/platform/cpu_feature_guard.cc:210] This TensorFlow binary is optimized to use available CPU instructions in performance-critical operations.
To enable the following instructions: AVX2 FMA, in other operations, rebuild TensorFlow with the appropriate compiler flags.
2024-04-26 17:05:30.281532: W tensorflow/compiler/tf2tensorrt/utils/py_utils.cc:38] TF-TRT Warning: Could not find TensorRT
INFO flwr 2024-04-26 17:06:34,261 | batch_run_simulation.py:80 | Loaded 18 configs with name MINST-2NN-FEDADAM, running...
INFO flwr 2024-04-26 17:06:34,262 | run_simulation.py:153 | 
Running with Config
	Simulation
		batch_size: 8
		client_count: 100
		fraction_fit: 0.1
		global_rounds: 10
		local_rounds: 20
		Optimizer: FedAdam
			local: {'lr': 0.25}
			global: {'lr': 0.01, 'betas': [0.9, 0.99], 'eps': 1e-09, 'weight_decay': 0.9999}
	Dataset
		name: MNIST
		preprocess_fn:
			def preprocess_fn(element):
			  return {
			    "x": element["image"].reshape(784) / 255.,
			    "y": element["label"]
			  }
			
		splitter:
			alpha: 1.0
			percent_non_iid: 25.0
	Model
		name: 2NN
		criterion: CrossEntropyLoss()
		layers:
			Net(
			  (layers): Sequential(
			    (0): Linear(in_features=784, out_features=200, bias=True)
			    (1): ReLU()
			    (2): Linear(in_features=200, out_features=200, bias=True)
			    (3): ReLU()
			    (4): Linear(in_features=200, out_features=200, bias=True)
			    (5): ReLU()
			    (6): Linear(in_features=200, out_features=10, bias=True)
			    (7): Softmax(dim=-1)
			  )
			)
srun: Job step aborted: Waiting up to 32 seconds for job step to finish.
slurmstepd-ctit082: error: *** JOB 282881 ON ctit082 CANCELLED AT 2024-04-26T17:06:58 ***
slurmstepd-ctit082: error: *** STEP 282881.0 ON ctit082 CANCELLED AT 2024-04-26T17:06:58 ***
